2021-12-05 16:32:34.280 | INFO     | __main__:main:159 - Log into log/resnet18/zero_mantissa_to_closest_exponent/group_size:256/2021-12-05-16:32:34.log
2021-12-05 16:32:34.280 | INFO     | __main__:logger_args:80 - 
data      	data/imagenette
arch      	resnet18
replace_fc	torch.nn.Linear(512, 10)
change_model_weights	zero_mantissa_to_closest_exponent
change_model_weights_during_training	None
model_weights_group_size	256
workers   	4
epochs    	90
start_epoch	0
batch_size	32
lr        	0.1
momentum  	0.9
weight_decay	0.0001
print_freq	10
resume    	model/resnet18:non-pretrained:batch_size=256/model_best.pth.tar
evaluate  	True
pretrained	False
seed      	None
gpu       	None
model_dir 	model/resnet18/zero_mantissa_to_closest_exponent/group_size:256
log_dir   	log/resnet18/zero_mantissa_to_closest_exponent/group_size:256
tensorboard	False

2021-12-05 16:32:34.281 | INFO     | __main__:main_worker:199 - Creating model 'resnet18'
2021-12-05 16:32:34.408 | WARNING  | __main__:main_worker:203 - Replacing model's last FC layer by torch.nn.Linear(512, 10)
2021-12-05 16:32:34.409 | INFO     | __main__:main_worker:205 - 
ResNet(
  (conv1): Conv2d(3, 64, kernel_size=(7, 7), stride=(2, 2), padding=(3, 3), bias=False)
  (bn1): BatchNorm2d(64, eps=1e-05, momentum=0.1, affine=True, track_running_stats=True)
  (relu): ReLU(inplace=True)
  (maxpool): MaxPool2d(kernel_size=3, stride=2, padding=1, dilation=1, ceil_mode=False)
  (layer1): Sequential(
    (0): BasicBlock(
      (conv1): Conv2d(64, 64, kernel_size=(3, 3), stride=(1, 1), padding=(1, 1), bias=False)
      (bn1): BatchNorm2d(64, eps=1e-05, momentum=0.1, affine=True, track_running_stats=True)
      (relu): ReLU(inplace=True)
      (conv2): Conv2d(64, 64, kernel_size=(3, 3), stride=(1, 1), padding=(1, 1), bias=False)
      (bn2): BatchNorm2d(64, eps=1e-05, momentum=0.1, affine=True, track_running_stats=True)
    )
    (1): BasicBlock(
      (conv1): Conv2d(64, 64, kernel_size=(3, 3), stride=(1, 1), padding=(1, 1), bias=False)
      (bn1): BatchNorm2d(64, eps=1e-05, momentum=0.1, affine=True, track_running_stats=True)
      (relu): ReLU(inplace=True)
      (conv2): Conv2d(64, 64, kernel_size=(3, 3), stride=(1, 1), padding=(1, 1), bias=False)
      (bn2): BatchNorm2d(64, eps=1e-05, momentum=0.1, affine=True, track_running_stats=True)
    )
  )
  (layer2): Sequential(
    (0): BasicBlock(
      (conv1): Conv2d(64, 128, kernel_size=(3, 3), stride=(2, 2), padding=(1, 1), bias=False)
      (bn1): BatchNorm2d(128, eps=1e-05, momentum=0.1, affine=True, track_running_stats=True)
      (relu): ReLU(inplace=True)
      (conv2): Conv2d(128, 128, kernel_size=(3, 3), stride=(1, 1), padding=(1, 1), bias=False)
      (bn2): BatchNorm2d(128, eps=1e-05, momentum=0.1, affine=True, track_running_stats=True)
      (downsample): Sequential(
        (0): Conv2d(64, 128, kernel_size=(1, 1), stride=(2, 2), bias=False)
        (1): BatchNorm2d(128, eps=1e-05, momentum=0.1, affine=True, track_running_stats=True)
      )
    )
    (1): BasicBlock(
      (conv1): Conv2d(128, 128, kernel_size=(3, 3), stride=(1, 1), padding=(1, 1), bias=False)
      (bn1): BatchNorm2d(128, eps=1e-05, momentum=0.1, affine=True, track_running_stats=True)
      (relu): ReLU(inplace=True)
      (conv2): Conv2d(128, 128, kernel_size=(3, 3), stride=(1, 1), padding=(1, 1), bias=False)
      (bn2): BatchNorm2d(128, eps=1e-05, momentum=0.1, affine=True, track_running_stats=True)
    )
  )
  (layer3): Sequential(
    (0): BasicBlock(
      (conv1): Conv2d(128, 256, kernel_size=(3, 3), stride=(2, 2), padding=(1, 1), bias=False)
      (bn1): BatchNorm2d(256, eps=1e-05, momentum=0.1, affine=True, track_running_stats=True)
      (relu): ReLU(inplace=True)
      (conv2): Conv2d(256, 256, kernel_size=(3, 3), stride=(1, 1), padding=(1, 1), bias=False)
      (bn2): BatchNorm2d(256, eps=1e-05, momentum=0.1, affine=True, track_running_stats=True)
      (downsample): Sequential(
        (0): Conv2d(128, 256, kernel_size=(1, 1), stride=(2, 2), bias=False)
        (1): BatchNorm2d(256, eps=1e-05, momentum=0.1, affine=True, track_running_stats=True)
      )
    )
    (1): BasicBlock(
      (conv1): Conv2d(256, 256, kernel_size=(3, 3), stride=(1, 1), padding=(1, 1), bias=False)
      (bn1): BatchNorm2d(256, eps=1e-05, momentum=0.1, affine=True, track_running_stats=True)
      (relu): ReLU(inplace=True)
      (conv2): Conv2d(256, 256, kernel_size=(3, 3), stride=(1, 1), padding=(1, 1), bias=False)
      (bn2): BatchNorm2d(256, eps=1e-05, momentum=0.1, affine=True, track_running_stats=True)
    )
  )
  (layer4): Sequential(
    (0): BasicBlock(
      (conv1): Conv2d(256, 512, kernel_size=(3, 3), stride=(2, 2), padding=(1, 1), bias=False)
      (bn1): BatchNorm2d(512, eps=1e-05, momentum=0.1, affine=True, track_running_stats=True)
      (relu): ReLU(inplace=True)
      (conv2): Conv2d(512, 512, kernel_size=(3, 3), stride=(1, 1), padding=(1, 1), bias=False)
      (bn2): BatchNorm2d(512, eps=1e-05, momentum=0.1, affine=True, track_running_stats=True)
      (downsample): Sequential(
        (0): Conv2d(256, 512, kernel_size=(1, 1), stride=(2, 2), bias=False)
        (1): BatchNorm2d(512, eps=1e-05, momentum=0.1, affine=True, track_running_stats=True)
      )
    )
    (1): BasicBlock(
      (conv1): Conv2d(512, 512, kernel_size=(3, 3), stride=(1, 1), padding=(1, 1), bias=False)
      (bn1): BatchNorm2d(512, eps=1e-05, momentum=0.1, affine=True, track_running_stats=True)
      (relu): ReLU(inplace=True)
      (conv2): Conv2d(512, 512, kernel_size=(3, 3), stride=(1, 1), padding=(1, 1), bias=False)
      (bn2): BatchNorm2d(512, eps=1e-05, momentum=0.1, affine=True, track_running_stats=True)
    )
  )
  (avgpool): AdaptiveAvgPool2d(output_size=(1, 1))
  (fc): Linear(in_features=512, out_features=10, bias=True)
)
2021-12-05 16:32:34.409 | WARNING  | __main__:main_worker:212 - Using CPU, this will be slow
2021-12-05 16:32:34.410 | INFO     | __main__:main_worker:233 - Loading checkpoint 'model/resnet18:non-pretrained:batch_size=256/model_best.pth.tar'
2021-12-05 16:32:34.459 | INFO     | __main__:main_worker:247 - Loaded checkpoint 'model/resnet18:non-pretrained:batch_size=256/model_best.pth.tar' (epoch 90)
2021-12-05 16:32:34.460 | WARNING  | __main__:main_worker:252 - Changing model's weights according to 'zero_mantissa_to_closest_exponent' with group size: 256
2021-12-05 16:32:34.460 | INFO     | __main__:convert_model:140 - Converting conv1.weight ...
2021-12-05 16:32:34.677 | INFO     | __main__:convert_model:124 - Skipping bn1.weight ...
2021-12-05 16:32:34.677 | INFO     | __main__:convert_model:124 - Skipping bn1.bias ...
2021-12-05 16:32:34.678 | INFO     | __main__:convert_model:140 - Converting layer1.0.conv1.weight ...
2021-12-05 16:32:35.623 | INFO     | __main__:convert_model:124 - Skipping layer1.0.bn1.weight ...
2021-12-05 16:32:35.624 | INFO     | __main__:convert_model:124 - Skipping layer1.0.bn1.bias ...
2021-12-05 16:32:35.624 | INFO     | __main__:convert_model:140 - Converting layer1.0.conv2.weight ...
2021-12-05 16:32:36.553 | INFO     | __main__:convert_model:124 - Skipping layer1.0.bn2.weight ...
2021-12-05 16:32:36.554 | INFO     | __main__:convert_model:124 - Skipping layer1.0.bn2.bias ...
2021-12-05 16:32:36.554 | INFO     | __main__:convert_model:140 - Converting layer1.1.conv1.weight ...
2021-12-05 16:32:37.422 | INFO     | __main__:convert_model:124 - Skipping layer1.1.bn1.weight ...
2021-12-05 16:32:37.422 | INFO     | __main__:convert_model:124 - Skipping layer1.1.bn1.bias ...
2021-12-05 16:32:37.422 | INFO     | __main__:convert_model:140 - Converting layer1.1.conv2.weight ...
2021-12-05 16:32:38.168 | INFO     | __main__:convert_model:124 - Skipping layer1.1.bn2.weight ...
2021-12-05 16:32:38.168 | INFO     | __main__:convert_model:124 - Skipping layer1.1.bn2.bias ...
2021-12-05 16:32:38.168 | INFO     | __main__:convert_model:140 - Converting layer2.0.conv1.weight ...
2021-12-05 16:32:39.810 | INFO     | __main__:convert_model:124 - Skipping layer2.0.bn1.weight ...
2021-12-05 16:32:39.811 | INFO     | __main__:convert_model:124 - Skipping layer2.0.bn1.bias ...
2021-12-05 16:32:39.811 | INFO     | __main__:convert_model:140 - Converting layer2.0.conv2.weight ...
2021-12-05 16:32:42.771 | INFO     | __main__:convert_model:124 - Skipping layer2.0.bn2.weight ...
2021-12-05 16:32:42.772 | INFO     | __main__:convert_model:124 - Skipping layer2.0.bn2.bias ...
2021-12-05 16:32:42.772 | INFO     | __main__:convert_model:124 - Skipping layer2.0.downsample.0.weight ...
2021-12-05 16:32:42.772 | INFO     | __main__:convert_model:124 - Skipping layer2.0.downsample.1.weight ...
2021-12-05 16:32:42.772 | INFO     | __main__:convert_model:124 - Skipping layer2.0.downsample.1.bias ...
2021-12-05 16:32:42.772 | INFO     | __main__:convert_model:140 - Converting layer2.1.conv1.weight ...
2021-12-05 16:32:45.702 | INFO     | __main__:convert_model:124 - Skipping layer2.1.bn1.weight ...
2021-12-05 16:32:45.703 | INFO     | __main__:convert_model:124 - Skipping layer2.1.bn1.bias ...
2021-12-05 16:32:45.703 | INFO     | __main__:convert_model:140 - Converting layer2.1.conv2.weight ...
2021-12-05 16:32:48.602 | INFO     | __main__:convert_model:124 - Skipping layer2.1.bn2.weight ...
2021-12-05 16:32:48.603 | INFO     | __main__:convert_model:124 - Skipping layer2.1.bn2.bias ...
2021-12-05 16:32:48.603 | INFO     | __main__:convert_model:140 - Converting layer3.0.conv1.weight ...
2021-12-05 16:32:54.806 | INFO     | __main__:convert_model:124 - Skipping layer3.0.bn1.weight ...
2021-12-05 16:32:54.806 | INFO     | __main__:convert_model:124 - Skipping layer3.0.bn1.bias ...
2021-12-05 16:32:54.807 | INFO     | __main__:convert_model:140 - Converting layer3.0.conv2.weight ...
2021-12-05 16:33:07.133 | INFO     | __main__:convert_model:124 - Skipping layer3.0.bn2.weight ...
2021-12-05 16:33:07.133 | INFO     | __main__:convert_model:124 - Skipping layer3.0.bn2.bias ...
2021-12-05 16:33:07.134 | INFO     | __main__:convert_model:124 - Skipping layer3.0.downsample.0.weight ...
2021-12-05 16:33:07.134 | INFO     | __main__:convert_model:124 - Skipping layer3.0.downsample.1.weight ...
2021-12-05 16:33:07.134 | INFO     | __main__:convert_model:124 - Skipping layer3.0.downsample.1.bias ...
2021-12-05 16:33:07.134 | INFO     | __main__:convert_model:140 - Converting layer3.1.conv1.weight ...
2021-12-05 16:33:21.230 | INFO     | __main__:convert_model:124 - Skipping layer3.1.bn1.weight ...
2021-12-05 16:33:21.231 | INFO     | __main__:convert_model:124 - Skipping layer3.1.bn1.bias ...
2021-12-05 16:33:21.231 | INFO     | __main__:convert_model:140 - Converting layer3.1.conv2.weight ...
2021-12-05 16:33:33.552 | INFO     | __main__:convert_model:124 - Skipping layer3.1.bn2.weight ...
2021-12-05 16:33:33.552 | INFO     | __main__:convert_model:124 - Skipping layer3.1.bn2.bias ...
2021-12-05 16:33:33.552 | INFO     | __main__:convert_model:140 - Converting layer4.0.conv1.weight ...
2021-12-05 16:33:57.751 | INFO     | __main__:convert_model:124 - Skipping layer4.0.bn1.weight ...
2021-12-05 16:33:57.751 | INFO     | __main__:convert_model:124 - Skipping layer4.0.bn1.bias ...
2021-12-05 16:33:57.752 | INFO     | __main__:convert_model:140 - Converting layer4.0.conv2.weight ...
2021-12-05 16:34:48.451 | INFO     | __main__:convert_model:124 - Skipping layer4.0.bn2.weight ...
2021-12-05 16:34:48.452 | INFO     | __main__:convert_model:124 - Skipping layer4.0.bn2.bias ...
2021-12-05 16:34:48.452 | INFO     | __main__:convert_model:124 - Skipping layer4.0.downsample.0.weight ...
2021-12-05 16:34:48.452 | INFO     | __main__:convert_model:124 - Skipping layer4.0.downsample.1.weight ...
2021-12-05 16:34:48.452 | INFO     | __main__:convert_model:124 - Skipping layer4.0.downsample.1.bias ...
2021-12-05 16:34:48.453 | INFO     | __main__:convert_model:140 - Converting layer4.1.conv1.weight ...
2021-12-05 16:35:47.149 | INFO     | __main__:convert_model:124 - Skipping layer4.1.bn1.weight ...
2021-12-05 16:35:47.154 | INFO     | __main__:convert_model:124 - Skipping layer4.1.bn1.bias ...
2021-12-05 16:35:47.154 | INFO     | __main__:convert_model:140 - Converting layer4.1.conv2.weight ...
2021-12-05 16:36:43.422 | INFO     | __main__:convert_model:124 - Skipping layer4.1.bn2.weight ...
2021-12-05 16:36:43.423 | INFO     | __main__:convert_model:124 - Skipping layer4.1.bn2.bias ...
2021-12-05 16:36:43.423 | INFO     | __main__:convert_model:140 - Converting fc.weight ...
2021-12-05 16:36:43.546 | INFO     | __main__:convert_model:134 - Converting fc.bias with group size: 10. (W.numel()(=10) < 256) ...
2021-12-05 16:36:43.547 | INFO     | __main__:main_worker:266 - Train Dir: data/imagenette/train | Val Dir: data/imagenette/val
2021-12-05 16:36:43.586 | INFO     | __main__:main_worker:291 - args.evaluate=True: Doing evaluation once, and exit
2021-12-05 16:36:58.801 | INFO     | __main__:display:483 - Test: [  0/123]	Time 15.214 (15.214)	Loss 4.8160e-01 (4.8160e-01)	Acc@1  93.75 ( 93.75)	Acc@5  93.75 ( 93.75)
2021-12-05 16:37:52.819 | INFO     | __main__:display:483 - Test: [ 10/123]	Time  0.840 ( 6.294)	Loss 6.3935e-01 (5.3572e-01)	Acc@1  71.88 ( 83.81)	Acc@5  96.88 ( 97.16)
2021-12-05 16:38:01.357 | INFO     | __main__:display:483 - Test: [ 20/123]	Time  0.778 ( 3.703)	Loss 6.8878e-01 (5.4825e-01)	Acc@1  81.25 ( 82.14)	Acc@5  90.62 ( 97.02)
2021-12-05 16:38:15.808 | INFO     | __main__:display:483 - Test: [ 30/123]	Time  4.444 ( 2.975)	Loss 1.3015e+00 (6.5625e-01)	Acc@1  56.25 ( 78.12)	Acc@5  96.88 ( 97.18)
2021-12-05 16:38:24.338 | INFO     | __main__:display:483 - Test: [ 40/123]	Time  0.832 ( 2.457)	Loss 4.0091e-01 (6.4517e-01)	Acc@1  93.75 ( 78.51)	Acc@5 100.00 ( 97.64)
2021-12-05 16:38:37.402 | INFO     | __main__:display:483 - Test: [ 50/123]	Time  0.817 ( 2.232)	Loss 7.6139e-01 (6.2042e-01)	Acc@1  81.25 ( 79.60)	Acc@5  96.88 ( 97.92)
2021-12-05 16:38:48.431 | INFO     | __main__:display:483 - Test: [ 60/123]	Time  0.977 ( 2.047)	Loss 6.9616e-01 (5.8811e-01)	Acc@1  81.25 ( 80.64)	Acc@5  93.75 ( 97.90)
2021-12-05 16:38:55.702 | INFO     | __main__:display:483 - Test: [ 70/123]	Time  0.723 ( 1.861)	Loss 3.1526e-01 (5.6319e-01)	Acc@1  90.62 ( 81.56)	Acc@5 100.00 ( 98.02)
2021-12-05 16:39:02.988 | INFO     | __main__:display:483 - Test: [ 80/123]	Time  0.675 ( 1.721)	Loss 7.0453e-01 (5.4851e-01)	Acc@1  71.88 ( 82.18)	Acc@5 100.00 ( 98.23)
2021-12-05 16:39:10.428 | INFO     | __main__:display:483 - Test: [ 90/123]	Time  0.798 ( 1.614)	Loss 8.4164e-01 (5.7176e-01)	Acc@1  71.88 ( 81.46)	Acc@5  96.88 ( 98.11)
2021-12-05 16:39:17.807 | INFO     | __main__:display:483 - Test: [100/123]	Time  0.728 ( 1.527)	Loss 7.2980e-01 (6.0626e-01)	Acc@1  71.88 ( 80.51)	Acc@5  93.75 ( 97.90)
2021-12-05 16:39:25.987 | INFO     | __main__:display:483 - Test: [110/123]	Time  0.667 ( 1.463)	Loss 1.6023e+00 (6.1054e-01)	Acc@1  68.75 ( 80.49)	Acc@5  90.62 ( 97.78)
2021-12-05 16:39:45.363 | INFO     | __main__:display:483 - Test: [120/123]	Time  0.631 ( 1.502)	Loss 2.9673e+00 (8.0126e-01)	Acc@1  28.12 ( 77.01)	Acc@5  96.88 ( 96.72)
2021-12-05 16:39:46.440 | INFO     | __main__:display_summary:488 -  *   Acc@1 76.433 Acc@5 96.586
