2021-12-05 15:05:51.556 | INFO     | __main__:main:159 - Log into log/resnet18/zero_mantissa_to_closest_exponent/group_size:256/2021-12-05-15:05:51.log
2021-12-05 15:05:51.557 | INFO     | __main__:logger_args:80 - 
data      	data/imagenette
arch      	resnet18
replace_fc	torch.nn.Linear(512, 10)
change_model_weights	zero_mantissa_to_closest_exponent
change_model_weights_during_training	None
model_weights_group_size	256
workers   	4
epochs    	90
start_epoch	0
batch_size	32
lr        	0.1
momentum  	0.9
weight_decay	0.0001
print_freq	10
resume    	model/resnet18/model_best.pth.tar
evaluate  	True
pretrained	True
seed      	None
gpu       	None
model_dir 	model/resnet18/zero_mantissa_to_closest_exponent/group_size:256
log_dir   	log/resnet18/zero_mantissa_to_closest_exponent/group_size:256
tensorboard	False

2021-12-05 15:05:51.558 | INFO     | __main__:main_worker:196 - Using pre-trained model 'resnet18'
2021-12-05 15:05:51.762 | WARNING  | __main__:main_worker:203 - Replacing model's last FC layer by torch.nn.Linear(512, 10)
2021-12-05 15:05:51.763 | INFO     | __main__:main_worker:205 - 
ResNet(
  (conv1): Conv2d(3, 64, kernel_size=(7, 7), stride=(2, 2), padding=(3, 3), bias=False)
  (bn1): BatchNorm2d(64, eps=1e-05, momentum=0.1, affine=True, track_running_stats=True)
  (relu): ReLU(inplace=True)
  (maxpool): MaxPool2d(kernel_size=3, stride=2, padding=1, dilation=1, ceil_mode=False)
  (layer1): Sequential(
    (0): BasicBlock(
      (conv1): Conv2d(64, 64, kernel_size=(3, 3), stride=(1, 1), padding=(1, 1), bias=False)
      (bn1): BatchNorm2d(64, eps=1e-05, momentum=0.1, affine=True, track_running_stats=True)
      (relu): ReLU(inplace=True)
      (conv2): Conv2d(64, 64, kernel_size=(3, 3), stride=(1, 1), padding=(1, 1), bias=False)
      (bn2): BatchNorm2d(64, eps=1e-05, momentum=0.1, affine=True, track_running_stats=True)
    )
    (1): BasicBlock(
      (conv1): Conv2d(64, 64, kernel_size=(3, 3), stride=(1, 1), padding=(1, 1), bias=False)
      (bn1): BatchNorm2d(64, eps=1e-05, momentum=0.1, affine=True, track_running_stats=True)
      (relu): ReLU(inplace=True)
      (conv2): Conv2d(64, 64, kernel_size=(3, 3), stride=(1, 1), padding=(1, 1), bias=False)
      (bn2): BatchNorm2d(64, eps=1e-05, momentum=0.1, affine=True, track_running_stats=True)
    )
  )
  (layer2): Sequential(
    (0): BasicBlock(
      (conv1): Conv2d(64, 128, kernel_size=(3, 3), stride=(2, 2), padding=(1, 1), bias=False)
      (bn1): BatchNorm2d(128, eps=1e-05, momentum=0.1, affine=True, track_running_stats=True)
      (relu): ReLU(inplace=True)
      (conv2): Conv2d(128, 128, kernel_size=(3, 3), stride=(1, 1), padding=(1, 1), bias=False)
      (bn2): BatchNorm2d(128, eps=1e-05, momentum=0.1, affine=True, track_running_stats=True)
      (downsample): Sequential(
        (0): Conv2d(64, 128, kernel_size=(1, 1), stride=(2, 2), bias=False)
        (1): BatchNorm2d(128, eps=1e-05, momentum=0.1, affine=True, track_running_stats=True)
      )
    )
    (1): BasicBlock(
      (conv1): Conv2d(128, 128, kernel_size=(3, 3), stride=(1, 1), padding=(1, 1), bias=False)
      (bn1): BatchNorm2d(128, eps=1e-05, momentum=0.1, affine=True, track_running_stats=True)
      (relu): ReLU(inplace=True)
      (conv2): Conv2d(128, 128, kernel_size=(3, 3), stride=(1, 1), padding=(1, 1), bias=False)
      (bn2): BatchNorm2d(128, eps=1e-05, momentum=0.1, affine=True, track_running_stats=True)
    )
  )
  (layer3): Sequential(
    (0): BasicBlock(
      (conv1): Conv2d(128, 256, kernel_size=(3, 3), stride=(2, 2), padding=(1, 1), bias=False)
      (bn1): BatchNorm2d(256, eps=1e-05, momentum=0.1, affine=True, track_running_stats=True)
      (relu): ReLU(inplace=True)
      (conv2): Conv2d(256, 256, kernel_size=(3, 3), stride=(1, 1), padding=(1, 1), bias=False)
      (bn2): BatchNorm2d(256, eps=1e-05, momentum=0.1, affine=True, track_running_stats=True)
      (downsample): Sequential(
        (0): Conv2d(128, 256, kernel_size=(1, 1), stride=(2, 2), bias=False)
        (1): BatchNorm2d(256, eps=1e-05, momentum=0.1, affine=True, track_running_stats=True)
      )
    )
    (1): BasicBlock(
      (conv1): Conv2d(256, 256, kernel_size=(3, 3), stride=(1, 1), padding=(1, 1), bias=False)
      (bn1): BatchNorm2d(256, eps=1e-05, momentum=0.1, affine=True, track_running_stats=True)
      (relu): ReLU(inplace=True)
      (conv2): Conv2d(256, 256, kernel_size=(3, 3), stride=(1, 1), padding=(1, 1), bias=False)
      (bn2): BatchNorm2d(256, eps=1e-05, momentum=0.1, affine=True, track_running_stats=True)
    )
  )
  (layer4): Sequential(
    (0): BasicBlock(
      (conv1): Conv2d(256, 512, kernel_size=(3, 3), stride=(2, 2), padding=(1, 1), bias=False)
      (bn1): BatchNorm2d(512, eps=1e-05, momentum=0.1, affine=True, track_running_stats=True)
      (relu): ReLU(inplace=True)
      (conv2): Conv2d(512, 512, kernel_size=(3, 3), stride=(1, 1), padding=(1, 1), bias=False)
      (bn2): BatchNorm2d(512, eps=1e-05, momentum=0.1, affine=True, track_running_stats=True)
      (downsample): Sequential(
        (0): Conv2d(256, 512, kernel_size=(1, 1), stride=(2, 2), bias=False)
        (1): BatchNorm2d(512, eps=1e-05, momentum=0.1, affine=True, track_running_stats=True)
      )
    )
    (1): BasicBlock(
      (conv1): Conv2d(512, 512, kernel_size=(3, 3), stride=(1, 1), padding=(1, 1), bias=False)
      (bn1): BatchNorm2d(512, eps=1e-05, momentum=0.1, affine=True, track_running_stats=True)
      (relu): ReLU(inplace=True)
      (conv2): Conv2d(512, 512, kernel_size=(3, 3), stride=(1, 1), padding=(1, 1), bias=False)
      (bn2): BatchNorm2d(512, eps=1e-05, momentum=0.1, affine=True, track_running_stats=True)
    )
  )
  (avgpool): AdaptiveAvgPool2d(output_size=(1, 1))
  (fc): Linear(in_features=512, out_features=10, bias=True)
)
2021-12-05 15:05:51.764 | WARNING  | __main__:main_worker:212 - Using CPU, this will be slow
2021-12-05 15:05:51.765 | INFO     | __main__:main_worker:233 - Loading checkpoint 'model/resnet18/model_best.pth.tar'
2021-12-05 15:05:51.887 | INFO     | __main__:main_worker:247 - Loaded checkpoint 'model/resnet18/model_best.pth.tar' (epoch 95)
2021-12-05 15:05:51.888 | WARNING  | __main__:main_worker:252 - Changing model's weights according to 'zero_mantissa_to_closest_exponent' with group size: 256
2021-12-05 15:05:51.889 | INFO     | __main__:convert_model:140 - Converting conv1.weight ...
2021-12-05 15:05:52.240 | INFO     | __main__:convert_model:124 - Skipping bn1.weight ...
2021-12-05 15:05:52.240 | INFO     | __main__:convert_model:124 - Skipping bn1.bias ...
2021-12-05 15:05:52.240 | INFO     | __main__:convert_model:140 - Converting layer1.0.conv1.weight ...
2021-12-05 15:05:53.264 | INFO     | __main__:convert_model:124 - Skipping layer1.0.bn1.weight ...
2021-12-05 15:05:53.265 | INFO     | __main__:convert_model:124 - Skipping layer1.0.bn1.bias ...
2021-12-05 15:05:53.265 | INFO     | __main__:convert_model:140 - Converting layer1.0.conv2.weight ...
2021-12-05 15:05:54.372 | INFO     | __main__:convert_model:124 - Skipping layer1.0.bn2.weight ...
2021-12-05 15:05:54.373 | INFO     | __main__:convert_model:124 - Skipping layer1.0.bn2.bias ...
2021-12-05 15:05:54.373 | INFO     | __main__:convert_model:140 - Converting layer1.1.conv1.weight ...
2021-12-05 15:05:55.283 | INFO     | __main__:convert_model:124 - Skipping layer1.1.bn1.weight ...
2021-12-05 15:05:55.284 | INFO     | __main__:convert_model:124 - Skipping layer1.1.bn1.bias ...
2021-12-05 15:05:55.284 | INFO     | __main__:convert_model:140 - Converting layer1.1.conv2.weight ...
2021-12-05 15:05:56.165 | INFO     | __main__:convert_model:124 - Skipping layer1.1.bn2.weight ...
2021-12-05 15:05:56.166 | INFO     | __main__:convert_model:124 - Skipping layer1.1.bn2.bias ...
2021-12-05 15:05:56.166 | INFO     | __main__:convert_model:140 - Converting layer2.0.conv1.weight ...
2021-12-05 15:05:57.671 | INFO     | __main__:convert_model:124 - Skipping layer2.0.bn1.weight ...
2021-12-05 15:05:57.671 | INFO     | __main__:convert_model:124 - Skipping layer2.0.bn1.bias ...
2021-12-05 15:05:57.671 | INFO     | __main__:convert_model:140 - Converting layer2.0.conv2.weight ...
2021-12-05 15:06:00.746 | INFO     | __main__:convert_model:124 - Skipping layer2.0.bn2.weight ...
2021-12-05 15:06:00.746 | INFO     | __main__:convert_model:124 - Skipping layer2.0.bn2.bias ...
2021-12-05 15:06:00.747 | INFO     | __main__:convert_model:124 - Skipping layer2.0.downsample.0.weight ...
2021-12-05 15:06:00.747 | INFO     | __main__:convert_model:124 - Skipping layer2.0.downsample.1.weight ...
2021-12-05 15:06:00.747 | INFO     | __main__:convert_model:124 - Skipping layer2.0.downsample.1.bias ...
2021-12-05 15:06:00.747 | INFO     | __main__:convert_model:140 - Converting layer2.1.conv1.weight ...
2021-12-05 15:06:03.917 | INFO     | __main__:convert_model:124 - Skipping layer2.1.bn1.weight ...
2021-12-05 15:06:03.918 | INFO     | __main__:convert_model:124 - Skipping layer2.1.bn1.bias ...
2021-12-05 15:06:03.918 | INFO     | __main__:convert_model:140 - Converting layer2.1.conv2.weight ...
2021-12-05 15:06:06.838 | INFO     | __main__:convert_model:124 - Skipping layer2.1.bn2.weight ...
2021-12-05 15:06:06.838 | INFO     | __main__:convert_model:124 - Skipping layer2.1.bn2.bias ...
2021-12-05 15:06:06.838 | INFO     | __main__:convert_model:140 - Converting layer3.0.conv1.weight ...
2021-12-05 15:06:12.989 | INFO     | __main__:convert_model:124 - Skipping layer3.0.bn1.weight ...
2021-12-05 15:06:12.989 | INFO     | __main__:convert_model:124 - Skipping layer3.0.bn1.bias ...
2021-12-05 15:06:12.989 | INFO     | __main__:convert_model:140 - Converting layer3.0.conv2.weight ...
2021-12-05 15:06:26.703 | INFO     | __main__:convert_model:124 - Skipping layer3.0.bn2.weight ...
2021-12-05 15:06:26.703 | INFO     | __main__:convert_model:124 - Skipping layer3.0.bn2.bias ...
2021-12-05 15:06:26.704 | INFO     | __main__:convert_model:124 - Skipping layer3.0.downsample.0.weight ...
2021-12-05 15:06:26.704 | INFO     | __main__:convert_model:124 - Skipping layer3.0.downsample.1.weight ...
2021-12-05 15:06:26.704 | INFO     | __main__:convert_model:124 - Skipping layer3.0.downsample.1.bias ...
2021-12-05 15:06:26.704 | INFO     | __main__:convert_model:140 - Converting layer3.1.conv1.weight ...
2021-12-05 15:06:39.873 | INFO     | __main__:convert_model:124 - Skipping layer3.1.bn1.weight ...
2021-12-05 15:06:39.873 | INFO     | __main__:convert_model:124 - Skipping layer3.1.bn1.bias ...
2021-12-05 15:06:39.874 | INFO     | __main__:convert_model:140 - Converting layer3.1.conv2.weight ...
2021-12-05 15:06:53.814 | INFO     | __main__:convert_model:124 - Skipping layer3.1.bn2.weight ...
2021-12-05 15:06:53.814 | INFO     | __main__:convert_model:124 - Skipping layer3.1.bn2.bias ...
2021-12-05 15:06:53.815 | INFO     | __main__:convert_model:140 - Converting layer4.0.conv1.weight ...
2021-12-05 15:07:20.831 | INFO     | __main__:convert_model:124 - Skipping layer4.0.bn1.weight ...
2021-12-05 15:07:20.832 | INFO     | __main__:convert_model:124 - Skipping layer4.0.bn1.bias ...
2021-12-05 15:07:21.318 | INFO     | __main__:convert_model:140 - Converting layer4.0.conv2.weight ...
2021-12-05 15:08:33.631 | INFO     | __main__:convert_model:124 - Skipping layer4.0.bn2.weight ...
2021-12-05 15:08:33.631 | INFO     | __main__:convert_model:124 - Skipping layer4.0.bn2.bias ...
2021-12-05 15:08:33.631 | INFO     | __main__:convert_model:124 - Skipping layer4.0.downsample.0.weight ...
2021-12-05 15:08:33.631 | INFO     | __main__:convert_model:124 - Skipping layer4.0.downsample.1.weight ...
2021-12-05 15:08:33.631 | INFO     | __main__:convert_model:124 - Skipping layer4.0.downsample.1.bias ...
2021-12-05 15:08:33.632 | INFO     | __main__:convert_model:140 - Converting layer4.1.conv1.weight ...
2021-12-05 15:09:23.036 | INFO     | __main__:convert_model:124 - Skipping layer4.1.bn1.weight ...
2021-12-05 15:09:23.036 | INFO     | __main__:convert_model:124 - Skipping layer4.1.bn1.bias ...
2021-12-05 15:09:23.040 | INFO     | __main__:convert_model:140 - Converting layer4.1.conv2.weight ...
2021-12-05 15:10:12.870 | INFO     | __main__:convert_model:124 - Skipping layer4.1.bn2.weight ...
2021-12-05 15:10:12.871 | INFO     | __main__:convert_model:124 - Skipping layer4.1.bn2.bias ...
2021-12-05 15:10:12.871 | INFO     | __main__:convert_model:140 - Converting fc.weight ...
2021-12-05 15:10:12.978 | INFO     | __main__:convert_model:134 - Converting fc.bias with group size: 10. (W.numel()(=10) < 256) ...
2021-12-05 15:10:12.979 | INFO     | __main__:main_worker:266 - Train Dir: data/imagenette/train | Val Dir: data/imagenette/val
2021-12-05 15:10:13.014 | INFO     | __main__:main_worker:291 - args.evaluate=True: Doing evaluation once, and exit
2021-12-05 15:10:28.790 | INFO     | __main__:display:483 - Test: [  0/123]	Time 15.776 (15.776)	Loss 3.7214e-01 (3.7214e-01)	Acc@1  93.75 ( 93.75)	Acc@5  96.88 ( 96.88)
2021-12-05 15:11:08.598 | INFO     | __main__:display:483 - Test: [ 10/123]	Time  0.933 ( 5.053)	Loss 6.0297e-01 (3.2337e-01)	Acc@1  84.38 ( 90.91)	Acc@5  96.88 ( 98.30)
2021-12-05 15:11:26.220 | INFO     | __main__:display:483 - Test: [ 20/123]	Time  0.801 ( 3.486)	Loss 8.5069e-01 (4.6809e-01)	Acc@1  75.00 ( 86.76)	Acc@5  93.75 ( 98.07)
2021-12-05 15:11:35.228 | INFO     | __main__:display:483 - Test: [ 30/123]	Time  0.809 ( 2.652)	Loss 6.1970e-01 (5.4027e-01)	Acc@1  81.25 ( 83.57)	Acc@5  96.88 ( 97.58)
2021-12-05 15:11:44.095 | INFO     | __main__:display:483 - Test: [ 40/123]	Time  0.795 ( 2.221)	Loss 6.7328e-01 (5.5594e-01)	Acc@1  71.88 ( 83.23)	Acc@5 100.00 ( 97.94)
2021-12-05 15:11:54.511 | INFO     | __main__:display:483 - Test: [ 50/123]	Time  0.878 ( 1.990)	Loss 7.9944e-01 (6.1161e-01)	Acc@1  75.00 ( 81.25)	Acc@5  93.75 ( 97.67)
2021-12-05 15:12:04.581 | INFO     | __main__:display:483 - Test: [ 60/123]	Time  1.148 ( 1.829)	Loss 8.6176e-01 (5.9803e-01)	Acc@1  78.12 ( 81.86)	Acc@5  96.88 ( 97.64)
2021-12-05 15:12:20.497 | INFO     | __main__:display:483 - Test: [ 70/123]	Time  1.413 ( 1.796)	Loss 4.3110e-01 (5.8280e-01)	Acc@1  87.50 ( 82.17)	Acc@5 100.00 ( 97.93)
2021-12-05 15:12:29.863 | INFO     | __main__:display:483 - Test: [ 80/123]	Time  0.935 ( 1.689)	Loss 9.3918e-01 (5.6722e-01)	Acc@1  68.75 ( 82.56)	Acc@5 100.00 ( 98.03)
2021-12-05 15:12:41.154 | INFO     | __main__:display:483 - Test: [ 90/123]	Time  0.831 ( 1.628)	Loss 5.6918e-01 (5.6946e-01)	Acc@1  84.38 ( 82.38)	Acc@5 100.00 ( 98.11)
2021-12-05 15:12:50.119 | INFO     | __main__:display:483 - Test: [100/123]	Time  0.821 ( 1.555)	Loss 1.2682e+00 (6.0535e-01)	Acc@1  62.50 ( 81.25)	Acc@5  93.75 ( 97.96)
2021-12-05 15:13:00.875 | INFO     | __main__:display:483 - Test: [110/123]	Time  0.835 ( 1.512)	Loss 7.2825e-01 (6.5101e-01)	Acc@1  78.12 ( 80.01)	Acc@5  93.75 ( 97.58)
2021-12-05 15:13:10.508 | INFO     | __main__:display:483 - Test: [120/123]	Time  0.770 ( 1.467)	Loss 4.4705e-01 (6.2700e-01)	Acc@1  84.38 ( 80.66)	Acc@5 100.00 ( 97.65)
2021-12-05 15:13:11.871 | INFO     | __main__:display_summary:488 -  *   Acc@1 80.662 Acc@5 97.605
