2021-12-01 23:11:00.122 | INFO     | __main__:main:152 - Log into log/resnet50/zero_mantissa_to_closest_exponent/group_size:2/2021-12-01-23:11:00.log
2021-12-01 23:11:00.122 | WARNING  | __main__:main:165 - You have chosen a specific GPU. This will completely disable data parallelism.
2021-12-01 23:11:00.122 | INFO     | __main__:main_worker:175 - Use GPU: 0 for training
2021-12-01 23:11:00.123 | INFO     | __main__:main_worker:179 - Using pre-trained model 'resnet50'
2021-12-01 23:11:00.505 | WARNING  | __main__:main_worker:186 - Replacing model's last FC layer by torch.nn.Linear(2048, 10)
2021-12-01 23:11:00.507 | INFO     | __main__:main_worker:188 - 
ResNet(
  (conv1): Conv2d(3, 64, kernel_size=(7, 7), stride=(2, 2), padding=(3, 3), bias=False)
  (bn1): BatchNorm2d(64, eps=1e-05, momentum=0.1, affine=True, track_running_stats=True)
  (relu): ReLU(inplace=True)
  (maxpool): MaxPool2d(kernel_size=3, stride=2, padding=1, dilation=1, ceil_mode=False)
  (layer1): Sequential(
    (0): Bottleneck(
      (conv1): Conv2d(64, 64, kernel_size=(1, 1), stride=(1, 1), bias=False)
      (bn1): BatchNorm2d(64, eps=1e-05, momentum=0.1, affine=True, track_running_stats=True)
      (conv2): Conv2d(64, 64, kernel_size=(3, 3), stride=(1, 1), padding=(1, 1), bias=False)
      (bn2): BatchNorm2d(64, eps=1e-05, momentum=0.1, affine=True, track_running_stats=True)
      (conv3): Conv2d(64, 256, kernel_size=(1, 1), stride=(1, 1), bias=False)
      (bn3): BatchNorm2d(256, eps=1e-05, momentum=0.1, affine=True, track_running_stats=True)
      (relu): ReLU(inplace=True)
      (downsample): Sequential(
        (0): Conv2d(64, 256, kernel_size=(1, 1), stride=(1, 1), bias=False)
        (1): BatchNorm2d(256, eps=1e-05, momentum=0.1, affine=True, track_running_stats=True)
      )
    )
    (1): Bottleneck(
      (conv1): Conv2d(256, 64, kernel_size=(1, 1), stride=(1, 1), bias=False)
      (bn1): BatchNorm2d(64, eps=1e-05, momentum=0.1, affine=True, track_running_stats=True)
      (conv2): Conv2d(64, 64, kernel_size=(3, 3), stride=(1, 1), padding=(1, 1), bias=False)
      (bn2): BatchNorm2d(64, eps=1e-05, momentum=0.1, affine=True, track_running_stats=True)
      (conv3): Conv2d(64, 256, kernel_size=(1, 1), stride=(1, 1), bias=False)
      (bn3): BatchNorm2d(256, eps=1e-05, momentum=0.1, affine=True, track_running_stats=True)
      (relu): ReLU(inplace=True)
    )
    (2): Bottleneck(
      (conv1): Conv2d(256, 64, kernel_size=(1, 1), stride=(1, 1), bias=False)
      (bn1): BatchNorm2d(64, eps=1e-05, momentum=0.1, affine=True, track_running_stats=True)
      (conv2): Conv2d(64, 64, kernel_size=(3, 3), stride=(1, 1), padding=(1, 1), bias=False)
      (bn2): BatchNorm2d(64, eps=1e-05, momentum=0.1, affine=True, track_running_stats=True)
      (conv3): Conv2d(64, 256, kernel_size=(1, 1), stride=(1, 1), bias=False)
      (bn3): BatchNorm2d(256, eps=1e-05, momentum=0.1, affine=True, track_running_stats=True)
      (relu): ReLU(inplace=True)
    )
  )
  (layer2): Sequential(
    (0): Bottleneck(
      (conv1): Conv2d(256, 128, kernel_size=(1, 1), stride=(1, 1), bias=False)
      (bn1): BatchNorm2d(128, eps=1e-05, momentum=0.1, affine=True, track_running_stats=True)
      (conv2): Conv2d(128, 128, kernel_size=(3, 3), stride=(2, 2), padding=(1, 1), bias=False)
      (bn2): BatchNorm2d(128, eps=1e-05, momentum=0.1, affine=True, track_running_stats=True)
      (conv3): Conv2d(128, 512, kernel_size=(1, 1), stride=(1, 1), bias=False)
      (bn3): BatchNorm2d(512, eps=1e-05, momentum=0.1, affine=True, track_running_stats=True)
      (relu): ReLU(inplace=True)
      (downsample): Sequential(
        (0): Conv2d(256, 512, kernel_size=(1, 1), stride=(2, 2), bias=False)
        (1): BatchNorm2d(512, eps=1e-05, momentum=0.1, affine=True, track_running_stats=True)
      )
    )
    (1): Bottleneck(
      (conv1): Conv2d(512, 128, kernel_size=(1, 1), stride=(1, 1), bias=False)
      (bn1): BatchNorm2d(128, eps=1e-05, momentum=0.1, affine=True, track_running_stats=True)
      (conv2): Conv2d(128, 128, kernel_size=(3, 3), stride=(1, 1), padding=(1, 1), bias=False)
      (bn2): BatchNorm2d(128, eps=1e-05, momentum=0.1, affine=True, track_running_stats=True)
      (conv3): Conv2d(128, 512, kernel_size=(1, 1), stride=(1, 1), bias=False)
      (bn3): BatchNorm2d(512, eps=1e-05, momentum=0.1, affine=True, track_running_stats=True)
      (relu): ReLU(inplace=True)
    )
    (2): Bottleneck(
      (conv1): Conv2d(512, 128, kernel_size=(1, 1), stride=(1, 1), bias=False)
      (bn1): BatchNorm2d(128, eps=1e-05, momentum=0.1, affine=True, track_running_stats=True)
      (conv2): Conv2d(128, 128, kernel_size=(3, 3), stride=(1, 1), padding=(1, 1), bias=False)
      (bn2): BatchNorm2d(128, eps=1e-05, momentum=0.1, affine=True, track_running_stats=True)
      (conv3): Conv2d(128, 512, kernel_size=(1, 1), stride=(1, 1), bias=False)
      (bn3): BatchNorm2d(512, eps=1e-05, momentum=0.1, affine=True, track_running_stats=True)
      (relu): ReLU(inplace=True)
    )
    (3): Bottleneck(
      (conv1): Conv2d(512, 128, kernel_size=(1, 1), stride=(1, 1), bias=False)
      (bn1): BatchNorm2d(128, eps=1e-05, momentum=0.1, affine=True, track_running_stats=True)
      (conv2): Conv2d(128, 128, kernel_size=(3, 3), stride=(1, 1), padding=(1, 1), bias=False)
      (bn2): BatchNorm2d(128, eps=1e-05, momentum=0.1, affine=True, track_running_stats=True)
      (conv3): Conv2d(128, 512, kernel_size=(1, 1), stride=(1, 1), bias=False)
      (bn3): BatchNorm2d(512, eps=1e-05, momentum=0.1, affine=True, track_running_stats=True)
      (relu): ReLU(inplace=True)
    )
  )
  (layer3): Sequential(
    (0): Bottleneck(
      (conv1): Conv2d(512, 256, kernel_size=(1, 1), stride=(1, 1), bias=False)
      (bn1): BatchNorm2d(256, eps=1e-05, momentum=0.1, affine=True, track_running_stats=True)
      (conv2): Conv2d(256, 256, kernel_size=(3, 3), stride=(2, 2), padding=(1, 1), bias=False)
      (bn2): BatchNorm2d(256, eps=1e-05, momentum=0.1, affine=True, track_running_stats=True)
      (conv3): Conv2d(256, 1024, kernel_size=(1, 1), stride=(1, 1), bias=False)
      (bn3): BatchNorm2d(1024, eps=1e-05, momentum=0.1, affine=True, track_running_stats=True)
      (relu): ReLU(inplace=True)
      (downsample): Sequential(
        (0): Conv2d(512, 1024, kernel_size=(1, 1), stride=(2, 2), bias=False)
        (1): BatchNorm2d(1024, eps=1e-05, momentum=0.1, affine=True, track_running_stats=True)
      )
    )
    (1): Bottleneck(
      (conv1): Conv2d(1024, 256, kernel_size=(1, 1), stride=(1, 1), bias=False)
      (bn1): BatchNorm2d(256, eps=1e-05, momentum=0.1, affine=True, track_running_stats=True)
      (conv2): Conv2d(256, 256, kernel_size=(3, 3), stride=(1, 1), padding=(1, 1), bias=False)
      (bn2): BatchNorm2d(256, eps=1e-05, momentum=0.1, affine=True, track_running_stats=True)
      (conv3): Conv2d(256, 1024, kernel_size=(1, 1), stride=(1, 1), bias=False)
      (bn3): BatchNorm2d(1024, eps=1e-05, momentum=0.1, affine=True, track_running_stats=True)
      (relu): ReLU(inplace=True)
    )
    (2): Bottleneck(
      (conv1): Conv2d(1024, 256, kernel_size=(1, 1), stride=(1, 1), bias=False)
      (bn1): BatchNorm2d(256, eps=1e-05, momentum=0.1, affine=True, track_running_stats=True)
      (conv2): Conv2d(256, 256, kernel_size=(3, 3), stride=(1, 1), padding=(1, 1), bias=False)
      (bn2): BatchNorm2d(256, eps=1e-05, momentum=0.1, affine=True, track_running_stats=True)
      (conv3): Conv2d(256, 1024, kernel_size=(1, 1), stride=(1, 1), bias=False)
      (bn3): BatchNorm2d(1024, eps=1e-05, momentum=0.1, affine=True, track_running_stats=True)
      (relu): ReLU(inplace=True)
    )
    (3): Bottleneck(
      (conv1): Conv2d(1024, 256, kernel_size=(1, 1), stride=(1, 1), bias=False)
      (bn1): BatchNorm2d(256, eps=1e-05, momentum=0.1, affine=True, track_running_stats=True)
      (conv2): Conv2d(256, 256, kernel_size=(3, 3), stride=(1, 1), padding=(1, 1), bias=False)
      (bn2): BatchNorm2d(256, eps=1e-05, momentum=0.1, affine=True, track_running_stats=True)
      (conv3): Conv2d(256, 1024, kernel_size=(1, 1), stride=(1, 1), bias=False)
      (bn3): BatchNorm2d(1024, eps=1e-05, momentum=0.1, affine=True, track_running_stats=True)
      (relu): ReLU(inplace=True)
    )
    (4): Bottleneck(
      (conv1): Conv2d(1024, 256, kernel_size=(1, 1), stride=(1, 1), bias=False)
      (bn1): BatchNorm2d(256, eps=1e-05, momentum=0.1, affine=True, track_running_stats=True)
      (conv2): Conv2d(256, 256, kernel_size=(3, 3), stride=(1, 1), padding=(1, 1), bias=False)
      (bn2): BatchNorm2d(256, eps=1e-05, momentum=0.1, affine=True, track_running_stats=True)
      (conv3): Conv2d(256, 1024, kernel_size=(1, 1), stride=(1, 1), bias=False)
      (bn3): BatchNorm2d(1024, eps=1e-05, momentum=0.1, affine=True, track_running_stats=True)
      (relu): ReLU(inplace=True)
    )
    (5): Bottleneck(
      (conv1): Conv2d(1024, 256, kernel_size=(1, 1), stride=(1, 1), bias=False)
      (bn1): BatchNorm2d(256, eps=1e-05, momentum=0.1, affine=True, track_running_stats=True)
      (conv2): Conv2d(256, 256, kernel_size=(3, 3), stride=(1, 1), padding=(1, 1), bias=False)
      (bn2): BatchNorm2d(256, eps=1e-05, momentum=0.1, affine=True, track_running_stats=True)
      (conv3): Conv2d(256, 1024, kernel_size=(1, 1), stride=(1, 1), bias=False)
      (bn3): BatchNorm2d(1024, eps=1e-05, momentum=0.1, affine=True, track_running_stats=True)
      (relu): ReLU(inplace=True)
    )
  )
  (layer4): Sequential(
    (0): Bottleneck(
      (conv1): Conv2d(1024, 512, kernel_size=(1, 1), stride=(1, 1), bias=False)
      (bn1): BatchNorm2d(512, eps=1e-05, momentum=0.1, affine=True, track_running_stats=True)
      (conv2): Conv2d(512, 512, kernel_size=(3, 3), stride=(2, 2), padding=(1, 1), bias=False)
      (bn2): BatchNorm2d(512, eps=1e-05, momentum=0.1, affine=True, track_running_stats=True)
      (conv3): Conv2d(512, 2048, kernel_size=(1, 1), stride=(1, 1), bias=False)
      (bn3): BatchNorm2d(2048, eps=1e-05, momentum=0.1, affine=True, track_running_stats=True)
      (relu): ReLU(inplace=True)
      (downsample): Sequential(
        (0): Conv2d(1024, 2048, kernel_size=(1, 1), stride=(2, 2), bias=False)
        (1): BatchNorm2d(2048, eps=1e-05, momentum=0.1, affine=True, track_running_stats=True)
      )
    )
    (1): Bottleneck(
      (conv1): Conv2d(2048, 512, kernel_size=(1, 1), stride=(1, 1), bias=False)
      (bn1): BatchNorm2d(512, eps=1e-05, momentum=0.1, affine=True, track_running_stats=True)
      (conv2): Conv2d(512, 512, kernel_size=(3, 3), stride=(1, 1), padding=(1, 1), bias=False)
      (bn2): BatchNorm2d(512, eps=1e-05, momentum=0.1, affine=True, track_running_stats=True)
      (conv3): Conv2d(512, 2048, kernel_size=(1, 1), stride=(1, 1), bias=False)
      (bn3): BatchNorm2d(2048, eps=1e-05, momentum=0.1, affine=True, track_running_stats=True)
      (relu): ReLU(inplace=True)
    )
    (2): Bottleneck(
      (conv1): Conv2d(2048, 512, kernel_size=(1, 1), stride=(1, 1), bias=False)
      (bn1): BatchNorm2d(512, eps=1e-05, momentum=0.1, affine=True, track_running_stats=True)
      (conv2): Conv2d(512, 512, kernel_size=(3, 3), stride=(1, 1), padding=(1, 1), bias=False)
      (bn2): BatchNorm2d(512, eps=1e-05, momentum=0.1, affine=True, track_running_stats=True)
      (conv3): Conv2d(512, 2048, kernel_size=(1, 1), stride=(1, 1), bias=False)
      (bn3): BatchNorm2d(2048, eps=1e-05, momentum=0.1, affine=True, track_running_stats=True)
      (relu): ReLU(inplace=True)
    )
  )
  (avgpool): AdaptiveAvgPool2d(output_size=(1, 1))
  (fc): Linear(in_features=2048, out_features=10, bias=True)
)
2021-12-01 23:11:02.407 | INFO     | __main__:main_worker:216 - Loading checkpoint 'model/resnet50/model_best.pth.tar'
2021-12-01 23:11:02.515 | INFO     | __main__:main_worker:230 - Loaded checkpoint 'model/resnet50/model_best.pth.tar' (epoch 91)
2021-12-01 23:11:02.515 | WARNING  | __main__:main_worker:235 - Changing model's weights according to 'zero_mantissa_to_closest_exponent' with group size: 2
2021-12-01 23:11:02.554 | INFO     | __main__:convert_model:132 - Converting conv1.weight ...
2021-12-01 23:11:02.746 | INFO     | __main__:convert_model:118 - Skipping bn1.weight ...
2021-12-01 23:11:02.747 | INFO     | __main__:convert_model:118 - Skipping bn1.bias ...
2021-12-01 23:11:02.747 | INFO     | __main__:convert_model:132 - Converting layer1.0.conv1.weight ...
2021-12-01 23:11:02.830 | INFO     | __main__:convert_model:118 - Skipping layer1.0.bn1.weight ...
2021-12-01 23:11:02.830 | INFO     | __main__:convert_model:118 - Skipping layer1.0.bn1.bias ...
2021-12-01 23:11:02.830 | INFO     | __main__:convert_model:132 - Converting layer1.0.conv2.weight ...
2021-12-01 23:11:03.579 | INFO     | __main__:convert_model:118 - Skipping layer1.0.bn2.weight ...
2021-12-01 23:11:03.579 | INFO     | __main__:convert_model:118 - Skipping layer1.0.bn2.bias ...
2021-12-01 23:11:03.579 | INFO     | __main__:convert_model:132 - Converting layer1.0.conv3.weight ...
2021-12-01 23:11:03.914 | INFO     | __main__:convert_model:118 - Skipping layer1.0.bn3.weight ...
2021-12-01 23:11:03.914 | INFO     | __main__:convert_model:118 - Skipping layer1.0.bn3.bias ...
2021-12-01 23:11:03.914 | INFO     | __main__:convert_model:118 - Skipping layer1.0.downsample.0.weight ...
2021-12-01 23:11:03.914 | INFO     | __main__:convert_model:118 - Skipping layer1.0.downsample.1.weight ...
2021-12-01 23:11:03.914 | INFO     | __main__:convert_model:118 - Skipping layer1.0.downsample.1.bias ...
2021-12-01 23:11:03.914 | INFO     | __main__:convert_model:132 - Converting layer1.1.conv1.weight ...
2021-12-01 23:11:04.248 | INFO     | __main__:convert_model:118 - Skipping layer1.1.bn1.weight ...
2021-12-01 23:11:04.248 | INFO     | __main__:convert_model:118 - Skipping layer1.1.bn1.bias ...
2021-12-01 23:11:04.248 | INFO     | __main__:convert_model:132 - Converting layer1.1.conv2.weight ...
2021-12-01 23:11:04.994 | INFO     | __main__:convert_model:118 - Skipping layer1.1.bn2.weight ...
2021-12-01 23:11:04.994 | INFO     | __main__:convert_model:118 - Skipping layer1.1.bn2.bias ...
2021-12-01 23:11:04.994 | INFO     | __main__:convert_model:132 - Converting layer1.1.conv3.weight ...
2021-12-01 23:11:05.329 | INFO     | __main__:convert_model:118 - Skipping layer1.1.bn3.weight ...
2021-12-01 23:11:05.329 | INFO     | __main__:convert_model:118 - Skipping layer1.1.bn3.bias ...
2021-12-01 23:11:05.329 | INFO     | __main__:convert_model:132 - Converting layer1.2.conv1.weight ...
2021-12-01 23:11:05.661 | INFO     | __main__:convert_model:118 - Skipping layer1.2.bn1.weight ...
2021-12-01 23:11:05.661 | INFO     | __main__:convert_model:118 - Skipping layer1.2.bn1.bias ...
2021-12-01 23:11:05.661 | INFO     | __main__:convert_model:132 - Converting layer1.2.conv2.weight ...
2021-12-01 23:11:06.408 | INFO     | __main__:convert_model:118 - Skipping layer1.2.bn2.weight ...
2021-12-01 23:11:06.408 | INFO     | __main__:convert_model:118 - Skipping layer1.2.bn2.bias ...
2021-12-01 23:11:06.409 | INFO     | __main__:convert_model:132 - Converting layer1.2.conv3.weight ...
2021-12-01 23:11:06.741 | INFO     | __main__:convert_model:118 - Skipping layer1.2.bn3.weight ...
2021-12-01 23:11:06.742 | INFO     | __main__:convert_model:118 - Skipping layer1.2.bn3.bias ...
2021-12-01 23:11:06.742 | INFO     | __main__:convert_model:132 - Converting layer2.0.conv1.weight ...
2021-12-01 23:11:07.409 | INFO     | __main__:convert_model:118 - Skipping layer2.0.bn1.weight ...
2021-12-01 23:11:07.409 | INFO     | __main__:convert_model:118 - Skipping layer2.0.bn1.bias ...
2021-12-01 23:11:07.409 | INFO     | __main__:convert_model:132 - Converting layer2.0.conv2.weight ...
2021-12-01 23:11:10.391 | INFO     | __main__:convert_model:118 - Skipping layer2.0.bn2.weight ...
2021-12-01 23:11:10.391 | INFO     | __main__:convert_model:118 - Skipping layer2.0.bn2.bias ...
2021-12-01 23:11:10.392 | INFO     | __main__:convert_model:132 - Converting layer2.0.conv3.weight ...
2021-12-01 23:11:11.720 | INFO     | __main__:convert_model:118 - Skipping layer2.0.bn3.weight ...
2021-12-01 23:11:11.720 | INFO     | __main__:convert_model:118 - Skipping layer2.0.bn3.bias ...
2021-12-01 23:11:11.720 | INFO     | __main__:convert_model:118 - Skipping layer2.0.downsample.0.weight ...
2021-12-01 23:11:11.720 | INFO     | __main__:convert_model:118 - Skipping layer2.0.downsample.1.weight ...
2021-12-01 23:11:11.720 | INFO     | __main__:convert_model:118 - Skipping layer2.0.downsample.1.bias ...
2021-12-01 23:11:11.720 | INFO     | __main__:convert_model:132 - Converting layer2.1.conv1.weight ...
2021-12-01 23:11:13.234 | INFO     | __main__:convert_model:118 - Skipping layer2.1.bn1.weight ...
2021-12-01 23:11:13.234 | INFO     | __main__:convert_model:118 - Skipping layer2.1.bn1.bias ...
2021-12-01 23:11:13.234 | INFO     | __main__:convert_model:132 - Converting layer2.1.conv2.weight ...
2021-12-01 23:11:16.220 | INFO     | __main__:convert_model:118 - Skipping layer2.1.bn2.weight ...
2021-12-01 23:11:16.220 | INFO     | __main__:convert_model:118 - Skipping layer2.1.bn2.bias ...
2021-12-01 23:11:16.220 | INFO     | __main__:convert_model:132 - Converting layer2.1.conv3.weight ...
2021-12-01 23:11:17.546 | INFO     | __main__:convert_model:118 - Skipping layer2.1.bn3.weight ...
2021-12-01 23:11:17.547 | INFO     | __main__:convert_model:118 - Skipping layer2.1.bn3.bias ...
2021-12-01 23:11:17.547 | INFO     | __main__:convert_model:132 - Converting layer2.2.conv1.weight ...
2021-12-01 23:11:18.874 | INFO     | __main__:convert_model:118 - Skipping layer2.2.bn1.weight ...
2021-12-01 23:11:18.874 | INFO     | __main__:convert_model:118 - Skipping layer2.2.bn1.bias ...
2021-12-01 23:11:18.874 | INFO     | __main__:convert_model:132 - Converting layer2.2.conv2.weight ...
2021-12-01 23:11:21.874 | INFO     | __main__:convert_model:118 - Skipping layer2.2.bn2.weight ...
2021-12-01 23:11:21.874 | INFO     | __main__:convert_model:118 - Skipping layer2.2.bn2.bias ...
2021-12-01 23:11:21.874 | INFO     | __main__:convert_model:132 - Converting layer2.2.conv3.weight ...
2021-12-01 23:11:23.201 | INFO     | __main__:convert_model:118 - Skipping layer2.2.bn3.weight ...
2021-12-01 23:11:23.201 | INFO     | __main__:convert_model:118 - Skipping layer2.2.bn3.bias ...
2021-12-01 23:11:23.201 | INFO     | __main__:convert_model:132 - Converting layer2.3.conv1.weight ...
2021-12-01 23:11:24.569 | INFO     | __main__:convert_model:118 - Skipping layer2.3.bn1.weight ...
2021-12-01 23:11:24.569 | INFO     | __main__:convert_model:118 - Skipping layer2.3.bn1.bias ...
2021-12-01 23:11:24.569 | INFO     | __main__:convert_model:132 - Converting layer2.3.conv2.weight ...
2021-12-01 23:11:27.561 | INFO     | __main__:convert_model:118 - Skipping layer2.3.bn2.weight ...
2021-12-01 23:11:27.561 | INFO     | __main__:convert_model:118 - Skipping layer2.3.bn2.bias ...
2021-12-01 23:11:27.561 | INFO     | __main__:convert_model:132 - Converting layer2.3.conv3.weight ...
2021-12-01 23:11:28.888 | INFO     | __main__:convert_model:118 - Skipping layer2.3.bn3.weight ...
2021-12-01 23:11:28.888 | INFO     | __main__:convert_model:118 - Skipping layer2.3.bn3.bias ...
2021-12-01 23:11:28.888 | INFO     | __main__:convert_model:132 - Converting layer3.0.conv1.weight ...
2021-12-01 23:11:31.538 | INFO     | __main__:convert_model:118 - Skipping layer3.0.bn1.weight ...
2021-12-01 23:11:31.539 | INFO     | __main__:convert_model:118 - Skipping layer3.0.bn1.bias ...
2021-12-01 23:11:31.539 | INFO     | __main__:convert_model:132 - Converting layer3.0.conv2.weight ...
2021-12-01 23:11:43.898 | INFO     | __main__:convert_model:118 - Skipping layer3.0.bn2.weight ...
2021-12-01 23:11:43.898 | INFO     | __main__:convert_model:118 - Skipping layer3.0.bn2.bias ...
2021-12-01 23:11:43.898 | INFO     | __main__:convert_model:132 - Converting layer3.0.conv3.weight ...
2021-12-01 23:11:49.447 | INFO     | __main__:convert_model:118 - Skipping layer3.0.bn3.weight ...
2021-12-01 23:11:49.447 | INFO     | __main__:convert_model:118 - Skipping layer3.0.bn3.bias ...
2021-12-01 23:11:49.447 | INFO     | __main__:convert_model:118 - Skipping layer3.0.downsample.0.weight ...
2021-12-01 23:11:49.447 | INFO     | __main__:convert_model:118 - Skipping layer3.0.downsample.1.weight ...
2021-12-01 23:11:49.448 | INFO     | __main__:convert_model:118 - Skipping layer3.0.downsample.1.bias ...
2021-12-01 23:11:49.448 | INFO     | __main__:convert_model:132 - Converting layer3.1.conv1.weight ...
2021-12-01 23:11:54.935 | INFO     | __main__:convert_model:118 - Skipping layer3.1.bn1.weight ...
2021-12-01 23:11:54.935 | INFO     | __main__:convert_model:118 - Skipping layer3.1.bn1.bias ...
2021-12-01 23:11:54.936 | INFO     | __main__:convert_model:132 - Converting layer3.1.conv2.weight ...
2021-12-01 23:12:06.839 | INFO     | __main__:convert_model:118 - Skipping layer3.1.bn2.weight ...
2021-12-01 23:12:06.839 | INFO     | __main__:convert_model:118 - Skipping layer3.1.bn2.bias ...
2021-12-01 23:12:06.839 | INFO     | __main__:convert_model:132 - Converting layer3.1.conv3.weight ...
2021-12-01 23:12:12.169 | INFO     | __main__:convert_model:118 - Skipping layer3.1.bn3.weight ...
2021-12-01 23:12:12.170 | INFO     | __main__:convert_model:118 - Skipping layer3.1.bn3.bias ...
2021-12-01 23:12:12.170 | INFO     | __main__:convert_model:132 - Converting layer3.2.conv1.weight ...
2021-12-01 23:12:17.885 | INFO     | __main__:convert_model:118 - Skipping layer3.2.bn1.weight ...
2021-12-01 23:12:17.885 | INFO     | __main__:convert_model:118 - Skipping layer3.2.bn1.bias ...
2021-12-01 23:12:17.886 | INFO     | __main__:convert_model:132 - Converting layer3.2.conv2.weight ...
2021-12-01 23:12:30.260 | INFO     | __main__:convert_model:118 - Skipping layer3.2.bn2.weight ...
2021-12-01 23:12:30.260 | INFO     | __main__:convert_model:118 - Skipping layer3.2.bn2.bias ...
2021-12-01 23:12:30.260 | INFO     | __main__:convert_model:132 - Converting layer3.2.conv3.weight ...
2021-12-01 23:12:35.586 | INFO     | __main__:convert_model:118 - Skipping layer3.2.bn3.weight ...
2021-12-01 23:12:35.587 | INFO     | __main__:convert_model:118 - Skipping layer3.2.bn3.bias ...
2021-12-01 23:12:35.587 | INFO     | __main__:convert_model:132 - Converting layer3.3.conv1.weight ...
2021-12-01 23:12:41.297 | INFO     | __main__:convert_model:118 - Skipping layer3.3.bn1.weight ...
2021-12-01 23:12:41.297 | INFO     | __main__:convert_model:118 - Skipping layer3.3.bn1.bias ...
2021-12-01 23:12:41.298 | INFO     | __main__:convert_model:132 - Converting layer3.3.conv2.weight ...
2021-12-01 23:12:53.647 | INFO     | __main__:convert_model:118 - Skipping layer3.3.bn2.weight ...
2021-12-01 23:12:53.647 | INFO     | __main__:convert_model:118 - Skipping layer3.3.bn2.bias ...
2021-12-01 23:12:53.647 | INFO     | __main__:convert_model:132 - Converting layer3.3.conv3.weight ...
2021-12-01 23:12:58.938 | INFO     | __main__:convert_model:118 - Skipping layer3.3.bn3.weight ...
2021-12-01 23:12:58.938 | INFO     | __main__:convert_model:118 - Skipping layer3.3.bn3.bias ...
2021-12-01 23:12:58.938 | INFO     | __main__:convert_model:132 - Converting layer3.4.conv1.weight ...
2021-12-01 23:13:04.626 | INFO     | __main__:convert_model:118 - Skipping layer3.4.bn1.weight ...
2021-12-01 23:13:04.626 | INFO     | __main__:convert_model:118 - Skipping layer3.4.bn1.bias ...
2021-12-01 23:13:04.626 | INFO     | __main__:convert_model:132 - Converting layer3.4.conv2.weight ...
2021-12-01 23:13:16.966 | INFO     | __main__:convert_model:118 - Skipping layer3.4.bn2.weight ...
2021-12-01 23:13:16.966 | INFO     | __main__:convert_model:118 - Skipping layer3.4.bn2.bias ...
2021-12-01 23:13:16.966 | INFO     | __main__:convert_model:132 - Converting layer3.4.conv3.weight ...
2021-12-01 23:13:22.270 | INFO     | __main__:convert_model:118 - Skipping layer3.4.bn3.weight ...
2021-12-01 23:13:22.271 | INFO     | __main__:convert_model:118 - Skipping layer3.4.bn3.bias ...
2021-12-01 23:13:22.271 | INFO     | __main__:convert_model:132 - Converting layer3.5.conv1.weight ...
2021-12-01 23:13:27.979 | INFO     | __main__:convert_model:118 - Skipping layer3.5.bn1.weight ...
2021-12-01 23:13:27.979 | INFO     | __main__:convert_model:118 - Skipping layer3.5.bn1.bias ...
2021-12-01 23:13:27.979 | INFO     | __main__:convert_model:132 - Converting layer3.5.conv2.weight ...
2021-12-01 23:13:40.307 | INFO     | __main__:convert_model:118 - Skipping layer3.5.bn2.weight ...
2021-12-01 23:13:40.307 | INFO     | __main__:convert_model:118 - Skipping layer3.5.bn2.bias ...
2021-12-01 23:13:40.307 | INFO     | __main__:convert_model:132 - Converting layer3.5.conv3.weight ...
2021-12-01 23:13:45.597 | INFO     | __main__:convert_model:118 - Skipping layer3.5.bn3.weight ...
2021-12-01 23:13:45.598 | INFO     | __main__:convert_model:118 - Skipping layer3.5.bn3.bias ...
2021-12-01 23:13:45.598 | INFO     | __main__:convert_model:132 - Converting layer4.0.conv1.weight ...
2021-12-01 23:13:56.621 | INFO     | __main__:convert_model:118 - Skipping layer4.0.bn1.weight ...
2021-12-01 23:13:56.621 | INFO     | __main__:convert_model:118 - Skipping layer4.0.bn1.bias ...
2021-12-01 23:13:56.621 | INFO     | __main__:convert_model:132 - Converting layer4.0.conv2.weight ...
2021-12-01 23:14:45.889 | INFO     | __main__:convert_model:118 - Skipping layer4.0.bn2.weight ...
2021-12-01 23:14:45.890 | INFO     | __main__:convert_model:118 - Skipping layer4.0.bn2.bias ...
2021-12-01 23:14:45.890 | INFO     | __main__:convert_model:132 - Converting layer4.0.conv3.weight ...
2021-12-01 23:15:08.038 | INFO     | __main__:convert_model:118 - Skipping layer4.0.bn3.weight ...
2021-12-01 23:15:08.039 | INFO     | __main__:convert_model:118 - Skipping layer4.0.bn3.bias ...
2021-12-01 23:15:08.039 | INFO     | __main__:convert_model:118 - Skipping layer4.0.downsample.0.weight ...
2021-12-01 23:15:08.039 | INFO     | __main__:convert_model:118 - Skipping layer4.0.downsample.1.weight ...
2021-12-01 23:15:08.039 | INFO     | __main__:convert_model:118 - Skipping layer4.0.downsample.1.bias ...
2021-12-01 23:15:08.039 | INFO     | __main__:convert_model:132 - Converting layer4.1.conv1.weight ...
2021-12-01 23:15:30.085 | INFO     | __main__:convert_model:118 - Skipping layer4.1.bn1.weight ...
2021-12-01 23:15:30.085 | INFO     | __main__:convert_model:118 - Skipping layer4.1.bn1.bias ...
2021-12-01 23:15:30.085 | INFO     | __main__:convert_model:132 - Converting layer4.1.conv2.weight ...
2021-12-01 23:16:19.490 | INFO     | __main__:convert_model:118 - Skipping layer4.1.bn2.weight ...
2021-12-01 23:16:19.490 | INFO     | __main__:convert_model:118 - Skipping layer4.1.bn2.bias ...
2021-12-01 23:16:19.490 | INFO     | __main__:convert_model:132 - Converting layer4.1.conv3.weight ...
2021-12-01 23:16:41.509 | INFO     | __main__:convert_model:118 - Skipping layer4.1.bn3.weight ...
2021-12-01 23:16:41.509 | INFO     | __main__:convert_model:118 - Skipping layer4.1.bn3.bias ...
2021-12-01 23:16:41.509 | INFO     | __main__:convert_model:132 - Converting layer4.2.conv1.weight ...
2021-12-01 23:17:02.888 | INFO     | __main__:convert_model:118 - Skipping layer4.2.bn1.weight ...
2021-12-01 23:17:02.888 | INFO     | __main__:convert_model:118 - Skipping layer4.2.bn1.bias ...
2021-12-01 23:17:02.889 | INFO     | __main__:convert_model:132 - Converting layer4.2.conv2.weight ...
2021-12-01 23:17:51.787 | INFO     | __main__:convert_model:118 - Skipping layer4.2.bn2.weight ...
2021-12-01 23:17:51.787 | INFO     | __main__:convert_model:118 - Skipping layer4.2.bn2.bias ...
2021-12-01 23:17:51.787 | INFO     | __main__:convert_model:132 - Converting layer4.2.conv3.weight ...
2021-12-01 23:18:13.463 | INFO     | __main__:convert_model:118 - Skipping layer4.2.bn3.weight ...
2021-12-01 23:18:13.464 | INFO     | __main__:convert_model:118 - Skipping layer4.2.bn3.bias ...
2021-12-01 23:18:13.464 | INFO     | __main__:convert_model:132 - Converting fc.weight ...
2021-12-01 23:18:13.999 | INFO     | __main__:convert_model:132 - Converting fc.bias ...
2021-12-01 23:18:14.035 | INFO     | __main__:main_worker:247 - Train Dir: data/imagenette2/train | Val Dir: data/imagenette2/val
2021-12-01 23:18:14.076 | INFO     | __main__:main_worker:272 - args.evaluate=True: Doing evaluation once, and exit
2021-12-01 23:18:15.016 | INFO     | __main__:display:449 - Test: [  0/123]	Time  0.939 ( 0.939)	Loss 3.4278e-01 (3.4278e-01)	Acc@1  90.62 ( 90.62)	Acc@5  93.75 ( 93.75)
2021-12-01 23:18:15.524 | INFO     | __main__:display:449 - Test: [ 10/123]	Time  0.167 ( 0.132)	Loss 8.3871e-01 (4.1049e-01)	Acc@1  84.38 ( 88.92)	Acc@5  93.75 ( 97.73)
2021-12-01 23:18:15.941 | INFO     | __main__:display:449 - Test: [ 20/123]	Time  0.038 ( 0.089)	Loss 4.8584e-01 (4.0833e-01)	Acc@1  84.38 ( 88.24)	Acc@5 100.00 ( 98.36)
2021-12-01 23:18:16.330 | INFO     | __main__:display:449 - Test: [ 30/123]	Time  0.038 ( 0.073)	Loss 6.5590e-01 (4.1174e-01)	Acc@1  81.25 ( 88.00)	Acc@5  96.88 ( 98.39)
2021-12-01 23:18:16.706 | INFO     | __main__:display:449 - Test: [ 40/123]	Time  0.038 ( 0.064)	Loss 1.0209e+00 (4.6678e-01)	Acc@1  62.50 ( 85.90)	Acc@5 100.00 ( 98.55)
2021-12-01 23:18:17.109 | INFO     | __main__:display:449 - Test: [ 50/123]	Time  0.038 ( 0.059)	Loss 4.3070e-01 (4.9222e-01)	Acc@1  90.62 ( 84.87)	Acc@5  96.88 ( 98.65)
2021-12-01 23:18:17.615 | INFO     | __main__:display:449 - Test: [ 60/123]	Time  0.038 ( 0.058)	Loss 5.7685e-01 (4.4969e-01)	Acc@1  87.50 ( 86.37)	Acc@5  96.88 ( 98.67)
2021-12-01 23:18:18.072 | INFO     | __main__:display:449 - Test: [ 70/123]	Time  0.042 ( 0.056)	Loss 3.6480e-01 (4.7488e-01)	Acc@1  93.75 ( 85.70)	Acc@5 100.00 ( 98.68)
2021-12-01 23:18:18.659 | INFO     | __main__:display:449 - Test: [ 80/123]	Time  0.038 ( 0.057)	Loss 7.9767e-01 (4.7275e-01)	Acc@1  81.25 ( 85.76)	Acc@5  96.88 ( 98.69)
2021-12-01 23:18:19.142 | INFO     | __main__:display:449 - Test: [ 90/123]	Time  0.038 ( 0.056)	Loss 3.2267e-01 (4.7998e-01)	Acc@1  90.62 ( 85.54)	Acc@5 100.00 ( 98.73)
2021-12-01 23:18:19.718 | INFO     | __main__:display:449 - Test: [100/123]	Time  0.037 ( 0.056)	Loss 2.1962e-01 (4.9576e-01)	Acc@1  90.62 ( 84.78)	Acc@5 100.00 ( 98.76)
2021-12-01 23:18:20.107 | INFO     | __main__:display:449 - Test: [110/123]	Time  0.038 ( 0.054)	Loss 3.0684e-01 (4.8224e-01)	Acc@1  90.62 ( 85.05)	Acc@5 100.00 ( 98.79)
2021-12-01 23:18:20.613 | INFO     | __main__:display:449 - Test: [120/123]	Time  0.037 ( 0.054)	Loss 4.6696e-01 (4.7900e-01)	Acc@1  84.38 ( 85.20)	Acc@5  96.88 ( 98.71)
2021-12-01 23:18:20.931 | INFO     | __main__:display_summary:454 -  *   Acc@1 85.172 Acc@5 98.650
