2021-12-04 15:38:35.781 | INFO     | __main__:main:159 - Log into log/resnet18:non-pretrained:smtfp-train:group_size=2:batch_size=256/2021-12-04-15:38:35.log
2021-12-04 15:38:35.782 | INFO     | __main__:logger_args:80 - 
data      	data/imagenette2
arch      	resnet18
replace_fc	torch.nn.Linear(512, 10)
change_model_weights	None
change_model_weights_during_training	zero_mantissa_to_closest_exponent
model_weights_group_size	2
workers   	4
epochs    	90
start_epoch	0
batch_size	256
lr        	0.1
momentum  	0.9
weight_decay	0.0001
print_freq	10
resume    	
evaluate  	False
pretrained	False
seed      	None
gpu       	1
model_dir 	model/resnet18:non-pretrained:smtfp-train:group_size=2:batch_size=256
log_dir   	log/resnet18:non-pretrained:smtfp-train:group_size=2:batch_size=256
tensorboard	True

2021-12-04 15:38:35.782 | WARNING  | __main__:main:178 - You have chosen a specific GPU. This will completely disable data parallelism.
2021-12-04 15:38:35.783 | INFO     | __main__:main_worker:192 - Use GPU: 1 for training
2021-12-04 15:38:35.783 | INFO     | __main__:main_worker:199 - Creating model 'resnet18'
2021-12-04 15:38:35.903 | WARNING  | __main__:main_worker:203 - Replacing model's last FC layer by torch.nn.Linear(512, 10)
2021-12-04 15:38:35.904 | INFO     | __main__:main_worker:205 - 
ResNet(
  (conv1): Conv2d(3, 64, kernel_size=(7, 7), stride=(2, 2), padding=(3, 3), bias=False)
  (bn1): BatchNorm2d(64, eps=1e-05, momentum=0.1, affine=True, track_running_stats=True)
  (relu): ReLU(inplace=True)
  (maxpool): MaxPool2d(kernel_size=3, stride=2, padding=1, dilation=1, ceil_mode=False)
  (layer1): Sequential(
    (0): BasicBlock(
      (conv1): Conv2d(64, 64, kernel_size=(3, 3), stride=(1, 1), padding=(1, 1), bias=False)
      (bn1): BatchNorm2d(64, eps=1e-05, momentum=0.1, affine=True, track_running_stats=True)
      (relu): ReLU(inplace=True)
      (conv2): Conv2d(64, 64, kernel_size=(3, 3), stride=(1, 1), padding=(1, 1), bias=False)
      (bn2): BatchNorm2d(64, eps=1e-05, momentum=0.1, affine=True, track_running_stats=True)
    )
    (1): BasicBlock(
      (conv1): Conv2d(64, 64, kernel_size=(3, 3), stride=(1, 1), padding=(1, 1), bias=False)
      (bn1): BatchNorm2d(64, eps=1e-05, momentum=0.1, affine=True, track_running_stats=True)
      (relu): ReLU(inplace=True)
      (conv2): Conv2d(64, 64, kernel_size=(3, 3), stride=(1, 1), padding=(1, 1), bias=False)
      (bn2): BatchNorm2d(64, eps=1e-05, momentum=0.1, affine=True, track_running_stats=True)
    )
  )
  (layer2): Sequential(
    (0): BasicBlock(
      (conv1): Conv2d(64, 128, kernel_size=(3, 3), stride=(2, 2), padding=(1, 1), bias=False)
      (bn1): BatchNorm2d(128, eps=1e-05, momentum=0.1, affine=True, track_running_stats=True)
      (relu): ReLU(inplace=True)
      (conv2): Conv2d(128, 128, kernel_size=(3, 3), stride=(1, 1), padding=(1, 1), bias=False)
      (bn2): BatchNorm2d(128, eps=1e-05, momentum=0.1, affine=True, track_running_stats=True)
      (downsample): Sequential(
        (0): Conv2d(64, 128, kernel_size=(1, 1), stride=(2, 2), bias=False)
        (1): BatchNorm2d(128, eps=1e-05, momentum=0.1, affine=True, track_running_stats=True)
      )
    )
    (1): BasicBlock(
      (conv1): Conv2d(128, 128, kernel_size=(3, 3), stride=(1, 1), padding=(1, 1), bias=False)
      (bn1): BatchNorm2d(128, eps=1e-05, momentum=0.1, affine=True, track_running_stats=True)
      (relu): ReLU(inplace=True)
      (conv2): Conv2d(128, 128, kernel_size=(3, 3), stride=(1, 1), padding=(1, 1), bias=False)
      (bn2): BatchNorm2d(128, eps=1e-05, momentum=0.1, affine=True, track_running_stats=True)
    )
  )
  (layer3): Sequential(
    (0): BasicBlock(
      (conv1): Conv2d(128, 256, kernel_size=(3, 3), stride=(2, 2), padding=(1, 1), bias=False)
      (bn1): BatchNorm2d(256, eps=1e-05, momentum=0.1, affine=True, track_running_stats=True)
      (relu): ReLU(inplace=True)
      (conv2): Conv2d(256, 256, kernel_size=(3, 3), stride=(1, 1), padding=(1, 1), bias=False)
      (bn2): BatchNorm2d(256, eps=1e-05, momentum=0.1, affine=True, track_running_stats=True)
      (downsample): Sequential(
        (0): Conv2d(128, 256, kernel_size=(1, 1), stride=(2, 2), bias=False)
        (1): BatchNorm2d(256, eps=1e-05, momentum=0.1, affine=True, track_running_stats=True)
      )
    )
    (1): BasicBlock(
      (conv1): Conv2d(256, 256, kernel_size=(3, 3), stride=(1, 1), padding=(1, 1), bias=False)
      (bn1): BatchNorm2d(256, eps=1e-05, momentum=0.1, affine=True, track_running_stats=True)
      (relu): ReLU(inplace=True)
      (conv2): Conv2d(256, 256, kernel_size=(3, 3), stride=(1, 1), padding=(1, 1), bias=False)
      (bn2): BatchNorm2d(256, eps=1e-05, momentum=0.1, affine=True, track_running_stats=True)
    )
  )
  (layer4): Sequential(
    (0): BasicBlock(
      (conv1): Conv2d(256, 512, kernel_size=(3, 3), stride=(2, 2), padding=(1, 1), bias=False)
      (bn1): BatchNorm2d(512, eps=1e-05, momentum=0.1, affine=True, track_running_stats=True)
      (relu): ReLU(inplace=True)
      (conv2): Conv2d(512, 512, kernel_size=(3, 3), stride=(1, 1), padding=(1, 1), bias=False)
      (bn2): BatchNorm2d(512, eps=1e-05, momentum=0.1, affine=True, track_running_stats=True)
      (downsample): Sequential(
        (0): Conv2d(256, 512, kernel_size=(1, 1), stride=(2, 2), bias=False)
        (1): BatchNorm2d(512, eps=1e-05, momentum=0.1, affine=True, track_running_stats=True)
      )
    )
    (1): BasicBlock(
      (conv1): Conv2d(512, 512, kernel_size=(3, 3), stride=(1, 1), padding=(1, 1), bias=False)
      (bn1): BatchNorm2d(512, eps=1e-05, momentum=0.1, affine=True, track_running_stats=True)
      (relu): ReLU(inplace=True)
      (conv2): Conv2d(512, 512, kernel_size=(3, 3), stride=(1, 1), padding=(1, 1), bias=False)
      (bn2): BatchNorm2d(512, eps=1e-05, momentum=0.1, affine=True, track_running_stats=True)
    )
  )
  (avgpool): AdaptiveAvgPool2d(output_size=(1, 1))
  (fc): Linear(in_features=512, out_features=10, bias=True)
)
2021-12-04 15:38:37.433 | INFO     | __main__:main_worker:265 - Train Dir: data/imagenette2/train | Val Dir: data/imagenette2/val
2021-12-04 15:38:41.194 | WARNING  | __main__:train:369 - Changing model's weights during training according to 'zero_mantissa_to_closest_exponent' with group size: 2
2021-12-04 15:42:25.504 | INFO     | __main__:display:482 - Epoch: [0][ 0/37]	Time  3.729 ( 3.729)	Data  1.354 ( 1.354)	Loss 2.4062e+00 (2.4062e+00)	Acc@1  11.72 ( 11.72)	Acc@5  50.39 ( 50.39)
2021-12-04 15:42:25.659 | WARNING  | __main__:train:369 - Changing model's weights during training according to 'zero_mantissa_to_closest_exponent' with group size: 2
2021-12-04 15:46:08.127 | WARNING  | __main__:train:369 - Changing model's weights during training according to 'zero_mantissa_to_closest_exponent' with group size: 2
2021-12-04 15:49:50.385 | WARNING  | __main__:train:369 - Changing model's weights during training according to 'zero_mantissa_to_closest_exponent' with group size: 2
2021-12-04 15:53:37.253 | WARNING  | __main__:train:369 - Changing model's weights during training according to 'zero_mantissa_to_closest_exponent' with group size: 2
2021-12-04 15:57:27.443 | WARNING  | __main__:train:369 - Changing model's weights during training according to 'zero_mantissa_to_closest_exponent' with group size: 2
2021-12-04 16:01:12.874 | WARNING  | __main__:train:369 - Changing model's weights during training according to 'zero_mantissa_to_closest_exponent' with group size: 2
2021-12-04 16:05:00.030 | WARNING  | __main__:train:369 - Changing model's weights during training according to 'zero_mantissa_to_closest_exponent' with group size: 2
2021-12-04 16:08:46.186 | WARNING  | __main__:train:369 - Changing model's weights during training according to 'zero_mantissa_to_closest_exponent' with group size: 2
2021-12-04 16:12:33.604 | WARNING  | __main__:train:369 - Changing model's weights during training according to 'zero_mantissa_to_closest_exponent' with group size: 2
2021-12-04 16:16:19.965 | WARNING  | __main__:train:369 - Changing model's weights during training according to 'zero_mantissa_to_closest_exponent' with group size: 2
2021-12-04 16:20:07.507 | INFO     | __main__:display:482 - Epoch: [0][10/37]	Time 226.361 (205.682)	Data 226.207 (205.327)	Loss 4.0976e+00 (4.3722e+00)	Acc@1   9.38 ( 10.80)	Acc@5  55.08 ( 54.08)
2021-12-04 16:20:07.661 | WARNING  | __main__:train:369 - Changing model's weights during training according to 'zero_mantissa_to_closest_exponent' with group size: 2
2021-12-04 16:23:54.086 | WARNING  | __main__:train:369 - Changing model's weights during training according to 'zero_mantissa_to_closest_exponent' with group size: 2
2021-12-04 16:27:43.701 | WARNING  | __main__:train:369 - Changing model's weights during training according to 'zero_mantissa_to_closest_exponent' with group size: 2
2021-12-04 16:31:32.704 | WARNING  | __main__:train:369 - Changing model's weights during training according to 'zero_mantissa_to_closest_exponent' with group size: 2
2021-12-04 16:35:26.265 | WARNING  | __main__:train:369 - Changing model's weights during training according to 'zero_mantissa_to_closest_exponent' with group size: 2
2021-12-04 16:39:12.175 | WARNING  | __main__:train:369 - Changing model's weights during training according to 'zero_mantissa_to_closest_exponent' with group size: 2
2021-12-04 16:42:58.418 | WARNING  | __main__:train:369 - Changing model's weights during training according to 'zero_mantissa_to_closest_exponent' with group size: 2
2021-12-04 16:46:44.244 | WARNING  | __main__:train:369 - Changing model's weights during training according to 'zero_mantissa_to_closest_exponent' with group size: 2
2021-12-04 16:50:29.910 | WARNING  | __main__:train:369 - Changing model's weights during training according to 'zero_mantissa_to_closest_exponent' with group size: 2
2021-12-04 16:54:16.853 | WARNING  | __main__:train:369 - Changing model's weights during training according to 'zero_mantissa_to_closest_exponent' with group size: 2
2021-12-04 16:58:03.563 | INFO     | __main__:display:482 - Epoch: [0][20/37]	Time 226.942 (216.161)	Data 226.789 (215.902)	Loss 2.5348e+00 (4.2552e+00)	Acc@1  10.55 ( 10.75)	Acc@5  51.17 ( 52.99)
2021-12-04 16:58:03.717 | WARNING  | __main__:train:369 - Changing model's weights during training according to 'zero_mantissa_to_closest_exponent' with group size: 2
2021-12-04 17:01:50.518 | WARNING  | __main__:train:369 - Changing model's weights during training according to 'zero_mantissa_to_closest_exponent' with group size: 2
2021-12-04 17:05:36.219 | WARNING  | __main__:train:369 - Changing model's weights during training according to 'zero_mantissa_to_closest_exponent' with group size: 2
2021-12-04 17:09:23.031 | WARNING  | __main__:train:369 - Changing model's weights during training according to 'zero_mantissa_to_closest_exponent' with group size: 2
2021-12-04 17:13:09.278 | WARNING  | __main__:train:369 - Changing model's weights during training according to 'zero_mantissa_to_closest_exponent' with group size: 2
2021-12-04 17:17:02.966 | WARNING  | __main__:train:369 - Changing model's weights during training according to 'zero_mantissa_to_closest_exponent' with group size: 2
2021-12-04 17:20:49.044 | WARNING  | __main__:train:369 - Changing model's weights during training according to 'zero_mantissa_to_closest_exponent' with group size: 2
2021-12-04 17:24:36.666 | WARNING  | __main__:train:369 - Changing model's weights during training according to 'zero_mantissa_to_closest_exponent' with group size: 2
2021-12-04 17:28:23.417 | WARNING  | __main__:train:369 - Changing model's weights during training according to 'zero_mantissa_to_closest_exponent' with group size: 2
2021-12-04 17:32:09.975 | WARNING  | __main__:train:369 - Changing model's weights during training according to 'zero_mantissa_to_closest_exponent' with group size: 2
2021-12-04 17:35:55.371 | INFO     | __main__:display:482 - Epoch: [0][30/37]	Time 226.558 (219.758)	Data 226.404 (219.534)	Loss 2.4469e+00 (3.7304e+00)	Acc@1  18.36 ( 11.35)	Acc@5  62.50 ( 53.53)
2021-12-04 17:35:55.524 | WARNING  | __main__:train:369 - Changing model's weights during training according to 'zero_mantissa_to_closest_exponent' with group size: 2
2021-12-04 17:39:42.069 | WARNING  | __main__:train:369 - Changing model's weights during training according to 'zero_mantissa_to_closest_exponent' with group size: 2
2021-12-04 17:43:29.169 | WARNING  | __main__:train:369 - Changing model's weights during training according to 'zero_mantissa_to_closest_exponent' with group size: 2
2021-12-04 17:47:13.833 | WARNING  | __main__:train:369 - Changing model's weights during training according to 'zero_mantissa_to_closest_exponent' with group size: 2
2021-12-04 17:50:59.794 | WARNING  | __main__:train:369 - Changing model's weights during training according to 'zero_mantissa_to_closest_exponent' with group size: 2
2021-12-04 17:54:46.823 | WARNING  | __main__:train:369 - Changing model's weights during training according to 'zero_mantissa_to_closest_exponent' with group size: 2
2021-12-04 17:58:37.680 | INFO     | __main__:display:482 - Test: [ 0/16]	Time  4.611 ( 4.611)	Loss 2.9552e+00 (2.9552e+00)	Acc@1   0.00 (  0.00)	Acc@5  31.64 ( 31.64)
2021-12-04 17:58:45.344 | INFO     | __main__:display:482 - Test: [10/16]	Time  0.159 ( 1.116)	Loss 2.4593e+00 (2.4696e+00)	Acc@1  15.62 (  3.48)	Acc@5  55.47 ( 57.53)
2021-12-04 17:58:48.424 | INFO     | __main__:display_summary:487 -  *   Acc@1 13.656 Acc@5 59.975
2021-12-04 17:58:48.593 | INFO     | __main__:save_checkpoint:424 - Model @ epoch 1 is the best with acc1: 13.656050682067871
2021-12-04 17:58:51.016 | WARNING  | __main__:train:369 - Changing model's weights during training according to 'zero_mantissa_to_closest_exponent' with group size: 2
2021-12-04 18:02:35.230 | INFO     | __main__:display:482 - Epoch: [1][ 0/37]	Time  2.380 ( 2.380)	Data  2.240 ( 2.240)	Loss 2.5497e+00 (2.5497e+00)	Acc@1  16.41 ( 16.41)	Acc@5  64.06 ( 64.06)
2021-12-04 18:02:35.385 | WARNING  | __main__:train:369 - Changing model's weights during training according to 'zero_mantissa_to_closest_exponent' with group size: 2
2021-12-04 18:06:20.350 | WARNING  | __main__:train:369 - Changing model's weights during training according to 'zero_mantissa_to_closest_exponent' with group size: 2
2021-12-04 18:10:06.093 | WARNING  | __main__:train:369 - Changing model's weights during training according to 'zero_mantissa_to_closest_exponent' with group size: 2
2021-12-04 18:13:51.980 | WARNING  | __main__:train:369 - Changing model's weights during training according to 'zero_mantissa_to_closest_exponent' with group size: 2
2021-12-04 18:17:42.673 | WARNING  | __main__:train:369 - Changing model's weights during training according to 'zero_mantissa_to_closest_exponent' with group size: 2
2021-12-04 18:21:31.466 | WARNING  | __main__:train:369 - Changing model's weights during training according to 'zero_mantissa_to_closest_exponent' with group size: 2
2021-12-04 18:25:16.858 | WARNING  | __main__:train:369 - Changing model's weights during training according to 'zero_mantissa_to_closest_exponent' with group size: 2
2021-12-04 18:29:01.903 | WARNING  | __main__:train:369 - Changing model's weights during training according to 'zero_mantissa_to_closest_exponent' with group size: 2
2021-12-04 18:32:47.629 | WARNING  | __main__:train:369 - Changing model's weights during training according to 'zero_mantissa_to_closest_exponent' with group size: 2
2021-12-04 18:36:32.862 | WARNING  | __main__:train:369 - Changing model's weights during training according to 'zero_mantissa_to_closest_exponent' with group size: 2
2021-12-04 18:40:17.759 | INFO     | __main__:display:482 - Epoch: [1][10/37]	Time 225.232 (205.839)	Data 225.078 (205.686)	Loss 2.1837e+00 (2.2659e+00)	Acc@1  23.83 ( 19.21)	Acc@5  73.83 ( 64.74)
2021-12-04 18:40:17.914 | WARNING  | __main__:train:369 - Changing model's weights during training according to 'zero_mantissa_to_closest_exponent' with group size: 2
2021-12-04 18:44:03.370 | WARNING  | __main__:train:369 - Changing model's weights during training according to 'zero_mantissa_to_closest_exponent' with group size: 2
2021-12-04 18:47:49.739 | WARNING  | __main__:train:369 - Changing model's weights during training according to 'zero_mantissa_to_closest_exponent' with group size: 2
2021-12-04 18:51:35.910 | WARNING  | __main__:train:369 - Changing model's weights during training according to 'zero_mantissa_to_closest_exponent' with group size: 2
2021-12-04 18:55:21.075 | WARNING  | __main__:train:369 - Changing model's weights during training according to 'zero_mantissa_to_closest_exponent' with group size: 2
2021-12-04 18:59:15.203 | WARNING  | __main__:train:369 - Changing model's weights during training according to 'zero_mantissa_to_closest_exponent' with group size: 2
2021-12-04 19:03:01.603 | WARNING  | __main__:train:369 - Changing model's weights during training according to 'zero_mantissa_to_closest_exponent' with group size: 2
2021-12-04 19:06:47.544 | WARNING  | __main__:train:369 - Changing model's weights during training according to 'zero_mantissa_to_closest_exponent' with group size: 2
2021-12-04 19:10:33.299 | WARNING  | __main__:train:369 - Changing model's weights during training according to 'zero_mantissa_to_closest_exponent' with group size: 2
2021-12-04 19:14:19.046 | WARNING  | __main__:train:369 - Changing model's weights during training according to 'zero_mantissa_to_closest_exponent' with group size: 2
2021-12-04 19:18:05.590 | INFO     | __main__:display:482 - Epoch: [1][20/37]	Time 225.748 (215.734)	Data 225.595 (215.581)	Loss 2.1224e+00 (2.2108e+00)	Acc@1  26.95 ( 21.21)	Acc@5  75.00 ( 68.17)
2021-12-04 19:18:05.744 | WARNING  | __main__:train:369 - Changing model's weights during training according to 'zero_mantissa_to_closest_exponent' with group size: 2
2021-12-04 19:21:49.159 | WARNING  | __main__:train:369 - Changing model's weights during training according to 'zero_mantissa_to_closest_exponent' with group size: 2
2021-12-04 19:25:34.711 | WARNING  | __main__:train:369 - Changing model's weights during training according to 'zero_mantissa_to_closest_exponent' with group size: 2
2021-12-04 19:29:23.596 | WARNING  | __main__:train:369 - Changing model's weights during training according to 'zero_mantissa_to_closest_exponent' with group size: 2
2021-12-04 19:33:13.556 | WARNING  | __main__:train:369 - Changing model's weights during training according to 'zero_mantissa_to_closest_exponent' with group size: 2
2021-12-04 19:37:04.030 | WARNING  | __main__:train:369 - Changing model's weights during training according to 'zero_mantissa_to_closest_exponent' with group size: 2
2021-12-04 19:40:56.805 | WARNING  | __main__:train:369 - Changing model's weights during training according to 'zero_mantissa_to_closest_exponent' with group size: 2
2021-12-04 19:44:47.761 | WARNING  | __main__:train:369 - Changing model's weights during training according to 'zero_mantissa_to_closest_exponent' with group size: 2
2021-12-04 19:48:39.784 | WARNING  | __main__:train:369 - Changing model's weights during training according to 'zero_mantissa_to_closest_exponent' with group size: 2
2021-12-04 19:52:31.978 | WARNING  | __main__:train:369 - Changing model's weights during training according to 'zero_mantissa_to_closest_exponent' with group size: 2
2021-12-04 19:56:22.976 | INFO     | __main__:display:482 - Epoch: [1][30/37]	Time 232.194 (220.108)	Data 232.040 (219.955)	Loss 2.0941e+00 (2.1751e+00)	Acc@1  24.22 ( 22.77)	Acc@5  74.61 ( 69.54)
2021-12-04 19:56:23.130 | WARNING  | __main__:train:369 - Changing model's weights during training according to 'zero_mantissa_to_closest_exponent' with group size: 2
2021-12-04 20:00:15.110 | WARNING  | __main__:train:369 - Changing model's weights during training according to 'zero_mantissa_to_closest_exponent' with group size: 2
2021-12-04 20:04:06.557 | WARNING  | __main__:train:369 - Changing model's weights during training according to 'zero_mantissa_to_closest_exponent' with group size: 2
2021-12-04 20:07:57.549 | WARNING  | __main__:train:369 - Changing model's weights during training according to 'zero_mantissa_to_closest_exponent' with group size: 2
2021-12-04 20:11:47.859 | WARNING  | __main__:train:369 - Changing model's weights during training according to 'zero_mantissa_to_closest_exponent' with group size: 2
2021-12-04 20:15:34.904 | WARNING  | __main__:train:369 - Changing model's weights during training according to 'zero_mantissa_to_closest_exponent' with group size: 2
2021-12-04 20:19:21.429 | INFO     | __main__:display:482 - Test: [ 0/16]	Time  1.691 ( 1.691)	Loss 1.7965e+00 (1.7965e+00)	Acc@1  62.11 ( 62.11)	Acc@5  85.16 ( 85.16)
2021-12-04 20:19:24.712 | INFO     | __main__:display:482 - Test: [10/16]	Time  0.170 ( 0.452)	Loss 2.2162e+00 (2.0803e+00)	Acc@1  21.09 ( 22.05)	Acc@5  74.61 ( 74.04)
2021-12-04 20:19:26.093 | INFO     | __main__:display_summary:487 -  *   Acc@1 26.573 Acc@5 74.395
2021-12-04 20:19:26.279 | INFO     | __main__:save_checkpoint:424 - Model @ epoch 2 is the best with acc1: 26.5732479095459
2021-12-04 20:19:28.339 | WARNING  | __main__:train:369 - Changing model's weights during training according to 'zero_mantissa_to_closest_exponent' with group size: 2
2021-12-04 20:23:15.831 | INFO     | __main__:display:482 - Epoch: [2][ 0/37]	Time  1.721 ( 1.721)	Data  1.582 ( 1.582)	Loss 1.9910e+00 (1.9910e+00)	Acc@1  30.47 ( 30.47)	Acc@5  78.52 ( 78.52)
2021-12-04 20:23:15.984 | WARNING  | __main__:train:369 - Changing model's weights during training according to 'zero_mantissa_to_closest_exponent' with group size: 2
2021-12-04 20:27:06.987 | WARNING  | __main__:train:369 - Changing model's weights during training according to 'zero_mantissa_to_closest_exponent' with group size: 2
2021-12-04 20:30:55.178 | WARNING  | __main__:train:369 - Changing model's weights during training according to 'zero_mantissa_to_closest_exponent' with group size: 2
2021-12-04 20:34:43.973 | WARNING  | __main__:train:369 - Changing model's weights during training according to 'zero_mantissa_to_closest_exponent' with group size: 2
2021-12-04 20:38:33.366 | WARNING  | __main__:train:369 - Changing model's weights during training according to 'zero_mantissa_to_closest_exponent' with group size: 2
2021-12-04 20:42:21.691 | WARNING  | __main__:train:369 - Changing model's weights during training according to 'zero_mantissa_to_closest_exponent' with group size: 2
2021-12-04 20:46:10.955 | WARNING  | __main__:train:369 - Changing model's weights during training according to 'zero_mantissa_to_closest_exponent' with group size: 2
2021-12-04 20:50:01.597 | WARNING  | __main__:train:369 - Changing model's weights during training according to 'zero_mantissa_to_closest_exponent' with group size: 2
2021-12-04 20:53:49.277 | WARNING  | __main__:train:369 - Changing model's weights during training according to 'zero_mantissa_to_closest_exponent' with group size: 2
2021-12-04 20:57:36.334 | WARNING  | __main__:train:369 - Changing model's weights during training according to 'zero_mantissa_to_closest_exponent' with group size: 2
2021-12-04 21:01:22.704 | INFO     | __main__:display:482 - Epoch: [2][10/37]	Time 227.057 (208.156)	Data 226.903 (208.005)	Loss 1.9967e+00 (2.0430e+00)	Acc@1  29.30 ( 28.59)	Acc@5  82.03 ( 75.57)
2021-12-04 21:01:22.858 | WARNING  | __main__:train:369 - Changing model's weights during training according to 'zero_mantissa_to_closest_exponent' with group size: 2
2021-12-04 21:05:11.679 | WARNING  | __main__:train:369 - Changing model's weights during training according to 'zero_mantissa_to_closest_exponent' with group size: 2
2021-12-04 21:09:00.725 | WARNING  | __main__:train:369 - Changing model's weights during training according to 'zero_mantissa_to_closest_exponent' with group size: 2
2021-12-04 21:12:49.985 | WARNING  | __main__:train:369 - Changing model's weights during training according to 'zero_mantissa_to_closest_exponent' with group size: 2
2021-12-04 21:16:38.347 | WARNING  | __main__:train:369 - Changing model's weights during training according to 'zero_mantissa_to_closest_exponent' with group size: 2
2021-12-04 21:20:29.082 | WARNING  | __main__:train:369 - Changing model's weights during training according to 'zero_mantissa_to_closest_exponent' with group size: 2
2021-12-04 21:24:17.524 | WARNING  | __main__:train:369 - Changing model's weights during training according to 'zero_mantissa_to_closest_exponent' with group size: 2
2021-12-04 21:28:06.551 | WARNING  | __main__:train:369 - Changing model's weights during training according to 'zero_mantissa_to_closest_exponent' with group size: 2
2021-12-04 21:31:57.190 | WARNING  | __main__:train:369 - Changing model's weights during training according to 'zero_mantissa_to_closest_exponent' with group size: 2
2021-12-04 21:35:46.118 | WARNING  | __main__:train:369 - Changing model's weights during training according to 'zero_mantissa_to_closest_exponent' with group size: 2
2021-12-04 21:39:33.277 | INFO     | __main__:display:482 - Epoch: [2][20/37]	Time 228.927 (218.071)	Data 228.773 (217.919)	Loss 1.9356e+00 (2.0316e+00)	Acc@1  31.25 ( 27.72)	Acc@5  79.69 ( 75.45)
2021-12-04 21:39:33.431 | WARNING  | __main__:train:369 - Changing model's weights during training according to 'zero_mantissa_to_closest_exponent' with group size: 2
2021-12-04 21:43:19.438 | WARNING  | __main__:train:369 - Changing model's weights during training according to 'zero_mantissa_to_closest_exponent' with group size: 2
2021-12-04 21:47:08.270 | WARNING  | __main__:train:369 - Changing model's weights during training according to 'zero_mantissa_to_closest_exponent' with group size: 2
2021-12-04 21:50:55.238 | WARNING  | __main__:train:369 - Changing model's weights during training according to 'zero_mantissa_to_closest_exponent' with group size: 2
2021-12-04 21:54:44.172 | WARNING  | __main__:train:369 - Changing model's weights during training according to 'zero_mantissa_to_closest_exponent' with group size: 2
2021-12-04 21:58:32.680 | WARNING  | __main__:train:369 - Changing model's weights during training according to 'zero_mantissa_to_closest_exponent' with group size: 2
2021-12-04 22:02:22.074 | WARNING  | __main__:train:369 - Changing model's weights during training according to 'zero_mantissa_to_closest_exponent' with group size: 2
2021-12-04 22:06:12.033 | WARNING  | __main__:train:369 - Changing model's weights during training according to 'zero_mantissa_to_closest_exponent' with group size: 2
2021-12-04 22:10:02.542 | WARNING  | __main__:train:369 - Changing model's weights during training according to 'zero_mantissa_to_closest_exponent' with group size: 2
2021-12-04 22:13:52.870 | WARNING  | __main__:train:369 - Changing model's weights during training according to 'zero_mantissa_to_closest_exponent' with group size: 2
2021-12-04 22:17:37.357 | INFO     | __main__:display:482 - Epoch: [2][30/37]	Time 230.328 (221.492)	Data 230.179 (221.340)	Loss 2.0672e+00 (2.0270e+00)	Acc@1  28.52 ( 27.94)	Acc@5  73.83 ( 75.43)
2021-12-04 22:17:37.509 | WARNING  | __main__:train:369 - Changing model's weights during training according to 'zero_mantissa_to_closest_exponent' with group size: 2
2021-12-04 22:21:25.241 | WARNING  | __main__:train:369 - Changing model's weights during training according to 'zero_mantissa_to_closest_exponent' with group size: 2
2021-12-04 22:25:20.930 | WARNING  | __main__:train:369 - Changing model's weights during training according to 'zero_mantissa_to_closest_exponent' with group size: 2
2021-12-04 22:29:20.029 | WARNING  | __main__:train:369 - Changing model's weights during training according to 'zero_mantissa_to_closest_exponent' with group size: 2
2021-12-04 22:33:18.227 | WARNING  | __main__:train:369 - Changing model's weights during training according to 'zero_mantissa_to_closest_exponent' with group size: 2
2021-12-04 22:37:16.416 | WARNING  | __main__:train:369 - Changing model's weights during training according to 'zero_mantissa_to_closest_exponent' with group size: 2
2021-12-04 22:41:18.230 | INFO     | __main__:display:482 - Test: [ 0/16]	Time  1.721 ( 1.721)	Loss 1.7872e+00 (1.7872e+00)	Acc@1  62.50 ( 62.50)	Acc@5  82.81 ( 82.81)
2021-12-04 22:41:21.527 | INFO     | __main__:display:482 - Test: [10/16]	Time  0.123 ( 0.456)	Loss 1.9721e+00 (1.9479e+00)	Acc@1  39.45 ( 29.97)	Acc@5  79.30 ( 81.96)
2021-12-04 22:41:22.956 | INFO     | __main__:display_summary:487 -  *   Acc@1 31.873 Acc@5 79.975
2021-12-04 22:41:23.132 | INFO     | __main__:save_checkpoint:424 - Model @ epoch 3 is the best with acc1: 31.872610092163086
2021-12-04 22:41:24.922 | WARNING  | __main__:train:369 - Changing model's weights during training according to 'zero_mantissa_to_closest_exponent' with group size: 2
2021-12-04 22:45:12.620 | INFO     | __main__:display:482 - Epoch: [3][ 0/37]	Time  1.461 ( 1.461)	Data  1.319 ( 1.319)	Loss 1.9621e+00 (1.9621e+00)	Acc@1  30.47 ( 30.47)	Acc@5  76.17 ( 76.17)
2021-12-04 22:45:12.774 | WARNING  | __main__:train:369 - Changing model's weights during training according to 'zero_mantissa_to_closest_exponent' with group size: 2
2021-12-04 22:48:57.547 | WARNING  | __main__:train:369 - Changing model's weights during training according to 'zero_mantissa_to_closest_exponent' with group size: 2
2021-12-04 22:52:46.465 | WARNING  | __main__:train:369 - Changing model's weights during training according to 'zero_mantissa_to_closest_exponent' with group size: 2
2021-12-04 22:56:35.881 | WARNING  | __main__:train:369 - Changing model's weights during training according to 'zero_mantissa_to_closest_exponent' with group size: 2
2021-12-04 23:00:25.560 | WARNING  | __main__:train:369 - Changing model's weights during training according to 'zero_mantissa_to_closest_exponent' with group size: 2
2021-12-04 23:04:18.861 | WARNING  | __main__:train:369 - Changing model's weights during training according to 'zero_mantissa_to_closest_exponent' with group size: 2
2021-12-04 23:08:03.956 | WARNING  | __main__:train:369 - Changing model's weights during training according to 'zero_mantissa_to_closest_exponent' with group size: 2
2021-12-04 23:11:49.800 | WARNING  | __main__:train:369 - Changing model's weights during training according to 'zero_mantissa_to_closest_exponent' with group size: 2
2021-12-04 23:15:38.127 | WARNING  | __main__:train:369 - Changing model's weights during training according to 'zero_mantissa_to_closest_exponent' with group size: 2
2021-12-04 23:19:34.620 | WARNING  | __main__:train:369 - Changing model's weights during training according to 'zero_mantissa_to_closest_exponent' with group size: 2
2021-12-04 23:23:22.546 | INFO     | __main__:display:482 - Epoch: [3][10/37]	Time 236.493 (208.287)	Data 236.339 (208.135)	Loss 1.9373e+00 (1.9724e+00)	Acc@1  30.86 ( 30.01)	Acc@5  77.34 ( 78.80)
2021-12-04 23:23:22.699 | WARNING  | __main__:train:369 - Changing model's weights during training according to 'zero_mantissa_to_closest_exponent' with group size: 2
2021-12-04 23:27:10.654 | WARNING  | __main__:train:369 - Changing model's weights during training according to 'zero_mantissa_to_closest_exponent' with group size: 2
2021-12-04 23:31:01.615 | WARNING  | __main__:train:369 - Changing model's weights during training according to 'zero_mantissa_to_closest_exponent' with group size: 2
2021-12-04 23:34:52.602 | WARNING  | __main__:train:369 - Changing model's weights during training according to 'zero_mantissa_to_closest_exponent' with group size: 2
2021-12-04 23:38:44.771 | WARNING  | __main__:train:369 - Changing model's weights during training according to 'zero_mantissa_to_closest_exponent' with group size: 2
2021-12-04 23:42:36.012 | WARNING  | __main__:train:369 - Changing model's weights during training according to 'zero_mantissa_to_closest_exponent' with group size: 2
2021-12-04 23:46:21.427 | WARNING  | __main__:train:369 - Changing model's weights during training according to 'zero_mantissa_to_closest_exponent' with group size: 2
2021-12-04 23:50:06.986 | WARNING  | __main__:train:369 - Changing model's weights during training according to 'zero_mantissa_to_closest_exponent' with group size: 2
2021-12-04 23:53:53.886 | WARNING  | __main__:train:369 - Changing model's weights during training according to 'zero_mantissa_to_closest_exponent' with group size: 2
2021-12-04 23:57:41.451 | WARNING  | __main__:train:369 - Changing model's weights during training according to 'zero_mantissa_to_closest_exponent' with group size: 2
2021-12-05 00:01:29.175 | INFO     | __main__:display:482 - Epoch: [3][20/37]	Time 227.565 (217.999)	Data 227.414 (217.847)	Loss 1.8724e+00 (1.9432e+00)	Acc@1  37.11 ( 31.47)	Acc@5  81.25 ( 79.97)
2021-12-05 00:01:29.328 | WARNING  | __main__:train:369 - Changing model's weights during training according to 'zero_mantissa_to_closest_exponent' with group size: 2
2021-12-05 00:05:16.573 | WARNING  | __main__:train:369 - Changing model's weights during training according to 'zero_mantissa_to_closest_exponent' with group size: 2
2021-12-05 00:09:03.942 | WARNING  | __main__:train:369 - Changing model's weights during training according to 'zero_mantissa_to_closest_exponent' with group size: 2
2021-12-05 00:12:51.418 | WARNING  | __main__:train:369 - Changing model's weights during training according to 'zero_mantissa_to_closest_exponent' with group size: 2
2021-12-05 00:16:38.044 | WARNING  | __main__:train:369 - Changing model's weights during training according to 'zero_mantissa_to_closest_exponent' with group size: 2
2021-12-05 00:20:43.044 | WARNING  | __main__:train:369 - Changing model's weights during training according to 'zero_mantissa_to_closest_exponent' with group size: 2
2021-12-05 00:24:43.407 | WARNING  | __main__:train:369 - Changing model's weights during training according to 'zero_mantissa_to_closest_exponent' with group size: 2
2021-12-05 00:28:30.386 | WARNING  | __main__:train:369 - Changing model's weights during training according to 'zero_mantissa_to_closest_exponent' with group size: 2
2021-12-05 00:32:17.893 | WARNING  | __main__:train:369 - Changing model's weights during training according to 'zero_mantissa_to_closest_exponent' with group size: 2
2021-12-05 00:36:05.434 | WARNING  | __main__:train:369 - Changing model's weights during training according to 'zero_mantissa_to_closest_exponent' with group size: 2
2021-12-05 00:39:52.829 | INFO     | __main__:display:482 - Epoch: [3][30/37]	Time 227.540 (221.999)	Data 227.391 (221.847)	Loss 1.8445e+00 (1.9156e+00)	Acc@1  34.77 ( 32.70)	Acc@5  81.64 ( 80.42)
2021-12-05 00:39:52.985 | WARNING  | __main__:train:369 - Changing model's weights during training according to 'zero_mantissa_to_closest_exponent' with group size: 2
2021-12-05 00:43:40.041 | WARNING  | __main__:train:369 - Changing model's weights during training according to 'zero_mantissa_to_closest_exponent' with group size: 2
2021-12-05 00:48:01.689 | WARNING  | __main__:train:369 - Changing model's weights during training according to 'zero_mantissa_to_closest_exponent' with group size: 2
2021-12-05 00:52:14.360 | WARNING  | __main__:train:369 - Changing model's weights during training according to 'zero_mantissa_to_closest_exponent' with group size: 2
2021-12-05 00:56:04.649 | WARNING  | __main__:train:369 - Changing model's weights during training according to 'zero_mantissa_to_closest_exponent' with group size: 2
2021-12-05 00:59:58.679 | WARNING  | __main__:train:369 - Changing model's weights during training according to 'zero_mantissa_to_closest_exponent' with group size: 2
2021-12-05 01:03:53.887 | INFO     | __main__:display:482 - Test: [ 0/16]	Time  1.717 ( 1.717)	Loss 1.8114e+00 (1.8114e+00)	Acc@1  44.53 ( 44.53)	Acc@5  81.25 ( 81.25)
2021-12-05 01:03:57.292 | INFO     | __main__:display:482 - Test: [10/16]	Time  0.231 ( 0.466)	Loss 1.7619e+00 (1.8098e+00)	Acc@1  36.33 ( 37.00)	Acc@5  89.45 ( 85.72)
2021-12-05 01:03:58.729 | INFO     | __main__:display_summary:487 -  *   Acc@1 36.739 Acc@5 83.949
2021-12-05 01:03:58.891 | INFO     | __main__:save_checkpoint:424 - Model @ epoch 4 is the best with acc1: 36.73884963989258
2021-12-05 01:04:04.761 | WARNING  | __main__:train:369 - Changing model's weights during training according to 'zero_mantissa_to_closest_exponent' with group size: 2
2021-12-05 01:07:49.700 | INFO     | __main__:display:482 - Epoch: [4][ 0/37]	Time  5.439 ( 5.439)	Data  5.287 ( 5.287)	Loss 1.8281e+00 (1.8281e+00)	Acc@1  31.25 ( 31.25)	Acc@5  84.77 ( 84.77)
2021-12-05 01:07:49.856 | WARNING  | __main__:train:369 - Changing model's weights during training according to 'zero_mantissa_to_closest_exponent' with group size: 2
2021-12-05 01:11:34.390 | WARNING  | __main__:train:369 - Changing model's weights during training according to 'zero_mantissa_to_closest_exponent' with group size: 2
2021-12-05 01:15:19.957 | WARNING  | __main__:train:369 - Changing model's weights during training according to 'zero_mantissa_to_closest_exponent' with group size: 2
2021-12-05 01:19:08.932 | WARNING  | __main__:train:369 - Changing model's weights during training according to 'zero_mantissa_to_closest_exponent' with group size: 2
2021-12-05 01:22:53.512 | WARNING  | __main__:train:369 - Changing model's weights during training according to 'zero_mantissa_to_closest_exponent' with group size: 2
2021-12-05 01:26:38.029 | WARNING  | __main__:train:369 - Changing model's weights during training according to 'zero_mantissa_to_closest_exponent' with group size: 2
2021-12-05 01:30:26.734 | WARNING  | __main__:train:369 - Changing model's weights during training according to 'zero_mantissa_to_closest_exponent' with group size: 2
2021-12-05 01:34:11.436 | WARNING  | __main__:train:369 - Changing model's weights during training according to 'zero_mantissa_to_closest_exponent' with group size: 2
2021-12-05 01:37:55.271 | WARNING  | __main__:train:369 - Changing model's weights during training according to 'zero_mantissa_to_closest_exponent' with group size: 2
2021-12-05 01:41:38.972 | WARNING  | __main__:train:369 - Changing model's weights during training according to 'zero_mantissa_to_closest_exponent' with group size: 2
2021-12-05 01:45:22.749 | INFO     | __main__:display:482 - Epoch: [4][10/37]	Time 223.701 (205.423)	Data 223.548 (205.269)	Loss 1.7032e+00 (1.8250e+00)	Acc@1  42.58 ( 36.68)	Acc@5  85.55 ( 82.07)
2021-12-05 01:45:22.899 | WARNING  | __main__:train:369 - Changing model's weights during training according to 'zero_mantissa_to_closest_exponent' with group size: 2
2021-12-05 01:49:09.410 | WARNING  | __main__:train:369 - Changing model's weights during training according to 'zero_mantissa_to_closest_exponent' with group size: 2
2021-12-05 01:52:53.296 | WARNING  | __main__:train:369 - Changing model's weights during training according to 'zero_mantissa_to_closest_exponent' with group size: 2
2021-12-05 01:56:36.323 | WARNING  | __main__:train:369 - Changing model's weights during training according to 'zero_mantissa_to_closest_exponent' with group size: 2
2021-12-05 02:00:20.922 | WARNING  | __main__:train:369 - Changing model's weights during training according to 'zero_mantissa_to_closest_exponent' with group size: 2
2021-12-05 02:04:04.662 | WARNING  | __main__:train:369 - Changing model's weights during training according to 'zero_mantissa_to_closest_exponent' with group size: 2
2021-12-05 02:07:48.723 | WARNING  | __main__:train:369 - Changing model's weights during training according to 'zero_mantissa_to_closest_exponent' with group size: 2
2021-12-05 02:11:32.741 | WARNING  | __main__:train:369 - Changing model's weights during training according to 'zero_mantissa_to_closest_exponent' with group size: 2
2021-12-05 02:15:18.045 | WARNING  | __main__:train:369 - Changing model's weights during training according to 'zero_mantissa_to_closest_exponent' with group size: 2
2021-12-05 02:19:02.597 | WARNING  | __main__:train:369 - Changing model's weights during training according to 'zero_mantissa_to_closest_exponent' with group size: 2
2021-12-05 02:22:46.796 | INFO     | __main__:display:482 - Epoch: [4][20/37]	Time 224.552 (214.442)	Data 224.400 (214.289)	Loss 1.6672e+00 (1.8176e+00)	Acc@1  46.09 ( 37.20)	Acc@5  86.72 ( 82.79)
2021-12-05 02:22:46.949 | WARNING  | __main__:train:369 - Changing model's weights during training according to 'zero_mantissa_to_closest_exponent' with group size: 2
2021-12-05 02:26:36.288 | WARNING  | __main__:train:369 - Changing model's weights during training according to 'zero_mantissa_to_closest_exponent' with group size: 2
2021-12-05 02:30:24.147 | WARNING  | __main__:train:369 - Changing model's weights during training according to 'zero_mantissa_to_closest_exponent' with group size: 2
2021-12-05 02:34:13.702 | WARNING  | __main__:train:369 - Changing model's weights during training according to 'zero_mantissa_to_closest_exponent' with group size: 2
2021-12-05 02:38:04.799 | WARNING  | __main__:train:369 - Changing model's weights during training according to 'zero_mantissa_to_closest_exponent' with group size: 2
2021-12-05 02:41:54.631 | WARNING  | __main__:train:369 - Changing model's weights during training according to 'zero_mantissa_to_closest_exponent' with group size: 2
2021-12-05 02:45:44.318 | WARNING  | __main__:train:369 - Changing model's weights during training according to 'zero_mantissa_to_closest_exponent' with group size: 2
2021-12-05 02:49:32.706 | WARNING  | __main__:train:369 - Changing model's weights during training according to 'zero_mantissa_to_closest_exponent' with group size: 2
2021-12-05 02:53:16.706 | WARNING  | __main__:train:369 - Changing model's weights during training according to 'zero_mantissa_to_closest_exponent' with group size: 2
2021-12-05 02:56:59.966 | WARNING  | __main__:train:369 - Changing model's weights during training according to 'zero_mantissa_to_closest_exponent' with group size: 2
2021-12-05 03:00:43.046 | INFO     | __main__:display:482 - Epoch: [4][30/37]	Time 223.260 (218.730)	Data 223.107 (218.578)	Loss 1.8151e+00 (1.8065e+00)	Acc@1  38.67 ( 37.49)	Acc@5  80.47 ( 82.89)
2021-12-05 03:00:43.199 | WARNING  | __main__:train:369 - Changing model's weights during training according to 'zero_mantissa_to_closest_exponent' with group size: 2
2021-12-05 03:04:27.417 | WARNING  | __main__:train:369 - Changing model's weights during training according to 'zero_mantissa_to_closest_exponent' with group size: 2
2021-12-05 03:08:11.000 | WARNING  | __main__:train:369 - Changing model's weights during training according to 'zero_mantissa_to_closest_exponent' with group size: 2
2021-12-05 03:11:54.857 | WARNING  | __main__:train:369 - Changing model's weights during training according to 'zero_mantissa_to_closest_exponent' with group size: 2
2021-12-05 03:15:39.265 | WARNING  | __main__:train:369 - Changing model's weights during training according to 'zero_mantissa_to_closest_exponent' with group size: 2
2021-12-05 03:19:23.187 | WARNING  | __main__:train:369 - Changing model's weights during training according to 'zero_mantissa_to_closest_exponent' with group size: 2
2021-12-05 03:23:10.285 | INFO     | __main__:display:482 - Test: [ 0/16]	Time  1.699 ( 1.699)	Loss 1.4545e+00 (1.4545e+00)	Acc@1  64.06 ( 64.06)	Acc@5  94.14 ( 94.14)
2021-12-05 03:23:13.563 | INFO     | __main__:display:482 - Test: [10/16]	Time  0.172 ( 0.452)	Loss 1.5323e+00 (1.7862e+00)	Acc@1  33.59 ( 36.72)	Acc@5  94.53 ( 84.30)
2021-12-05 03:23:14.965 | INFO     | __main__:display_summary:487 -  *   Acc@1 38.064 Acc@5 84.968
2021-12-05 03:23:15.163 | INFO     | __main__:save_checkpoint:424 - Model @ epoch 5 is the best with acc1: 38.06369400024414
2021-12-05 03:23:17.155 | WARNING  | __main__:train:369 - Changing model's weights during training according to 'zero_mantissa_to_closest_exponent' with group size: 2
2021-12-05 03:27:02.151 | INFO     | __main__:display:482 - Epoch: [5][ 0/37]	Time  1.640 ( 1.640)	Data  1.500 ( 1.500)	Loss 1.7343e+00 (1.7343e+00)	Acc@1  34.77 ( 34.77)	Acc@5  85.94 ( 85.94)
2021-12-05 03:27:02.303 | WARNING  | __main__:train:369 - Changing model's weights during training according to 'zero_mantissa_to_closest_exponent' with group size: 2
2021-12-05 03:30:46.318 | WARNING  | __main__:train:369 - Changing model's weights during training according to 'zero_mantissa_to_closest_exponent' with group size: 2
2021-12-05 03:34:30.229 | WARNING  | __main__:train:369 - Changing model's weights during training according to 'zero_mantissa_to_closest_exponent' with group size: 2
2021-12-05 03:38:14.912 | WARNING  | __main__:train:369 - Changing model's weights during training according to 'zero_mantissa_to_closest_exponent' with group size: 2
2021-12-05 03:41:59.571 | WARNING  | __main__:train:369 - Changing model's weights during training according to 'zero_mantissa_to_closest_exponent' with group size: 2
2021-12-05 03:45:45.411 | WARNING  | __main__:train:369 - Changing model's weights during training according to 'zero_mantissa_to_closest_exponent' with group size: 2
2021-12-05 03:49:31.253 | WARNING  | __main__:train:369 - Changing model's weights during training according to 'zero_mantissa_to_closest_exponent' with group size: 2
2021-12-05 03:53:17.029 | WARNING  | __main__:train:369 - Changing model's weights during training according to 'zero_mantissa_to_closest_exponent' with group size: 2
2021-12-05 03:57:03.100 | WARNING  | __main__:train:369 - Changing model's weights during training according to 'zero_mantissa_to_closest_exponent' with group size: 2
2021-12-05 04:00:50.101 | WARNING  | __main__:train:369 - Changing model's weights during training according to 'zero_mantissa_to_closest_exponent' with group size: 2
2021-12-05 04:04:37.024 | INFO     | __main__:display:482 - Epoch: [5][10/37]	Time 227.001 (204.962)	Data 226.852 (204.811)	Loss 1.7665e+00 (1.7278e+00)	Acc@1  41.80 ( 40.45)	Acc@5  82.42 ( 84.91)
2021-12-05 04:04:37.175 | WARNING  | __main__:train:369 - Changing model's weights during training according to 'zero_mantissa_to_closest_exponent' with group size: 2
2021-12-05 04:08:23.077 | WARNING  | __main__:train:369 - Changing model's weights during training according to 'zero_mantissa_to_closest_exponent' with group size: 2
2021-12-05 04:12:09.017 | WARNING  | __main__:train:369 - Changing model's weights during training according to 'zero_mantissa_to_closest_exponent' with group size: 2
2021-12-05 04:15:56.648 | WARNING  | __main__:train:369 - Changing model's weights during training according to 'zero_mantissa_to_closest_exponent' with group size: 2
2021-12-05 04:19:43.401 | WARNING  | __main__:train:369 - Changing model's weights during training according to 'zero_mantissa_to_closest_exponent' with group size: 2
2021-12-05 04:23:30.642 | WARNING  | __main__:train:369 - Changing model's weights during training according to 'zero_mantissa_to_closest_exponent' with group size: 2
2021-12-05 04:27:14.050 | WARNING  | __main__:train:369 - Changing model's weights during training according to 'zero_mantissa_to_closest_exponent' with group size: 2
2021-12-05 04:30:56.530 | WARNING  | __main__:train:369 - Changing model's weights during training according to 'zero_mantissa_to_closest_exponent' with group size: 2
2021-12-05 04:34:39.989 | WARNING  | __main__:train:369 - Changing model's weights during training according to 'zero_mantissa_to_closest_exponent' with group size: 2
2021-12-05 04:38:25.015 | WARNING  | __main__:train:369 - Changing model's weights during training according to 'zero_mantissa_to_closest_exponent' with group size: 2
2021-12-05 04:42:09.290 | INFO     | __main__:display:482 - Epoch: [5][20/37]	Time 225.026 (214.738)	Data 224.873 (214.586)	Loss 1.7124e+00 (1.7291e+00)	Acc@1  43.36 ( 40.18)	Acc@5  85.94 ( 85.60)
2021-12-05 04:42:09.445 | WARNING  | __main__:train:369 - Changing model's weights during training according to 'zero_mantissa_to_closest_exponent' with group size: 2
2021-12-05 04:45:52.255 | WARNING  | __main__:train:369 - Changing model's weights during training according to 'zero_mantissa_to_closest_exponent' with group size: 2
2021-12-05 04:49:35.082 | WARNING  | __main__:train:369 - Changing model's weights during training according to 'zero_mantissa_to_closest_exponent' with group size: 2
2021-12-05 04:53:18.718 | WARNING  | __main__:train:369 - Changing model's weights during training according to 'zero_mantissa_to_closest_exponent' with group size: 2
2021-12-05 04:57:02.184 | WARNING  | __main__:train:369 - Changing model's weights during training according to 'zero_mantissa_to_closest_exponent' with group size: 2
2021-12-05 05:00:46.618 | WARNING  | __main__:train:369 - Changing model's weights during training according to 'zero_mantissa_to_closest_exponent' with group size: 2
2021-12-05 05:04:31.514 | WARNING  | __main__:train:369 - Changing model's weights during training according to 'zero_mantissa_to_closest_exponent' with group size: 2
2021-12-05 05:08:16.805 | WARNING  | __main__:train:369 - Changing model's weights during training according to 'zero_mantissa_to_closest_exponent' with group size: 2
2021-12-05 05:12:00.702 | WARNING  | __main__:train:369 - Changing model's weights during training according to 'zero_mantissa_to_closest_exponent' with group size: 2
2021-12-05 05:15:44.760 | WARNING  | __main__:train:369 - Changing model's weights during training according to 'zero_mantissa_to_closest_exponent' with group size: 2
2021-12-05 05:19:33.282 | INFO     | __main__:display:482 - Epoch: [5][30/37]	Time 224.059 (217.718)	Data 223.908 (217.565)	Loss 1.7112e+00 (1.7201e+00)	Acc@1  40.23 ( 40.65)	Acc@5  87.50 ( 85.94)
2021-12-05 05:19:33.438 | WARNING  | __main__:train:369 - Changing model's weights during training according to 'zero_mantissa_to_closest_exponent' with group size: 2
2021-12-05 05:23:30.687 | WARNING  | __main__:train:369 - Changing model's weights during training according to 'zero_mantissa_to_closest_exponent' with group size: 2
2021-12-05 05:27:30.841 | WARNING  | __main__:train:369 - Changing model's weights during training according to 'zero_mantissa_to_closest_exponent' with group size: 2
2021-12-05 05:31:29.764 | WARNING  | __main__:train:369 - Changing model's weights during training according to 'zero_mantissa_to_closest_exponent' with group size: 2
2021-12-05 05:35:27.954 | WARNING  | __main__:train:369 - Changing model's weights during training according to 'zero_mantissa_to_closest_exponent' with group size: 2
2021-12-05 05:39:25.851 | WARNING  | __main__:train:369 - Changing model's weights during training according to 'zero_mantissa_to_closest_exponent' with group size: 2
2021-12-05 05:43:25.310 | INFO     | __main__:display:482 - Test: [ 0/16]	Time  1.710 ( 1.710)	Loss 1.1261e+00 (1.1261e+00)	Acc@1  71.88 ( 71.88)	Acc@5  94.92 ( 94.92)
2021-12-05 05:43:28.593 | INFO     | __main__:display:482 - Test: [10/16]	Time  0.172 ( 0.454)	Loss 1.6079e+00 (1.5247e+00)	Acc@1  47.66 ( 48.51)	Acc@5  94.92 ( 90.91)
2021-12-05 05:43:29.968 | INFO     | __main__:display_summary:487 -  *   Acc@1 47.975 Acc@5 88.841
2021-12-05 05:43:30.342 | INFO     | __main__:save_checkpoint:424 - Model @ epoch 6 is the best with acc1: 47.974517822265625
2021-12-05 05:43:31.891 | WARNING  | __main__:train:369 - Changing model's weights during training according to 'zero_mantissa_to_closest_exponent' with group size: 2
2021-12-05 05:47:16.872 | INFO     | __main__:display:482 - Epoch: [6][ 0/37]	Time  1.394 ( 1.394)	Data  1.254 ( 1.254)	Loss 1.5940e+00 (1.5940e+00)	Acc@1  48.44 ( 48.44)	Acc@5  91.02 ( 91.02)
2021-12-05 05:47:17.025 | WARNING  | __main__:train:369 - Changing model's weights during training according to 'zero_mantissa_to_closest_exponent' with group size: 2
2021-12-05 05:51:04.102 | WARNING  | __main__:train:369 - Changing model's weights during training according to 'zero_mantissa_to_closest_exponent' with group size: 2
2021-12-05 05:54:52.796 | WARNING  | __main__:train:369 - Changing model's weights during training according to 'zero_mantissa_to_closest_exponent' with group size: 2
2021-12-05 05:58:42.818 | WARNING  | __main__:train:369 - Changing model's weights during training according to 'zero_mantissa_to_closest_exponent' with group size: 2
2021-12-05 06:02:34.833 | WARNING  | __main__:train:369 - Changing model's weights during training according to 'zero_mantissa_to_closest_exponent' with group size: 2
2021-12-05 06:06:20.001 | WARNING  | __main__:train:369 - Changing model's weights during training according to 'zero_mantissa_to_closest_exponent' with group size: 2
2021-12-05 06:10:05.004 | WARNING  | __main__:train:369 - Changing model's weights during training according to 'zero_mantissa_to_closest_exponent' with group size: 2
2021-12-05 06:13:50.001 | WARNING  | __main__:train:369 - Changing model's weights during training according to 'zero_mantissa_to_closest_exponent' with group size: 2
2021-12-05 06:17:34.813 | WARNING  | __main__:train:369 - Changing model's weights during training according to 'zero_mantissa_to_closest_exponent' with group size: 2
2021-12-05 06:21:21.085 | WARNING  | __main__:train:369 - Changing model's weights during training according to 'zero_mantissa_to_closest_exponent' with group size: 2
2021-12-05 06:25:05.122 | INFO     | __main__:display:482 - Epoch: [6][10/37]	Time 226.272 (206.417)	Data 226.115 (206.265)	Loss 1.5891e+00 (1.6194e+00)	Acc@1  46.88 ( 45.49)	Acc@5  87.50 ( 87.78)
2021-12-05 06:25:05.275 | WARNING  | __main__:train:369 - Changing model's weights during training according to 'zero_mantissa_to_closest_exponent' with group size: 2
2021-12-05 06:28:51.397 | WARNING  | __main__:train:369 - Changing model's weights during training according to 'zero_mantissa_to_closest_exponent' with group size: 2
2021-12-05 06:32:37.047 | WARNING  | __main__:train:369 - Changing model's weights during training according to 'zero_mantissa_to_closest_exponent' with group size: 2
2021-12-05 06:36:22.793 | WARNING  | __main__:train:369 - Changing model's weights during training according to 'zero_mantissa_to_closest_exponent' with group size: 2
2021-12-05 06:40:08.236 | WARNING  | __main__:train:369 - Changing model's weights during training according to 'zero_mantissa_to_closest_exponent' with group size: 2
2021-12-05 06:43:54.034 | WARNING  | __main__:train:369 - Changing model's weights during training according to 'zero_mantissa_to_closest_exponent' with group size: 2
2021-12-05 06:47:40.576 | WARNING  | __main__:train:369 - Changing model's weights during training according to 'zero_mantissa_to_closest_exponent' with group size: 2
2021-12-05 06:51:28.561 | WARNING  | __main__:train:369 - Changing model's weights during training according to 'zero_mantissa_to_closest_exponent' with group size: 2
2021-12-05 06:55:17.319 | WARNING  | __main__:train:369 - Changing model's weights during training according to 'zero_mantissa_to_closest_exponent' with group size: 2
2021-12-05 06:59:05.926 | WARNING  | __main__:train:369 - Changing model's weights during training according to 'zero_mantissa_to_closest_exponent' with group size: 2
2021-12-05 07:02:53.302 | INFO     | __main__:display:482 - Epoch: [6][20/37]	Time 228.607 (215.973)	Data 228.453 (215.820)	Loss 1.5954e+00 (1.6099e+00)	Acc@1  44.14 ( 45.89)	Acc@5  88.67 ( 87.78)
2021-12-05 07:02:53.454 | WARNING  | __main__:train:369 - Changing model's weights during training according to 'zero_mantissa_to_closest_exponent' with group size: 2
2021-12-05 07:06:41.106 | WARNING  | __main__:train:369 - Changing model's weights during training according to 'zero_mantissa_to_closest_exponent' with group size: 2
2021-12-05 07:10:30.176 | WARNING  | __main__:train:369 - Changing model's weights during training according to 'zero_mantissa_to_closest_exponent' with group size: 2
2021-12-05 07:14:18.155 | WARNING  | __main__:train:369 - Changing model's weights during training according to 'zero_mantissa_to_closest_exponent' with group size: 2
2021-12-05 07:18:09.305 | WARNING  | __main__:train:369 - Changing model's weights during training according to 'zero_mantissa_to_closest_exponent' with group size: 2
2021-12-05 07:22:00.498 | WARNING  | __main__:train:369 - Changing model's weights during training according to 'zero_mantissa_to_closest_exponent' with group size: 2
2021-12-05 07:25:49.995 | WARNING  | __main__:train:369 - Changing model's weights during training according to 'zero_mantissa_to_closest_exponent' with group size: 2
2021-12-05 07:29:39.518 | WARNING  | __main__:train:369 - Changing model's weights during training according to 'zero_mantissa_to_closest_exponent' with group size: 2
2021-12-05 07:33:28.058 | WARNING  | __main__:train:369 - Changing model's weights during training according to 'zero_mantissa_to_closest_exponent' with group size: 2
2021-12-05 07:37:15.180 | WARNING  | __main__:train:369 - Changing model's weights during training according to 'zero_mantissa_to_closest_exponent' with group size: 2
2021-12-05 07:41:01.194 | INFO     | __main__:display:482 - Epoch: [6][30/37]	Time 227.122 (220.151)	Data 226.971 (219.999)	Loss 1.7200e+00 (1.6061e+00)	Acc@1  39.45 ( 45.29)	Acc@5  85.55 ( 88.19)
2021-12-05 07:41:01.347 | WARNING  | __main__:train:369 - Changing model's weights during training according to 'zero_mantissa_to_closest_exponent' with group size: 2
2021-12-05 07:44:47.343 | WARNING  | __main__:train:369 - Changing model's weights during training according to 'zero_mantissa_to_closest_exponent' with group size: 2
2021-12-05 07:48:32.879 | WARNING  | __main__:train:369 - Changing model's weights during training according to 'zero_mantissa_to_closest_exponent' with group size: 2
2021-12-05 07:52:19.249 | WARNING  | __main__:train:369 - Changing model's weights during training according to 'zero_mantissa_to_closest_exponent' with group size: 2
2021-12-05 07:56:05.086 | WARNING  | __main__:train:369 - Changing model's weights during training according to 'zero_mantissa_to_closest_exponent' with group size: 2
2021-12-05 07:59:52.179 | WARNING  | __main__:train:369 - Changing model's weights during training according to 'zero_mantissa_to_closest_exponent' with group size: 2
2021-12-05 08:03:40.128 | INFO     | __main__:display:482 - Test: [ 0/16]	Time  1.708 ( 1.708)	Loss 1.2564e+00 (1.2564e+00)	Acc@1  66.80 ( 66.80)	Acc@5  93.36 ( 93.36)
2021-12-05 08:03:43.369 | INFO     | __main__:display:482 - Test: [10/16]	Time  0.171 ( 0.450)	Loss 1.4133e+00 (1.5424e+00)	Acc@1  49.61 ( 48.44)	Acc@5  95.70 ( 89.06)
2021-12-05 08:03:44.776 | INFO     | __main__:display_summary:487 -  *   Acc@1 45.783 Acc@5 88.764
2021-12-05 08:03:46.411 | WARNING  | __main__:train:369 - Changing model's weights during training according to 'zero_mantissa_to_closest_exponent' with group size: 2
2021-12-05 08:07:34.976 | INFO     | __main__:display:482 - Epoch: [7][ 0/37]	Time  1.460 ( 1.460)	Data  1.316 ( 1.316)	Loss 1.5329e+00 (1.5329e+00)	Acc@1  48.44 ( 48.44)	Acc@5  88.67 ( 88.67)
2021-12-05 08:07:35.127 | WARNING  | __main__:train:369 - Changing model's weights during training according to 'zero_mantissa_to_closest_exponent' with group size: 2
2021-12-05 08:11:23.790 | WARNING  | __main__:train:369 - Changing model's weights during training according to 'zero_mantissa_to_closest_exponent' with group size: 2
2021-12-05 08:15:10.369 | WARNING  | __main__:train:369 - Changing model's weights during training according to 'zero_mantissa_to_closest_exponent' with group size: 2
2021-12-05 08:18:56.531 | WARNING  | __main__:train:369 - Changing model's weights during training according to 'zero_mantissa_to_closest_exponent' with group size: 2
2021-12-05 08:22:50.860 | WARNING  | __main__:train:369 - Changing model's weights during training according to 'zero_mantissa_to_closest_exponent' with group size: 2
2021-12-05 08:26:40.474 | WARNING  | __main__:train:369 - Changing model's weights during training according to 'zero_mantissa_to_closest_exponent' with group size: 2
2021-12-05 08:30:25.434 | WARNING  | __main__:train:369 - Changing model's weights during training according to 'zero_mantissa_to_closest_exponent' with group size: 2
2021-12-05 08:34:10.834 | WARNING  | __main__:train:369 - Changing model's weights during training according to 'zero_mantissa_to_closest_exponent' with group size: 2
2021-12-05 08:37:55.333 | WARNING  | __main__:train:369 - Changing model's weights during training according to 'zero_mantissa_to_closest_exponent' with group size: 2
2021-12-05 08:41:41.168 | WARNING  | __main__:train:369 - Changing model's weights during training according to 'zero_mantissa_to_closest_exponent' with group size: 2
2021-12-05 08:45:26.927 | INFO     | __main__:display:482 - Epoch: [7][10/37]	Time 225.836 (206.929)	Data 225.683 (206.777)	Loss 1.5793e+00 (1.5216e+00)	Acc@1  45.70 ( 49.43)	Acc@5  87.11 ( 89.45)
2021-12-05 08:45:27.081 | WARNING  | __main__:train:369 - Changing model's weights during training according to 'zero_mantissa_to_closest_exponent' with group size: 2
2021-12-05 08:49:13.580 | WARNING  | __main__:train:369 - Changing model's weights during training according to 'zero_mantissa_to_closest_exponent' with group size: 2
2021-12-05 08:52:59.254 | WARNING  | __main__:train:369 - Changing model's weights during training according to 'zero_mantissa_to_closest_exponent' with group size: 2
2021-12-05 08:56:44.525 | WARNING  | __main__:train:369 - Changing model's weights during training according to 'zero_mantissa_to_closest_exponent' with group size: 2
2021-12-05 09:00:33.942 | WARNING  | __main__:train:369 - Changing model's weights during training according to 'zero_mantissa_to_closest_exponent' with group size: 2
2021-12-05 09:04:22.945 | WARNING  | __main__:train:369 - Changing model's weights during training according to 'zero_mantissa_to_closest_exponent' with group size: 2
2021-12-05 09:08:08.796 | WARNING  | __main__:train:369 - Changing model's weights during training according to 'zero_mantissa_to_closest_exponent' with group size: 2
2021-12-05 09:11:54.410 | WARNING  | __main__:train:369 - Changing model's weights during training according to 'zero_mantissa_to_closest_exponent' with group size: 2
2021-12-05 09:15:39.285 | WARNING  | __main__:train:369 - Changing model's weights during training according to 'zero_mantissa_to_closest_exponent' with group size: 2
2021-12-05 09:19:24.454 | WARNING  | __main__:train:369 - Changing model's weights during training according to 'zero_mantissa_to_closest_exponent' with group size: 2
2021-12-05 09:23:09.581 | INFO     | __main__:display:482 - Epoch: [7][20/37]	Time 225.169 (216.167)	Data 225.019 (216.014)	Loss 1.5196e+00 (1.5252e+00)	Acc@1  49.22 ( 49.16)	Acc@5  90.23 ( 89.38)
2021-12-05 09:23:09.735 | WARNING  | __main__:train:369 - Changing model's weights during training according to 'zero_mantissa_to_closest_exponent' with group size: 2
2021-12-05 09:26:56.331 | WARNING  | __main__:train:369 - Changing model's weights during training according to 'zero_mantissa_to_closest_exponent' with group size: 2
2021-12-05 09:30:42.576 | WARNING  | __main__:train:369 - Changing model's weights during training according to 'zero_mantissa_to_closest_exponent' with group size: 2
2021-12-05 09:34:27.781 | WARNING  | __main__:train:369 - Changing model's weights during training according to 'zero_mantissa_to_closest_exponent' with group size: 2
2021-12-05 09:38:14.379 | WARNING  | __main__:train:369 - Changing model's weights during training according to 'zero_mantissa_to_closest_exponent' with group size: 2
2021-12-05 09:41:59.998 | WARNING  | __main__:train:369 - Changing model's weights during training according to 'zero_mantissa_to_closest_exponent' with group size: 2
2021-12-05 09:45:45.407 | WARNING  | __main__:train:369 - Changing model's weights during training according to 'zero_mantissa_to_closest_exponent' with group size: 2
2021-12-05 09:49:29.590 | WARNING  | __main__:train:369 - Changing model's weights during training according to 'zero_mantissa_to_closest_exponent' with group size: 2
2021-12-05 09:53:16.687 | WARNING  | __main__:train:369 - Changing model's weights during training according to 'zero_mantissa_to_closest_exponent' with group size: 2
2021-12-05 09:57:07.223 | WARNING  | __main__:train:369 - Changing model's weights during training according to 'zero_mantissa_to_closest_exponent' with group size: 2
2021-12-05 10:00:56.594 | INFO     | __main__:display:482 - Epoch: [7][30/37]	Time 230.536 (219.428)	Data 230.382 (219.275)	Loss 1.6928e+00 (1.5371e+00)	Acc@1  37.50 ( 48.56)	Acc@5  87.50 ( 89.10)
2021-12-05 10:00:56.743 | WARNING  | __main__:train:369 - Changing model's weights during training according to 'zero_mantissa_to_closest_exponent' with group size: 2
2021-12-05 10:04:42.472 | WARNING  | __main__:train:369 - Changing model's weights during training according to 'zero_mantissa_to_closest_exponent' with group size: 2
2021-12-05 10:08:28.684 | WARNING  | __main__:train:369 - Changing model's weights during training according to 'zero_mantissa_to_closest_exponent' with group size: 2
2021-12-05 10:12:15.719 | WARNING  | __main__:train:369 - Changing model's weights during training according to 'zero_mantissa_to_closest_exponent' with group size: 2
2021-12-05 10:16:01.909 | WARNING  | __main__:train:369 - Changing model's weights during training according to 'zero_mantissa_to_closest_exponent' with group size: 2
2021-12-05 10:19:49.090 | WARNING  | __main__:train:369 - Changing model's weights during training according to 'zero_mantissa_to_closest_exponent' with group size: 2
2021-12-05 10:23:38.274 | INFO     | __main__:display:482 - Test: [ 0/16]	Time  1.752 ( 1.752)	Loss 8.3454e-01 (8.3454e-01)	Acc@1  78.12 ( 78.12)	Acc@5  95.31 ( 95.31)
2021-12-05 10:23:41.627 | INFO     | __main__:display:482 - Test: [10/16]	Time  0.182 ( 0.464)	Loss 1.5975e+00 (1.2927e+00)	Acc@1  46.88 ( 57.00)	Acc@5  87.11 ( 93.18)
2021-12-05 10:23:43.097 | INFO     | __main__:display_summary:487 -  *   Acc@1 54.930 Acc@5 92.204
2021-12-05 10:23:43.283 | INFO     | __main__:save_checkpoint:424 - Model @ epoch 8 is the best with acc1: 54.929931640625
2021-12-05 10:23:45.586 | WARNING  | __main__:train:369 - Changing model's weights during training according to 'zero_mantissa_to_closest_exponent' with group size: 2
2021-12-05 10:27:31.706 | INFO     | __main__:display:482 - Epoch: [8][ 0/37]	Time  1.989 ( 1.989)	Data  1.846 ( 1.846)	Loss 1.5465e+00 (1.5465e+00)	Acc@1  48.83 ( 48.83)	Acc@5  87.89 ( 87.89)
2021-12-05 10:27:31.860 | WARNING  | __main__:train:369 - Changing model's weights during training according to 'zero_mantissa_to_closest_exponent' with group size: 2
2021-12-05 10:31:17.444 | WARNING  | __main__:train:369 - Changing model's weights during training according to 'zero_mantissa_to_closest_exponent' with group size: 2
2021-12-05 10:35:01.994 | WARNING  | __main__:train:369 - Changing model's weights during training according to 'zero_mantissa_to_closest_exponent' with group size: 2
2021-12-05 10:38:55.796 | WARNING  | __main__:train:369 - Changing model's weights during training according to 'zero_mantissa_to_closest_exponent' with group size: 2
2021-12-05 10:42:41.228 | WARNING  | __main__:train:369 - Changing model's weights during training according to 'zero_mantissa_to_closest_exponent' with group size: 2
2021-12-05 10:46:29.156 | WARNING  | __main__:train:369 - Changing model's weights during training according to 'zero_mantissa_to_closest_exponent' with group size: 2
2021-12-05 10:50:17.236 | WARNING  | __main__:train:369 - Changing model's weights during training according to 'zero_mantissa_to_closest_exponent' with group size: 2
2021-12-05 10:54:10.158 | WARNING  | __main__:train:369 - Changing model's weights during training according to 'zero_mantissa_to_closest_exponent' with group size: 2
2021-12-05 10:57:55.439 | WARNING  | __main__:train:369 - Changing model's weights during training according to 'zero_mantissa_to_closest_exponent' with group size: 2
2021-12-05 11:01:39.504 | WARNING  | __main__:train:369 - Changing model's weights during training according to 'zero_mantissa_to_closest_exponent' with group size: 2
2021-12-05 11:05:23.516 | INFO     | __main__:display:482 - Epoch: [8][10/37]	Time 224.066 (206.901)	Data 223.913 (206.748)	Loss 1.3954e+00 (1.4276e+00)	Acc@1  52.34 ( 52.70)	Acc@5  90.23 ( 91.12)
2021-12-05 11:05:23.670 | WARNING  | __main__:train:369 - Changing model's weights during training according to 'zero_mantissa_to_closest_exponent' with group size: 2
2021-12-05 11:09:08.955 | WARNING  | __main__:train:369 - Changing model's weights during training according to 'zero_mantissa_to_closest_exponent' with group size: 2
2021-12-05 11:12:55.232 | WARNING  | __main__:train:369 - Changing model's weights during training according to 'zero_mantissa_to_closest_exponent' with group size: 2
2021-12-05 11:16:43.220 | WARNING  | __main__:train:369 - Changing model's weights during training according to 'zero_mantissa_to_closest_exponent' with group size: 2
2021-12-05 11:20:37.577 | WARNING  | __main__:train:369 - Changing model's weights during training according to 'zero_mantissa_to_closest_exponent' with group size: 2
2021-12-05 11:24:24.094 | WARNING  | __main__:train:369 - Changing model's weights during training according to 'zero_mantissa_to_closest_exponent' with group size: 2
2021-12-05 11:28:10.433 | WARNING  | __main__:train:369 - Changing model's weights during training according to 'zero_mantissa_to_closest_exponent' with group size: 2
2021-12-05 11:31:57.903 | WARNING  | __main__:train:369 - Changing model's weights during training according to 'zero_mantissa_to_closest_exponent' with group size: 2
2021-12-05 11:35:43.758 | WARNING  | __main__:train:369 - Changing model's weights during training according to 'zero_mantissa_to_closest_exponent' with group size: 2
2021-12-05 11:39:29.025 | WARNING  | __main__:train:369 - Changing model's weights during training according to 'zero_mantissa_to_closest_exponent' with group size: 2
2021-12-05 11:43:16.227 | INFO     | __main__:display:482 - Epoch: [8][20/37]	Time 225.267 (216.449)	Data 225.114 (216.296)	Loss 1.3194e+00 (1.4221e+00)	Acc@1  52.73 ( 52.72)	Acc@5  94.92 ( 91.26)
2021-12-05 11:43:16.381 | WARNING  | __main__:train:369 - Changing model's weights during training according to 'zero_mantissa_to_closest_exponent' with group size: 2
2021-12-05 11:47:03.546 | WARNING  | __main__:train:369 - Changing model's weights during training according to 'zero_mantissa_to_closest_exponent' with group size: 2
2021-12-05 11:50:50.455 | WARNING  | __main__:train:369 - Changing model's weights during training according to 'zero_mantissa_to_closest_exponent' with group size: 2
2021-12-05 11:54:36.953 | WARNING  | __main__:train:369 - Changing model's weights during training according to 'zero_mantissa_to_closest_exponent' with group size: 2
2021-12-05 11:58:25.875 | WARNING  | __main__:train:369 - Changing model's weights during training according to 'zero_mantissa_to_closest_exponent' with group size: 2
2021-12-05 12:02:14.605 | WARNING  | __main__:train:369 - Changing model's weights during training according to 'zero_mantissa_to_closest_exponent' with group size: 2
2021-12-05 12:06:00.896 | WARNING  | __main__:train:369 - Changing model's weights during training according to 'zero_mantissa_to_closest_exponent' with group size: 2
2021-12-05 12:09:50.472 | WARNING  | __main__:train:369 - Changing model's weights during training according to 'zero_mantissa_to_closest_exponent' with group size: 2
2021-12-05 12:13:36.135 | WARNING  | __main__:train:369 - Changing model's weights during training according to 'zero_mantissa_to_closest_exponent' with group size: 2
2021-12-05 12:17:18.643 | WARNING  | __main__:train:369 - Changing model's weights during training according to 'zero_mantissa_to_closest_exponent' with group size: 2
2021-12-05 12:21:03.729 | INFO     | __main__:display:482 - Epoch: [8][30/37]	Time 222.508 (219.840)	Data 222.354 (219.688)	Loss 1.3765e+00 (1.4263e+00)	Acc@1  52.73 ( 52.84)	Acc@5  91.80 ( 90.85)
2021-12-05 12:21:03.882 | WARNING  | __main__:train:369 - Changing model's weights during training according to 'zero_mantissa_to_closest_exponent' with group size: 2
2021-12-05 12:24:48.020 | WARNING  | __main__:train:369 - Changing model's weights during training according to 'zero_mantissa_to_closest_exponent' with group size: 2
2021-12-05 12:28:33.263 | WARNING  | __main__:train:369 - Changing model's weights during training according to 'zero_mantissa_to_closest_exponent' with group size: 2
2021-12-05 12:32:18.365 | WARNING  | __main__:train:369 - Changing model's weights during training according to 'zero_mantissa_to_closest_exponent' with group size: 2
2021-12-05 12:36:01.290 | WARNING  | __main__:train:369 - Changing model's weights during training according to 'zero_mantissa_to_closest_exponent' with group size: 2
2021-12-05 12:39:51.850 | WARNING  | __main__:train:369 - Changing model's weights during training according to 'zero_mantissa_to_closest_exponent' with group size: 2
2021-12-05 12:43:43.353 | INFO     | __main__:display:482 - Test: [ 0/16]	Time  1.714 ( 1.714)	Loss 1.5249e+00 (1.5249e+00)	Acc@1  55.86 ( 55.86)	Acc@5  87.11 ( 87.11)
2021-12-05 12:43:46.605 | INFO     | __main__:display:482 - Test: [10/16]	Time  0.172 ( 0.452)	Loss 1.2719e+00 (1.7163e+00)	Acc@1  55.47 ( 43.50)	Acc@5  96.09 ( 88.46)
2021-12-05 12:43:48.011 | INFO     | __main__:display_summary:487 -  *   Acc@1 49.376 Acc@5 89.758
2021-12-05 12:43:50.291 | WARNING  | __main__:train:369 - Changing model's weights during training according to 'zero_mantissa_to_closest_exponent' with group size: 2
2021-12-05 12:47:33.649 | INFO     | __main__:display:482 - Epoch: [9][ 0/37]	Time  2.092 ( 2.092)	Data  1.953 ( 1.953)	Loss 1.2782e+00 (1.2782e+00)	Acc@1  59.77 ( 59.77)	Acc@5  92.97 ( 92.97)
2021-12-05 12:47:33.799 | WARNING  | __main__:train:369 - Changing model's weights during training according to 'zero_mantissa_to_closest_exponent' with group size: 2
2021-12-05 12:51:18.258 | WARNING  | __main__:train:369 - Changing model's weights during training according to 'zero_mantissa_to_closest_exponent' with group size: 2
2021-12-05 12:55:03.507 | WARNING  | __main__:train:369 - Changing model's weights during training according to 'zero_mantissa_to_closest_exponent' with group size: 2
2021-12-05 12:58:48.753 | WARNING  | __main__:train:369 - Changing model's weights during training according to 'zero_mantissa_to_closest_exponent' with group size: 2
2021-12-05 13:02:34.304 | WARNING  | __main__:train:369 - Changing model's weights during training according to 'zero_mantissa_to_closest_exponent' with group size: 2
2021-12-05 13:06:20.537 | WARNING  | __main__:train:369 - Changing model's weights during training according to 'zero_mantissa_to_closest_exponent' with group size: 2
2021-12-05 13:10:05.655 | WARNING  | __main__:train:369 - Changing model's weights during training according to 'zero_mantissa_to_closest_exponent' with group size: 2
2021-12-05 13:13:50.576 | WARNING  | __main__:train:369 - Changing model's weights during training according to 'zero_mantissa_to_closest_exponent' with group size: 2
2021-12-05 13:17:35.131 | WARNING  | __main__:train:369 - Changing model's weights during training according to 'zero_mantissa_to_closest_exponent' with group size: 2
2021-12-05 13:21:19.959 | WARNING  | __main__:train:369 - Changing model's weights during training according to 'zero_mantissa_to_closest_exponent' with group size: 2
2021-12-05 13:25:04.324 | INFO     | __main__:display:482 - Epoch: [9][10/37]	Time 224.829 (204.705)	Data 224.676 (204.555)	Loss 1.3788e+00 (1.3302e+00)	Acc@1  53.91 ( 57.03)	Acc@5  91.80 ( 92.68)
2021-12-05 13:25:04.477 | WARNING  | __main__:train:369 - Changing model's weights during training according to 'zero_mantissa_to_closest_exponent' with group size: 2
2021-12-05 13:28:53.215 | WARNING  | __main__:train:369 - Changing model's weights during training according to 'zero_mantissa_to_closest_exponent' with group size: 2
2021-12-05 13:32:43.433 | WARNING  | __main__:train:369 - Changing model's weights during training according to 'zero_mantissa_to_closest_exponent' with group size: 2
2021-12-05 13:36:34.813 | WARNING  | __main__:train:369 - Changing model's weights during training according to 'zero_mantissa_to_closest_exponent' with group size: 2
2021-12-05 13:40:26.184 | WARNING  | __main__:train:369 - Changing model's weights during training according to 'zero_mantissa_to_closest_exponent' with group size: 2
2021-12-05 13:44:18.825 | WARNING  | __main__:train:369 - Changing model's weights during training according to 'zero_mantissa_to_closest_exponent' with group size: 2
2021-12-05 13:48:11.003 | WARNING  | __main__:train:369 - Changing model's weights during training according to 'zero_mantissa_to_closest_exponent' with group size: 2
2021-12-05 13:52:01.830 | WARNING  | __main__:train:369 - Changing model's weights during training according to 'zero_mantissa_to_closest_exponent' with group size: 2
2021-12-05 13:55:53.152 | WARNING  | __main__:train:369 - Changing model's weights during training according to 'zero_mantissa_to_closest_exponent' with group size: 2
2021-12-05 13:59:45.945 | WARNING  | __main__:train:369 - Changing model's weights during training according to 'zero_mantissa_to_closest_exponent' with group size: 2
2021-12-05 14:03:37.002 | INFO     | __main__:display:482 - Epoch: [9][20/37]	Time 232.792 (217.035)	Data 232.642 (216.884)	Loss 1.5340e+00 (1.3412e+00)	Acc@1  51.56 ( 56.53)	Acc@5  88.67 ( 92.26)
2021-12-05 14:03:37.154 | WARNING  | __main__:train:369 - Changing model's weights during training according to 'zero_mantissa_to_closest_exponent' with group size: 2
2021-12-05 14:07:29.623 | WARNING  | __main__:train:369 - Changing model's weights during training according to 'zero_mantissa_to_closest_exponent' with group size: 2
2021-12-05 14:11:22.604 | WARNING  | __main__:train:369 - Changing model's weights during training according to 'zero_mantissa_to_closest_exponent' with group size: 2
2021-12-05 14:15:15.075 | WARNING  | __main__:train:369 - Changing model's weights during training according to 'zero_mantissa_to_closest_exponent' with group size: 2
2021-12-05 14:19:09.768 | WARNING  | __main__:train:369 - Changing model's weights during training according to 'zero_mantissa_to_closest_exponent' with group size: 2
2021-12-05 14:23:02.373 | WARNING  | __main__:train:369 - Changing model's weights during training according to 'zero_mantissa_to_closest_exponent' with group size: 2
2021-12-05 14:26:51.936 | WARNING  | __main__:train:369 - Changing model's weights during training according to 'zero_mantissa_to_closest_exponent' with group size: 2
2021-12-05 14:30:43.380 | WARNING  | __main__:train:369 - Changing model's weights during training according to 'zero_mantissa_to_closest_exponent' with group size: 2
2021-12-05 14:34:34.984 | WARNING  | __main__:train:369 - Changing model's weights during training according to 'zero_mantissa_to_closest_exponent' with group size: 2
2021-12-05 14:38:27.845 | WARNING  | __main__:train:369 - Changing model's weights during training according to 'zero_mantissa_to_closest_exponent' with group size: 2
2021-12-05 14:42:19.987 | INFO     | __main__:display:482 - Epoch: [9][30/37]	Time 232.861 (221.924)	Data 232.708 (221.772)	Loss 1.3145e+00 (1.3281e+00)	Acc@1  60.16 ( 56.55)	Acc@5  92.58 ( 92.38)
2021-12-05 14:42:20.140 | WARNING  | __main__:train:369 - Changing model's weights during training according to 'zero_mantissa_to_closest_exponent' with group size: 2
2021-12-05 14:46:11.873 | WARNING  | __main__:train:369 - Changing model's weights during training according to 'zero_mantissa_to_closest_exponent' with group size: 2
2021-12-05 14:50:02.351 | WARNING  | __main__:train:369 - Changing model's weights during training according to 'zero_mantissa_to_closest_exponent' with group size: 2
2021-12-05 14:53:51.991 | WARNING  | __main__:train:369 - Changing model's weights during training according to 'zero_mantissa_to_closest_exponent' with group size: 2
2021-12-05 14:57:42.087 | WARNING  | __main__:train:369 - Changing model's weights during training according to 'zero_mantissa_to_closest_exponent' with group size: 2
2021-12-05 15:01:31.405 | WARNING  | __main__:train:369 - Changing model's weights during training according to 'zero_mantissa_to_closest_exponent' with group size: 2
2021-12-05 15:05:23.387 | INFO     | __main__:display:482 - Test: [ 0/16]	Time  1.700 ( 1.700)	Loss 8.9611e-01 (8.9611e-01)	Acc@1  77.34 ( 77.34)	Acc@5  95.70 ( 95.70)
2021-12-05 15:05:26.653 | INFO     | __main__:display:482 - Test: [10/16]	Time  0.179 ( 0.451)	Loss 9.4773e-01 (1.2650e+00)	Acc@1  72.27 ( 57.67)	Acc@5  94.92 ( 93.08)
2021-12-05 15:05:28.062 | INFO     | __main__:display_summary:487 -  *   Acc@1 60.102 Acc@5 93.529
2021-12-05 15:05:28.251 | INFO     | __main__:save_checkpoint:424 - Model @ epoch 10 is the best with acc1: 60.101905822753906
2021-12-05 15:05:30.255 | WARNING  | __main__:train:369 - Changing model's weights during training according to 'zero_mantissa_to_closest_exponent' with group size: 2
2021-12-05 15:09:19.529 | INFO     | __main__:display:482 - Epoch: [10][ 0/37]	Time  1.477 ( 1.477)	Data  1.334 ( 1.334)	Loss 1.4225e+00 (1.4225e+00)	Acc@1  52.73 ( 52.73)	Acc@5  89.84 ( 89.84)
2021-12-05 15:09:19.679 | WARNING  | __main__:train:369 - Changing model's weights during training according to 'zero_mantissa_to_closest_exponent' with group size: 2
2021-12-05 15:13:15.030 | WARNING  | __main__:train:369 - Changing model's weights during training according to 'zero_mantissa_to_closest_exponent' with group size: 2
2021-12-05 15:17:07.139 | WARNING  | __main__:train:369 - Changing model's weights during training according to 'zero_mantissa_to_closest_exponent' with group size: 2
2021-12-05 15:21:00.301 | WARNING  | __main__:train:369 - Changing model's weights during training according to 'zero_mantissa_to_closest_exponent' with group size: 2
2021-12-05 15:24:54.641 | WARNING  | __main__:train:369 - Changing model's weights during training according to 'zero_mantissa_to_closest_exponent' with group size: 2
2021-12-05 15:28:49.035 | WARNING  | __main__:train:369 - Changing model's weights during training according to 'zero_mantissa_to_closest_exponent' with group size: 2
2021-12-05 15:32:42.934 | WARNING  | __main__:train:369 - Changing model's weights during training according to 'zero_mantissa_to_closest_exponent' with group size: 2
2021-12-05 15:36:33.406 | WARNING  | __main__:train:369 - Changing model's weights during training according to 'zero_mantissa_to_closest_exponent' with group size: 2
2021-12-05 15:40:19.967 | WARNING  | __main__:train:369 - Changing model's weights during training according to 'zero_mantissa_to_closest_exponent' with group size: 2
2021-12-05 15:44:06.460 | WARNING  | __main__:train:369 - Changing model's weights during training according to 'zero_mantissa_to_closest_exponent' with group size: 2
2021-12-05 15:47:52.781 | INFO     | __main__:display:482 - Epoch: [10][10/37]	Time 226.493 (210.698)	Data 226.342 (210.547)	Loss 1.1832e+00 (1.3236e+00)	Acc@1  62.11 ( 55.47)	Acc@5  92.19 ( 92.12)
2021-12-05 15:47:52.936 | WARNING  | __main__:train:369 - Changing model's weights during training according to 'zero_mantissa_to_closest_exponent' with group size: 2
2021-12-05 15:51:40.106 | WARNING  | __main__:train:369 - Changing model's weights during training according to 'zero_mantissa_to_closest_exponent' with group size: 2
2021-12-05 15:55:27.096 | WARNING  | __main__:train:369 - Changing model's weights during training according to 'zero_mantissa_to_closest_exponent' with group size: 2
2021-12-05 15:59:14.255 | WARNING  | __main__:train:369 - Changing model's weights during training according to 'zero_mantissa_to_closest_exponent' with group size: 2
2021-12-05 16:03:00.977 | WARNING  | __main__:train:369 - Changing model's weights during training according to 'zero_mantissa_to_closest_exponent' with group size: 2
2021-12-05 16:06:48.276 | WARNING  | __main__:train:369 - Changing model's weights during training according to 'zero_mantissa_to_closest_exponent' with group size: 2
2021-12-05 16:10:35.602 | WARNING  | __main__:train:369 - Changing model's weights during training according to 'zero_mantissa_to_closest_exponent' with group size: 2
2021-12-05 16:14:22.692 | WARNING  | __main__:train:369 - Changing model's weights during training according to 'zero_mantissa_to_closest_exponent' with group size: 2
2021-12-05 16:18:10.723 | WARNING  | __main__:train:369 - Changing model's weights during training according to 'zero_mantissa_to_closest_exponent' with group size: 2
2021-12-05 16:21:58.378 | WARNING  | __main__:train:369 - Changing model's weights during training according to 'zero_mantissa_to_closest_exponent' with group size: 2
2021-12-05 16:25:45.900 | INFO     | __main__:display:482 - Epoch: [10][20/37]	Time 227.655 (218.552)	Data 227.502 (218.400)	Loss 1.3114e+00 (1.3253e+00)	Acc@1  58.98 ( 56.05)	Acc@5  91.41 ( 92.19)
2021-12-05 16:25:46.052 | WARNING  | __main__:train:369 - Changing model's weights during training according to 'zero_mantissa_to_closest_exponent' with group size: 2
2021-12-05 16:29:34.272 | WARNING  | __main__:train:369 - Changing model's weights during training according to 'zero_mantissa_to_closest_exponent' with group size: 2
2021-12-05 16:33:23.892 | WARNING  | __main__:train:369 - Changing model's weights during training according to 'zero_mantissa_to_closest_exponent' with group size: 2
2021-12-05 16:37:14.109 | WARNING  | __main__:train:369 - Changing model's weights during training according to 'zero_mantissa_to_closest_exponent' with group size: 2
2021-12-05 16:41:03.451 | WARNING  | __main__:train:369 - Changing model's weights during training according to 'zero_mantissa_to_closest_exponent' with group size: 2
2021-12-05 16:44:51.927 | WARNING  | __main__:train:369 - Changing model's weights during training according to 'zero_mantissa_to_closest_exponent' with group size: 2
2021-12-05 16:48:39.379 | WARNING  | __main__:train:369 - Changing model's weights during training according to 'zero_mantissa_to_closest_exponent' with group size: 2
2021-12-05 16:52:27.000 | WARNING  | __main__:train:369 - Changing model's weights during training according to 'zero_mantissa_to_closest_exponent' with group size: 2
2021-12-05 16:56:12.459 | WARNING  | __main__:train:369 - Changing model's weights during training according to 'zero_mantissa_to_closest_exponent' with group size: 2
2021-12-05 16:59:56.034 | WARNING  | __main__:train:369 - Changing model's weights during training according to 'zero_mantissa_to_closest_exponent' with group size: 2
2021-12-05 17:03:39.824 | INFO     | __main__:display:482 - Epoch: [10][30/37]	Time 223.575 (221.524)	Data 223.422 (221.372)	Loss 1.2700e+00 (1.3165e+00)	Acc@1  59.77 ( 56.40)	Acc@5  93.36 ( 92.49)
2021-12-05 17:03:39.977 | WARNING  | __main__:train:369 - Changing model's weights during training according to 'zero_mantissa_to_closest_exponent' with group size: 2
2021-12-05 17:07:23.889 | WARNING  | __main__:train:369 - Changing model's weights during training according to 'zero_mantissa_to_closest_exponent' with group size: 2
2021-12-05 17:11:07.628 | WARNING  | __main__:train:369 - Changing model's weights during training according to 'zero_mantissa_to_closest_exponent' with group size: 2
2021-12-05 17:14:52.227 | WARNING  | __main__:train:369 - Changing model's weights during training according to 'zero_mantissa_to_closest_exponent' with group size: 2
2021-12-05 17:18:37.044 | WARNING  | __main__:train:369 - Changing model's weights during training according to 'zero_mantissa_to_closest_exponent' with group size: 2
2021-12-05 17:22:21.354 | WARNING  | __main__:train:369 - Changing model's weights during training according to 'zero_mantissa_to_closest_exponent' with group size: 2
2021-12-05 17:26:10.239 | INFO     | __main__:display:482 - Test: [ 0/16]	Time  1.730 ( 1.730)	Loss 1.1941e+00 (1.1941e+00)	Acc@1  61.33 ( 61.33)	Acc@5  97.27 ( 97.27)
2021-12-05 17:26:13.491 | INFO     | __main__:display:482 - Test: [10/16]	Time  0.168 ( 0.453)	Loss 1.7607e+00 (1.4026e+00)	Acc@1  54.30 ( 56.78)	Acc@5  87.11 ( 93.15)
2021-12-05 17:26:14.878 | INFO     | __main__:display_summary:487 -  *   Acc@1 55.541 Acc@5 90.981
2021-12-05 17:26:16.717 | WARNING  | __main__:train:369 - Changing model's weights during training according to 'zero_mantissa_to_closest_exponent' with group size: 2
2021-12-05 17:30:00.443 | INFO     | __main__:display:482 - Epoch: [11][ 0/37]	Time  1.654 ( 1.654)	Data  1.513 ( 1.513)	Loss 1.3588e+00 (1.3588e+00)	Acc@1  57.42 ( 57.42)	Acc@5  92.97 ( 92.97)
2021-12-05 17:30:00.596 | WARNING  | __main__:train:369 - Changing model's weights during training according to 'zero_mantissa_to_closest_exponent' with group size: 2
2021-12-05 17:33:44.264 | WARNING  | __main__:train:369 - Changing model's weights during training according to 'zero_mantissa_to_closest_exponent' with group size: 2
2021-12-05 17:37:28.450 | WARNING  | __main__:train:369 - Changing model's weights during training according to 'zero_mantissa_to_closest_exponent' with group size: 2
2021-12-05 17:41:12.116 | WARNING  | __main__:train:369 - Changing model's weights during training according to 'zero_mantissa_to_closest_exponent' with group size: 2
2021-12-05 17:45:06.101 | WARNING  | __main__:train:369 - Changing model's weights during training according to 'zero_mantissa_to_closest_exponent' with group size: 2
2021-12-05 17:48:56.412 | WARNING  | __main__:train:369 - Changing model's weights during training according to 'zero_mantissa_to_closest_exponent' with group size: 2
2021-12-05 17:52:47.768 | WARNING  | __main__:train:369 - Changing model's weights during training according to 'zero_mantissa_to_closest_exponent' with group size: 2
2021-12-05 17:56:37.955 | WARNING  | __main__:train:369 - Changing model's weights during training according to 'zero_mantissa_to_closest_exponent' with group size: 2
2021-12-05 18:00:28.722 | WARNING  | __main__:train:369 - Changing model's weights during training according to 'zero_mantissa_to_closest_exponent' with group size: 2
2021-12-05 18:04:19.663 | WARNING  | __main__:train:369 - Changing model's weights during training according to 'zero_mantissa_to_closest_exponent' with group size: 2
2021-12-05 18:08:07.956 | INFO     | __main__:display:482 - Epoch: [11][10/37]	Time 230.941 (207.691)	Data 230.788 (207.540)	Loss 1.2892e+00 (1.2254e+00)	Acc@1  56.25 ( 59.69)	Acc@5  92.58 ( 93.08)
2021-12-05 18:08:08.109 | WARNING  | __main__:train:369 - Changing model's weights during training according to 'zero_mantissa_to_closest_exponent' with group size: 2
2021-12-05 18:11:52.352 | WARNING  | __main__:train:369 - Changing model's weights during training according to 'zero_mantissa_to_closest_exponent' with group size: 2
2021-12-05 18:15:37.615 | WARNING  | __main__:train:369 - Changing model's weights during training according to 'zero_mantissa_to_closest_exponent' with group size: 2
2021-12-05 18:19:24.769 | WARNING  | __main__:train:369 - Changing model's weights during training according to 'zero_mantissa_to_closest_exponent' with group size: 2
2021-12-05 18:23:09.447 | WARNING  | __main__:train:369 - Changing model's weights during training according to 'zero_mantissa_to_closest_exponent' with group size: 2
2021-12-05 18:26:58.589 | WARNING  | __main__:train:369 - Changing model's weights during training according to 'zero_mantissa_to_closest_exponent' with group size: 2
2021-12-05 18:30:46.560 | WARNING  | __main__:train:369 - Changing model's weights during training according to 'zero_mantissa_to_closest_exponent' with group size: 2
2021-12-05 18:34:35.881 | WARNING  | __main__:train:369 - Changing model's weights during training according to 'zero_mantissa_to_closest_exponent' with group size: 2
2021-12-05 18:38:24.292 | WARNING  | __main__:train:369 - Changing model's weights during training according to 'zero_mantissa_to_closest_exponent' with group size: 2
2021-12-05 18:42:13.741 | WARNING  | __main__:train:369 - Changing model's weights during training according to 'zero_mantissa_to_closest_exponent' with group size: 2
2021-12-05 18:46:03.773 | INFO     | __main__:display:482 - Epoch: [11][20/37]	Time 229.449 (217.080)	Data 229.294 (216.928)	Loss 1.2831e+00 (1.2152e+00)	Acc@1  58.98 ( 60.36)	Acc@5  93.36 ( 93.34)
2021-12-05 18:46:03.925 | WARNING  | __main__:train:369 - Changing model's weights during training according to 'zero_mantissa_to_closest_exponent' with group size: 2
2021-12-05 18:49:51.280 | WARNING  | __main__:train:369 - Changing model's weights during training according to 'zero_mantissa_to_closest_exponent' with group size: 2
2021-12-05 18:53:36.609 | WARNING  | __main__:train:369 - Changing model's weights during training according to 'zero_mantissa_to_closest_exponent' with group size: 2
2021-12-05 18:57:23.443 | WARNING  | __main__:train:369 - Changing model's weights during training according to 'zero_mantissa_to_closest_exponent' with group size: 2
2021-12-05 19:01:09.493 | WARNING  | __main__:train:369 - Changing model's weights during training according to 'zero_mantissa_to_closest_exponent' with group size: 2
2021-12-05 19:04:56.295 | WARNING  | __main__:train:369 - Changing model's weights during training according to 'zero_mantissa_to_closest_exponent' with group size: 2
2021-12-05 19:08:42.837 | WARNING  | __main__:train:369 - Changing model's weights during training according to 'zero_mantissa_to_closest_exponent' with group size: 2
2021-12-05 19:12:28.954 | WARNING  | __main__:train:369 - Changing model's weights during training according to 'zero_mantissa_to_closest_exponent' with group size: 2
2021-12-05 19:16:15.768 | WARNING  | __main__:train:369 - Changing model's weights during training according to 'zero_mantissa_to_closest_exponent' with group size: 2
2021-12-05 19:20:04.526 | WARNING  | __main__:train:369 - Changing model's weights during training according to 'zero_mantissa_to_closest_exponent' with group size: 2
2021-12-05 19:23:51.821 | INFO     | __main__:display:482 - Epoch: [11][30/37]	Time 228.758 (220.305)	Data 228.605 (220.153)	Loss 1.2539e+00 (1.2208e+00)	Acc@1  59.38 ( 60.07)	Acc@5  91.80 ( 93.26)
2021-12-05 19:23:51.971 | WARNING  | __main__:train:369 - Changing model's weights during training according to 'zero_mantissa_to_closest_exponent' with group size: 2
2021-12-05 19:27:40.091 | WARNING  | __main__:train:369 - Changing model's weights during training according to 'zero_mantissa_to_closest_exponent' with group size: 2
2021-12-05 19:31:27.710 | WARNING  | __main__:train:369 - Changing model's weights during training according to 'zero_mantissa_to_closest_exponent' with group size: 2
2021-12-05 19:35:16.481 | WARNING  | __main__:train:369 - Changing model's weights during training according to 'zero_mantissa_to_closest_exponent' with group size: 2
2021-12-05 19:39:02.957 | WARNING  | __main__:train:369 - Changing model's weights during training according to 'zero_mantissa_to_closest_exponent' with group size: 2
2021-12-05 19:42:50.915 | WARNING  | __main__:train:369 - Changing model's weights during training according to 'zero_mantissa_to_closest_exponent' with group size: 2
2021-12-05 19:46:40.662 | INFO     | __main__:display:482 - Test: [ 0/16]	Time  1.717 ( 1.717)	Loss 8.1975e-01 (8.1975e-01)	Acc@1  75.78 ( 75.78)	Acc@5  96.88 ( 96.88)
2021-12-05 19:46:43.951 | INFO     | __main__:display:482 - Test: [10/16]	Time  0.172 ( 0.455)	Loss 1.1744e+00 (1.2357e+00)	Acc@1  62.50 ( 57.92)	Acc@5  92.58 ( 94.71)
2021-12-05 19:46:45.351 | INFO     | __main__:display_summary:487 -  *   Acc@1 60.204 Acc@5 94.395
2021-12-05 19:46:45.541 | INFO     | __main__:save_checkpoint:424 - Model @ epoch 12 is the best with acc1: 60.203819274902344
2021-12-05 19:46:47.489 | WARNING  | __main__:train:369 - Changing model's weights during training according to 'zero_mantissa_to_closest_exponent' with group size: 2
2021-12-05 19:50:32.166 | INFO     | __main__:display:482 - Epoch: [12][ 0/37]	Time  1.557 ( 1.557)	Data  1.406 ( 1.406)	Loss 1.1698e+00 (1.1698e+00)	Acc@1  61.33 ( 61.33)	Acc@5  94.14 ( 94.14)
2021-12-05 19:50:32.316 | WARNING  | __main__:train:369 - Changing model's weights during training according to 'zero_mantissa_to_closest_exponent' with group size: 2
2021-12-05 19:54:20.961 | WARNING  | __main__:train:369 - Changing model's weights during training according to 'zero_mantissa_to_closest_exponent' with group size: 2
2021-12-05 19:58:10.818 | WARNING  | __main__:train:369 - Changing model's weights during training according to 'zero_mantissa_to_closest_exponent' with group size: 2
2021-12-05 20:02:01.772 | WARNING  | __main__:train:369 - Changing model's weights during training according to 'zero_mantissa_to_closest_exponent' with group size: 2
2021-12-05 20:06:01.816 | WARNING  | __main__:train:369 - Changing model's weights during training according to 'zero_mantissa_to_closest_exponent' with group size: 2
