2021-12-01 22:33:58.458 | INFO     | __main__:main:152 - Log into log/resnet50/zero_mantissa_to_closest_exponent/group_size:64/2021-12-01-22:33:58.log
2021-12-01 22:33:58.458 | WARNING  | __main__:main:165 - You have chosen a specific GPU. This will completely disable data parallelism.
2021-12-01 22:33:58.458 | INFO     | __main__:main_worker:175 - Use GPU: 0 for training
2021-12-01 22:33:58.459 | INFO     | __main__:main_worker:179 - Using pre-trained model 'resnet50'
2021-12-01 22:33:58.842 | WARNING  | __main__:main_worker:186 - Replacing model's last FC layer by torch.nn.Linear(2048, 10)
2021-12-01 22:33:58.843 | INFO     | __main__:main_worker:188 - 
ResNet(
  (conv1): Conv2d(3, 64, kernel_size=(7, 7), stride=(2, 2), padding=(3, 3), bias=False)
  (bn1): BatchNorm2d(64, eps=1e-05, momentum=0.1, affine=True, track_running_stats=True)
  (relu): ReLU(inplace=True)
  (maxpool): MaxPool2d(kernel_size=3, stride=2, padding=1, dilation=1, ceil_mode=False)
  (layer1): Sequential(
    (0): Bottleneck(
      (conv1): Conv2d(64, 64, kernel_size=(1, 1), stride=(1, 1), bias=False)
      (bn1): BatchNorm2d(64, eps=1e-05, momentum=0.1, affine=True, track_running_stats=True)
      (conv2): Conv2d(64, 64, kernel_size=(3, 3), stride=(1, 1), padding=(1, 1), bias=False)
      (bn2): BatchNorm2d(64, eps=1e-05, momentum=0.1, affine=True, track_running_stats=True)
      (conv3): Conv2d(64, 256, kernel_size=(1, 1), stride=(1, 1), bias=False)
      (bn3): BatchNorm2d(256, eps=1e-05, momentum=0.1, affine=True, track_running_stats=True)
      (relu): ReLU(inplace=True)
      (downsample): Sequential(
        (0): Conv2d(64, 256, kernel_size=(1, 1), stride=(1, 1), bias=False)
        (1): BatchNorm2d(256, eps=1e-05, momentum=0.1, affine=True, track_running_stats=True)
      )
    )
    (1): Bottleneck(
      (conv1): Conv2d(256, 64, kernel_size=(1, 1), stride=(1, 1), bias=False)
      (bn1): BatchNorm2d(64, eps=1e-05, momentum=0.1, affine=True, track_running_stats=True)
      (conv2): Conv2d(64, 64, kernel_size=(3, 3), stride=(1, 1), padding=(1, 1), bias=False)
      (bn2): BatchNorm2d(64, eps=1e-05, momentum=0.1, affine=True, track_running_stats=True)
      (conv3): Conv2d(64, 256, kernel_size=(1, 1), stride=(1, 1), bias=False)
      (bn3): BatchNorm2d(256, eps=1e-05, momentum=0.1, affine=True, track_running_stats=True)
      (relu): ReLU(inplace=True)
    )
    (2): Bottleneck(
      (conv1): Conv2d(256, 64, kernel_size=(1, 1), stride=(1, 1), bias=False)
      (bn1): BatchNorm2d(64, eps=1e-05, momentum=0.1, affine=True, track_running_stats=True)
      (conv2): Conv2d(64, 64, kernel_size=(3, 3), stride=(1, 1), padding=(1, 1), bias=False)
      (bn2): BatchNorm2d(64, eps=1e-05, momentum=0.1, affine=True, track_running_stats=True)
      (conv3): Conv2d(64, 256, kernel_size=(1, 1), stride=(1, 1), bias=False)
      (bn3): BatchNorm2d(256, eps=1e-05, momentum=0.1, affine=True, track_running_stats=True)
      (relu): ReLU(inplace=True)
    )
  )
  (layer2): Sequential(
    (0): Bottleneck(
      (conv1): Conv2d(256, 128, kernel_size=(1, 1), stride=(1, 1), bias=False)
      (bn1): BatchNorm2d(128, eps=1e-05, momentum=0.1, affine=True, track_running_stats=True)
      (conv2): Conv2d(128, 128, kernel_size=(3, 3), stride=(2, 2), padding=(1, 1), bias=False)
      (bn2): BatchNorm2d(128, eps=1e-05, momentum=0.1, affine=True, track_running_stats=True)
      (conv3): Conv2d(128, 512, kernel_size=(1, 1), stride=(1, 1), bias=False)
      (bn3): BatchNorm2d(512, eps=1e-05, momentum=0.1, affine=True, track_running_stats=True)
      (relu): ReLU(inplace=True)
      (downsample): Sequential(
        (0): Conv2d(256, 512, kernel_size=(1, 1), stride=(2, 2), bias=False)
        (1): BatchNorm2d(512, eps=1e-05, momentum=0.1, affine=True, track_running_stats=True)
      )
    )
    (1): Bottleneck(
      (conv1): Conv2d(512, 128, kernel_size=(1, 1), stride=(1, 1), bias=False)
      (bn1): BatchNorm2d(128, eps=1e-05, momentum=0.1, affine=True, track_running_stats=True)
      (conv2): Conv2d(128, 128, kernel_size=(3, 3), stride=(1, 1), padding=(1, 1), bias=False)
      (bn2): BatchNorm2d(128, eps=1e-05, momentum=0.1, affine=True, track_running_stats=True)
      (conv3): Conv2d(128, 512, kernel_size=(1, 1), stride=(1, 1), bias=False)
      (bn3): BatchNorm2d(512, eps=1e-05, momentum=0.1, affine=True, track_running_stats=True)
      (relu): ReLU(inplace=True)
    )
    (2): Bottleneck(
      (conv1): Conv2d(512, 128, kernel_size=(1, 1), stride=(1, 1), bias=False)
      (bn1): BatchNorm2d(128, eps=1e-05, momentum=0.1, affine=True, track_running_stats=True)
      (conv2): Conv2d(128, 128, kernel_size=(3, 3), stride=(1, 1), padding=(1, 1), bias=False)
      (bn2): BatchNorm2d(128, eps=1e-05, momentum=0.1, affine=True, track_running_stats=True)
      (conv3): Conv2d(128, 512, kernel_size=(1, 1), stride=(1, 1), bias=False)
      (bn3): BatchNorm2d(512, eps=1e-05, momentum=0.1, affine=True, track_running_stats=True)
      (relu): ReLU(inplace=True)
    )
    (3): Bottleneck(
      (conv1): Conv2d(512, 128, kernel_size=(1, 1), stride=(1, 1), bias=False)
      (bn1): BatchNorm2d(128, eps=1e-05, momentum=0.1, affine=True, track_running_stats=True)
      (conv2): Conv2d(128, 128, kernel_size=(3, 3), stride=(1, 1), padding=(1, 1), bias=False)
      (bn2): BatchNorm2d(128, eps=1e-05, momentum=0.1, affine=True, track_running_stats=True)
      (conv3): Conv2d(128, 512, kernel_size=(1, 1), stride=(1, 1), bias=False)
      (bn3): BatchNorm2d(512, eps=1e-05, momentum=0.1, affine=True, track_running_stats=True)
      (relu): ReLU(inplace=True)
    )
  )
  (layer3): Sequential(
    (0): Bottleneck(
      (conv1): Conv2d(512, 256, kernel_size=(1, 1), stride=(1, 1), bias=False)
      (bn1): BatchNorm2d(256, eps=1e-05, momentum=0.1, affine=True, track_running_stats=True)
      (conv2): Conv2d(256, 256, kernel_size=(3, 3), stride=(2, 2), padding=(1, 1), bias=False)
      (bn2): BatchNorm2d(256, eps=1e-05, momentum=0.1, affine=True, track_running_stats=True)
      (conv3): Conv2d(256, 1024, kernel_size=(1, 1), stride=(1, 1), bias=False)
      (bn3): BatchNorm2d(1024, eps=1e-05, momentum=0.1, affine=True, track_running_stats=True)
      (relu): ReLU(inplace=True)
      (downsample): Sequential(
        (0): Conv2d(512, 1024, kernel_size=(1, 1), stride=(2, 2), bias=False)
        (1): BatchNorm2d(1024, eps=1e-05, momentum=0.1, affine=True, track_running_stats=True)
      )
    )
    (1): Bottleneck(
      (conv1): Conv2d(1024, 256, kernel_size=(1, 1), stride=(1, 1), bias=False)
      (bn1): BatchNorm2d(256, eps=1e-05, momentum=0.1, affine=True, track_running_stats=True)
      (conv2): Conv2d(256, 256, kernel_size=(3, 3), stride=(1, 1), padding=(1, 1), bias=False)
      (bn2): BatchNorm2d(256, eps=1e-05, momentum=0.1, affine=True, track_running_stats=True)
      (conv3): Conv2d(256, 1024, kernel_size=(1, 1), stride=(1, 1), bias=False)
      (bn3): BatchNorm2d(1024, eps=1e-05, momentum=0.1, affine=True, track_running_stats=True)
      (relu): ReLU(inplace=True)
    )
    (2): Bottleneck(
      (conv1): Conv2d(1024, 256, kernel_size=(1, 1), stride=(1, 1), bias=False)
      (bn1): BatchNorm2d(256, eps=1e-05, momentum=0.1, affine=True, track_running_stats=True)
      (conv2): Conv2d(256, 256, kernel_size=(3, 3), stride=(1, 1), padding=(1, 1), bias=False)
      (bn2): BatchNorm2d(256, eps=1e-05, momentum=0.1, affine=True, track_running_stats=True)
      (conv3): Conv2d(256, 1024, kernel_size=(1, 1), stride=(1, 1), bias=False)
      (bn3): BatchNorm2d(1024, eps=1e-05, momentum=0.1, affine=True, track_running_stats=True)
      (relu): ReLU(inplace=True)
    )
    (3): Bottleneck(
      (conv1): Conv2d(1024, 256, kernel_size=(1, 1), stride=(1, 1), bias=False)
      (bn1): BatchNorm2d(256, eps=1e-05, momentum=0.1, affine=True, track_running_stats=True)
      (conv2): Conv2d(256, 256, kernel_size=(3, 3), stride=(1, 1), padding=(1, 1), bias=False)
      (bn2): BatchNorm2d(256, eps=1e-05, momentum=0.1, affine=True, track_running_stats=True)
      (conv3): Conv2d(256, 1024, kernel_size=(1, 1), stride=(1, 1), bias=False)
      (bn3): BatchNorm2d(1024, eps=1e-05, momentum=0.1, affine=True, track_running_stats=True)
      (relu): ReLU(inplace=True)
    )
    (4): Bottleneck(
      (conv1): Conv2d(1024, 256, kernel_size=(1, 1), stride=(1, 1), bias=False)
      (bn1): BatchNorm2d(256, eps=1e-05, momentum=0.1, affine=True, track_running_stats=True)
      (conv2): Conv2d(256, 256, kernel_size=(3, 3), stride=(1, 1), padding=(1, 1), bias=False)
      (bn2): BatchNorm2d(256, eps=1e-05, momentum=0.1, affine=True, track_running_stats=True)
      (conv3): Conv2d(256, 1024, kernel_size=(1, 1), stride=(1, 1), bias=False)
      (bn3): BatchNorm2d(1024, eps=1e-05, momentum=0.1, affine=True, track_running_stats=True)
      (relu): ReLU(inplace=True)
    )
    (5): Bottleneck(
      (conv1): Conv2d(1024, 256, kernel_size=(1, 1), stride=(1, 1), bias=False)
      (bn1): BatchNorm2d(256, eps=1e-05, momentum=0.1, affine=True, track_running_stats=True)
      (conv2): Conv2d(256, 256, kernel_size=(3, 3), stride=(1, 1), padding=(1, 1), bias=False)
      (bn2): BatchNorm2d(256, eps=1e-05, momentum=0.1, affine=True, track_running_stats=True)
      (conv3): Conv2d(256, 1024, kernel_size=(1, 1), stride=(1, 1), bias=False)
      (bn3): BatchNorm2d(1024, eps=1e-05, momentum=0.1, affine=True, track_running_stats=True)
      (relu): ReLU(inplace=True)
    )
  )
  (layer4): Sequential(
    (0): Bottleneck(
      (conv1): Conv2d(1024, 512, kernel_size=(1, 1), stride=(1, 1), bias=False)
      (bn1): BatchNorm2d(512, eps=1e-05, momentum=0.1, affine=True, track_running_stats=True)
      (conv2): Conv2d(512, 512, kernel_size=(3, 3), stride=(2, 2), padding=(1, 1), bias=False)
      (bn2): BatchNorm2d(512, eps=1e-05, momentum=0.1, affine=True, track_running_stats=True)
      (conv3): Conv2d(512, 2048, kernel_size=(1, 1), stride=(1, 1), bias=False)
      (bn3): BatchNorm2d(2048, eps=1e-05, momentum=0.1, affine=True, track_running_stats=True)
      (relu): ReLU(inplace=True)
      (downsample): Sequential(
        (0): Conv2d(1024, 2048, kernel_size=(1, 1), stride=(2, 2), bias=False)
        (1): BatchNorm2d(2048, eps=1e-05, momentum=0.1, affine=True, track_running_stats=True)
      )
    )
    (1): Bottleneck(
      (conv1): Conv2d(2048, 512, kernel_size=(1, 1), stride=(1, 1), bias=False)
      (bn1): BatchNorm2d(512, eps=1e-05, momentum=0.1, affine=True, track_running_stats=True)
      (conv2): Conv2d(512, 512, kernel_size=(3, 3), stride=(1, 1), padding=(1, 1), bias=False)
      (bn2): BatchNorm2d(512, eps=1e-05, momentum=0.1, affine=True, track_running_stats=True)
      (conv3): Conv2d(512, 2048, kernel_size=(1, 1), stride=(1, 1), bias=False)
      (bn3): BatchNorm2d(2048, eps=1e-05, momentum=0.1, affine=True, track_running_stats=True)
      (relu): ReLU(inplace=True)
    )
    (2): Bottleneck(
      (conv1): Conv2d(2048, 512, kernel_size=(1, 1), stride=(1, 1), bias=False)
      (bn1): BatchNorm2d(512, eps=1e-05, momentum=0.1, affine=True, track_running_stats=True)
      (conv2): Conv2d(512, 512, kernel_size=(3, 3), stride=(1, 1), padding=(1, 1), bias=False)
      (bn2): BatchNorm2d(512, eps=1e-05, momentum=0.1, affine=True, track_running_stats=True)
      (conv3): Conv2d(512, 2048, kernel_size=(1, 1), stride=(1, 1), bias=False)
      (bn3): BatchNorm2d(2048, eps=1e-05, momentum=0.1, affine=True, track_running_stats=True)
      (relu): ReLU(inplace=True)
    )
  )
  (avgpool): AdaptiveAvgPool2d(output_size=(1, 1))
  (fc): Linear(in_features=2048, out_features=10, bias=True)
)
2021-12-01 22:34:00.742 | INFO     | __main__:main_worker:216 - Loading checkpoint 'model/resnet50/model_best.pth.tar'
2021-12-01 22:34:00.849 | INFO     | __main__:main_worker:230 - Loaded checkpoint 'model/resnet50/model_best.pth.tar' (epoch 91)
2021-12-01 22:34:00.849 | WARNING  | __main__:main_worker:235 - Changing model's weights according to 'zero_mantissa_to_closest_exponent' with group size: 64
2021-12-01 22:34:00.888 | INFO     | __main__:convert_model:132 - Converting conv1.weight ...
2021-12-01 22:34:01.081 | INFO     | __main__:convert_model:118 - Skipping bn1.weight ...
2021-12-01 22:34:01.081 | INFO     | __main__:convert_model:118 - Skipping bn1.bias ...
2021-12-01 22:34:01.081 | INFO     | __main__:convert_model:132 - Converting layer1.0.conv1.weight ...
2021-12-01 22:34:01.166 | INFO     | __main__:convert_model:118 - Skipping layer1.0.bn1.weight ...
2021-12-01 22:34:01.166 | INFO     | __main__:convert_model:118 - Skipping layer1.0.bn1.bias ...
2021-12-01 22:34:01.166 | INFO     | __main__:convert_model:132 - Converting layer1.0.conv2.weight ...
2021-12-01 22:34:01.930 | INFO     | __main__:convert_model:118 - Skipping layer1.0.bn2.weight ...
2021-12-01 22:34:01.930 | INFO     | __main__:convert_model:118 - Skipping layer1.0.bn2.bias ...
2021-12-01 22:34:01.931 | INFO     | __main__:convert_model:132 - Converting layer1.0.conv3.weight ...
2021-12-01 22:34:02.268 | INFO     | __main__:convert_model:118 - Skipping layer1.0.bn3.weight ...
2021-12-01 22:34:02.268 | INFO     | __main__:convert_model:118 - Skipping layer1.0.bn3.bias ...
2021-12-01 22:34:02.268 | INFO     | __main__:convert_model:118 - Skipping layer1.0.downsample.0.weight ...
2021-12-01 22:34:02.268 | INFO     | __main__:convert_model:118 - Skipping layer1.0.downsample.1.weight ...
2021-12-01 22:34:02.268 | INFO     | __main__:convert_model:118 - Skipping layer1.0.downsample.1.bias ...
2021-12-01 22:34:02.268 | INFO     | __main__:convert_model:132 - Converting layer1.1.conv1.weight ...
2021-12-01 22:34:02.602 | INFO     | __main__:convert_model:118 - Skipping layer1.1.bn1.weight ...
2021-12-01 22:34:02.602 | INFO     | __main__:convert_model:118 - Skipping layer1.1.bn1.bias ...
2021-12-01 22:34:02.602 | INFO     | __main__:convert_model:132 - Converting layer1.1.conv2.weight ...
2021-12-01 22:34:03.354 | INFO     | __main__:convert_model:118 - Skipping layer1.1.bn2.weight ...
2021-12-01 22:34:03.354 | INFO     | __main__:convert_model:118 - Skipping layer1.1.bn2.bias ...
2021-12-01 22:34:03.354 | INFO     | __main__:convert_model:132 - Converting layer1.1.conv3.weight ...
2021-12-01 22:34:03.690 | INFO     | __main__:convert_model:118 - Skipping layer1.1.bn3.weight ...
2021-12-01 22:34:03.690 | INFO     | __main__:convert_model:118 - Skipping layer1.1.bn3.bias ...
2021-12-01 22:34:03.691 | INFO     | __main__:convert_model:132 - Converting layer1.2.conv1.weight ...
2021-12-01 22:34:04.023 | INFO     | __main__:convert_model:118 - Skipping layer1.2.bn1.weight ...
2021-12-01 22:34:04.023 | INFO     | __main__:convert_model:118 - Skipping layer1.2.bn1.bias ...
2021-12-01 22:34:04.023 | INFO     | __main__:convert_model:132 - Converting layer1.2.conv2.weight ...
2021-12-01 22:34:04.777 | INFO     | __main__:convert_model:118 - Skipping layer1.2.bn2.weight ...
2021-12-01 22:34:04.777 | INFO     | __main__:convert_model:118 - Skipping layer1.2.bn2.bias ...
2021-12-01 22:34:04.777 | INFO     | __main__:convert_model:132 - Converting layer1.2.conv3.weight ...
2021-12-01 22:34:05.112 | INFO     | __main__:convert_model:118 - Skipping layer1.2.bn3.weight ...
2021-12-01 22:34:05.112 | INFO     | __main__:convert_model:118 - Skipping layer1.2.bn3.bias ...
2021-12-01 22:34:05.112 | INFO     | __main__:convert_model:132 - Converting layer2.0.conv1.weight ...
2021-12-01 22:34:05.779 | INFO     | __main__:convert_model:118 - Skipping layer2.0.bn1.weight ...
2021-12-01 22:34:05.780 | INFO     | __main__:convert_model:118 - Skipping layer2.0.bn1.bias ...
2021-12-01 22:34:05.780 | INFO     | __main__:convert_model:132 - Converting layer2.0.conv2.weight ...
2021-12-01 22:34:08.766 | INFO     | __main__:convert_model:118 - Skipping layer2.0.bn2.weight ...
2021-12-01 22:34:08.766 | INFO     | __main__:convert_model:118 - Skipping layer2.0.bn2.bias ...
2021-12-01 22:34:08.767 | INFO     | __main__:convert_model:132 - Converting layer2.0.conv3.weight ...
2021-12-01 22:34:10.095 | INFO     | __main__:convert_model:118 - Skipping layer2.0.bn3.weight ...
2021-12-01 22:34:10.095 | INFO     | __main__:convert_model:118 - Skipping layer2.0.bn3.bias ...
2021-12-01 22:34:10.095 | INFO     | __main__:convert_model:118 - Skipping layer2.0.downsample.0.weight ...
2021-12-01 22:34:10.096 | INFO     | __main__:convert_model:118 - Skipping layer2.0.downsample.1.weight ...
2021-12-01 22:34:10.096 | INFO     | __main__:convert_model:118 - Skipping layer2.0.downsample.1.bias ...
2021-12-01 22:34:10.096 | INFO     | __main__:convert_model:132 - Converting layer2.1.conv1.weight ...
2021-12-01 22:34:11.426 | INFO     | __main__:convert_model:118 - Skipping layer2.1.bn1.weight ...
2021-12-01 22:34:11.427 | INFO     | __main__:convert_model:118 - Skipping layer2.1.bn1.bias ...
2021-12-01 22:34:11.427 | INFO     | __main__:convert_model:132 - Converting layer2.1.conv2.weight ...
2021-12-01 22:34:14.713 | INFO     | __main__:convert_model:118 - Skipping layer2.1.bn2.weight ...
2021-12-01 22:34:14.713 | INFO     | __main__:convert_model:118 - Skipping layer2.1.bn2.bias ...
2021-12-01 22:34:14.713 | INFO     | __main__:convert_model:132 - Converting layer2.1.conv3.weight ...
2021-12-01 22:34:16.045 | INFO     | __main__:convert_model:118 - Skipping layer2.1.bn3.weight ...
2021-12-01 22:34:16.045 | INFO     | __main__:convert_model:118 - Skipping layer2.1.bn3.bias ...
2021-12-01 22:34:16.045 | INFO     | __main__:convert_model:132 - Converting layer2.2.conv1.weight ...
2021-12-01 22:34:17.380 | INFO     | __main__:convert_model:118 - Skipping layer2.2.bn1.weight ...
2021-12-01 22:34:17.380 | INFO     | __main__:convert_model:118 - Skipping layer2.2.bn1.bias ...
2021-12-01 22:34:17.380 | INFO     | __main__:convert_model:132 - Converting layer2.2.conv2.weight ...
2021-12-01 22:34:20.364 | INFO     | __main__:convert_model:118 - Skipping layer2.2.bn2.weight ...
2021-12-01 22:34:20.364 | INFO     | __main__:convert_model:118 - Skipping layer2.2.bn2.bias ...
2021-12-01 22:34:20.364 | INFO     | __main__:convert_model:132 - Converting layer2.2.conv3.weight ...
2021-12-01 22:34:21.692 | INFO     | __main__:convert_model:118 - Skipping layer2.2.bn3.weight ...
2021-12-01 22:34:21.692 | INFO     | __main__:convert_model:118 - Skipping layer2.2.bn3.bias ...
2021-12-01 22:34:21.693 | INFO     | __main__:convert_model:132 - Converting layer2.3.conv1.weight ...
2021-12-01 22:34:23.019 | INFO     | __main__:convert_model:118 - Skipping layer2.3.bn1.weight ...
2021-12-01 22:34:23.019 | INFO     | __main__:convert_model:118 - Skipping layer2.3.bn1.bias ...
2021-12-01 22:34:23.019 | INFO     | __main__:convert_model:132 - Converting layer2.3.conv2.weight ...
2021-12-01 22:34:26.417 | INFO     | __main__:convert_model:118 - Skipping layer2.3.bn2.weight ...
2021-12-01 22:34:26.417 | INFO     | __main__:convert_model:118 - Skipping layer2.3.bn2.bias ...
2021-12-01 22:34:26.417 | INFO     | __main__:convert_model:132 - Converting layer2.3.conv3.weight ...
2021-12-01 22:34:27.752 | INFO     | __main__:convert_model:118 - Skipping layer2.3.bn3.weight ...
2021-12-01 22:34:27.752 | INFO     | __main__:convert_model:118 - Skipping layer2.3.bn3.bias ...
2021-12-01 22:34:27.752 | INFO     | __main__:convert_model:132 - Converting layer3.0.conv1.weight ...
2021-12-01 22:34:30.405 | INFO     | __main__:convert_model:118 - Skipping layer3.0.bn1.weight ...
2021-12-01 22:34:30.405 | INFO     | __main__:convert_model:118 - Skipping layer3.0.bn1.bias ...
2021-12-01 22:34:30.405 | INFO     | __main__:convert_model:132 - Converting layer3.0.conv2.weight ...
2021-12-01 22:34:42.781 | INFO     | __main__:convert_model:118 - Skipping layer3.0.bn2.weight ...
2021-12-01 22:34:42.781 | INFO     | __main__:convert_model:118 - Skipping layer3.0.bn2.bias ...
2021-12-01 22:34:42.781 | INFO     | __main__:convert_model:132 - Converting layer3.0.conv3.weight ...
2021-12-01 22:34:48.087 | INFO     | __main__:convert_model:118 - Skipping layer3.0.bn3.weight ...
2021-12-01 22:34:48.087 | INFO     | __main__:convert_model:118 - Skipping layer3.0.bn3.bias ...
2021-12-01 22:34:48.087 | INFO     | __main__:convert_model:118 - Skipping layer3.0.downsample.0.weight ...
2021-12-01 22:34:48.087 | INFO     | __main__:convert_model:118 - Skipping layer3.0.downsample.1.weight ...
2021-12-01 22:34:48.088 | INFO     | __main__:convert_model:118 - Skipping layer3.0.downsample.1.bias ...
2021-12-01 22:34:48.088 | INFO     | __main__:convert_model:132 - Converting layer3.1.conv1.weight ...
2021-12-01 22:34:53.607 | INFO     | __main__:convert_model:118 - Skipping layer3.1.bn1.weight ...
2021-12-01 22:34:53.607 | INFO     | __main__:convert_model:118 - Skipping layer3.1.bn1.bias ...
2021-12-01 22:34:53.607 | INFO     | __main__:convert_model:132 - Converting layer3.1.conv2.weight ...
2021-12-01 22:35:05.937 | INFO     | __main__:convert_model:118 - Skipping layer3.1.bn2.weight ...
2021-12-01 22:35:05.937 | INFO     | __main__:convert_model:118 - Skipping layer3.1.bn2.bias ...
2021-12-01 22:35:05.937 | INFO     | __main__:convert_model:132 - Converting layer3.1.conv3.weight ...
2021-12-01 22:35:11.253 | INFO     | __main__:convert_model:118 - Skipping layer3.1.bn3.weight ...
2021-12-01 22:35:11.253 | INFO     | __main__:convert_model:118 - Skipping layer3.1.bn3.bias ...
2021-12-01 22:35:11.253 | INFO     | __main__:convert_model:132 - Converting layer3.2.conv1.weight ...
2021-12-01 22:35:16.966 | INFO     | __main__:convert_model:118 - Skipping layer3.2.bn1.weight ...
2021-12-01 22:35:16.966 | INFO     | __main__:convert_model:118 - Skipping layer3.2.bn1.bias ...
2021-12-01 22:35:16.967 | INFO     | __main__:convert_model:132 - Converting layer3.2.conv2.weight ...
2021-12-01 22:35:29.298 | INFO     | __main__:convert_model:118 - Skipping layer3.2.bn2.weight ...
2021-12-01 22:35:29.298 | INFO     | __main__:convert_model:118 - Skipping layer3.2.bn2.bias ...
2021-12-01 22:35:29.298 | INFO     | __main__:convert_model:132 - Converting layer3.2.conv3.weight ...
2021-12-01 22:35:34.600 | INFO     | __main__:convert_model:118 - Skipping layer3.2.bn3.weight ...
2021-12-01 22:35:34.600 | INFO     | __main__:convert_model:118 - Skipping layer3.2.bn3.bias ...
2021-12-01 22:35:34.601 | INFO     | __main__:convert_model:132 - Converting layer3.3.conv1.weight ...
2021-12-01 22:35:40.311 | INFO     | __main__:convert_model:118 - Skipping layer3.3.bn1.weight ...
2021-12-01 22:35:40.311 | INFO     | __main__:convert_model:118 - Skipping layer3.3.bn1.bias ...
2021-12-01 22:35:40.311 | INFO     | __main__:convert_model:132 - Converting layer3.3.conv2.weight ...
2021-12-01 22:35:52.452 | INFO     | __main__:convert_model:118 - Skipping layer3.3.bn2.weight ...
2021-12-01 22:35:52.452 | INFO     | __main__:convert_model:118 - Skipping layer3.3.bn2.bias ...
2021-12-01 22:35:52.452 | INFO     | __main__:convert_model:132 - Converting layer3.3.conv3.weight ...
2021-12-01 22:35:57.780 | INFO     | __main__:convert_model:118 - Skipping layer3.3.bn3.weight ...
2021-12-01 22:35:57.781 | INFO     | __main__:convert_model:118 - Skipping layer3.3.bn3.bias ...
2021-12-01 22:35:57.781 | INFO     | __main__:convert_model:132 - Converting layer3.4.conv1.weight ...
2021-12-01 22:36:03.501 | INFO     | __main__:convert_model:118 - Skipping layer3.4.bn1.weight ...
2021-12-01 22:36:03.501 | INFO     | __main__:convert_model:118 - Skipping layer3.4.bn1.bias ...
2021-12-01 22:36:03.501 | INFO     | __main__:convert_model:132 - Converting layer3.4.conv2.weight ...
2021-12-01 22:36:15.885 | INFO     | __main__:convert_model:118 - Skipping layer3.4.bn2.weight ...
2021-12-01 22:36:15.885 | INFO     | __main__:convert_model:118 - Skipping layer3.4.bn2.bias ...
2021-12-01 22:36:15.885 | INFO     | __main__:convert_model:132 - Converting layer3.4.conv3.weight ...
2021-12-01 22:36:21.206 | INFO     | __main__:convert_model:118 - Skipping layer3.4.bn3.weight ...
2021-12-01 22:36:21.206 | INFO     | __main__:convert_model:118 - Skipping layer3.4.bn3.bias ...
2021-12-01 22:36:21.207 | INFO     | __main__:convert_model:132 - Converting layer3.5.conv1.weight ...
2021-12-01 22:36:26.916 | INFO     | __main__:convert_model:118 - Skipping layer3.5.bn1.weight ...
2021-12-01 22:36:26.916 | INFO     | __main__:convert_model:118 - Skipping layer3.5.bn1.bias ...
2021-12-01 22:36:26.916 | INFO     | __main__:convert_model:132 - Converting layer3.5.conv2.weight ...
2021-12-01 22:36:39.272 | INFO     | __main__:convert_model:118 - Skipping layer3.5.bn2.weight ...
2021-12-01 22:36:39.272 | INFO     | __main__:convert_model:118 - Skipping layer3.5.bn2.bias ...
2021-12-01 22:36:39.273 | INFO     | __main__:convert_model:132 - Converting layer3.5.conv3.weight ...
2021-12-01 22:36:44.591 | INFO     | __main__:convert_model:118 - Skipping layer3.5.bn3.weight ...
2021-12-01 22:36:44.591 | INFO     | __main__:convert_model:118 - Skipping layer3.5.bn3.bias ...
2021-12-01 22:36:44.591 | INFO     | __main__:convert_model:132 - Converting layer4.0.conv1.weight ...
2021-12-01 22:36:55.654 | INFO     | __main__:convert_model:118 - Skipping layer4.0.bn1.weight ...
2021-12-01 22:36:55.654 | INFO     | __main__:convert_model:118 - Skipping layer4.0.bn1.bias ...
2021-12-01 22:36:55.654 | INFO     | __main__:convert_model:132 - Converting layer4.0.conv2.weight ...
2021-12-01 22:37:45.007 | INFO     | __main__:convert_model:118 - Skipping layer4.0.bn2.weight ...
2021-12-01 22:37:45.008 | INFO     | __main__:convert_model:118 - Skipping layer4.0.bn2.bias ...
2021-12-01 22:37:45.008 | INFO     | __main__:convert_model:132 - Converting layer4.0.conv3.weight ...
2021-12-01 22:38:07.102 | INFO     | __main__:convert_model:118 - Skipping layer4.0.bn3.weight ...
2021-12-01 22:38:07.102 | INFO     | __main__:convert_model:118 - Skipping layer4.0.bn3.bias ...
2021-12-01 22:38:07.102 | INFO     | __main__:convert_model:118 - Skipping layer4.0.downsample.0.weight ...
2021-12-01 22:38:07.103 | INFO     | __main__:convert_model:118 - Skipping layer4.0.downsample.1.weight ...
2021-12-01 22:38:07.103 | INFO     | __main__:convert_model:118 - Skipping layer4.0.downsample.1.bias ...
2021-12-01 22:38:07.103 | INFO     | __main__:convert_model:132 - Converting layer4.1.conv1.weight ...
2021-12-01 22:38:29.123 | INFO     | __main__:convert_model:118 - Skipping layer4.1.bn1.weight ...
2021-12-01 22:38:29.123 | INFO     | __main__:convert_model:118 - Skipping layer4.1.bn1.bias ...
2021-12-01 22:38:29.123 | INFO     | __main__:convert_model:132 - Converting layer4.1.conv2.weight ...
2021-12-01 22:39:18.018 | INFO     | __main__:convert_model:118 - Skipping layer4.1.bn2.weight ...
2021-12-01 22:39:18.018 | INFO     | __main__:convert_model:118 - Skipping layer4.1.bn2.bias ...
2021-12-01 22:39:18.018 | INFO     | __main__:convert_model:132 - Converting layer4.1.conv3.weight ...
2021-12-01 22:39:40.032 | INFO     | __main__:convert_model:118 - Skipping layer4.1.bn3.weight ...
2021-12-01 22:39:40.032 | INFO     | __main__:convert_model:118 - Skipping layer4.1.bn3.bias ...
2021-12-01 22:39:40.032 | INFO     | __main__:convert_model:132 - Converting layer4.2.conv1.weight ...
2021-12-01 22:40:01.957 | INFO     | __main__:convert_model:118 - Skipping layer4.2.bn1.weight ...
2021-12-01 22:40:01.957 | INFO     | __main__:convert_model:118 - Skipping layer4.2.bn1.bias ...
2021-12-01 22:40:01.957 | INFO     | __main__:convert_model:132 - Converting layer4.2.conv2.weight ...
2021-12-01 22:40:51.507 | INFO     | __main__:convert_model:118 - Skipping layer4.2.bn2.weight ...
2021-12-01 22:40:51.507 | INFO     | __main__:convert_model:118 - Skipping layer4.2.bn2.bias ...
2021-12-01 22:40:51.508 | INFO     | __main__:convert_model:132 - Converting layer4.2.conv3.weight ...
2021-12-01 22:41:13.107 | INFO     | __main__:convert_model:118 - Skipping layer4.2.bn3.weight ...
2021-12-01 22:41:13.107 | INFO     | __main__:convert_model:118 - Skipping layer4.2.bn3.bias ...
2021-12-01 22:41:13.108 | INFO     | __main__:convert_model:132 - Converting fc.weight ...
2021-12-01 22:41:13.642 | INFO     | __main__:convert_model:127 - Converting fc.bias with group size: 10. (W.numel()(=10) < 64) ...
2021-12-01 22:41:13.683 | INFO     | __main__:main_worker:247 - Train Dir: data/imagenette2/train | Val Dir: data/imagenette2/val
2021-12-01 22:41:13.723 | INFO     | __main__:main_worker:272 - args.evaluate=True: Doing evaluation once, and exit
2021-12-01 22:41:14.647 | INFO     | __main__:display:449 - Test: [  0/123]	Time  0.923 ( 0.923)	Loss 3.1524e-01 (3.1524e-01)	Acc@1  90.62 ( 90.62)	Acc@5  93.75 ( 93.75)
2021-12-01 22:41:15.137 | INFO     | __main__:display:449 - Test: [ 10/123]	Time  0.145 ( 0.128)	Loss 4.4163e-01 (2.8939e-01)	Acc@1  84.38 ( 90.62)	Acc@5 100.00 ( 98.30)
2021-12-01 22:41:15.550 | INFO     | __main__:display:449 - Test: [ 20/123]	Time  0.037 ( 0.087)	Loss 5.7418e-01 (4.0240e-01)	Acc@1  78.12 ( 87.35)	Acc@5 100.00 ( 98.51)
2021-12-01 22:41:15.938 | INFO     | __main__:display:449 - Test: [ 30/123]	Time  0.038 ( 0.071)	Loss 6.0052e-01 (4.6389e-01)	Acc@1  84.38 ( 85.58)	Acc@5  96.88 ( 98.19)
2021-12-01 22:41:16.314 | INFO     | __main__:display:449 - Test: [ 40/123]	Time  0.037 ( 0.063)	Loss 1.0694e+00 (5.0975e-01)	Acc@1  62.50 ( 84.30)	Acc@5 100.00 ( 98.17)
2021-12-01 22:41:16.715 | INFO     | __main__:display:449 - Test: [ 50/123]	Time  0.038 ( 0.059)	Loss 4.5976e-01 (5.2870e-01)	Acc@1  84.38 ( 83.39)	Acc@5  96.88 ( 98.35)
2021-12-01 22:41:17.228 | INFO     | __main__:display:449 - Test: [ 60/123]	Time  0.037 ( 0.057)	Loss 6.2720e-01 (4.8247e-01)	Acc@1  81.25 ( 84.94)	Acc@5  96.88 ( 98.46)
2021-12-01 22:41:17.675 | INFO     | __main__:display:449 - Test: [ 70/123]	Time  0.048 ( 0.056)	Loss 3.8000e-01 (5.0075e-01)	Acc@1  93.75 ( 84.07)	Acc@5 100.00 ( 98.50)
2021-12-01 22:41:18.236 | INFO     | __main__:display:449 - Test: [ 80/123]	Time  0.037 ( 0.056)	Loss 9.1129e-01 (4.9530e-01)	Acc@1  75.00 ( 84.03)	Acc@5 100.00 ( 98.61)
2021-12-01 22:41:18.706 | INFO     | __main__:display:449 - Test: [ 90/123]	Time  0.038 ( 0.055)	Loss 4.1212e-01 (5.1060e-01)	Acc@1  87.50 ( 83.41)	Acc@5 100.00 ( 98.70)
2021-12-01 22:41:19.279 | INFO     | __main__:display:449 - Test: [100/123]	Time  0.042 ( 0.055)	Loss 7.9057e-01 (5.5000e-01)	Acc@1  78.12 ( 82.21)	Acc@5 100.00 ( 98.55)
2021-12-01 22:41:19.667 | INFO     | __main__:display:449 - Test: [110/123]	Time  0.037 ( 0.054)	Loss 4.1193e-01 (5.5889e-01)	Acc@1  84.38 ( 81.84)	Acc@5 100.00 ( 98.56)
2021-12-01 22:41:20.199 | INFO     | __main__:display:449 - Test: [120/123]	Time  0.041 ( 0.054)	Loss 5.0275e-01 (5.5225e-01)	Acc@1  78.12 ( 82.18)	Acc@5  96.88 ( 98.48)
2021-12-01 22:41:20.509 | INFO     | __main__:display_summary:454 -  *   Acc@1 82.115 Acc@5 98.420
