2021-12-05 17:30:35.860 | INFO     | __main__:main:159 - Log into log/resnet18/zero_mantissa_to_closest_exponent/group_size:1/2021-12-05-17:30:35.log
2021-12-05 17:30:35.861 | INFO     | __main__:logger_args:80 - 
data      	data/imagenette
arch      	resnet18
replace_fc	torch.nn.Linear(512, 10)
change_model_weights	zero_mantissa_to_closest_exponent
change_model_weights_during_training	None
model_weights_group_size	1
workers   	4
epochs    	90
start_epoch	0
batch_size	32
lr        	0.1
momentum  	0.9
weight_decay	0.0001
print_freq	10
resume    	model/resnet18:non-pretrained:batch_size=256/model_best.pth.tar
evaluate  	True
pretrained	False
seed      	None
gpu       	None
model_dir 	model/resnet18/zero_mantissa_to_closest_exponent/group_size:1
log_dir   	log/resnet18/zero_mantissa_to_closest_exponent/group_size:1
tensorboard	False

2021-12-05 17:30:35.861 | INFO     | __main__:main_worker:199 - Creating model 'resnet18'
2021-12-05 17:30:36.002 | WARNING  | __main__:main_worker:203 - Replacing model's last FC layer by torch.nn.Linear(512, 10)
2021-12-05 17:30:36.003 | INFO     | __main__:main_worker:205 - 
ResNet(
  (conv1): Conv2d(3, 64, kernel_size=(7, 7), stride=(2, 2), padding=(3, 3), bias=False)
  (bn1): BatchNorm2d(64, eps=1e-05, momentum=0.1, affine=True, track_running_stats=True)
  (relu): ReLU(inplace=True)
  (maxpool): MaxPool2d(kernel_size=3, stride=2, padding=1, dilation=1, ceil_mode=False)
  (layer1): Sequential(
    (0): BasicBlock(
      (conv1): Conv2d(64, 64, kernel_size=(3, 3), stride=(1, 1), padding=(1, 1), bias=False)
      (bn1): BatchNorm2d(64, eps=1e-05, momentum=0.1, affine=True, track_running_stats=True)
      (relu): ReLU(inplace=True)
      (conv2): Conv2d(64, 64, kernel_size=(3, 3), stride=(1, 1), padding=(1, 1), bias=False)
      (bn2): BatchNorm2d(64, eps=1e-05, momentum=0.1, affine=True, track_running_stats=True)
    )
    (1): BasicBlock(
      (conv1): Conv2d(64, 64, kernel_size=(3, 3), stride=(1, 1), padding=(1, 1), bias=False)
      (bn1): BatchNorm2d(64, eps=1e-05, momentum=0.1, affine=True, track_running_stats=True)
      (relu): ReLU(inplace=True)
      (conv2): Conv2d(64, 64, kernel_size=(3, 3), stride=(1, 1), padding=(1, 1), bias=False)
      (bn2): BatchNorm2d(64, eps=1e-05, momentum=0.1, affine=True, track_running_stats=True)
    )
  )
  (layer2): Sequential(
    (0): BasicBlock(
      (conv1): Conv2d(64, 128, kernel_size=(3, 3), stride=(2, 2), padding=(1, 1), bias=False)
      (bn1): BatchNorm2d(128, eps=1e-05, momentum=0.1, affine=True, track_running_stats=True)
      (relu): ReLU(inplace=True)
      (conv2): Conv2d(128, 128, kernel_size=(3, 3), stride=(1, 1), padding=(1, 1), bias=False)
      (bn2): BatchNorm2d(128, eps=1e-05, momentum=0.1, affine=True, track_running_stats=True)
      (downsample): Sequential(
        (0): Conv2d(64, 128, kernel_size=(1, 1), stride=(2, 2), bias=False)
        (1): BatchNorm2d(128, eps=1e-05, momentum=0.1, affine=True, track_running_stats=True)
      )
    )
    (1): BasicBlock(
      (conv1): Conv2d(128, 128, kernel_size=(3, 3), stride=(1, 1), padding=(1, 1), bias=False)
      (bn1): BatchNorm2d(128, eps=1e-05, momentum=0.1, affine=True, track_running_stats=True)
      (relu): ReLU(inplace=True)
      (conv2): Conv2d(128, 128, kernel_size=(3, 3), stride=(1, 1), padding=(1, 1), bias=False)
      (bn2): BatchNorm2d(128, eps=1e-05, momentum=0.1, affine=True, track_running_stats=True)
    )
  )
  (layer3): Sequential(
    (0): BasicBlock(
      (conv1): Conv2d(128, 256, kernel_size=(3, 3), stride=(2, 2), padding=(1, 1), bias=False)
      (bn1): BatchNorm2d(256, eps=1e-05, momentum=0.1, affine=True, track_running_stats=True)
      (relu): ReLU(inplace=True)
      (conv2): Conv2d(256, 256, kernel_size=(3, 3), stride=(1, 1), padding=(1, 1), bias=False)
      (bn2): BatchNorm2d(256, eps=1e-05, momentum=0.1, affine=True, track_running_stats=True)
      (downsample): Sequential(
        (0): Conv2d(128, 256, kernel_size=(1, 1), stride=(2, 2), bias=False)
        (1): BatchNorm2d(256, eps=1e-05, momentum=0.1, affine=True, track_running_stats=True)
      )
    )
    (1): BasicBlock(
      (conv1): Conv2d(256, 256, kernel_size=(3, 3), stride=(1, 1), padding=(1, 1), bias=False)
      (bn1): BatchNorm2d(256, eps=1e-05, momentum=0.1, affine=True, track_running_stats=True)
      (relu): ReLU(inplace=True)
      (conv2): Conv2d(256, 256, kernel_size=(3, 3), stride=(1, 1), padding=(1, 1), bias=False)
      (bn2): BatchNorm2d(256, eps=1e-05, momentum=0.1, affine=True, track_running_stats=True)
    )
  )
  (layer4): Sequential(
    (0): BasicBlock(
      (conv1): Conv2d(256, 512, kernel_size=(3, 3), stride=(2, 2), padding=(1, 1), bias=False)
      (bn1): BatchNorm2d(512, eps=1e-05, momentum=0.1, affine=True, track_running_stats=True)
      (relu): ReLU(inplace=True)
      (conv2): Conv2d(512, 512, kernel_size=(3, 3), stride=(1, 1), padding=(1, 1), bias=False)
      (bn2): BatchNorm2d(512, eps=1e-05, momentum=0.1, affine=True, track_running_stats=True)
      (downsample): Sequential(
        (0): Conv2d(256, 512, kernel_size=(1, 1), stride=(2, 2), bias=False)
        (1): BatchNorm2d(512, eps=1e-05, momentum=0.1, affine=True, track_running_stats=True)
      )
    )
    (1): BasicBlock(
      (conv1): Conv2d(512, 512, kernel_size=(3, 3), stride=(1, 1), padding=(1, 1), bias=False)
      (bn1): BatchNorm2d(512, eps=1e-05, momentum=0.1, affine=True, track_running_stats=True)
      (relu): ReLU(inplace=True)
      (conv2): Conv2d(512, 512, kernel_size=(3, 3), stride=(1, 1), padding=(1, 1), bias=False)
      (bn2): BatchNorm2d(512, eps=1e-05, momentum=0.1, affine=True, track_running_stats=True)
    )
  )
  (avgpool): AdaptiveAvgPool2d(output_size=(1, 1))
  (fc): Linear(in_features=512, out_features=10, bias=True)
)
2021-12-05 17:30:36.003 | WARNING  | __main__:main_worker:212 - Using CPU, this will be slow
2021-12-05 17:30:36.004 | INFO     | __main__:main_worker:233 - Loading checkpoint 'model/resnet18:non-pretrained:batch_size=256/model_best.pth.tar'
2021-12-05 17:30:36.064 | INFO     | __main__:main_worker:247 - Loaded checkpoint 'model/resnet18:non-pretrained:batch_size=256/model_best.pth.tar' (epoch 90)
2021-12-05 17:30:36.064 | WARNING  | __main__:main_worker:252 - Changing model's weights according to 'zero_mantissa_to_closest_exponent' with group size: 1
2021-12-05 17:30:36.065 | INFO     | __main__:convert_model:140 - Converting conv1.weight ...
2021-12-05 17:30:36.383 | INFO     | __main__:convert_model:124 - Skipping bn1.weight ...
2021-12-05 17:30:36.383 | INFO     | __main__:convert_model:124 - Skipping bn1.bias ...
2021-12-05 17:30:36.384 | INFO     | __main__:convert_model:140 - Converting layer1.0.conv1.weight ...
2021-12-05 17:30:38.350 | INFO     | __main__:convert_model:124 - Skipping layer1.0.bn1.weight ...
2021-12-05 17:30:38.351 | INFO     | __main__:convert_model:124 - Skipping layer1.0.bn1.bias ...
2021-12-05 17:30:38.352 | INFO     | __main__:convert_model:140 - Converting layer1.0.conv2.weight ...
2021-12-05 17:30:39.531 | INFO     | __main__:convert_model:124 - Skipping layer1.0.bn2.weight ...
2021-12-05 17:30:39.532 | INFO     | __main__:convert_model:124 - Skipping layer1.0.bn2.bias ...
2021-12-05 17:30:39.532 | INFO     | __main__:convert_model:140 - Converting layer1.1.conv1.weight ...
2021-12-05 17:30:40.481 | INFO     | __main__:convert_model:124 - Skipping layer1.1.bn1.weight ...
2021-12-05 17:30:40.481 | INFO     | __main__:convert_model:124 - Skipping layer1.1.bn1.bias ...
2021-12-05 17:30:40.482 | INFO     | __main__:convert_model:140 - Converting layer1.1.conv2.weight ...
2021-12-05 17:30:41.320 | INFO     | __main__:convert_model:124 - Skipping layer1.1.bn2.weight ...
2021-12-05 17:30:41.320 | INFO     | __main__:convert_model:124 - Skipping layer1.1.bn2.bias ...
2021-12-05 17:30:41.321 | INFO     | __main__:convert_model:140 - Converting layer2.0.conv1.weight ...
2021-12-05 17:30:43.241 | INFO     | __main__:convert_model:124 - Skipping layer2.0.bn1.weight ...
2021-12-05 17:30:43.242 | INFO     | __main__:convert_model:124 - Skipping layer2.0.bn1.bias ...
2021-12-05 17:30:43.242 | INFO     | __main__:convert_model:140 - Converting layer2.0.conv2.weight ...
2021-12-05 17:30:47.391 | INFO     | __main__:convert_model:124 - Skipping layer2.0.bn2.weight ...
2021-12-05 17:30:47.391 | INFO     | __main__:convert_model:124 - Skipping layer2.0.bn2.bias ...
2021-12-05 17:30:47.391 | INFO     | __main__:convert_model:124 - Skipping layer2.0.downsample.0.weight ...
2021-12-05 17:30:47.392 | INFO     | __main__:convert_model:124 - Skipping layer2.0.downsample.1.weight ...
2021-12-05 17:30:47.392 | INFO     | __main__:convert_model:124 - Skipping layer2.0.downsample.1.bias ...
2021-12-05 17:30:47.392 | INFO     | __main__:convert_model:140 - Converting layer2.1.conv1.weight ...
2021-12-05 17:30:50.627 | INFO     | __main__:convert_model:124 - Skipping layer2.1.bn1.weight ...
2021-12-05 17:30:50.628 | INFO     | __main__:convert_model:124 - Skipping layer2.1.bn1.bias ...
2021-12-05 17:30:50.628 | INFO     | __main__:convert_model:140 - Converting layer2.1.conv2.weight ...
2021-12-05 17:30:53.803 | INFO     | __main__:convert_model:124 - Skipping layer2.1.bn2.weight ...
2021-12-05 17:30:53.804 | INFO     | __main__:convert_model:124 - Skipping layer2.1.bn2.bias ...
2021-12-05 17:30:53.804 | INFO     | __main__:convert_model:140 - Converting layer3.0.conv1.weight ...
2021-12-05 17:31:02.121 | INFO     | __main__:convert_model:124 - Skipping layer3.0.bn1.weight ...
2021-12-05 17:31:02.121 | INFO     | __main__:convert_model:124 - Skipping layer3.0.bn1.bias ...
2021-12-05 17:31:02.122 | INFO     | __main__:convert_model:140 - Converting layer3.0.conv2.weight ...
2021-12-05 17:31:17.142 | INFO     | __main__:convert_model:124 - Skipping layer3.0.bn2.weight ...
2021-12-05 17:31:17.143 | INFO     | __main__:convert_model:124 - Skipping layer3.0.bn2.bias ...
2021-12-05 17:31:17.144 | INFO     | __main__:convert_model:124 - Skipping layer3.0.downsample.0.weight ...
2021-12-05 17:31:17.144 | INFO     | __main__:convert_model:124 - Skipping layer3.0.downsample.1.weight ...
2021-12-05 17:31:17.144 | INFO     | __main__:convert_model:124 - Skipping layer3.0.downsample.1.bias ...
2021-12-05 17:31:17.144 | INFO     | __main__:convert_model:140 - Converting layer3.1.conv1.weight ...
2021-12-05 17:31:29.251 | INFO     | __main__:convert_model:124 - Skipping layer3.1.bn1.weight ...
2021-12-05 17:31:29.251 | INFO     | __main__:convert_model:124 - Skipping layer3.1.bn1.bias ...
2021-12-05 17:31:29.251 | INFO     | __main__:convert_model:140 - Converting layer3.1.conv2.weight ...
2021-12-05 17:31:41.033 | INFO     | __main__:convert_model:124 - Skipping layer3.1.bn2.weight ...
2021-12-05 17:31:41.034 | INFO     | __main__:convert_model:124 - Skipping layer3.1.bn2.bias ...
2021-12-05 17:31:41.034 | INFO     | __main__:convert_model:140 - Converting layer4.0.conv1.weight ...
2021-12-05 17:32:04.405 | INFO     | __main__:convert_model:124 - Skipping layer4.0.bn1.weight ...
2021-12-05 17:32:04.406 | INFO     | __main__:convert_model:124 - Skipping layer4.0.bn1.bias ...
2021-12-05 17:32:04.406 | INFO     | __main__:convert_model:140 - Converting layer4.0.conv2.weight ...
2021-12-05 17:32:52.719 | INFO     | __main__:convert_model:124 - Skipping layer4.0.bn2.weight ...
2021-12-05 17:32:52.719 | INFO     | __main__:convert_model:124 - Skipping layer4.0.bn2.bias ...
2021-12-05 17:32:52.720 | INFO     | __main__:convert_model:124 - Skipping layer4.0.downsample.0.weight ...
2021-12-05 17:32:52.720 | INFO     | __main__:convert_model:124 - Skipping layer4.0.downsample.1.weight ...
2021-12-05 17:32:52.720 | INFO     | __main__:convert_model:124 - Skipping layer4.0.downsample.1.bias ...
2021-12-05 17:32:52.720 | INFO     | __main__:convert_model:140 - Converting layer4.1.conv1.weight ...
2021-12-05 17:33:41.332 | INFO     | __main__:convert_model:124 - Skipping layer4.1.bn1.weight ...
2021-12-05 17:33:41.333 | INFO     | __main__:convert_model:124 - Skipping layer4.1.bn1.bias ...
2021-12-05 17:33:41.333 | INFO     | __main__:convert_model:140 - Converting layer4.1.conv2.weight ...
2021-12-05 17:34:31.175 | INFO     | __main__:convert_model:124 - Skipping layer4.1.bn2.weight ...
2021-12-05 17:34:31.176 | INFO     | __main__:convert_model:124 - Skipping layer4.1.bn2.bias ...
2021-12-05 17:34:31.176 | INFO     | __main__:convert_model:140 - Converting fc.weight ...
2021-12-05 17:34:31.310 | INFO     | __main__:convert_model:140 - Converting fc.bias ...
2021-12-05 17:34:31.312 | INFO     | __main__:main_worker:266 - Train Dir: data/imagenette/train | Val Dir: data/imagenette/val
2021-12-05 17:34:31.351 | INFO     | __main__:main_worker:291 - args.evaluate=True: Doing evaluation once, and exit
2021-12-05 17:34:32.693 | INFO     | __main__:display:483 - Test: [  0/123]	Time  1.340 ( 1.340)	Loss 3.5711e-01 (3.5711e-01)	Acc@1  93.75 ( 93.75)	Acc@5  93.75 ( 93.75)
2021-12-05 17:34:41.780 | INFO     | __main__:display:483 - Test: [ 10/123]	Time  0.777 ( 0.948)	Loss 3.9611e-01 (2.4308e-01)	Acc@1  87.50 ( 92.05)	Acc@5  96.88 ( 98.86)
2021-12-05 17:34:50.105 | INFO     | __main__:display:483 - Test: [ 20/123]	Time  0.768 ( 0.893)	Loss 3.0279e-01 (2.3786e-01)	Acc@1  90.62 ( 91.82)	Acc@5  96.88 ( 98.96)
2021-12-05 17:34:58.022 | INFO     | __main__:display:483 - Test: [ 30/123]	Time  0.779 ( 0.860)	Loss 5.7245e-01 (2.8922e-01)	Acc@1  87.50 ( 90.32)	Acc@5  96.88 ( 99.09)
2021-12-05 17:35:06.802 | INFO     | __main__:display:483 - Test: [ 40/123]	Time  0.926 ( 0.865)	Loss 5.3221e-01 (3.4269e-01)	Acc@1  81.25 ( 88.80)	Acc@5 100.00 ( 99.09)
2021-12-05 17:35:15.377 | INFO     | __main__:display:483 - Test: [ 50/123]	Time  0.779 ( 0.863)	Loss 6.3289e-01 (3.8235e-01)	Acc@1  84.38 ( 87.50)	Acc@5  96.88 ( 99.14)
2021-12-05 17:35:23.986 | INFO     | __main__:display:483 - Test: [ 60/123]	Time  0.807 ( 0.863)	Loss 5.7174e-01 (3.6514e-01)	Acc@1  90.62 ( 88.06)	Acc@5  96.88 ( 99.08)
2021-12-05 17:35:37.362 | INFO     | __main__:display:483 - Test: [ 70/123]	Time  0.794 ( 0.930)	Loss 3.0589e-01 (3.7848e-01)	Acc@1  87.50 ( 87.63)	Acc@5 100.00 ( 99.03)
2021-12-05 17:35:46.016 | INFO     | __main__:display:483 - Test: [ 80/123]	Time  0.825 ( 0.922)	Loss 6.5175e-01 (3.7832e-01)	Acc@1  81.25 ( 87.69)	Acc@5 100.00 ( 99.07)
2021-12-05 17:35:57.527 | INFO     | __main__:display:483 - Test: [ 90/123]	Time  0.943 ( 0.947)	Loss 4.5267e-01 (3.9214e-01)	Acc@1  87.50 ( 87.23)	Acc@5 100.00 ( 99.04)
2021-12-05 17:36:06.288 | INFO     | __main__:display:483 - Test: [100/123]	Time  0.934 ( 0.940)	Loss 7.1030e-01 (4.2133e-01)	Acc@1  78.12 ( 86.32)	Acc@5  96.88 ( 98.82)
2021-12-05 17:36:15.768 | INFO     | __main__:display:483 - Test: [110/123]	Time  0.866 ( 0.941)	Loss 2.7830e-01 (4.2432e-01)	Acc@1  87.50 ( 86.26)	Acc@5 100.00 ( 98.79)
2021-12-05 17:36:25.598 | INFO     | __main__:display:483 - Test: [120/123]	Time  0.877 ( 0.944)	Loss 3.2262e-01 (4.1757e-01)	Acc@1  87.50 ( 86.52)	Acc@5  96.88 ( 98.71)
2021-12-05 17:36:26.913 | INFO     | __main__:display_summary:488 -  *   Acc@1 86.497 Acc@5 98.675
