2021-12-05 15:13:12.987 | INFO     | __main__:main:159 - Log into log/resnet18/zero_mantissa_to_closest_exponent/group_size:128/2021-12-05-15:13:12.log
2021-12-05 15:13:12.987 | INFO     | __main__:logger_args:80 - 
data      	data/imagenette
arch      	resnet18
replace_fc	torch.nn.Linear(512, 10)
change_model_weights	zero_mantissa_to_closest_exponent
change_model_weights_during_training	None
model_weights_group_size	128
workers   	4
epochs    	90
start_epoch	0
batch_size	32
lr        	0.1
momentum  	0.9
weight_decay	0.0001
print_freq	10
resume    	model/resnet18/model_best.pth.tar
evaluate  	True
pretrained	True
seed      	None
gpu       	None
model_dir 	model/resnet18/zero_mantissa_to_closest_exponent/group_size:128
log_dir   	log/resnet18/zero_mantissa_to_closest_exponent/group_size:128
tensorboard	False

2021-12-05 15:13:12.987 | INFO     | __main__:main_worker:196 - Using pre-trained model 'resnet18'
2021-12-05 15:13:13.188 | WARNING  | __main__:main_worker:203 - Replacing model's last FC layer by torch.nn.Linear(512, 10)
2021-12-05 15:13:13.189 | INFO     | __main__:main_worker:205 - 
ResNet(
  (conv1): Conv2d(3, 64, kernel_size=(7, 7), stride=(2, 2), padding=(3, 3), bias=False)
  (bn1): BatchNorm2d(64, eps=1e-05, momentum=0.1, affine=True, track_running_stats=True)
  (relu): ReLU(inplace=True)
  (maxpool): MaxPool2d(kernel_size=3, stride=2, padding=1, dilation=1, ceil_mode=False)
  (layer1): Sequential(
    (0): BasicBlock(
      (conv1): Conv2d(64, 64, kernel_size=(3, 3), stride=(1, 1), padding=(1, 1), bias=False)
      (bn1): BatchNorm2d(64, eps=1e-05, momentum=0.1, affine=True, track_running_stats=True)
      (relu): ReLU(inplace=True)
      (conv2): Conv2d(64, 64, kernel_size=(3, 3), stride=(1, 1), padding=(1, 1), bias=False)
      (bn2): BatchNorm2d(64, eps=1e-05, momentum=0.1, affine=True, track_running_stats=True)
    )
    (1): BasicBlock(
      (conv1): Conv2d(64, 64, kernel_size=(3, 3), stride=(1, 1), padding=(1, 1), bias=False)
      (bn1): BatchNorm2d(64, eps=1e-05, momentum=0.1, affine=True, track_running_stats=True)
      (relu): ReLU(inplace=True)
      (conv2): Conv2d(64, 64, kernel_size=(3, 3), stride=(1, 1), padding=(1, 1), bias=False)
      (bn2): BatchNorm2d(64, eps=1e-05, momentum=0.1, affine=True, track_running_stats=True)
    )
  )
  (layer2): Sequential(
    (0): BasicBlock(
      (conv1): Conv2d(64, 128, kernel_size=(3, 3), stride=(2, 2), padding=(1, 1), bias=False)
      (bn1): BatchNorm2d(128, eps=1e-05, momentum=0.1, affine=True, track_running_stats=True)
      (relu): ReLU(inplace=True)
      (conv2): Conv2d(128, 128, kernel_size=(3, 3), stride=(1, 1), padding=(1, 1), bias=False)
      (bn2): BatchNorm2d(128, eps=1e-05, momentum=0.1, affine=True, track_running_stats=True)
      (downsample): Sequential(
        (0): Conv2d(64, 128, kernel_size=(1, 1), stride=(2, 2), bias=False)
        (1): BatchNorm2d(128, eps=1e-05, momentum=0.1, affine=True, track_running_stats=True)
      )
    )
    (1): BasicBlock(
      (conv1): Conv2d(128, 128, kernel_size=(3, 3), stride=(1, 1), padding=(1, 1), bias=False)
      (bn1): BatchNorm2d(128, eps=1e-05, momentum=0.1, affine=True, track_running_stats=True)
      (relu): ReLU(inplace=True)
      (conv2): Conv2d(128, 128, kernel_size=(3, 3), stride=(1, 1), padding=(1, 1), bias=False)
      (bn2): BatchNorm2d(128, eps=1e-05, momentum=0.1, affine=True, track_running_stats=True)
    )
  )
  (layer3): Sequential(
    (0): BasicBlock(
      (conv1): Conv2d(128, 256, kernel_size=(3, 3), stride=(2, 2), padding=(1, 1), bias=False)
      (bn1): BatchNorm2d(256, eps=1e-05, momentum=0.1, affine=True, track_running_stats=True)
      (relu): ReLU(inplace=True)
      (conv2): Conv2d(256, 256, kernel_size=(3, 3), stride=(1, 1), padding=(1, 1), bias=False)
      (bn2): BatchNorm2d(256, eps=1e-05, momentum=0.1, affine=True, track_running_stats=True)
      (downsample): Sequential(
        (0): Conv2d(128, 256, kernel_size=(1, 1), stride=(2, 2), bias=False)
        (1): BatchNorm2d(256, eps=1e-05, momentum=0.1, affine=True, track_running_stats=True)
      )
    )
    (1): BasicBlock(
      (conv1): Conv2d(256, 256, kernel_size=(3, 3), stride=(1, 1), padding=(1, 1), bias=False)
      (bn1): BatchNorm2d(256, eps=1e-05, momentum=0.1, affine=True, track_running_stats=True)
      (relu): ReLU(inplace=True)
      (conv2): Conv2d(256, 256, kernel_size=(3, 3), stride=(1, 1), padding=(1, 1), bias=False)
      (bn2): BatchNorm2d(256, eps=1e-05, momentum=0.1, affine=True, track_running_stats=True)
    )
  )
  (layer4): Sequential(
    (0): BasicBlock(
      (conv1): Conv2d(256, 512, kernel_size=(3, 3), stride=(2, 2), padding=(1, 1), bias=False)
      (bn1): BatchNorm2d(512, eps=1e-05, momentum=0.1, affine=True, track_running_stats=True)
      (relu): ReLU(inplace=True)
      (conv2): Conv2d(512, 512, kernel_size=(3, 3), stride=(1, 1), padding=(1, 1), bias=False)
      (bn2): BatchNorm2d(512, eps=1e-05, momentum=0.1, affine=True, track_running_stats=True)
      (downsample): Sequential(
        (0): Conv2d(256, 512, kernel_size=(1, 1), stride=(2, 2), bias=False)
        (1): BatchNorm2d(512, eps=1e-05, momentum=0.1, affine=True, track_running_stats=True)
      )
    )
    (1): BasicBlock(
      (conv1): Conv2d(512, 512, kernel_size=(3, 3), stride=(1, 1), padding=(1, 1), bias=False)
      (bn1): BatchNorm2d(512, eps=1e-05, momentum=0.1, affine=True, track_running_stats=True)
      (relu): ReLU(inplace=True)
      (conv2): Conv2d(512, 512, kernel_size=(3, 3), stride=(1, 1), padding=(1, 1), bias=False)
      (bn2): BatchNorm2d(512, eps=1e-05, momentum=0.1, affine=True, track_running_stats=True)
    )
  )
  (avgpool): AdaptiveAvgPool2d(output_size=(1, 1))
  (fc): Linear(in_features=512, out_features=10, bias=True)
)
2021-12-05 15:13:13.190 | WARNING  | __main__:main_worker:212 - Using CPU, this will be slow
2021-12-05 15:13:13.190 | INFO     | __main__:main_worker:233 - Loading checkpoint 'model/resnet18/model_best.pth.tar'
2021-12-05 15:13:13.252 | INFO     | __main__:main_worker:247 - Loaded checkpoint 'model/resnet18/model_best.pth.tar' (epoch 95)
2021-12-05 15:13:13.252 | WARNING  | __main__:main_worker:252 - Changing model's weights according to 'zero_mantissa_to_closest_exponent' with group size: 128
2021-12-05 15:13:13.253 | INFO     | __main__:convert_model:140 - Converting conv1.weight ...
2021-12-05 15:13:13.727 | INFO     | __main__:convert_model:124 - Skipping bn1.weight ...
2021-12-05 15:13:13.728 | INFO     | __main__:convert_model:124 - Skipping bn1.bias ...
2021-12-05 15:13:13.729 | INFO     | __main__:convert_model:140 - Converting layer1.0.conv1.weight ...
2021-12-05 15:13:15.145 | INFO     | __main__:convert_model:124 - Skipping layer1.0.bn1.weight ...
2021-12-05 15:13:15.146 | INFO     | __main__:convert_model:124 - Skipping layer1.0.bn1.bias ...
2021-12-05 15:13:15.146 | INFO     | __main__:convert_model:140 - Converting layer1.0.conv2.weight ...
2021-12-05 15:13:16.448 | INFO     | __main__:convert_model:124 - Skipping layer1.0.bn2.weight ...
2021-12-05 15:13:16.449 | INFO     | __main__:convert_model:124 - Skipping layer1.0.bn2.bias ...
2021-12-05 15:13:16.452 | INFO     | __main__:convert_model:140 - Converting layer1.1.conv1.weight ...
2021-12-05 15:13:17.447 | INFO     | __main__:convert_model:124 - Skipping layer1.1.bn1.weight ...
2021-12-05 15:13:17.447 | INFO     | __main__:convert_model:124 - Skipping layer1.1.bn1.bias ...
2021-12-05 15:13:17.447 | INFO     | __main__:convert_model:140 - Converting layer1.1.conv2.weight ...
2021-12-05 15:13:18.248 | INFO     | __main__:convert_model:124 - Skipping layer1.1.bn2.weight ...
2021-12-05 15:13:18.249 | INFO     | __main__:convert_model:124 - Skipping layer1.1.bn2.bias ...
2021-12-05 15:13:18.249 | INFO     | __main__:convert_model:140 - Converting layer2.0.conv1.weight ...
2021-12-05 15:13:19.925 | INFO     | __main__:convert_model:124 - Skipping layer2.0.bn1.weight ...
2021-12-05 15:13:19.926 | INFO     | __main__:convert_model:124 - Skipping layer2.0.bn1.bias ...
2021-12-05 15:13:19.926 | INFO     | __main__:convert_model:140 - Converting layer2.0.conv2.weight ...
2021-12-05 15:13:23.129 | INFO     | __main__:convert_model:124 - Skipping layer2.0.bn2.weight ...
2021-12-05 15:13:23.130 | INFO     | __main__:convert_model:124 - Skipping layer2.0.bn2.bias ...
2021-12-05 15:13:23.130 | INFO     | __main__:convert_model:124 - Skipping layer2.0.downsample.0.weight ...
2021-12-05 15:13:23.130 | INFO     | __main__:convert_model:124 - Skipping layer2.0.downsample.1.weight ...
2021-12-05 15:13:23.130 | INFO     | __main__:convert_model:124 - Skipping layer2.0.downsample.1.bias ...
2021-12-05 15:13:23.131 | INFO     | __main__:convert_model:140 - Converting layer2.1.conv1.weight ...
2021-12-05 15:13:26.989 | INFO     | __main__:convert_model:124 - Skipping layer2.1.bn1.weight ...
2021-12-05 15:13:26.989 | INFO     | __main__:convert_model:124 - Skipping layer2.1.bn1.bias ...
2021-12-05 15:13:26.990 | INFO     | __main__:convert_model:140 - Converting layer2.1.conv2.weight ...
2021-12-05 15:13:30.396 | INFO     | __main__:convert_model:124 - Skipping layer2.1.bn2.weight ...
2021-12-05 15:13:30.397 | INFO     | __main__:convert_model:124 - Skipping layer2.1.bn2.bias ...
2021-12-05 15:13:30.397 | INFO     | __main__:convert_model:140 - Converting layer3.0.conv1.weight ...
2021-12-05 15:13:36.323 | INFO     | __main__:convert_model:124 - Skipping layer3.0.bn1.weight ...
2021-12-05 15:13:36.323 | INFO     | __main__:convert_model:124 - Skipping layer3.0.bn1.bias ...
2021-12-05 15:13:36.323 | INFO     | __main__:convert_model:140 - Converting layer3.0.conv2.weight ...
2021-12-05 15:13:48.157 | INFO     | __main__:convert_model:124 - Skipping layer3.0.bn2.weight ...
2021-12-05 15:13:48.158 | INFO     | __main__:convert_model:124 - Skipping layer3.0.bn2.bias ...
2021-12-05 15:13:48.158 | INFO     | __main__:convert_model:124 - Skipping layer3.0.downsample.0.weight ...
2021-12-05 15:13:48.158 | INFO     | __main__:convert_model:124 - Skipping layer3.0.downsample.1.weight ...
2021-12-05 15:13:48.158 | INFO     | __main__:convert_model:124 - Skipping layer3.0.downsample.1.bias ...
2021-12-05 15:13:48.158 | INFO     | __main__:convert_model:140 - Converting layer3.1.conv1.weight ...
2021-12-05 15:14:00.566 | INFO     | __main__:convert_model:124 - Skipping layer3.1.bn1.weight ...
2021-12-05 15:14:00.566 | INFO     | __main__:convert_model:124 - Skipping layer3.1.bn1.bias ...
2021-12-05 15:14:00.567 | INFO     | __main__:convert_model:140 - Converting layer3.1.conv2.weight ...
2021-12-05 15:14:12.793 | INFO     | __main__:convert_model:124 - Skipping layer3.1.bn2.weight ...
2021-12-05 15:14:12.794 | INFO     | __main__:convert_model:124 - Skipping layer3.1.bn2.bias ...
2021-12-05 15:14:12.794 | INFO     | __main__:convert_model:140 - Converting layer4.0.conv1.weight ...
2021-12-05 15:14:37.014 | INFO     | __main__:convert_model:124 - Skipping layer4.0.bn1.weight ...
2021-12-05 15:14:37.014 | INFO     | __main__:convert_model:124 - Skipping layer4.0.bn1.bias ...
2021-12-05 15:14:37.014 | INFO     | __main__:convert_model:140 - Converting layer4.0.conv2.weight ...
2021-12-05 15:15:25.756 | INFO     | __main__:convert_model:124 - Skipping layer4.0.bn2.weight ...
2021-12-05 15:15:25.756 | INFO     | __main__:convert_model:124 - Skipping layer4.0.bn2.bias ...
2021-12-05 15:15:25.756 | INFO     | __main__:convert_model:124 - Skipping layer4.0.downsample.0.weight ...
2021-12-05 15:15:25.756 | INFO     | __main__:convert_model:124 - Skipping layer4.0.downsample.1.weight ...
2021-12-05 15:15:25.756 | INFO     | __main__:convert_model:124 - Skipping layer4.0.downsample.1.bias ...
2021-12-05 15:15:25.757 | INFO     | __main__:convert_model:140 - Converting layer4.1.conv1.weight ...
2021-12-05 15:16:15.339 | INFO     | __main__:convert_model:124 - Skipping layer4.1.bn1.weight ...
2021-12-05 15:16:15.339 | INFO     | __main__:convert_model:124 - Skipping layer4.1.bn1.bias ...
2021-12-05 15:16:15.339 | INFO     | __main__:convert_model:140 - Converting layer4.1.conv2.weight ...
2021-12-05 15:17:06.274 | INFO     | __main__:convert_model:124 - Skipping layer4.1.bn2.weight ...
2021-12-05 15:17:06.275 | INFO     | __main__:convert_model:124 - Skipping layer4.1.bn2.bias ...
2021-12-05 15:17:06.275 | INFO     | __main__:convert_model:140 - Converting fc.weight ...
2021-12-05 15:17:06.411 | INFO     | __main__:convert_model:134 - Converting fc.bias with group size: 10. (W.numel()(=10) < 128) ...
2021-12-05 15:17:06.413 | INFO     | __main__:main_worker:266 - Train Dir: data/imagenette/train | Val Dir: data/imagenette/val
2021-12-05 15:17:06.453 | INFO     | __main__:main_worker:291 - args.evaluate=True: Doing evaluation once, and exit
2021-12-05 15:17:07.968 | INFO     | __main__:display:483 - Test: [  0/123]	Time  1.515 ( 1.515)	Loss 3.7261e-01 (3.7261e-01)	Acc@1  93.75 ( 93.75)	Acc@5  96.88 ( 96.88)
2021-12-05 15:17:31.038 | INFO     | __main__:display:483 - Test: [ 10/123]	Time  0.693 ( 2.235)	Loss 5.5342e-01 (2.9703e-01)	Acc@1  84.38 ( 92.61)	Acc@5  93.75 ( 98.58)
2021-12-05 15:17:41.473 | INFO     | __main__:display:483 - Test: [ 20/123]	Time  1.656 ( 1.668)	Loss 5.7907e-01 (3.6907e-01)	Acc@1  84.38 ( 89.88)	Acc@5  93.75 ( 98.51)
2021-12-05 15:18:30.472 | INFO     | __main__:display:483 - Test: [ 30/123]	Time  0.913 ( 2.710)	Loss 5.9029e-01 (4.4615e-01)	Acc@1  84.38 ( 87.40)	Acc@5  96.88 ( 97.98)
2021-12-05 15:18:39.096 | INFO     | __main__:display:483 - Test: [ 40/123]	Time  0.832 ( 2.260)	Loss 6.2745e-01 (4.8024e-01)	Acc@1  78.12 ( 86.05)	Acc@5 100.00 ( 98.25)
2021-12-05 15:18:50.289 | INFO     | __main__:display:483 - Test: [ 50/123]	Time  0.810 ( 2.036)	Loss 8.2139e-01 (5.4593e-01)	Acc@1  75.00 ( 83.39)	Acc@5  93.75 ( 98.04)
2021-12-05 15:19:00.621 | INFO     | __main__:display:483 - Test: [ 60/123]	Time  1.181 ( 1.872)	Loss 8.1339e-01 (5.4393e-01)	Acc@1  71.88 ( 83.50)	Acc@5  96.88 ( 97.95)
2021-12-05 15:19:48.384 | INFO     | __main__:display:483 - Test: [ 70/123]	Time  0.662 ( 2.281)	Loss 4.1286e-01 (5.3553e-01)	Acc@1  84.38 ( 83.45)	Acc@5 100.00 ( 98.20)
2021-12-05 15:19:54.953 | INFO     | __main__:display:483 - Test: [ 80/123]	Time  0.624 ( 2.080)	Loss 9.3516e-01 (5.2524e-01)	Acc@1  71.88 ( 83.72)	Acc@5  96.88 ( 98.19)
2021-12-05 15:20:03.476 | INFO     | __main__:display:483 - Test: [ 90/123]	Time  0.621 ( 1.945)	Loss 5.6414e-01 (5.2874e-01)	Acc@1  84.38 ( 83.59)	Acc@5 100.00 ( 98.28)
2021-12-05 15:20:09.901 | INFO     | __main__:display:483 - Test: [100/123]	Time  0.631 ( 1.816)	Loss 1.1470e+00 (5.6394e-01)	Acc@1  62.50 ( 82.30)	Acc@5  93.75 ( 98.08)
2021-12-05 15:20:20.742 | INFO     | __main__:display:483 - Test: [110/123]	Time  0.683 ( 1.750)	Loss 6.7857e-01 (6.0799e-01)	Acc@1  81.25 ( 81.19)	Acc@5  96.88 ( 97.69)
2021-12-05 15:20:27.548 | INFO     | __main__:display:483 - Test: [120/123]	Time  0.692 ( 1.662)	Loss 4.4913e-01 (5.8800e-01)	Acc@1  81.25 ( 81.77)	Acc@5  96.88 ( 97.75)
2021-12-05 15:20:28.630 | INFO     | __main__:display_summary:488 -  *   Acc@1 81.707 Acc@5 97.707
