2021-12-05 16:39:47.398 | INFO     | __main__:main:159 - Log into log/resnet18/zero_mantissa_to_closest_exponent/group_size:128/2021-12-05-16:39:47.log
2021-12-05 16:39:47.399 | INFO     | __main__:logger_args:80 - 
data      	data/imagenette
arch      	resnet18
replace_fc	torch.nn.Linear(512, 10)
change_model_weights	zero_mantissa_to_closest_exponent
change_model_weights_during_training	None
model_weights_group_size	128
workers   	4
epochs    	90
start_epoch	0
batch_size	32
lr        	0.1
momentum  	0.9
weight_decay	0.0001
print_freq	10
resume    	model/resnet18:non-pretrained:batch_size=256/model_best.pth.tar
evaluate  	True
pretrained	False
seed      	None
gpu       	None
model_dir 	model/resnet18/zero_mantissa_to_closest_exponent/group_size:128
log_dir   	log/resnet18/zero_mantissa_to_closest_exponent/group_size:128
tensorboard	False

2021-12-05 16:39:47.399 | INFO     | __main__:main_worker:199 - Creating model 'resnet18'
2021-12-05 16:39:47.519 | WARNING  | __main__:main_worker:203 - Replacing model's last FC layer by torch.nn.Linear(512, 10)
2021-12-05 16:39:47.521 | INFO     | __main__:main_worker:205 - 
ResNet(
  (conv1): Conv2d(3, 64, kernel_size=(7, 7), stride=(2, 2), padding=(3, 3), bias=False)
  (bn1): BatchNorm2d(64, eps=1e-05, momentum=0.1, affine=True, track_running_stats=True)
  (relu): ReLU(inplace=True)
  (maxpool): MaxPool2d(kernel_size=3, stride=2, padding=1, dilation=1, ceil_mode=False)
  (layer1): Sequential(
    (0): BasicBlock(
      (conv1): Conv2d(64, 64, kernel_size=(3, 3), stride=(1, 1), padding=(1, 1), bias=False)
      (bn1): BatchNorm2d(64, eps=1e-05, momentum=0.1, affine=True, track_running_stats=True)
      (relu): ReLU(inplace=True)
      (conv2): Conv2d(64, 64, kernel_size=(3, 3), stride=(1, 1), padding=(1, 1), bias=False)
      (bn2): BatchNorm2d(64, eps=1e-05, momentum=0.1, affine=True, track_running_stats=True)
    )
    (1): BasicBlock(
      (conv1): Conv2d(64, 64, kernel_size=(3, 3), stride=(1, 1), padding=(1, 1), bias=False)
      (bn1): BatchNorm2d(64, eps=1e-05, momentum=0.1, affine=True, track_running_stats=True)
      (relu): ReLU(inplace=True)
      (conv2): Conv2d(64, 64, kernel_size=(3, 3), stride=(1, 1), padding=(1, 1), bias=False)
      (bn2): BatchNorm2d(64, eps=1e-05, momentum=0.1, affine=True, track_running_stats=True)
    )
  )
  (layer2): Sequential(
    (0): BasicBlock(
      (conv1): Conv2d(64, 128, kernel_size=(3, 3), stride=(2, 2), padding=(1, 1), bias=False)
      (bn1): BatchNorm2d(128, eps=1e-05, momentum=0.1, affine=True, track_running_stats=True)
      (relu): ReLU(inplace=True)
      (conv2): Conv2d(128, 128, kernel_size=(3, 3), stride=(1, 1), padding=(1, 1), bias=False)
      (bn2): BatchNorm2d(128, eps=1e-05, momentum=0.1, affine=True, track_running_stats=True)
      (downsample): Sequential(
        (0): Conv2d(64, 128, kernel_size=(1, 1), stride=(2, 2), bias=False)
        (1): BatchNorm2d(128, eps=1e-05, momentum=0.1, affine=True, track_running_stats=True)
      )
    )
    (1): BasicBlock(
      (conv1): Conv2d(128, 128, kernel_size=(3, 3), stride=(1, 1), padding=(1, 1), bias=False)
      (bn1): BatchNorm2d(128, eps=1e-05, momentum=0.1, affine=True, track_running_stats=True)
      (relu): ReLU(inplace=True)
      (conv2): Conv2d(128, 128, kernel_size=(3, 3), stride=(1, 1), padding=(1, 1), bias=False)
      (bn2): BatchNorm2d(128, eps=1e-05, momentum=0.1, affine=True, track_running_stats=True)
    )
  )
  (layer3): Sequential(
    (0): BasicBlock(
      (conv1): Conv2d(128, 256, kernel_size=(3, 3), stride=(2, 2), padding=(1, 1), bias=False)
      (bn1): BatchNorm2d(256, eps=1e-05, momentum=0.1, affine=True, track_running_stats=True)
      (relu): ReLU(inplace=True)
      (conv2): Conv2d(256, 256, kernel_size=(3, 3), stride=(1, 1), padding=(1, 1), bias=False)
      (bn2): BatchNorm2d(256, eps=1e-05, momentum=0.1, affine=True, track_running_stats=True)
      (downsample): Sequential(
        (0): Conv2d(128, 256, kernel_size=(1, 1), stride=(2, 2), bias=False)
        (1): BatchNorm2d(256, eps=1e-05, momentum=0.1, affine=True, track_running_stats=True)
      )
    )
    (1): BasicBlock(
      (conv1): Conv2d(256, 256, kernel_size=(3, 3), stride=(1, 1), padding=(1, 1), bias=False)
      (bn1): BatchNorm2d(256, eps=1e-05, momentum=0.1, affine=True, track_running_stats=True)
      (relu): ReLU(inplace=True)
      (conv2): Conv2d(256, 256, kernel_size=(3, 3), stride=(1, 1), padding=(1, 1), bias=False)
      (bn2): BatchNorm2d(256, eps=1e-05, momentum=0.1, affine=True, track_running_stats=True)
    )
  )
  (layer4): Sequential(
    (0): BasicBlock(
      (conv1): Conv2d(256, 512, kernel_size=(3, 3), stride=(2, 2), padding=(1, 1), bias=False)
      (bn1): BatchNorm2d(512, eps=1e-05, momentum=0.1, affine=True, track_running_stats=True)
      (relu): ReLU(inplace=True)
      (conv2): Conv2d(512, 512, kernel_size=(3, 3), stride=(1, 1), padding=(1, 1), bias=False)
      (bn2): BatchNorm2d(512, eps=1e-05, momentum=0.1, affine=True, track_running_stats=True)
      (downsample): Sequential(
        (0): Conv2d(256, 512, kernel_size=(1, 1), stride=(2, 2), bias=False)
        (1): BatchNorm2d(512, eps=1e-05, momentum=0.1, affine=True, track_running_stats=True)
      )
    )
    (1): BasicBlock(
      (conv1): Conv2d(512, 512, kernel_size=(3, 3), stride=(1, 1), padding=(1, 1), bias=False)
      (bn1): BatchNorm2d(512, eps=1e-05, momentum=0.1, affine=True, track_running_stats=True)
      (relu): ReLU(inplace=True)
      (conv2): Conv2d(512, 512, kernel_size=(3, 3), stride=(1, 1), padding=(1, 1), bias=False)
      (bn2): BatchNorm2d(512, eps=1e-05, momentum=0.1, affine=True, track_running_stats=True)
    )
  )
  (avgpool): AdaptiveAvgPool2d(output_size=(1, 1))
  (fc): Linear(in_features=512, out_features=10, bias=True)
)
2021-12-05 16:39:47.521 | WARNING  | __main__:main_worker:212 - Using CPU, this will be slow
2021-12-05 16:39:47.522 | INFO     | __main__:main_worker:233 - Loading checkpoint 'model/resnet18:non-pretrained:batch_size=256/model_best.pth.tar'
2021-12-05 16:39:47.575 | INFO     | __main__:main_worker:247 - Loaded checkpoint 'model/resnet18:non-pretrained:batch_size=256/model_best.pth.tar' (epoch 90)
2021-12-05 16:39:47.575 | WARNING  | __main__:main_worker:252 - Changing model's weights according to 'zero_mantissa_to_closest_exponent' with group size: 128
2021-12-05 16:39:47.576 | INFO     | __main__:convert_model:140 - Converting conv1.weight ...
2021-12-05 16:39:47.829 | INFO     | __main__:convert_model:124 - Skipping bn1.weight ...
2021-12-05 16:39:47.830 | INFO     | __main__:convert_model:124 - Skipping bn1.bias ...
2021-12-05 16:39:47.830 | INFO     | __main__:convert_model:140 - Converting layer1.0.conv1.weight ...
2021-12-05 16:39:48.795 | INFO     | __main__:convert_model:124 - Skipping layer1.0.bn1.weight ...
2021-12-05 16:39:48.795 | INFO     | __main__:convert_model:124 - Skipping layer1.0.bn1.bias ...
2021-12-05 16:39:48.795 | INFO     | __main__:convert_model:140 - Converting layer1.0.conv2.weight ...
2021-12-05 16:39:49.656 | INFO     | __main__:convert_model:124 - Skipping layer1.0.bn2.weight ...
2021-12-05 16:39:49.657 | INFO     | __main__:convert_model:124 - Skipping layer1.0.bn2.bias ...
2021-12-05 16:39:49.657 | INFO     | __main__:convert_model:140 - Converting layer1.1.conv1.weight ...
2021-12-05 16:39:50.556 | INFO     | __main__:convert_model:124 - Skipping layer1.1.bn1.weight ...
2021-12-05 16:39:50.557 | INFO     | __main__:convert_model:124 - Skipping layer1.1.bn1.bias ...
2021-12-05 16:39:50.557 | INFO     | __main__:convert_model:140 - Converting layer1.1.conv2.weight ...
2021-12-05 16:39:51.317 | INFO     | __main__:convert_model:124 - Skipping layer1.1.bn2.weight ...
2021-12-05 16:39:51.318 | INFO     | __main__:convert_model:124 - Skipping layer1.1.bn2.bias ...
2021-12-05 16:39:51.318 | INFO     | __main__:convert_model:140 - Converting layer2.0.conv1.weight ...
2021-12-05 16:39:53.026 | INFO     | __main__:convert_model:124 - Skipping layer2.0.bn1.weight ...
2021-12-05 16:39:53.027 | INFO     | __main__:convert_model:124 - Skipping layer2.0.bn1.bias ...
2021-12-05 16:39:53.027 | INFO     | __main__:convert_model:140 - Converting layer2.0.conv2.weight ...
2021-12-05 16:39:56.373 | INFO     | __main__:convert_model:124 - Skipping layer2.0.bn2.weight ...
2021-12-05 16:39:56.374 | INFO     | __main__:convert_model:124 - Skipping layer2.0.bn2.bias ...
2021-12-05 16:39:56.374 | INFO     | __main__:convert_model:124 - Skipping layer2.0.downsample.0.weight ...
2021-12-05 16:39:56.374 | INFO     | __main__:convert_model:124 - Skipping layer2.0.downsample.1.weight ...
2021-12-05 16:39:56.375 | INFO     | __main__:convert_model:124 - Skipping layer2.0.downsample.1.bias ...
2021-12-05 16:39:56.375 | INFO     | __main__:convert_model:140 - Converting layer2.1.conv1.weight ...
2021-12-05 16:39:59.405 | INFO     | __main__:convert_model:124 - Skipping layer2.1.bn1.weight ...
2021-12-05 16:39:59.405 | INFO     | __main__:convert_model:124 - Skipping layer2.1.bn1.bias ...
2021-12-05 16:39:59.405 | INFO     | __main__:convert_model:140 - Converting layer2.1.conv2.weight ...
2021-12-05 16:40:02.661 | INFO     | __main__:convert_model:124 - Skipping layer2.1.bn2.weight ...
2021-12-05 16:40:02.661 | INFO     | __main__:convert_model:124 - Skipping layer2.1.bn2.bias ...
2021-12-05 16:40:02.661 | INFO     | __main__:convert_model:140 - Converting layer3.0.conv1.weight ...
2021-12-05 16:40:08.753 | INFO     | __main__:convert_model:124 - Skipping layer3.0.bn1.weight ...
2021-12-05 16:40:08.754 | INFO     | __main__:convert_model:124 - Skipping layer3.0.bn1.bias ...
2021-12-05 16:40:08.754 | INFO     | __main__:convert_model:140 - Converting layer3.0.conv2.weight ...
2021-12-05 16:40:20.351 | INFO     | __main__:convert_model:124 - Skipping layer3.0.bn2.weight ...
2021-12-05 16:40:20.352 | INFO     | __main__:convert_model:124 - Skipping layer3.0.bn2.bias ...
2021-12-05 16:40:20.352 | INFO     | __main__:convert_model:124 - Skipping layer3.0.downsample.0.weight ...
2021-12-05 16:40:20.352 | INFO     | __main__:convert_model:124 - Skipping layer3.0.downsample.1.weight ...
2021-12-05 16:40:20.352 | INFO     | __main__:convert_model:124 - Skipping layer3.0.downsample.1.bias ...
2021-12-05 16:40:20.352 | INFO     | __main__:convert_model:140 - Converting layer3.1.conv1.weight ...
2021-12-05 16:40:32.047 | INFO     | __main__:convert_model:124 - Skipping layer3.1.bn1.weight ...
2021-12-05 16:40:32.048 | INFO     | __main__:convert_model:124 - Skipping layer3.1.bn1.bias ...
2021-12-05 16:40:32.048 | INFO     | __main__:convert_model:140 - Converting layer3.1.conv2.weight ...
2021-12-05 16:40:44.047 | INFO     | __main__:convert_model:124 - Skipping layer3.1.bn2.weight ...
2021-12-05 16:40:44.047 | INFO     | __main__:convert_model:124 - Skipping layer3.1.bn2.bias ...
2021-12-05 16:40:44.047 | INFO     | __main__:convert_model:140 - Converting layer4.0.conv1.weight ...
2021-12-05 16:41:08.549 | INFO     | __main__:convert_model:124 - Skipping layer4.0.bn1.weight ...
2021-12-05 16:41:08.549 | INFO     | __main__:convert_model:124 - Skipping layer4.0.bn1.bias ...
2021-12-05 16:41:08.550 | INFO     | __main__:convert_model:140 - Converting layer4.0.conv2.weight ...
2021-12-05 16:41:56.884 | INFO     | __main__:convert_model:124 - Skipping layer4.0.bn2.weight ...
2021-12-05 16:41:56.884 | INFO     | __main__:convert_model:124 - Skipping layer4.0.bn2.bias ...
2021-12-05 16:41:56.884 | INFO     | __main__:convert_model:124 - Skipping layer4.0.downsample.0.weight ...
2021-12-05 16:41:56.884 | INFO     | __main__:convert_model:124 - Skipping layer4.0.downsample.1.weight ...
2021-12-05 16:41:56.885 | INFO     | __main__:convert_model:124 - Skipping layer4.0.downsample.1.bias ...
2021-12-05 16:41:56.885 | INFO     | __main__:convert_model:140 - Converting layer4.1.conv1.weight ...
2021-12-05 16:42:49.526 | INFO     | __main__:convert_model:124 - Skipping layer4.1.bn1.weight ...
2021-12-05 16:42:49.526 | INFO     | __main__:convert_model:124 - Skipping layer4.1.bn1.bias ...
2021-12-05 16:42:49.526 | INFO     | __main__:convert_model:140 - Converting layer4.1.conv2.weight ...
2021-12-05 16:43:58.142 | INFO     | __main__:convert_model:124 - Skipping layer4.1.bn2.weight ...
2021-12-05 16:43:58.142 | INFO     | __main__:convert_model:124 - Skipping layer4.1.bn2.bias ...
2021-12-05 16:43:58.142 | INFO     | __main__:convert_model:140 - Converting fc.weight ...
2021-12-05 16:43:58.360 | INFO     | __main__:convert_model:134 - Converting fc.bias with group size: 10. (W.numel()(=10) < 128) ...
2021-12-05 16:43:58.362 | INFO     | __main__:main_worker:266 - Train Dir: data/imagenette/train | Val Dir: data/imagenette/val
2021-12-05 16:43:58.426 | INFO     | __main__:main_worker:291 - args.evaluate=True: Doing evaluation once, and exit
2021-12-05 16:44:10.318 | INFO     | __main__:display:483 - Test: [  0/123]	Time 11.891 (11.891)	Loss 5.0017e-01 (5.0017e-01)	Acc@1  93.75 ( 93.75)	Acc@5  93.75 ( 93.75)
2021-12-05 16:44:32.493 | INFO     | __main__:display:483 - Test: [ 10/123]	Time  0.757 ( 3.097)	Loss 6.8245e-01 (5.5862e-01)	Acc@1  71.88 ( 83.52)	Acc@5  96.88 ( 96.88)
2021-12-05 16:44:42.987 | INFO     | __main__:display:483 - Test: [ 20/123]	Time  1.221 ( 2.122)	Loss 7.1990e-01 (5.6833e-01)	Acc@1  78.12 ( 81.85)	Acc@5  90.62 ( 97.02)
2021-12-05 16:45:09.697 | INFO     | __main__:display:483 - Test: [ 30/123]	Time  0.909 ( 2.299)	Loss 1.2340e+00 (6.5723e-01)	Acc@1  59.38 ( 78.53)	Acc@5  93.75 ( 97.28)
2021-12-05 16:45:37.766 | INFO     | __main__:display:483 - Test: [ 40/123]	Time  0.800 ( 2.423)	Loss 4.0005e-01 (6.3973e-01)	Acc@1  93.75 ( 79.04)	Acc@5 100.00 ( 97.71)
2021-12-05 16:45:52.079 | INFO     | __main__:display:483 - Test: [ 50/123]	Time  0.809 ( 2.228)	Loss 7.8273e-01 (6.1922e-01)	Acc@1  81.25 ( 79.84)	Acc@5  96.88 ( 97.98)
2021-12-05 16:46:01.748 | INFO     | __main__:display:483 - Test: [ 60/123]	Time  0.912 ( 2.022)	Loss 6.7808e-01 (5.8444e-01)	Acc@1  81.25 ( 81.10)	Acc@5  96.88 ( 98.05)
2021-12-05 16:46:10.888 | INFO     | __main__:display:483 - Test: [ 70/123]	Time  0.911 ( 1.866)	Loss 3.1596e-01 (5.6310e-01)	Acc@1  90.62 ( 81.82)	Acc@5 100.00 ( 98.11)
2021-12-05 16:46:44.717 | INFO     | __main__:display:483 - Test: [ 80/123]	Time  1.029 ( 2.053)	Loss 6.8930e-01 (5.4975e-01)	Acc@1  68.75 ( 82.29)	Acc@5 100.00 ( 98.26)
2021-12-05 16:46:57.174 | INFO     | __main__:display:483 - Test: [ 90/123]	Time  2.733 ( 1.964)	Loss 7.9766e-01 (5.7260e-01)	Acc@1  75.00 ( 81.70)	Acc@5  96.88 ( 98.15)
2021-12-05 16:47:05.794 | INFO     | __main__:display:483 - Test: [100/123]	Time  0.730 ( 1.855)	Loss 5.5919e-01 (6.0505e-01)	Acc@1  81.25 ( 80.88)	Acc@5  96.88 ( 97.96)
2021-12-05 16:47:21.092 | INFO     | __main__:display:483 - Test: [110/123]	Time  0.818 ( 1.826)	Loss 1.5776e+00 (6.0443e-01)	Acc@1  68.75 ( 81.05)	Acc@5  90.62 ( 97.86)
2021-12-05 16:47:39.611 | INFO     | __main__:display:483 - Test: [120/123]	Time  0.727 ( 1.828)	Loss 3.1708e+00 (8.0667e-01)	Acc@1  34.38 ( 77.43)	Acc@5 100.00 ( 97.29)
2021-12-05 16:47:40.769 | INFO     | __main__:display_summary:488 -  *   Acc@1 76.892 Acc@5 97.172
