2021-12-05 17:11:29.135 | INFO     | __main__:main:159 - Log into log/resnet18/zero_mantissa_to_closest_exponent/group_size:8/2021-12-05-17:11:29.log
2021-12-05 17:11:29.136 | INFO     | __main__:logger_args:80 - 
data      	data/imagenette
arch      	resnet18
replace_fc	torch.nn.Linear(512, 10)
change_model_weights	zero_mantissa_to_closest_exponent
change_model_weights_during_training	None
model_weights_group_size	8
workers   	4
epochs    	90
start_epoch	0
batch_size	32
lr        	0.1
momentum  	0.9
weight_decay	0.0001
print_freq	10
resume    	model/resnet18:non-pretrained:batch_size=256/model_best.pth.tar
evaluate  	True
pretrained	False
seed      	None
gpu       	None
model_dir 	model/resnet18/zero_mantissa_to_closest_exponent/group_size:8
log_dir   	log/resnet18/zero_mantissa_to_closest_exponent/group_size:8
tensorboard	False

2021-12-05 17:11:29.136 | INFO     | __main__:main_worker:199 - Creating model 'resnet18'
2021-12-05 17:11:29.270 | WARNING  | __main__:main_worker:203 - Replacing model's last FC layer by torch.nn.Linear(512, 10)
2021-12-05 17:11:29.271 | INFO     | __main__:main_worker:205 - 
ResNet(
  (conv1): Conv2d(3, 64, kernel_size=(7, 7), stride=(2, 2), padding=(3, 3), bias=False)
  (bn1): BatchNorm2d(64, eps=1e-05, momentum=0.1, affine=True, track_running_stats=True)
  (relu): ReLU(inplace=True)
  (maxpool): MaxPool2d(kernel_size=3, stride=2, padding=1, dilation=1, ceil_mode=False)
  (layer1): Sequential(
    (0): BasicBlock(
      (conv1): Conv2d(64, 64, kernel_size=(3, 3), stride=(1, 1), padding=(1, 1), bias=False)
      (bn1): BatchNorm2d(64, eps=1e-05, momentum=0.1, affine=True, track_running_stats=True)
      (relu): ReLU(inplace=True)
      (conv2): Conv2d(64, 64, kernel_size=(3, 3), stride=(1, 1), padding=(1, 1), bias=False)
      (bn2): BatchNorm2d(64, eps=1e-05, momentum=0.1, affine=True, track_running_stats=True)
    )
    (1): BasicBlock(
      (conv1): Conv2d(64, 64, kernel_size=(3, 3), stride=(1, 1), padding=(1, 1), bias=False)
      (bn1): BatchNorm2d(64, eps=1e-05, momentum=0.1, affine=True, track_running_stats=True)
      (relu): ReLU(inplace=True)
      (conv2): Conv2d(64, 64, kernel_size=(3, 3), stride=(1, 1), padding=(1, 1), bias=False)
      (bn2): BatchNorm2d(64, eps=1e-05, momentum=0.1, affine=True, track_running_stats=True)
    )
  )
  (layer2): Sequential(
    (0): BasicBlock(
      (conv1): Conv2d(64, 128, kernel_size=(3, 3), stride=(2, 2), padding=(1, 1), bias=False)
      (bn1): BatchNorm2d(128, eps=1e-05, momentum=0.1, affine=True, track_running_stats=True)
      (relu): ReLU(inplace=True)
      (conv2): Conv2d(128, 128, kernel_size=(3, 3), stride=(1, 1), padding=(1, 1), bias=False)
      (bn2): BatchNorm2d(128, eps=1e-05, momentum=0.1, affine=True, track_running_stats=True)
      (downsample): Sequential(
        (0): Conv2d(64, 128, kernel_size=(1, 1), stride=(2, 2), bias=False)
        (1): BatchNorm2d(128, eps=1e-05, momentum=0.1, affine=True, track_running_stats=True)
      )
    )
    (1): BasicBlock(
      (conv1): Conv2d(128, 128, kernel_size=(3, 3), stride=(1, 1), padding=(1, 1), bias=False)
      (bn1): BatchNorm2d(128, eps=1e-05, momentum=0.1, affine=True, track_running_stats=True)
      (relu): ReLU(inplace=True)
      (conv2): Conv2d(128, 128, kernel_size=(3, 3), stride=(1, 1), padding=(1, 1), bias=False)
      (bn2): BatchNorm2d(128, eps=1e-05, momentum=0.1, affine=True, track_running_stats=True)
    )
  )
  (layer3): Sequential(
    (0): BasicBlock(
      (conv1): Conv2d(128, 256, kernel_size=(3, 3), stride=(2, 2), padding=(1, 1), bias=False)
      (bn1): BatchNorm2d(256, eps=1e-05, momentum=0.1, affine=True, track_running_stats=True)
      (relu): ReLU(inplace=True)
      (conv2): Conv2d(256, 256, kernel_size=(3, 3), stride=(1, 1), padding=(1, 1), bias=False)
      (bn2): BatchNorm2d(256, eps=1e-05, momentum=0.1, affine=True, track_running_stats=True)
      (downsample): Sequential(
        (0): Conv2d(128, 256, kernel_size=(1, 1), stride=(2, 2), bias=False)
        (1): BatchNorm2d(256, eps=1e-05, momentum=0.1, affine=True, track_running_stats=True)
      )
    )
    (1): BasicBlock(
      (conv1): Conv2d(256, 256, kernel_size=(3, 3), stride=(1, 1), padding=(1, 1), bias=False)
      (bn1): BatchNorm2d(256, eps=1e-05, momentum=0.1, affine=True, track_running_stats=True)
      (relu): ReLU(inplace=True)
      (conv2): Conv2d(256, 256, kernel_size=(3, 3), stride=(1, 1), padding=(1, 1), bias=False)
      (bn2): BatchNorm2d(256, eps=1e-05, momentum=0.1, affine=True, track_running_stats=True)
    )
  )
  (layer4): Sequential(
    (0): BasicBlock(
      (conv1): Conv2d(256, 512, kernel_size=(3, 3), stride=(2, 2), padding=(1, 1), bias=False)
      (bn1): BatchNorm2d(512, eps=1e-05, momentum=0.1, affine=True, track_running_stats=True)
      (relu): ReLU(inplace=True)
      (conv2): Conv2d(512, 512, kernel_size=(3, 3), stride=(1, 1), padding=(1, 1), bias=False)
      (bn2): BatchNorm2d(512, eps=1e-05, momentum=0.1, affine=True, track_running_stats=True)
      (downsample): Sequential(
        (0): Conv2d(256, 512, kernel_size=(1, 1), stride=(2, 2), bias=False)
        (1): BatchNorm2d(512, eps=1e-05, momentum=0.1, affine=True, track_running_stats=True)
      )
    )
    (1): BasicBlock(
      (conv1): Conv2d(512, 512, kernel_size=(3, 3), stride=(1, 1), padding=(1, 1), bias=False)
      (bn1): BatchNorm2d(512, eps=1e-05, momentum=0.1, affine=True, track_running_stats=True)
      (relu): ReLU(inplace=True)
      (conv2): Conv2d(512, 512, kernel_size=(3, 3), stride=(1, 1), padding=(1, 1), bias=False)
      (bn2): BatchNorm2d(512, eps=1e-05, momentum=0.1, affine=True, track_running_stats=True)
    )
  )
  (avgpool): AdaptiveAvgPool2d(output_size=(1, 1))
  (fc): Linear(in_features=512, out_features=10, bias=True)
)
2021-12-05 17:11:29.272 | WARNING  | __main__:main_worker:212 - Using CPU, this will be slow
2021-12-05 17:11:29.273 | INFO     | __main__:main_worker:233 - Loading checkpoint 'model/resnet18:non-pretrained:batch_size=256/model_best.pth.tar'
2021-12-05 17:11:29.372 | INFO     | __main__:main_worker:247 - Loaded checkpoint 'model/resnet18:non-pretrained:batch_size=256/model_best.pth.tar' (epoch 90)
2021-12-05 17:11:29.372 | WARNING  | __main__:main_worker:252 - Changing model's weights according to 'zero_mantissa_to_closest_exponent' with group size: 8
2021-12-05 17:11:29.373 | INFO     | __main__:convert_model:140 - Converting conv1.weight ...
2021-12-05 17:11:29.619 | INFO     | __main__:convert_model:124 - Skipping bn1.weight ...
2021-12-05 17:11:29.620 | INFO     | __main__:convert_model:124 - Skipping bn1.bias ...
2021-12-05 17:11:29.620 | INFO     | __main__:convert_model:140 - Converting layer1.0.conv1.weight ...
2021-12-05 17:11:30.670 | INFO     | __main__:convert_model:124 - Skipping layer1.0.bn1.weight ...
2021-12-05 17:11:30.670 | INFO     | __main__:convert_model:124 - Skipping layer1.0.bn1.bias ...
2021-12-05 17:11:30.671 | INFO     | __main__:convert_model:140 - Converting layer1.0.conv2.weight ...
2021-12-05 17:11:31.775 | INFO     | __main__:convert_model:124 - Skipping layer1.0.bn2.weight ...
2021-12-05 17:11:31.776 | INFO     | __main__:convert_model:124 - Skipping layer1.0.bn2.bias ...
2021-12-05 17:11:31.776 | INFO     | __main__:convert_model:140 - Converting layer1.1.conv1.weight ...
2021-12-05 17:11:32.739 | INFO     | __main__:convert_model:124 - Skipping layer1.1.bn1.weight ...
2021-12-05 17:11:32.739 | INFO     | __main__:convert_model:124 - Skipping layer1.1.bn1.bias ...
2021-12-05 17:11:32.740 | INFO     | __main__:convert_model:140 - Converting layer1.1.conv2.weight ...
2021-12-05 17:11:33.662 | INFO     | __main__:convert_model:124 - Skipping layer1.1.bn2.weight ...
2021-12-05 17:11:33.663 | INFO     | __main__:convert_model:124 - Skipping layer1.1.bn2.bias ...
2021-12-05 17:11:33.663 | INFO     | __main__:convert_model:140 - Converting layer2.0.conv1.weight ...
2021-12-05 17:11:35.271 | INFO     | __main__:convert_model:124 - Skipping layer2.0.bn1.weight ...
2021-12-05 17:11:35.271 | INFO     | __main__:convert_model:124 - Skipping layer2.0.bn1.bias ...
2021-12-05 17:11:35.271 | INFO     | __main__:convert_model:140 - Converting layer2.0.conv2.weight ...
2021-12-05 17:11:38.419 | INFO     | __main__:convert_model:124 - Skipping layer2.0.bn2.weight ...
2021-12-05 17:11:38.420 | INFO     | __main__:convert_model:124 - Skipping layer2.0.bn2.bias ...
2021-12-05 17:11:38.420 | INFO     | __main__:convert_model:124 - Skipping layer2.0.downsample.0.weight ...
2021-12-05 17:11:38.420 | INFO     | __main__:convert_model:124 - Skipping layer2.0.downsample.1.weight ...
2021-12-05 17:11:38.420 | INFO     | __main__:convert_model:124 - Skipping layer2.0.downsample.1.bias ...
2021-12-05 17:11:38.420 | INFO     | __main__:convert_model:140 - Converting layer2.1.conv1.weight ...
2021-12-05 17:11:41.588 | INFO     | __main__:convert_model:124 - Skipping layer2.1.bn1.weight ...
2021-12-05 17:11:41.588 | INFO     | __main__:convert_model:124 - Skipping layer2.1.bn1.bias ...
2021-12-05 17:11:41.588 | INFO     | __main__:convert_model:140 - Converting layer2.1.conv2.weight ...
2021-12-05 17:11:44.806 | INFO     | __main__:convert_model:124 - Skipping layer2.1.bn2.weight ...
2021-12-05 17:11:44.807 | INFO     | __main__:convert_model:124 - Skipping layer2.1.bn2.bias ...
2021-12-05 17:11:44.807 | INFO     | __main__:convert_model:140 - Converting layer3.0.conv1.weight ...
2021-12-05 17:11:51.537 | INFO     | __main__:convert_model:124 - Skipping layer3.0.bn1.weight ...
2021-12-05 17:11:51.538 | INFO     | __main__:convert_model:124 - Skipping layer3.0.bn1.bias ...
2021-12-05 17:11:51.538 | INFO     | __main__:convert_model:140 - Converting layer3.0.conv2.weight ...
2021-12-05 17:12:03.729 | INFO     | __main__:convert_model:124 - Skipping layer3.0.bn2.weight ...
2021-12-05 17:12:03.729 | INFO     | __main__:convert_model:124 - Skipping layer3.0.bn2.bias ...
2021-12-05 17:12:03.729 | INFO     | __main__:convert_model:124 - Skipping layer3.0.downsample.0.weight ...
2021-12-05 17:12:03.729 | INFO     | __main__:convert_model:124 - Skipping layer3.0.downsample.1.weight ...
2021-12-05 17:12:03.729 | INFO     | __main__:convert_model:124 - Skipping layer3.0.downsample.1.bias ...
2021-12-05 17:12:03.729 | INFO     | __main__:convert_model:140 - Converting layer3.1.conv1.weight ...
2021-12-05 17:12:15.669 | INFO     | __main__:convert_model:124 - Skipping layer3.1.bn1.weight ...
2021-12-05 17:12:15.670 | INFO     | __main__:convert_model:124 - Skipping layer3.1.bn1.bias ...
2021-12-05 17:12:15.670 | INFO     | __main__:convert_model:140 - Converting layer3.1.conv2.weight ...
2021-12-05 17:12:27.590 | INFO     | __main__:convert_model:124 - Skipping layer3.1.bn2.weight ...
2021-12-05 17:12:27.590 | INFO     | __main__:convert_model:124 - Skipping layer3.1.bn2.bias ...
2021-12-05 17:12:27.590 | INFO     | __main__:convert_model:140 - Converting layer4.0.conv1.weight ...
2021-12-05 17:12:59.609 | INFO     | __main__:convert_model:124 - Skipping layer4.0.bn1.weight ...
2021-12-05 17:12:59.609 | INFO     | __main__:convert_model:124 - Skipping layer4.0.bn1.bias ...
2021-12-05 17:12:59.609 | INFO     | __main__:convert_model:140 - Converting layer4.0.conv2.weight ...
2021-12-05 17:13:57.979 | INFO     | __main__:convert_model:124 - Skipping layer4.0.bn2.weight ...
2021-12-05 17:13:57.980 | INFO     | __main__:convert_model:124 - Skipping layer4.0.bn2.bias ...
2021-12-05 17:13:57.980 | INFO     | __main__:convert_model:124 - Skipping layer4.0.downsample.0.weight ...
2021-12-05 17:13:57.980 | INFO     | __main__:convert_model:124 - Skipping layer4.0.downsample.1.weight ...
2021-12-05 17:13:57.980 | INFO     | __main__:convert_model:124 - Skipping layer4.0.downsample.1.bias ...
2021-12-05 17:13:57.981 | INFO     | __main__:convert_model:140 - Converting layer4.1.conv1.weight ...
2021-12-05 17:14:49.786 | INFO     | __main__:convert_model:124 - Skipping layer4.1.bn1.weight ...
2021-12-05 17:14:49.787 | INFO     | __main__:convert_model:124 - Skipping layer4.1.bn1.bias ...
2021-12-05 17:14:49.787 | INFO     | __main__:convert_model:140 - Converting layer4.1.conv2.weight ...
2021-12-05 17:15:38.732 | INFO     | __main__:convert_model:124 - Skipping layer4.1.bn2.weight ...
2021-12-05 17:15:38.732 | INFO     | __main__:convert_model:124 - Skipping layer4.1.bn2.bias ...
2021-12-05 17:15:38.732 | INFO     | __main__:convert_model:140 - Converting fc.weight ...
2021-12-05 17:15:38.837 | INFO     | __main__:convert_model:140 - Converting fc.bias ...
2021-12-05 17:15:38.838 | INFO     | __main__:main_worker:266 - Train Dir: data/imagenette/train | Val Dir: data/imagenette/val
2021-12-05 17:15:38.873 | INFO     | __main__:main_worker:291 - args.evaluate=True: Doing evaluation once, and exit
2021-12-05 17:15:39.906 | INFO     | __main__:display:483 - Test: [  0/123]	Time  1.033 ( 1.033)	Loss 4.6262e-01 (4.6262e-01)	Acc@1  93.75 ( 93.75)	Acc@5  93.75 ( 93.75)
2021-12-05 17:15:46.926 | INFO     | __main__:display:483 - Test: [ 10/123]	Time  0.694 ( 0.732)	Loss 5.5935e-01 (4.6478e-01)	Acc@1  81.25 ( 86.36)	Acc@5  96.88 ( 96.31)
2021-12-05 17:15:56.409 | INFO     | __main__:display:483 - Test: [ 20/123]	Time  2.821 ( 0.835)	Loss 5.4228e-01 (4.4919e-01)	Acc@1  81.25 ( 85.71)	Acc@5  93.75 ( 97.47)
2021-12-05 17:16:03.605 | INFO     | __main__:display:483 - Test: [ 30/123]	Time  0.715 ( 0.798)	Loss 8.5570e-01 (4.9615e-01)	Acc@1  71.88 ( 83.67)	Acc@5  96.88 ( 97.88)
2021-12-05 17:16:14.378 | INFO     | __main__:display:483 - Test: [ 40/123]	Time  1.107 ( 0.866)	Loss 5.0923e-01 (5.0434e-01)	Acc@1  87.50 ( 83.99)	Acc@5 100.00 ( 98.02)
2021-12-05 17:16:24.583 | INFO     | __main__:display:483 - Test: [ 50/123]	Time  1.291 ( 0.896)	Loss 7.3395e-01 (5.1449e-01)	Acc@1  84.38 ( 83.64)	Acc@5  93.75 ( 98.16)
2021-12-05 17:16:41.649 | INFO     | __main__:display:483 - Test: [ 60/123]	Time  0.945 ( 1.029)	Loss 5.8236e-01 (4.8444e-01)	Acc@1  87.50 ( 84.68)	Acc@5  96.88 ( 98.26)
2021-12-05 17:16:51.084 | INFO     | __main__:display:483 - Test: [ 70/123]	Time  0.747 ( 1.017)	Loss 3.1316e-01 (4.8014e-01)	Acc@1  90.62 ( 84.73)	Acc@5 100.00 ( 98.28)
2021-12-05 17:17:01.107 | INFO     | __main__:display:483 - Test: [ 80/123]	Time  0.879 ( 1.015)	Loss 6.1988e-01 (4.7486e-01)	Acc@1  71.88 ( 84.88)	Acc@5 100.00 ( 98.38)
2021-12-05 17:17:10.602 | INFO     | __main__:display:483 - Test: [ 90/123]	Time  1.358 ( 1.008)	Loss 6.2801e-01 (4.9433e-01)	Acc@1  81.25 ( 84.31)	Acc@5 100.00 ( 98.39)
2021-12-05 17:17:19.907 | INFO     | __main__:display:483 - Test: [100/123]	Time  1.218 ( 1.000)	Loss 6.7707e-01 (5.2393e-01)	Acc@1  81.25 ( 83.57)	Acc@5  93.75 ( 98.36)
2021-12-05 17:17:30.226 | INFO     | __main__:display:483 - Test: [110/123]	Time  0.758 ( 1.003)	Loss 1.1602e+00 (5.2872e-01)	Acc@1  71.88 ( 83.64)	Acc@5  93.75 ( 98.23)
2021-12-05 17:17:38.726 | INFO     | __main__:display:483 - Test: [120/123]	Time  0.838 ( 0.991)	Loss 2.3762e+00 (6.8581e-01)	Acc@1  37.50 ( 80.73)	Acc@5 100.00 ( 98.11)
2021-12-05 17:17:40.131 | INFO     | __main__:display_summary:488 -  *   Acc@1 80.280 Acc@5 98.038
