2021-12-05 15:39:57.071 | INFO     | __main__:main:159 - Log into log/resnet18/zero_mantissa_to_closest_exponent/group_size:8/2021-12-05-15:39:57.log
2021-12-05 15:39:57.072 | INFO     | __main__:logger_args:80 - 
data      	data/imagenette
arch      	resnet18
replace_fc	torch.nn.Linear(512, 10)
change_model_weights	zero_mantissa_to_closest_exponent
change_model_weights_during_training	None
model_weights_group_size	8
workers   	4
epochs    	90
start_epoch	0
batch_size	32
lr        	0.1
momentum  	0.9
weight_decay	0.0001
print_freq	10
resume    	model/resnet18/model_best.pth.tar
evaluate  	True
pretrained	True
seed      	None
gpu       	None
model_dir 	model/resnet18/zero_mantissa_to_closest_exponent/group_size:8
log_dir   	log/resnet18/zero_mantissa_to_closest_exponent/group_size:8
tensorboard	False

2021-12-05 15:39:57.072 | INFO     | __main__:main_worker:196 - Using pre-trained model 'resnet18'
2021-12-05 15:39:57.217 | WARNING  | __main__:main_worker:203 - Replacing model's last FC layer by torch.nn.Linear(512, 10)
2021-12-05 15:39:57.218 | INFO     | __main__:main_worker:205 - 
ResNet(
  (conv1): Conv2d(3, 64, kernel_size=(7, 7), stride=(2, 2), padding=(3, 3), bias=False)
  (bn1): BatchNorm2d(64, eps=1e-05, momentum=0.1, affine=True, track_running_stats=True)
  (relu): ReLU(inplace=True)
  (maxpool): MaxPool2d(kernel_size=3, stride=2, padding=1, dilation=1, ceil_mode=False)
  (layer1): Sequential(
    (0): BasicBlock(
      (conv1): Conv2d(64, 64, kernel_size=(3, 3), stride=(1, 1), padding=(1, 1), bias=False)
      (bn1): BatchNorm2d(64, eps=1e-05, momentum=0.1, affine=True, track_running_stats=True)
      (relu): ReLU(inplace=True)
      (conv2): Conv2d(64, 64, kernel_size=(3, 3), stride=(1, 1), padding=(1, 1), bias=False)
      (bn2): BatchNorm2d(64, eps=1e-05, momentum=0.1, affine=True, track_running_stats=True)
    )
    (1): BasicBlock(
      (conv1): Conv2d(64, 64, kernel_size=(3, 3), stride=(1, 1), padding=(1, 1), bias=False)
      (bn1): BatchNorm2d(64, eps=1e-05, momentum=0.1, affine=True, track_running_stats=True)
      (relu): ReLU(inplace=True)
      (conv2): Conv2d(64, 64, kernel_size=(3, 3), stride=(1, 1), padding=(1, 1), bias=False)
      (bn2): BatchNorm2d(64, eps=1e-05, momentum=0.1, affine=True, track_running_stats=True)
    )
  )
  (layer2): Sequential(
    (0): BasicBlock(
      (conv1): Conv2d(64, 128, kernel_size=(3, 3), stride=(2, 2), padding=(1, 1), bias=False)
      (bn1): BatchNorm2d(128, eps=1e-05, momentum=0.1, affine=True, track_running_stats=True)
      (relu): ReLU(inplace=True)
      (conv2): Conv2d(128, 128, kernel_size=(3, 3), stride=(1, 1), padding=(1, 1), bias=False)
      (bn2): BatchNorm2d(128, eps=1e-05, momentum=0.1, affine=True, track_running_stats=True)
      (downsample): Sequential(
        (0): Conv2d(64, 128, kernel_size=(1, 1), stride=(2, 2), bias=False)
        (1): BatchNorm2d(128, eps=1e-05, momentum=0.1, affine=True, track_running_stats=True)
      )
    )
    (1): BasicBlock(
      (conv1): Conv2d(128, 128, kernel_size=(3, 3), stride=(1, 1), padding=(1, 1), bias=False)
      (bn1): BatchNorm2d(128, eps=1e-05, momentum=0.1, affine=True, track_running_stats=True)
      (relu): ReLU(inplace=True)
      (conv2): Conv2d(128, 128, kernel_size=(3, 3), stride=(1, 1), padding=(1, 1), bias=False)
      (bn2): BatchNorm2d(128, eps=1e-05, momentum=0.1, affine=True, track_running_stats=True)
    )
  )
  (layer3): Sequential(
    (0): BasicBlock(
      (conv1): Conv2d(128, 256, kernel_size=(3, 3), stride=(2, 2), padding=(1, 1), bias=False)
      (bn1): BatchNorm2d(256, eps=1e-05, momentum=0.1, affine=True, track_running_stats=True)
      (relu): ReLU(inplace=True)
      (conv2): Conv2d(256, 256, kernel_size=(3, 3), stride=(1, 1), padding=(1, 1), bias=False)
      (bn2): BatchNorm2d(256, eps=1e-05, momentum=0.1, affine=True, track_running_stats=True)
      (downsample): Sequential(
        (0): Conv2d(128, 256, kernel_size=(1, 1), stride=(2, 2), bias=False)
        (1): BatchNorm2d(256, eps=1e-05, momentum=0.1, affine=True, track_running_stats=True)
      )
    )
    (1): BasicBlock(
      (conv1): Conv2d(256, 256, kernel_size=(3, 3), stride=(1, 1), padding=(1, 1), bias=False)
      (bn1): BatchNorm2d(256, eps=1e-05, momentum=0.1, affine=True, track_running_stats=True)
      (relu): ReLU(inplace=True)
      (conv2): Conv2d(256, 256, kernel_size=(3, 3), stride=(1, 1), padding=(1, 1), bias=False)
      (bn2): BatchNorm2d(256, eps=1e-05, momentum=0.1, affine=True, track_running_stats=True)
    )
  )
  (layer4): Sequential(
    (0): BasicBlock(
      (conv1): Conv2d(256, 512, kernel_size=(3, 3), stride=(2, 2), padding=(1, 1), bias=False)
      (bn1): BatchNorm2d(512, eps=1e-05, momentum=0.1, affine=True, track_running_stats=True)
      (relu): ReLU(inplace=True)
      (conv2): Conv2d(512, 512, kernel_size=(3, 3), stride=(1, 1), padding=(1, 1), bias=False)
      (bn2): BatchNorm2d(512, eps=1e-05, momentum=0.1, affine=True, track_running_stats=True)
      (downsample): Sequential(
        (0): Conv2d(256, 512, kernel_size=(1, 1), stride=(2, 2), bias=False)
        (1): BatchNorm2d(512, eps=1e-05, momentum=0.1, affine=True, track_running_stats=True)
      )
    )
    (1): BasicBlock(
      (conv1): Conv2d(512, 512, kernel_size=(3, 3), stride=(1, 1), padding=(1, 1), bias=False)
      (bn1): BatchNorm2d(512, eps=1e-05, momentum=0.1, affine=True, track_running_stats=True)
      (relu): ReLU(inplace=True)
      (conv2): Conv2d(512, 512, kernel_size=(3, 3), stride=(1, 1), padding=(1, 1), bias=False)
      (bn2): BatchNorm2d(512, eps=1e-05, momentum=0.1, affine=True, track_running_stats=True)
    )
  )
  (avgpool): AdaptiveAvgPool2d(output_size=(1, 1))
  (fc): Linear(in_features=512, out_features=10, bias=True)
)
2021-12-05 15:39:57.219 | WARNING  | __main__:main_worker:212 - Using CPU, this will be slow
2021-12-05 15:39:57.219 | INFO     | __main__:main_worker:233 - Loading checkpoint 'model/resnet18/model_best.pth.tar'
2021-12-05 15:39:57.268 | INFO     | __main__:main_worker:247 - Loaded checkpoint 'model/resnet18/model_best.pth.tar' (epoch 95)
2021-12-05 15:39:57.268 | WARNING  | __main__:main_worker:252 - Changing model's weights according to 'zero_mantissa_to_closest_exponent' with group size: 8
2021-12-05 15:39:57.269 | INFO     | __main__:convert_model:140 - Converting conv1.weight ...
2021-12-05 15:39:57.513 | INFO     | __main__:convert_model:124 - Skipping bn1.weight ...
2021-12-05 15:39:57.514 | INFO     | __main__:convert_model:124 - Skipping bn1.bias ...
2021-12-05 15:39:57.514 | INFO     | __main__:convert_model:140 - Converting layer1.0.conv1.weight ...
2021-12-05 15:39:58.382 | INFO     | __main__:convert_model:124 - Skipping layer1.0.bn1.weight ...
2021-12-05 15:39:58.383 | INFO     | __main__:convert_model:124 - Skipping layer1.0.bn1.bias ...
2021-12-05 15:39:58.383 | INFO     | __main__:convert_model:140 - Converting layer1.0.conv2.weight ...
2021-12-05 15:39:59.437 | INFO     | __main__:convert_model:124 - Skipping layer1.0.bn2.weight ...
2021-12-05 15:39:59.437 | INFO     | __main__:convert_model:124 - Skipping layer1.0.bn2.bias ...
2021-12-05 15:39:59.437 | INFO     | __main__:convert_model:140 - Converting layer1.1.conv1.weight ...
2021-12-05 15:40:00.412 | INFO     | __main__:convert_model:124 - Skipping layer1.1.bn1.weight ...
2021-12-05 15:40:00.413 | INFO     | __main__:convert_model:124 - Skipping layer1.1.bn1.bias ...
2021-12-05 15:40:00.413 | INFO     | __main__:convert_model:140 - Converting layer1.1.conv2.weight ...
2021-12-05 15:40:01.289 | INFO     | __main__:convert_model:124 - Skipping layer1.1.bn2.weight ...
2021-12-05 15:40:01.290 | INFO     | __main__:convert_model:124 - Skipping layer1.1.bn2.bias ...
2021-12-05 15:40:01.290 | INFO     | __main__:convert_model:140 - Converting layer2.0.conv1.weight ...
2021-12-05 15:40:02.919 | INFO     | __main__:convert_model:124 - Skipping layer2.0.bn1.weight ...
2021-12-05 15:40:02.919 | INFO     | __main__:convert_model:124 - Skipping layer2.0.bn1.bias ...
2021-12-05 15:40:02.920 | INFO     | __main__:convert_model:140 - Converting layer2.0.conv2.weight ...
2021-12-05 15:40:07.143 | INFO     | __main__:convert_model:124 - Skipping layer2.0.bn2.weight ...
2021-12-05 15:40:07.144 | INFO     | __main__:convert_model:124 - Skipping layer2.0.bn2.bias ...
2021-12-05 15:40:07.144 | INFO     | __main__:convert_model:124 - Skipping layer2.0.downsample.0.weight ...
2021-12-05 15:40:07.144 | INFO     | __main__:convert_model:124 - Skipping layer2.0.downsample.1.weight ...
2021-12-05 15:40:07.144 | INFO     | __main__:convert_model:124 - Skipping layer2.0.downsample.1.bias ...
2021-12-05 15:40:07.145 | INFO     | __main__:convert_model:140 - Converting layer2.1.conv1.weight ...
2021-12-05 15:40:11.148 | INFO     | __main__:convert_model:124 - Skipping layer2.1.bn1.weight ...
2021-12-05 15:40:11.149 | INFO     | __main__:convert_model:124 - Skipping layer2.1.bn1.bias ...
2021-12-05 15:40:11.149 | INFO     | __main__:convert_model:140 - Converting layer2.1.conv2.weight ...
2021-12-05 15:40:14.120 | INFO     | __main__:convert_model:124 - Skipping layer2.1.bn2.weight ...
2021-12-05 15:40:14.121 | INFO     | __main__:convert_model:124 - Skipping layer2.1.bn2.bias ...
2021-12-05 15:40:14.121 | INFO     | __main__:convert_model:140 - Converting layer3.0.conv1.weight ...
2021-12-05 15:40:20.185 | INFO     | __main__:convert_model:124 - Skipping layer3.0.bn1.weight ...
2021-12-05 15:40:20.185 | INFO     | __main__:convert_model:124 - Skipping layer3.0.bn1.bias ...
2021-12-05 15:40:20.185 | INFO     | __main__:convert_model:140 - Converting layer3.0.conv2.weight ...
2021-12-05 15:40:31.872 | INFO     | __main__:convert_model:124 - Skipping layer3.0.bn2.weight ...
2021-12-05 15:40:31.873 | INFO     | __main__:convert_model:124 - Skipping layer3.0.bn2.bias ...
2021-12-05 15:40:31.873 | INFO     | __main__:convert_model:124 - Skipping layer3.0.downsample.0.weight ...
2021-12-05 15:40:31.873 | INFO     | __main__:convert_model:124 - Skipping layer3.0.downsample.1.weight ...
2021-12-05 15:40:31.873 | INFO     | __main__:convert_model:124 - Skipping layer3.0.downsample.1.bias ...
2021-12-05 15:40:31.873 | INFO     | __main__:convert_model:140 - Converting layer3.1.conv1.weight ...
2021-12-05 15:40:43.648 | INFO     | __main__:convert_model:124 - Skipping layer3.1.bn1.weight ...
2021-12-05 15:40:43.648 | INFO     | __main__:convert_model:124 - Skipping layer3.1.bn1.bias ...
2021-12-05 15:40:43.648 | INFO     | __main__:convert_model:140 - Converting layer3.1.conv2.weight ...
2021-12-05 15:40:55.916 | INFO     | __main__:convert_model:124 - Skipping layer3.1.bn2.weight ...
2021-12-05 15:40:55.916 | INFO     | __main__:convert_model:124 - Skipping layer3.1.bn2.bias ...
2021-12-05 15:40:55.916 | INFO     | __main__:convert_model:140 - Converting layer4.0.conv1.weight ...
2021-12-05 15:41:19.673 | INFO     | __main__:convert_model:124 - Skipping layer4.0.bn1.weight ...
2021-12-05 15:41:19.674 | INFO     | __main__:convert_model:124 - Skipping layer4.0.bn1.bias ...
2021-12-05 15:41:19.674 | INFO     | __main__:convert_model:140 - Converting layer4.0.conv2.weight ...
2021-12-05 15:42:07.864 | INFO     | __main__:convert_model:124 - Skipping layer4.0.bn2.weight ...
2021-12-05 15:42:07.864 | INFO     | __main__:convert_model:124 - Skipping layer4.0.bn2.bias ...
2021-12-05 15:42:07.865 | INFO     | __main__:convert_model:124 - Skipping layer4.0.downsample.0.weight ...
2021-12-05 15:42:07.865 | INFO     | __main__:convert_model:124 - Skipping layer4.0.downsample.1.weight ...
2021-12-05 15:42:07.865 | INFO     | __main__:convert_model:124 - Skipping layer4.0.downsample.1.bias ...
2021-12-05 15:42:07.865 | INFO     | __main__:convert_model:140 - Converting layer4.1.conv1.weight ...
2021-12-05 15:42:56.244 | INFO     | __main__:convert_model:124 - Skipping layer4.1.bn1.weight ...
2021-12-05 15:42:56.244 | INFO     | __main__:convert_model:124 - Skipping layer4.1.bn1.bias ...
2021-12-05 15:42:56.244 | INFO     | __main__:convert_model:140 - Converting layer4.1.conv2.weight ...
2021-12-05 15:43:46.418 | INFO     | __main__:convert_model:124 - Skipping layer4.1.bn2.weight ...
2021-12-05 15:43:46.419 | INFO     | __main__:convert_model:124 - Skipping layer4.1.bn2.bias ...
2021-12-05 15:43:46.419 | INFO     | __main__:convert_model:140 - Converting fc.weight ...
2021-12-05 15:43:46.523 | INFO     | __main__:convert_model:140 - Converting fc.bias ...
2021-12-05 15:43:46.524 | INFO     | __main__:main_worker:266 - Train Dir: data/imagenette/train | Val Dir: data/imagenette/val
2021-12-05 15:43:46.565 | INFO     | __main__:main_worker:291 - args.evaluate=True: Doing evaluation once, and exit
2021-12-05 15:43:47.699 | INFO     | __main__:display:483 - Test: [  0/123]	Time  1.133 ( 1.133)	Loss 3.4666e-01 (3.4666e-01)	Acc@1  93.75 ( 93.75)	Acc@5  96.88 ( 96.88)
2021-12-05 15:43:54.634 | INFO     | __main__:display:483 - Test: [ 10/123]	Time  0.678 ( 0.733)	Loss 5.1604e-01 (2.7320e-01)	Acc@1  84.38 ( 91.48)	Acc@5  96.88 ( 98.58)
2021-12-05 15:44:01.769 | INFO     | __main__:display:483 - Test: [ 20/123]	Time  0.657 ( 0.724)	Loss 4.3834e-01 (2.9919e-01)	Acc@1  84.38 ( 90.48)	Acc@5 100.00 ( 98.96)
2021-12-05 15:44:11.817 | INFO     | __main__:display:483 - Test: [ 30/123]	Time  0.775 ( 0.815)	Loss 5.0795e-01 (3.7160e-01)	Acc@1  87.50 ( 88.21)	Acc@5  96.88 ( 98.49)
2021-12-05 15:44:20.398 | INFO     | __main__:display:483 - Test: [ 40/123]	Time  0.879 ( 0.825)	Loss 6.5130e-01 (4.2266e-01)	Acc@1  71.88 ( 86.28)	Acc@5 100.00 ( 98.55)
2021-12-05 15:44:30.185 | INFO     | __main__:display:483 - Test: [ 50/123]	Time  0.831 ( 0.855)	Loss 8.1626e-01 (4.9834e-01)	Acc@1  75.00 ( 83.52)	Acc@5  93.75 ( 98.41)
2021-12-05 15:44:38.719 | INFO     | __main__:display:483 - Test: [ 60/123]	Time  0.841 ( 0.855)	Loss 7.2099e-01 (5.0112e-01)	Acc@1  75.00 ( 83.56)	Acc@5  96.88 ( 98.31)
2021-12-05 15:44:46.658 | INFO     | __main__:display:483 - Test: [ 70/123]	Time  0.758 ( 0.846)	Loss 3.2389e-01 (4.8947e-01)	Acc@1  87.50 ( 83.76)	Acc@5 100.00 ( 98.46)
2021-12-05 15:44:56.024 | INFO     | __main__:display:483 - Test: [ 80/123]	Time  0.992 ( 0.857)	Loss 9.2589e-01 (4.8787e-01)	Acc@1  68.75 ( 84.03)	Acc@5 100.00 ( 98.50)
2021-12-05 15:45:08.686 | INFO     | __main__:display:483 - Test: [ 90/123]	Time  1.066 ( 0.902)	Loss 4.4728e-01 (4.8519e-01)	Acc@1  84.38 ( 84.03)	Acc@5 100.00 ( 98.52)
2021-12-05 15:45:19.392 | INFO     | __main__:display:483 - Test: [100/123]	Time  0.891 ( 0.919)	Loss 7.3639e-01 (5.0406e-01)	Acc@1  81.25 ( 83.60)	Acc@5  96.88 ( 98.45)
2021-12-05 15:45:28.746 | INFO     | __main__:display:483 - Test: [110/123]	Time  0.787 ( 0.921)	Loss 4.8583e-01 (5.3104e-01)	Acc@1  81.25 ( 82.94)	Acc@5 100.00 ( 98.37)
2021-12-05 15:45:38.365 | INFO     | __main__:display:483 - Test: [120/123]	Time  0.799 ( 0.924)	Loss 4.3892e-01 (5.2198e-01)	Acc@1  84.38 ( 83.32)	Acc@5  96.88 ( 98.35)
2021-12-05 15:45:39.844 | INFO     | __main__:display_summary:488 -  *   Acc@1 83.261 Acc@5 98.318
