2021-12-05 14:58:49.583 | INFO     | __main__:main:159 - Log into log/resnet18/zero_mantissa_to_closest_exponent/group_size:512/2021-12-05-14:58:49.log
2021-12-05 14:58:49.583 | INFO     | __main__:logger_args:80 - 
data      	data/imagenette
arch      	resnet18
replace_fc	torch.nn.Linear(512, 10)
change_model_weights	zero_mantissa_to_closest_exponent
change_model_weights_during_training	None
model_weights_group_size	512
workers   	4
epochs    	90
start_epoch	0
batch_size	32
lr        	0.1
momentum  	0.9
weight_decay	0.0001
print_freq	10
resume    	model/resnet18/model_best.pth.tar
evaluate  	True
pretrained	True
seed      	None
gpu       	None
model_dir 	model/resnet18/zero_mantissa_to_closest_exponent/group_size:512
log_dir   	log/resnet18/zero_mantissa_to_closest_exponent/group_size:512
tensorboard	False

2021-12-05 14:58:49.583 | INFO     | __main__:main_worker:196 - Using pre-trained model 'resnet18'
2021-12-05 14:58:49.787 | WARNING  | __main__:main_worker:203 - Replacing model's last FC layer by torch.nn.Linear(512, 10)
2021-12-05 14:58:49.789 | INFO     | __main__:main_worker:205 - 
ResNet(
  (conv1): Conv2d(3, 64, kernel_size=(7, 7), stride=(2, 2), padding=(3, 3), bias=False)
  (bn1): BatchNorm2d(64, eps=1e-05, momentum=0.1, affine=True, track_running_stats=True)
  (relu): ReLU(inplace=True)
  (maxpool): MaxPool2d(kernel_size=3, stride=2, padding=1, dilation=1, ceil_mode=False)
  (layer1): Sequential(
    (0): BasicBlock(
      (conv1): Conv2d(64, 64, kernel_size=(3, 3), stride=(1, 1), padding=(1, 1), bias=False)
      (bn1): BatchNorm2d(64, eps=1e-05, momentum=0.1, affine=True, track_running_stats=True)
      (relu): ReLU(inplace=True)
      (conv2): Conv2d(64, 64, kernel_size=(3, 3), stride=(1, 1), padding=(1, 1), bias=False)
      (bn2): BatchNorm2d(64, eps=1e-05, momentum=0.1, affine=True, track_running_stats=True)
    )
    (1): BasicBlock(
      (conv1): Conv2d(64, 64, kernel_size=(3, 3), stride=(1, 1), padding=(1, 1), bias=False)
      (bn1): BatchNorm2d(64, eps=1e-05, momentum=0.1, affine=True, track_running_stats=True)
      (relu): ReLU(inplace=True)
      (conv2): Conv2d(64, 64, kernel_size=(3, 3), stride=(1, 1), padding=(1, 1), bias=False)
      (bn2): BatchNorm2d(64, eps=1e-05, momentum=0.1, affine=True, track_running_stats=True)
    )
  )
  (layer2): Sequential(
    (0): BasicBlock(
      (conv1): Conv2d(64, 128, kernel_size=(3, 3), stride=(2, 2), padding=(1, 1), bias=False)
      (bn1): BatchNorm2d(128, eps=1e-05, momentum=0.1, affine=True, track_running_stats=True)
      (relu): ReLU(inplace=True)
      (conv2): Conv2d(128, 128, kernel_size=(3, 3), stride=(1, 1), padding=(1, 1), bias=False)
      (bn2): BatchNorm2d(128, eps=1e-05, momentum=0.1, affine=True, track_running_stats=True)
      (downsample): Sequential(
        (0): Conv2d(64, 128, kernel_size=(1, 1), stride=(2, 2), bias=False)
        (1): BatchNorm2d(128, eps=1e-05, momentum=0.1, affine=True, track_running_stats=True)
      )
    )
    (1): BasicBlock(
      (conv1): Conv2d(128, 128, kernel_size=(3, 3), stride=(1, 1), padding=(1, 1), bias=False)
      (bn1): BatchNorm2d(128, eps=1e-05, momentum=0.1, affine=True, track_running_stats=True)
      (relu): ReLU(inplace=True)
      (conv2): Conv2d(128, 128, kernel_size=(3, 3), stride=(1, 1), padding=(1, 1), bias=False)
      (bn2): BatchNorm2d(128, eps=1e-05, momentum=0.1, affine=True, track_running_stats=True)
    )
  )
  (layer3): Sequential(
    (0): BasicBlock(
      (conv1): Conv2d(128, 256, kernel_size=(3, 3), stride=(2, 2), padding=(1, 1), bias=False)
      (bn1): BatchNorm2d(256, eps=1e-05, momentum=0.1, affine=True, track_running_stats=True)
      (relu): ReLU(inplace=True)
      (conv2): Conv2d(256, 256, kernel_size=(3, 3), stride=(1, 1), padding=(1, 1), bias=False)
      (bn2): BatchNorm2d(256, eps=1e-05, momentum=0.1, affine=True, track_running_stats=True)
      (downsample): Sequential(
        (0): Conv2d(128, 256, kernel_size=(1, 1), stride=(2, 2), bias=False)
        (1): BatchNorm2d(256, eps=1e-05, momentum=0.1, affine=True, track_running_stats=True)
      )
    )
    (1): BasicBlock(
      (conv1): Conv2d(256, 256, kernel_size=(3, 3), stride=(1, 1), padding=(1, 1), bias=False)
      (bn1): BatchNorm2d(256, eps=1e-05, momentum=0.1, affine=True, track_running_stats=True)
      (relu): ReLU(inplace=True)
      (conv2): Conv2d(256, 256, kernel_size=(3, 3), stride=(1, 1), padding=(1, 1), bias=False)
      (bn2): BatchNorm2d(256, eps=1e-05, momentum=0.1, affine=True, track_running_stats=True)
    )
  )
  (layer4): Sequential(
    (0): BasicBlock(
      (conv1): Conv2d(256, 512, kernel_size=(3, 3), stride=(2, 2), padding=(1, 1), bias=False)
      (bn1): BatchNorm2d(512, eps=1e-05, momentum=0.1, affine=True, track_running_stats=True)
      (relu): ReLU(inplace=True)
      (conv2): Conv2d(512, 512, kernel_size=(3, 3), stride=(1, 1), padding=(1, 1), bias=False)
      (bn2): BatchNorm2d(512, eps=1e-05, momentum=0.1, affine=True, track_running_stats=True)
      (downsample): Sequential(
        (0): Conv2d(256, 512, kernel_size=(1, 1), stride=(2, 2), bias=False)
        (1): BatchNorm2d(512, eps=1e-05, momentum=0.1, affine=True, track_running_stats=True)
      )
    )
    (1): BasicBlock(
      (conv1): Conv2d(512, 512, kernel_size=(3, 3), stride=(1, 1), padding=(1, 1), bias=False)
      (bn1): BatchNorm2d(512, eps=1e-05, momentum=0.1, affine=True, track_running_stats=True)
      (relu): ReLU(inplace=True)
      (conv2): Conv2d(512, 512, kernel_size=(3, 3), stride=(1, 1), padding=(1, 1), bias=False)
      (bn2): BatchNorm2d(512, eps=1e-05, momentum=0.1, affine=True, track_running_stats=True)
    )
  )
  (avgpool): AdaptiveAvgPool2d(output_size=(1, 1))
  (fc): Linear(in_features=512, out_features=10, bias=True)
)
2021-12-05 14:58:49.789 | WARNING  | __main__:main_worker:212 - Using CPU, this will be slow
2021-12-05 14:58:49.790 | INFO     | __main__:main_worker:233 - Loading checkpoint 'model/resnet18/model_best.pth.tar'
2021-12-05 14:58:49.853 | INFO     | __main__:main_worker:247 - Loaded checkpoint 'model/resnet18/model_best.pth.tar' (epoch 95)
2021-12-05 14:58:49.853 | WARNING  | __main__:main_worker:252 - Changing model's weights according to 'zero_mantissa_to_closest_exponent' with group size: 512
2021-12-05 14:58:49.854 | INFO     | __main__:convert_model:140 - Converting conv1.weight ...
2021-12-05 14:58:50.163 | INFO     | __main__:convert_model:124 - Skipping bn1.weight ...
2021-12-05 14:58:50.164 | INFO     | __main__:convert_model:124 - Skipping bn1.bias ...
2021-12-05 14:58:50.164 | INFO     | __main__:convert_model:140 - Converting layer1.0.conv1.weight ...
2021-12-05 14:58:51.567 | INFO     | __main__:convert_model:124 - Skipping layer1.0.bn1.weight ...
2021-12-05 14:58:51.568 | INFO     | __main__:convert_model:124 - Skipping layer1.0.bn1.bias ...
2021-12-05 14:58:51.568 | INFO     | __main__:convert_model:140 - Converting layer1.0.conv2.weight ...
2021-12-05 14:58:53.047 | INFO     | __main__:convert_model:124 - Skipping layer1.0.bn2.weight ...
2021-12-05 14:58:53.047 | INFO     | __main__:convert_model:124 - Skipping layer1.0.bn2.bias ...
2021-12-05 14:58:53.048 | INFO     | __main__:convert_model:140 - Converting layer1.1.conv1.weight ...
2021-12-05 14:58:54.318 | INFO     | __main__:convert_model:124 - Skipping layer1.1.bn1.weight ...
2021-12-05 14:58:54.318 | INFO     | __main__:convert_model:124 - Skipping layer1.1.bn1.bias ...
2021-12-05 14:58:54.319 | INFO     | __main__:convert_model:140 - Converting layer1.1.conv2.weight ...
2021-12-05 14:58:55.413 | INFO     | __main__:convert_model:124 - Skipping layer1.1.bn2.weight ...
2021-12-05 14:58:55.413 | INFO     | __main__:convert_model:124 - Skipping layer1.1.bn2.bias ...
2021-12-05 14:58:55.413 | INFO     | __main__:convert_model:140 - Converting layer2.0.conv1.weight ...
2021-12-05 14:58:57.397 | INFO     | __main__:convert_model:124 - Skipping layer2.0.bn1.weight ...
2021-12-05 14:58:57.397 | INFO     | __main__:convert_model:124 - Skipping layer2.0.bn1.bias ...
2021-12-05 14:58:57.397 | INFO     | __main__:convert_model:140 - Converting layer2.0.conv2.weight ...
2021-12-05 14:59:01.360 | INFO     | __main__:convert_model:124 - Skipping layer2.0.bn2.weight ...
2021-12-05 14:59:01.360 | INFO     | __main__:convert_model:124 - Skipping layer2.0.bn2.bias ...
2021-12-05 14:59:01.360 | INFO     | __main__:convert_model:124 - Skipping layer2.0.downsample.0.weight ...
2021-12-05 14:59:01.361 | INFO     | __main__:convert_model:124 - Skipping layer2.0.downsample.1.weight ...
2021-12-05 14:59:01.361 | INFO     | __main__:convert_model:124 - Skipping layer2.0.downsample.1.bias ...
2021-12-05 14:59:01.361 | INFO     | __main__:convert_model:140 - Converting layer2.1.conv1.weight ...
2021-12-05 14:59:05.539 | INFO     | __main__:convert_model:124 - Skipping layer2.1.bn1.weight ...
2021-12-05 14:59:05.539 | INFO     | __main__:convert_model:124 - Skipping layer2.1.bn1.bias ...
2021-12-05 14:59:05.539 | INFO     | __main__:convert_model:140 - Converting layer2.1.conv2.weight ...
2021-12-05 14:59:09.131 | INFO     | __main__:convert_model:124 - Skipping layer2.1.bn2.weight ...
2021-12-05 14:59:09.132 | INFO     | __main__:convert_model:124 - Skipping layer2.1.bn2.bias ...
2021-12-05 14:59:09.132 | INFO     | __main__:convert_model:140 - Converting layer3.0.conv1.weight ...
2021-12-05 14:59:18.094 | INFO     | __main__:convert_model:124 - Skipping layer3.0.bn1.weight ...
2021-12-05 14:59:18.094 | INFO     | __main__:convert_model:124 - Skipping layer3.0.bn1.bias ...
2021-12-05 14:59:18.095 | INFO     | __main__:convert_model:140 - Converting layer3.0.conv2.weight ...
2021-12-05 14:59:31.429 | INFO     | __main__:convert_model:124 - Skipping layer3.0.bn2.weight ...
2021-12-05 14:59:31.429 | INFO     | __main__:convert_model:124 - Skipping layer3.0.bn2.bias ...
2021-12-05 14:59:31.429 | INFO     | __main__:convert_model:124 - Skipping layer3.0.downsample.0.weight ...
2021-12-05 14:59:31.430 | INFO     | __main__:convert_model:124 - Skipping layer3.0.downsample.1.weight ...
2021-12-05 14:59:31.430 | INFO     | __main__:convert_model:124 - Skipping layer3.0.downsample.1.bias ...
2021-12-05 14:59:31.430 | INFO     | __main__:convert_model:140 - Converting layer3.1.conv1.weight ...
2021-12-05 14:59:44.062 | INFO     | __main__:convert_model:124 - Skipping layer3.1.bn1.weight ...
2021-12-05 14:59:44.063 | INFO     | __main__:convert_model:124 - Skipping layer3.1.bn1.bias ...
2021-12-05 14:59:44.063 | INFO     | __main__:convert_model:140 - Converting layer3.1.conv2.weight ...
2021-12-05 14:59:56.738 | INFO     | __main__:convert_model:124 - Skipping layer3.1.bn2.weight ...
2021-12-05 14:59:56.738 | INFO     | __main__:convert_model:124 - Skipping layer3.1.bn2.bias ...
2021-12-05 14:59:56.738 | INFO     | __main__:convert_model:140 - Converting layer4.0.conv1.weight ...
2021-12-05 15:00:21.657 | INFO     | __main__:convert_model:124 - Skipping layer4.0.bn1.weight ...
2021-12-05 15:00:21.658 | INFO     | __main__:convert_model:124 - Skipping layer4.0.bn1.bias ...
2021-12-05 15:00:21.658 | INFO     | __main__:convert_model:140 - Converting layer4.0.conv2.weight ...
2021-12-05 15:01:11.510 | INFO     | __main__:convert_model:124 - Skipping layer4.0.bn2.weight ...
2021-12-05 15:01:11.511 | INFO     | __main__:convert_model:124 - Skipping layer4.0.bn2.bias ...
2021-12-05 15:01:11.511 | INFO     | __main__:convert_model:124 - Skipping layer4.0.downsample.0.weight ...
2021-12-05 15:01:11.512 | INFO     | __main__:convert_model:124 - Skipping layer4.0.downsample.1.weight ...
2021-12-05 15:01:11.512 | INFO     | __main__:convert_model:124 - Skipping layer4.0.downsample.1.bias ...
2021-12-05 15:01:11.512 | INFO     | __main__:convert_model:140 - Converting layer4.1.conv1.weight ...
2021-12-05 15:02:00.945 | INFO     | __main__:convert_model:124 - Skipping layer4.1.bn1.weight ...
2021-12-05 15:02:00.946 | INFO     | __main__:convert_model:124 - Skipping layer4.1.bn1.bias ...
2021-12-05 15:02:00.946 | INFO     | __main__:convert_model:140 - Converting layer4.1.conv2.weight ...
2021-12-05 15:02:49.150 | INFO     | __main__:convert_model:124 - Skipping layer4.1.bn2.weight ...
2021-12-05 15:02:49.151 | INFO     | __main__:convert_model:124 - Skipping layer4.1.bn2.bias ...
2021-12-05 15:02:49.151 | INFO     | __main__:convert_model:140 - Converting fc.weight ...
2021-12-05 15:02:49.253 | INFO     | __main__:convert_model:134 - Converting fc.bias with group size: 10. (W.numel()(=10) < 512) ...
2021-12-05 15:02:49.254 | INFO     | __main__:main_worker:266 - Train Dir: data/imagenette/train | Val Dir: data/imagenette/val
2021-12-05 15:02:49.285 | INFO     | __main__:main_worker:291 - args.evaluate=True: Doing evaluation once, and exit
2021-12-05 15:02:50.241 | INFO     | __main__:display:483 - Test: [  0/123]	Time  0.956 ( 0.956)	Loss 3.7582e-01 (3.7582e-01)	Acc@1  93.75 ( 93.75)	Acc@5  96.88 ( 96.88)
2021-12-05 15:03:18.092 | INFO     | __main__:display:483 - Test: [ 10/123]	Time  1.581 ( 2.619)	Loss 5.8075e-01 (3.2109e-01)	Acc@1  84.38 ( 90.62)	Acc@5  96.88 ( 98.30)
2021-12-05 15:03:33.210 | INFO     | __main__:display:483 - Test: [ 20/123]	Time  0.825 ( 2.092)	Loss 8.6292e-01 (4.6814e-01)	Acc@1  75.00 ( 86.46)	Acc@5  93.75 ( 97.92)
2021-12-05 15:03:47.168 | INFO     | __main__:display:483 - Test: [ 30/123]	Time  0.945 ( 1.867)	Loss 6.5055e-01 (5.4188e-01)	Acc@1  81.25 ( 83.17)	Acc@5  96.88 ( 97.38)
2021-12-05 15:04:01.458 | INFO     | __main__:display:483 - Test: [ 40/123]	Time  0.806 ( 1.760)	Loss 6.7800e-01 (5.5967e-01)	Acc@1  68.75 ( 82.62)	Acc@5 100.00 ( 97.79)
2021-12-05 15:04:10.741 | INFO     | __main__:display:483 - Test: [ 50/123]	Time  0.743 ( 1.597)	Loss 7.8260e-01 (6.1660e-01)	Acc@1  71.88 ( 80.64)	Acc@5  96.88 ( 97.55)
2021-12-05 15:04:19.298 | INFO     | __main__:display:483 - Test: [ 60/123]	Time  0.856 ( 1.476)	Loss 8.4758e-01 (6.0284e-01)	Acc@1  78.12 ( 81.30)	Acc@5  96.88 ( 97.49)
2021-12-05 15:04:28.233 | INFO     | __main__:display:483 - Test: [ 70/123]	Time  0.926 ( 1.394)	Loss 4.2405e-01 (5.8729e-01)	Acc@1  87.50 ( 81.73)	Acc@5 100.00 ( 97.80)
2021-12-05 15:04:36.550 | INFO     | __main__:display:483 - Test: [ 80/123]	Time  0.848 ( 1.324)	Loss 9.7097e-01 (5.7447e-01)	Acc@1  68.75 ( 82.21)	Acc@5 100.00 ( 97.92)
2021-12-05 15:04:44.911 | INFO     | __main__:display:483 - Test: [ 90/123]	Time  0.861 ( 1.271)	Loss 5.9246e-01 (5.7860e-01)	Acc@1  84.38 ( 82.04)	Acc@5 100.00 ( 98.01)
2021-12-05 15:05:09.267 | INFO     | __main__:display:483 - Test: [100/123]	Time  0.806 ( 1.386)	Loss 1.3935e+00 (6.1917e-01)	Acc@1  56.25 ( 80.91)	Acc@5  93.75 ( 97.74)
2021-12-05 15:05:40.327 | INFO     | __main__:display:483 - Test: [110/123]	Time  3.031 ( 1.541)	Loss 7.7362e-01 (6.7429e-01)	Acc@1  78.12 ( 79.42)	Acc@5  93.75 ( 97.35)
2021-12-05 15:05:46.552 | INFO     | __main__:display:483 - Test: [120/123]	Time  0.679 ( 1.465)	Loss 4.2846e-01 (6.4678e-01)	Acc@1  84.38 ( 80.24)	Acc@5 100.00 ( 97.44)
2021-12-05 15:05:49.425 | INFO     | __main__:display_summary:488 -  *   Acc@1 80.255 Acc@5 97.427
