2021-12-01 11:53:23.353 | INFO     | __main__:main:152 - Log into log/resnet18/zero_mantissa_to_closest_exponent/group_size:512/2021-12-01-11:53:23.log
2021-12-01 11:53:23.354 | WARNING  | __main__:main:158 - You have chosen to seed training. This will turn on the CUDNN deterministic setting, which can slow down your training considerably! You may see unexpected behavior when restarting from checkpoints.
2021-12-01 11:53:23.354 | INFO     | __main__:main_worker:179 - Using pre-trained model 'resnet18'
2021-12-01 11:53:23.534 | WARNING  | __main__:main_worker:186 - Replacing model's last FC layer by torch.nn.Linear(512, 10)
2021-12-01 11:53:23.536 | INFO     | __main__:main_worker:188 - 
ResNet(
  (conv1): Conv2d(3, 64, kernel_size=(7, 7), stride=(2, 2), padding=(3, 3), bias=False)
  (bn1): BatchNorm2d(64, eps=1e-05, momentum=0.1, affine=True, track_running_stats=True)
  (relu): ReLU(inplace=True)
  (maxpool): MaxPool2d(kernel_size=3, stride=2, padding=1, dilation=1, ceil_mode=False)
  (layer1): Sequential(
    (0): BasicBlock(
      (conv1): Conv2d(64, 64, kernel_size=(3, 3), stride=(1, 1), padding=(1, 1), bias=False)
      (bn1): BatchNorm2d(64, eps=1e-05, momentum=0.1, affine=True, track_running_stats=True)
      (relu): ReLU(inplace=True)
      (conv2): Conv2d(64, 64, kernel_size=(3, 3), stride=(1, 1), padding=(1, 1), bias=False)
      (bn2): BatchNorm2d(64, eps=1e-05, momentum=0.1, affine=True, track_running_stats=True)
    )
    (1): BasicBlock(
      (conv1): Conv2d(64, 64, kernel_size=(3, 3), stride=(1, 1), padding=(1, 1), bias=False)
      (bn1): BatchNorm2d(64, eps=1e-05, momentum=0.1, affine=True, track_running_stats=True)
      (relu): ReLU(inplace=True)
      (conv2): Conv2d(64, 64, kernel_size=(3, 3), stride=(1, 1), padding=(1, 1), bias=False)
      (bn2): BatchNorm2d(64, eps=1e-05, momentum=0.1, affine=True, track_running_stats=True)
    )
  )
  (layer2): Sequential(
    (0): BasicBlock(
      (conv1): Conv2d(64, 128, kernel_size=(3, 3), stride=(2, 2), padding=(1, 1), bias=False)
      (bn1): BatchNorm2d(128, eps=1e-05, momentum=0.1, affine=True, track_running_stats=True)
      (relu): ReLU(inplace=True)
      (conv2): Conv2d(128, 128, kernel_size=(3, 3), stride=(1, 1), padding=(1, 1), bias=False)
      (bn2): BatchNorm2d(128, eps=1e-05, momentum=0.1, affine=True, track_running_stats=True)
      (downsample): Sequential(
        (0): Conv2d(64, 128, kernel_size=(1, 1), stride=(2, 2), bias=False)
        (1): BatchNorm2d(128, eps=1e-05, momentum=0.1, affine=True, track_running_stats=True)
      )
    )
    (1): BasicBlock(
      (conv1): Conv2d(128, 128, kernel_size=(3, 3), stride=(1, 1), padding=(1, 1), bias=False)
      (bn1): BatchNorm2d(128, eps=1e-05, momentum=0.1, affine=True, track_running_stats=True)
      (relu): ReLU(inplace=True)
      (conv2): Conv2d(128, 128, kernel_size=(3, 3), stride=(1, 1), padding=(1, 1), bias=False)
      (bn2): BatchNorm2d(128, eps=1e-05, momentum=0.1, affine=True, track_running_stats=True)
    )
  )
  (layer3): Sequential(
    (0): BasicBlock(
      (conv1): Conv2d(128, 256, kernel_size=(3, 3), stride=(2, 2), padding=(1, 1), bias=False)
      (bn1): BatchNorm2d(256, eps=1e-05, momentum=0.1, affine=True, track_running_stats=True)
      (relu): ReLU(inplace=True)
      (conv2): Conv2d(256, 256, kernel_size=(3, 3), stride=(1, 1), padding=(1, 1), bias=False)
      (bn2): BatchNorm2d(256, eps=1e-05, momentum=0.1, affine=True, track_running_stats=True)
      (downsample): Sequential(
        (0): Conv2d(128, 256, kernel_size=(1, 1), stride=(2, 2), bias=False)
        (1): BatchNorm2d(256, eps=1e-05, momentum=0.1, affine=True, track_running_stats=True)
      )
    )
    (1): BasicBlock(
      (conv1): Conv2d(256, 256, kernel_size=(3, 3), stride=(1, 1), padding=(1, 1), bias=False)
      (bn1): BatchNorm2d(256, eps=1e-05, momentum=0.1, affine=True, track_running_stats=True)
      (relu): ReLU(inplace=True)
      (conv2): Conv2d(256, 256, kernel_size=(3, 3), stride=(1, 1), padding=(1, 1), bias=False)
      (bn2): BatchNorm2d(256, eps=1e-05, momentum=0.1, affine=True, track_running_stats=True)
    )
  )
  (layer4): Sequential(
    (0): BasicBlock(
      (conv1): Conv2d(256, 512, kernel_size=(3, 3), stride=(2, 2), padding=(1, 1), bias=False)
      (bn1): BatchNorm2d(512, eps=1e-05, momentum=0.1, affine=True, track_running_stats=True)
      (relu): ReLU(inplace=True)
      (conv2): Conv2d(512, 512, kernel_size=(3, 3), stride=(1, 1), padding=(1, 1), bias=False)
      (bn2): BatchNorm2d(512, eps=1e-05, momentum=0.1, affine=True, track_running_stats=True)
      (downsample): Sequential(
        (0): Conv2d(256, 512, kernel_size=(1, 1), stride=(2, 2), bias=False)
        (1): BatchNorm2d(512, eps=1e-05, momentum=0.1, affine=True, track_running_stats=True)
      )
    )
    (1): BasicBlock(
      (conv1): Conv2d(512, 512, kernel_size=(3, 3), stride=(1, 1), padding=(1, 1), bias=False)
      (bn1): BatchNorm2d(512, eps=1e-05, momentum=0.1, affine=True, track_running_stats=True)
      (relu): ReLU(inplace=True)
      (conv2): Conv2d(512, 512, kernel_size=(3, 3), stride=(1, 1), padding=(1, 1), bias=False)
      (bn2): BatchNorm2d(512, eps=1e-05, momentum=0.1, affine=True, track_running_stats=True)
    )
  )
  (avgpool): AdaptiveAvgPool2d(output_size=(1, 1))
  (fc): Linear(in_features=512, out_features=10, bias=True)
)
2021-12-01 11:53:23.537 | WARNING  | __main__:main_worker:195 - Using CPU, this will be slow
2021-12-01 11:53:23.538 | INFO     | __main__:main_worker:216 - Loading checkpoint 'model/resnet18/model_best.pth.tar'
2021-12-01 11:53:23.596 | INFO     | __main__:main_worker:230 - Loaded checkpoint 'model/resnet18/model_best.pth.tar' (epoch 95)
2021-12-01 11:53:23.596 | WARNING  | __main__:main_worker:235 - Changing model's weights according to 'zero_mantissa_to_closest_exponent' with group size: 512
2021-12-01 11:53:23.597 | INFO     | __main__:convert_model:132 - Converting conv1.weight ...
2021-12-01 11:53:23.868 | INFO     | __main__:convert_model:118 - Skipping bn1.weight ...
2021-12-01 11:53:23.868 | INFO     | __main__:convert_model:118 - Skipping bn1.bias ...
2021-12-01 11:53:23.868 | INFO     | __main__:convert_model:132 - Converting layer1.0.conv1.weight ...
2021-12-01 11:53:25.272 | INFO     | __main__:convert_model:118 - Skipping layer1.0.bn1.weight ...
2021-12-01 11:53:25.272 | INFO     | __main__:convert_model:118 - Skipping layer1.0.bn1.bias ...
2021-12-01 11:53:25.272 | INFO     | __main__:convert_model:132 - Converting layer1.0.conv2.weight ...
2021-12-01 11:53:26.548 | INFO     | __main__:convert_model:118 - Skipping layer1.0.bn2.weight ...
2021-12-01 11:53:26.549 | INFO     | __main__:convert_model:118 - Skipping layer1.0.bn2.bias ...
2021-12-01 11:53:26.550 | INFO     | __main__:convert_model:132 - Converting layer1.1.conv1.weight ...
2021-12-01 11:53:27.669 | INFO     | __main__:convert_model:118 - Skipping layer1.1.bn1.weight ...
2021-12-01 11:53:27.669 | INFO     | __main__:convert_model:118 - Skipping layer1.1.bn1.bias ...
2021-12-01 11:53:27.669 | INFO     | __main__:convert_model:132 - Converting layer1.1.conv2.weight ...
2021-12-01 11:53:28.473 | INFO     | __main__:convert_model:118 - Skipping layer1.1.bn2.weight ...
2021-12-01 11:53:28.474 | INFO     | __main__:convert_model:118 - Skipping layer1.1.bn2.bias ...
2021-12-01 11:53:28.474 | INFO     | __main__:convert_model:132 - Converting layer2.0.conv1.weight ...
2021-12-01 11:53:30.093 | INFO     | __main__:convert_model:118 - Skipping layer2.0.bn1.weight ...
2021-12-01 11:53:30.094 | INFO     | __main__:convert_model:118 - Skipping layer2.0.bn1.bias ...
2021-12-01 11:53:30.094 | INFO     | __main__:convert_model:132 - Converting layer2.0.conv2.weight ...
2021-12-01 11:53:33.339 | INFO     | __main__:convert_model:118 - Skipping layer2.0.bn2.weight ...
2021-12-01 11:53:33.339 | INFO     | __main__:convert_model:118 - Skipping layer2.0.bn2.bias ...
2021-12-01 11:53:33.339 | INFO     | __main__:convert_model:118 - Skipping layer2.0.downsample.0.weight ...
2021-12-01 11:53:33.339 | INFO     | __main__:convert_model:118 - Skipping layer2.0.downsample.1.weight ...
2021-12-01 11:53:33.339 | INFO     | __main__:convert_model:118 - Skipping layer2.0.downsample.1.bias ...
2021-12-01 11:53:33.340 | INFO     | __main__:convert_model:132 - Converting layer2.1.conv1.weight ...
2021-12-01 11:53:36.939 | INFO     | __main__:convert_model:118 - Skipping layer2.1.bn1.weight ...
2021-12-01 11:53:36.940 | INFO     | __main__:convert_model:118 - Skipping layer2.1.bn1.bias ...
2021-12-01 11:53:36.940 | INFO     | __main__:convert_model:132 - Converting layer2.1.conv2.weight ...
2021-12-01 11:53:40.213 | INFO     | __main__:convert_model:118 - Skipping layer2.1.bn2.weight ...
2021-12-01 11:53:40.213 | INFO     | __main__:convert_model:118 - Skipping layer2.1.bn2.bias ...
2021-12-01 11:53:40.213 | INFO     | __main__:convert_model:132 - Converting layer3.0.conv1.weight ...
2021-12-01 11:53:46.636 | INFO     | __main__:convert_model:118 - Skipping layer3.0.bn1.weight ...
2021-12-01 11:53:46.636 | INFO     | __main__:convert_model:118 - Skipping layer3.0.bn1.bias ...
2021-12-01 11:53:46.637 | INFO     | __main__:convert_model:132 - Converting layer3.0.conv2.weight ...
2021-12-01 11:53:59.511 | INFO     | __main__:convert_model:118 - Skipping layer3.0.bn2.weight ...
2021-12-01 11:53:59.511 | INFO     | __main__:convert_model:118 - Skipping layer3.0.bn2.bias ...
2021-12-01 11:53:59.512 | INFO     | __main__:convert_model:118 - Skipping layer3.0.downsample.0.weight ...
2021-12-01 11:53:59.512 | INFO     | __main__:convert_model:118 - Skipping layer3.0.downsample.1.weight ...
2021-12-01 11:53:59.512 | INFO     | __main__:convert_model:118 - Skipping layer3.0.downsample.1.bias ...
2021-12-01 11:53:59.512 | INFO     | __main__:convert_model:132 - Converting layer3.1.conv1.weight ...
2021-12-01 11:54:12.960 | INFO     | __main__:convert_model:118 - Skipping layer3.1.bn1.weight ...
2021-12-01 11:54:12.960 | INFO     | __main__:convert_model:118 - Skipping layer3.1.bn1.bias ...
2021-12-01 11:54:12.960 | INFO     | __main__:convert_model:132 - Converting layer3.1.conv2.weight ...
2021-12-01 11:54:26.265 | INFO     | __main__:convert_model:118 - Skipping layer3.1.bn2.weight ...
2021-12-01 11:54:26.265 | INFO     | __main__:convert_model:118 - Skipping layer3.1.bn2.bias ...
2021-12-01 11:54:26.266 | INFO     | __main__:convert_model:132 - Converting layer4.0.conv1.weight ...
2021-12-01 11:54:53.011 | INFO     | __main__:convert_model:118 - Skipping layer4.0.bn1.weight ...
2021-12-01 11:54:53.011 | INFO     | __main__:convert_model:118 - Skipping layer4.0.bn1.bias ...
2021-12-01 11:54:53.011 | INFO     | __main__:convert_model:132 - Converting layer4.0.conv2.weight ...
2021-12-01 11:55:53.706 | INFO     | __main__:convert_model:118 - Skipping layer4.0.bn2.weight ...
2021-12-01 11:55:53.707 | INFO     | __main__:convert_model:118 - Skipping layer4.0.bn2.bias ...
2021-12-01 11:55:53.707 | INFO     | __main__:convert_model:118 - Skipping layer4.0.downsample.0.weight ...
2021-12-01 11:55:53.707 | INFO     | __main__:convert_model:118 - Skipping layer4.0.downsample.1.weight ...
2021-12-01 11:55:53.707 | INFO     | __main__:convert_model:118 - Skipping layer4.0.downsample.1.bias ...
2021-12-01 11:55:53.708 | INFO     | __main__:convert_model:132 - Converting layer4.1.conv1.weight ...
2021-12-01 11:56:54.311 | INFO     | __main__:convert_model:118 - Skipping layer4.1.bn1.weight ...
2021-12-01 11:56:54.311 | INFO     | __main__:convert_model:118 - Skipping layer4.1.bn1.bias ...
2021-12-01 11:56:54.312 | INFO     | __main__:convert_model:132 - Converting layer4.1.conv2.weight ...
2021-12-01 11:57:50.420 | INFO     | __main__:convert_model:118 - Skipping layer4.1.bn2.weight ...
2021-12-01 11:57:50.421 | INFO     | __main__:convert_model:118 - Skipping layer4.1.bn2.bias ...
2021-12-01 11:57:50.421 | INFO     | __main__:convert_model:132 - Converting fc.weight ...
2021-12-01 11:57:50.604 | INFO     | __main__:convert_model:127 - Converting fc.bias with group size: 10. (W.numel()(=10) < 512) ...
2021-12-01 11:57:50.606 | INFO     | __main__:main_worker:244 - Train Dir: data/imagenette/train | Val Dir: data/imagenette/val
2021-12-01 11:57:50.659 | INFO     | __main__:main_worker:269 - args.evaluate=True: Doing evaluation once, and exit
2021-12-01 11:57:52.106 | INFO     | __main__:display:446 - Test: [  0/123]	Time  1.445 ( 1.445)	Loss 3.7582e-01 (3.7582e-01)	Acc@1  93.75 ( 93.75)	Acc@5  96.88 ( 96.88)
2021-12-01 11:58:00.623 | INFO     | __main__:display:446 - Test: [ 10/123]	Time  0.826 ( 0.906)	Loss 5.8075e-01 (3.2109e-01)	Acc@1  84.38 ( 90.62)	Acc@5  96.88 ( 98.30)
2021-12-01 11:58:09.496 | INFO     | __main__:display:446 - Test: [ 20/123]	Time  0.814 ( 0.897)	Loss 8.6292e-01 (4.6814e-01)	Acc@1  75.00 ( 86.46)	Acc@5  93.75 ( 97.92)
2021-12-01 11:58:17.851 | INFO     | __main__:display:446 - Test: [ 30/123]	Time  0.940 ( 0.877)	Loss 6.5055e-01 (5.4188e-01)	Acc@1  81.25 ( 83.17)	Acc@5  96.88 ( 97.38)
2021-12-01 11:58:26.741 | INFO     | __main__:display:446 - Test: [ 40/123]	Time  0.966 ( 0.880)	Loss 6.7800e-01 (5.5967e-01)	Acc@1  68.75 ( 82.62)	Acc@5 100.00 ( 97.79)
2021-12-01 11:58:34.991 | INFO     | __main__:display:446 - Test: [ 50/123]	Time  0.938 ( 0.869)	Loss 7.8260e-01 (6.1660e-01)	Acc@1  71.88 ( 80.64)	Acc@5  96.88 ( 97.55)
2021-12-01 11:58:43.316 | INFO     | __main__:display:446 - Test: [ 60/123]	Time  0.784 ( 0.863)	Loss 8.4758e-01 (6.0284e-01)	Acc@1  78.12 ( 81.30)	Acc@5  96.88 ( 97.49)
2021-12-01 11:58:52.186 | INFO     | __main__:display:446 - Test: [ 70/123]	Time  0.790 ( 0.867)	Loss 4.2405e-01 (5.8729e-01)	Acc@1  87.50 ( 81.73)	Acc@5 100.00 ( 97.80)
2021-12-01 11:59:00.338 | INFO     | __main__:display:446 - Test: [ 80/123]	Time  0.831 ( 0.860)	Loss 9.7097e-01 (5.7447e-01)	Acc@1  68.75 ( 82.21)	Acc@5 100.00 ( 97.92)
2021-12-01 11:59:08.270 | INFO     | __main__:display:446 - Test: [ 90/123]	Time  0.750 ( 0.853)	Loss 5.9246e-01 (5.7860e-01)	Acc@1  84.38 ( 82.04)	Acc@5 100.00 ( 98.01)
2021-12-01 11:59:16.738 | INFO     | __main__:display:446 - Test: [100/123]	Time  0.823 ( 0.852)	Loss 1.3935e+00 (6.1917e-01)	Acc@1  56.25 ( 80.91)	Acc@5  93.75 ( 97.74)
2021-12-01 11:59:25.116 | INFO     | __main__:display:446 - Test: [110/123]	Time  0.811 ( 0.851)	Loss 7.7362e-01 (6.7429e-01)	Acc@1  78.12 ( 79.42)	Acc@5  93.75 ( 97.35)
2021-12-01 11:59:32.965 | INFO     | __main__:display:446 - Test: [120/123]	Time  0.771 ( 0.845)	Loss 4.2846e-01 (6.4678e-01)	Acc@1  84.38 ( 80.24)	Acc@5 100.00 ( 97.44)
2021-12-01 11:59:34.172 | INFO     | __main__:display_summary:451 -  *   Acc@1 80.255 Acc@5 97.427
