2021-12-05 16:25:20.660 | INFO     | __main__:main:159 - Log into log/resnet18/zero_mantissa_to_closest_exponent/group_size:512/2021-12-05-16:25:20.log
2021-12-05 16:25:20.661 | INFO     | __main__:logger_args:80 - 
data      	data/imagenette
arch      	resnet18
replace_fc	torch.nn.Linear(512, 10)
change_model_weights	zero_mantissa_to_closest_exponent
change_model_weights_during_training	None
model_weights_group_size	512
workers   	4
epochs    	90
start_epoch	0
batch_size	32
lr        	0.1
momentum  	0.9
weight_decay	0.0001
print_freq	10
resume    	model/resnet18:non-pretrained:batch_size=256/model_best.pth.tar
evaluate  	True
pretrained	False
seed      	None
gpu       	None
model_dir 	model/resnet18/zero_mantissa_to_closest_exponent/group_size:512
log_dir   	log/resnet18/zero_mantissa_to_closest_exponent/group_size:512
tensorboard	False

2021-12-05 16:25:20.661 | INFO     | __main__:main_worker:199 - Creating model 'resnet18'
2021-12-05 16:25:20.787 | WARNING  | __main__:main_worker:203 - Replacing model's last FC layer by torch.nn.Linear(512, 10)
2021-12-05 16:25:20.788 | INFO     | __main__:main_worker:205 - 
ResNet(
  (conv1): Conv2d(3, 64, kernel_size=(7, 7), stride=(2, 2), padding=(3, 3), bias=False)
  (bn1): BatchNorm2d(64, eps=1e-05, momentum=0.1, affine=True, track_running_stats=True)
  (relu): ReLU(inplace=True)
  (maxpool): MaxPool2d(kernel_size=3, stride=2, padding=1, dilation=1, ceil_mode=False)
  (layer1): Sequential(
    (0): BasicBlock(
      (conv1): Conv2d(64, 64, kernel_size=(3, 3), stride=(1, 1), padding=(1, 1), bias=False)
      (bn1): BatchNorm2d(64, eps=1e-05, momentum=0.1, affine=True, track_running_stats=True)
      (relu): ReLU(inplace=True)
      (conv2): Conv2d(64, 64, kernel_size=(3, 3), stride=(1, 1), padding=(1, 1), bias=False)
      (bn2): BatchNorm2d(64, eps=1e-05, momentum=0.1, affine=True, track_running_stats=True)
    )
    (1): BasicBlock(
      (conv1): Conv2d(64, 64, kernel_size=(3, 3), stride=(1, 1), padding=(1, 1), bias=False)
      (bn1): BatchNorm2d(64, eps=1e-05, momentum=0.1, affine=True, track_running_stats=True)
      (relu): ReLU(inplace=True)
      (conv2): Conv2d(64, 64, kernel_size=(3, 3), stride=(1, 1), padding=(1, 1), bias=False)
      (bn2): BatchNorm2d(64, eps=1e-05, momentum=0.1, affine=True, track_running_stats=True)
    )
  )
  (layer2): Sequential(
    (0): BasicBlock(
      (conv1): Conv2d(64, 128, kernel_size=(3, 3), stride=(2, 2), padding=(1, 1), bias=False)
      (bn1): BatchNorm2d(128, eps=1e-05, momentum=0.1, affine=True, track_running_stats=True)
      (relu): ReLU(inplace=True)
      (conv2): Conv2d(128, 128, kernel_size=(3, 3), stride=(1, 1), padding=(1, 1), bias=False)
      (bn2): BatchNorm2d(128, eps=1e-05, momentum=0.1, affine=True, track_running_stats=True)
      (downsample): Sequential(
        (0): Conv2d(64, 128, kernel_size=(1, 1), stride=(2, 2), bias=False)
        (1): BatchNorm2d(128, eps=1e-05, momentum=0.1, affine=True, track_running_stats=True)
      )
    )
    (1): BasicBlock(
      (conv1): Conv2d(128, 128, kernel_size=(3, 3), stride=(1, 1), padding=(1, 1), bias=False)
      (bn1): BatchNorm2d(128, eps=1e-05, momentum=0.1, affine=True, track_running_stats=True)
      (relu): ReLU(inplace=True)
      (conv2): Conv2d(128, 128, kernel_size=(3, 3), stride=(1, 1), padding=(1, 1), bias=False)
      (bn2): BatchNorm2d(128, eps=1e-05, momentum=0.1, affine=True, track_running_stats=True)
    )
  )
  (layer3): Sequential(
    (0): BasicBlock(
      (conv1): Conv2d(128, 256, kernel_size=(3, 3), stride=(2, 2), padding=(1, 1), bias=False)
      (bn1): BatchNorm2d(256, eps=1e-05, momentum=0.1, affine=True, track_running_stats=True)
      (relu): ReLU(inplace=True)
      (conv2): Conv2d(256, 256, kernel_size=(3, 3), stride=(1, 1), padding=(1, 1), bias=False)
      (bn2): BatchNorm2d(256, eps=1e-05, momentum=0.1, affine=True, track_running_stats=True)
      (downsample): Sequential(
        (0): Conv2d(128, 256, kernel_size=(1, 1), stride=(2, 2), bias=False)
        (1): BatchNorm2d(256, eps=1e-05, momentum=0.1, affine=True, track_running_stats=True)
      )
    )
    (1): BasicBlock(
      (conv1): Conv2d(256, 256, kernel_size=(3, 3), stride=(1, 1), padding=(1, 1), bias=False)
      (bn1): BatchNorm2d(256, eps=1e-05, momentum=0.1, affine=True, track_running_stats=True)
      (relu): ReLU(inplace=True)
      (conv2): Conv2d(256, 256, kernel_size=(3, 3), stride=(1, 1), padding=(1, 1), bias=False)
      (bn2): BatchNorm2d(256, eps=1e-05, momentum=0.1, affine=True, track_running_stats=True)
    )
  )
  (layer4): Sequential(
    (0): BasicBlock(
      (conv1): Conv2d(256, 512, kernel_size=(3, 3), stride=(2, 2), padding=(1, 1), bias=False)
      (bn1): BatchNorm2d(512, eps=1e-05, momentum=0.1, affine=True, track_running_stats=True)
      (relu): ReLU(inplace=True)
      (conv2): Conv2d(512, 512, kernel_size=(3, 3), stride=(1, 1), padding=(1, 1), bias=False)
      (bn2): BatchNorm2d(512, eps=1e-05, momentum=0.1, affine=True, track_running_stats=True)
      (downsample): Sequential(
        (0): Conv2d(256, 512, kernel_size=(1, 1), stride=(2, 2), bias=False)
        (1): BatchNorm2d(512, eps=1e-05, momentum=0.1, affine=True, track_running_stats=True)
      )
    )
    (1): BasicBlock(
      (conv1): Conv2d(512, 512, kernel_size=(3, 3), stride=(1, 1), padding=(1, 1), bias=False)
      (bn1): BatchNorm2d(512, eps=1e-05, momentum=0.1, affine=True, track_running_stats=True)
      (relu): ReLU(inplace=True)
      (conv2): Conv2d(512, 512, kernel_size=(3, 3), stride=(1, 1), padding=(1, 1), bias=False)
      (bn2): BatchNorm2d(512, eps=1e-05, momentum=0.1, affine=True, track_running_stats=True)
    )
  )
  (avgpool): AdaptiveAvgPool2d(output_size=(1, 1))
  (fc): Linear(in_features=512, out_features=10, bias=True)
)
2021-12-05 16:25:20.788 | WARNING  | __main__:main_worker:212 - Using CPU, this will be slow
2021-12-05 16:25:20.789 | INFO     | __main__:main_worker:233 - Loading checkpoint 'model/resnet18:non-pretrained:batch_size=256/model_best.pth.tar'
2021-12-05 16:25:20.912 | INFO     | __main__:main_worker:247 - Loaded checkpoint 'model/resnet18:non-pretrained:batch_size=256/model_best.pth.tar' (epoch 90)
2021-12-05 16:25:20.912 | WARNING  | __main__:main_worker:252 - Changing model's weights according to 'zero_mantissa_to_closest_exponent' with group size: 512
2021-12-05 16:25:20.913 | INFO     | __main__:convert_model:140 - Converting conv1.weight ...
2021-12-05 16:25:21.168 | INFO     | __main__:convert_model:124 - Skipping bn1.weight ...
2021-12-05 16:25:21.169 | INFO     | __main__:convert_model:124 - Skipping bn1.bias ...
2021-12-05 16:25:21.169 | INFO     | __main__:convert_model:140 - Converting layer1.0.conv1.weight ...
2021-12-05 16:25:22.013 | INFO     | __main__:convert_model:124 - Skipping layer1.0.bn1.weight ...
2021-12-05 16:25:22.013 | INFO     | __main__:convert_model:124 - Skipping layer1.0.bn1.bias ...
2021-12-05 16:25:22.013 | INFO     | __main__:convert_model:140 - Converting layer1.0.conv2.weight ...
2021-12-05 16:25:22.860 | INFO     | __main__:convert_model:124 - Skipping layer1.0.bn2.weight ...
2021-12-05 16:25:22.861 | INFO     | __main__:convert_model:124 - Skipping layer1.0.bn2.bias ...
2021-12-05 16:25:22.861 | INFO     | __main__:convert_model:140 - Converting layer1.1.conv1.weight ...
2021-12-05 16:25:23.656 | INFO     | __main__:convert_model:124 - Skipping layer1.1.bn1.weight ...
2021-12-05 16:25:23.656 | INFO     | __main__:convert_model:124 - Skipping layer1.1.bn1.bias ...
2021-12-05 16:25:23.657 | INFO     | __main__:convert_model:140 - Converting layer1.1.conv2.weight ...
2021-12-05 16:25:24.584 | INFO     | __main__:convert_model:124 - Skipping layer1.1.bn2.weight ...
2021-12-05 16:25:24.584 | INFO     | __main__:convert_model:124 - Skipping layer1.1.bn2.bias ...
2021-12-05 16:25:24.584 | INFO     | __main__:convert_model:140 - Converting layer2.0.conv1.weight ...
2021-12-05 16:25:26.079 | INFO     | __main__:convert_model:124 - Skipping layer2.0.bn1.weight ...
2021-12-05 16:25:26.079 | INFO     | __main__:convert_model:124 - Skipping layer2.0.bn1.bias ...
2021-12-05 16:25:26.079 | INFO     | __main__:convert_model:140 - Converting layer2.0.conv2.weight ...
2021-12-05 16:25:29.043 | INFO     | __main__:convert_model:124 - Skipping layer2.0.bn2.weight ...
2021-12-05 16:25:29.043 | INFO     | __main__:convert_model:124 - Skipping layer2.0.bn2.bias ...
2021-12-05 16:25:29.043 | INFO     | __main__:convert_model:124 - Skipping layer2.0.downsample.0.weight ...
2021-12-05 16:25:29.043 | INFO     | __main__:convert_model:124 - Skipping layer2.0.downsample.1.weight ...
2021-12-05 16:25:29.043 | INFO     | __main__:convert_model:124 - Skipping layer2.0.downsample.1.bias ...
2021-12-05 16:25:29.044 | INFO     | __main__:convert_model:140 - Converting layer2.1.conv1.weight ...
2021-12-05 16:25:32.003 | INFO     | __main__:convert_model:124 - Skipping layer2.1.bn1.weight ...
2021-12-05 16:25:32.003 | INFO     | __main__:convert_model:124 - Skipping layer2.1.bn1.bias ...
2021-12-05 16:25:32.003 | INFO     | __main__:convert_model:140 - Converting layer2.1.conv2.weight ...
2021-12-05 16:25:35.538 | INFO     | __main__:convert_model:124 - Skipping layer2.1.bn2.weight ...
2021-12-05 16:25:35.538 | INFO     | __main__:convert_model:124 - Skipping layer2.1.bn2.bias ...
2021-12-05 16:25:35.538 | INFO     | __main__:convert_model:140 - Converting layer3.0.conv1.weight ...
2021-12-05 16:25:42.313 | INFO     | __main__:convert_model:124 - Skipping layer3.0.bn1.weight ...
2021-12-05 16:25:42.314 | INFO     | __main__:convert_model:124 - Skipping layer3.0.bn1.bias ...
2021-12-05 16:25:42.314 | INFO     | __main__:convert_model:140 - Converting layer3.0.conv2.weight ...
2021-12-05 16:25:54.519 | INFO     | __main__:convert_model:124 - Skipping layer3.0.bn2.weight ...
2021-12-05 16:25:54.520 | INFO     | __main__:convert_model:124 - Skipping layer3.0.bn2.bias ...
2021-12-05 16:25:54.520 | INFO     | __main__:convert_model:124 - Skipping layer3.0.downsample.0.weight ...
2021-12-05 16:25:54.520 | INFO     | __main__:convert_model:124 - Skipping layer3.0.downsample.1.weight ...
2021-12-05 16:25:54.520 | INFO     | __main__:convert_model:124 - Skipping layer3.0.downsample.1.bias ...
2021-12-05 16:25:54.520 | INFO     | __main__:convert_model:140 - Converting layer3.1.conv1.weight ...
2021-12-05 16:26:07.064 | INFO     | __main__:convert_model:124 - Skipping layer3.1.bn1.weight ...
2021-12-05 16:26:07.064 | INFO     | __main__:convert_model:124 - Skipping layer3.1.bn1.bias ...
2021-12-05 16:26:07.065 | INFO     | __main__:convert_model:140 - Converting layer3.1.conv2.weight ...
2021-12-05 16:26:19.175 | INFO     | __main__:convert_model:124 - Skipping layer3.1.bn2.weight ...
2021-12-05 16:26:19.175 | INFO     | __main__:convert_model:124 - Skipping layer3.1.bn2.bias ...
2021-12-05 16:26:19.176 | INFO     | __main__:convert_model:140 - Converting layer4.0.conv1.weight ...
2021-12-05 16:26:44.402 | INFO     | __main__:convert_model:124 - Skipping layer4.0.bn1.weight ...
2021-12-05 16:26:44.402 | INFO     | __main__:convert_model:124 - Skipping layer4.0.bn1.bias ...
2021-12-05 16:26:44.403 | INFO     | __main__:convert_model:140 - Converting layer4.0.conv2.weight ...
2021-12-05 16:27:37.994 | INFO     | __main__:convert_model:124 - Skipping layer4.0.bn2.weight ...
2021-12-05 16:27:37.995 | INFO     | __main__:convert_model:124 - Skipping layer4.0.bn2.bias ...
2021-12-05 16:27:37.995 | INFO     | __main__:convert_model:124 - Skipping layer4.0.downsample.0.weight ...
2021-12-05 16:27:37.995 | INFO     | __main__:convert_model:124 - Skipping layer4.0.downsample.1.weight ...
2021-12-05 16:27:37.995 | INFO     | __main__:convert_model:124 - Skipping layer4.0.downsample.1.bias ...
2021-12-05 16:27:37.995 | INFO     | __main__:convert_model:140 - Converting layer4.1.conv1.weight ...
2021-12-05 16:28:31.116 | INFO     | __main__:convert_model:124 - Skipping layer4.1.bn1.weight ...
2021-12-05 16:28:31.117 | INFO     | __main__:convert_model:124 - Skipping layer4.1.bn1.bias ...
2021-12-05 16:28:31.117 | INFO     | __main__:convert_model:140 - Converting layer4.1.conv2.weight ...
2021-12-05 16:29:24.454 | INFO     | __main__:convert_model:124 - Skipping layer4.1.bn2.weight ...
2021-12-05 16:29:24.454 | INFO     | __main__:convert_model:124 - Skipping layer4.1.bn2.bias ...
2021-12-05 16:29:24.455 | INFO     | __main__:convert_model:140 - Converting fc.weight ...
2021-12-05 16:29:24.560 | INFO     | __main__:convert_model:134 - Converting fc.bias with group size: 10. (W.numel()(=10) < 512) ...
2021-12-05 16:29:24.561 | INFO     | __main__:main_worker:266 - Train Dir: data/imagenette/train | Val Dir: data/imagenette/val
2021-12-05 16:29:24.592 | INFO     | __main__:main_worker:291 - args.evaluate=True: Doing evaluation once, and exit
2021-12-05 16:29:28.893 | INFO     | __main__:display:483 - Test: [  0/123]	Time  4.300 ( 4.300)	Loss 4.7810e-01 (4.7810e-01)	Acc@1  93.75 ( 93.75)	Acc@5  93.75 ( 93.75)
2021-12-05 16:29:46.830 | INFO     | __main__:display:483 - Test: [ 10/123]	Time  3.409 ( 2.022)	Loss 6.6054e-01 (5.4005e-01)	Acc@1  75.00 ( 83.81)	Acc@5  96.88 ( 97.16)
2021-12-05 16:29:53.495 | INFO     | __main__:display:483 - Test: [ 20/123]	Time  0.665 ( 1.376)	Loss 7.1943e-01 (5.6239e-01)	Acc@1  78.12 ( 81.70)	Acc@5  90.62 ( 97.32)
2021-12-05 16:30:01.525 | INFO     | __main__:display:483 - Test: [ 30/123]	Time  0.790 ( 1.191)	Loss 1.3172e+00 (6.6742e-01)	Acc@1  59.38 ( 77.82)	Acc@5  93.75 ( 97.38)
2021-12-05 16:30:37.183 | INFO     | __main__:display:483 - Test: [ 40/123]	Time  1.049 ( 1.770)	Loss 3.6889e-01 (6.5229e-01)	Acc@1  93.75 ( 78.12)	Acc@5 100.00 ( 97.71)
2021-12-05 16:30:46.449 | INFO     | __main__:display:483 - Test: [ 50/123]	Time  0.997 ( 1.605)	Loss 7.6858e-01 (6.2770e-01)	Acc@1  78.12 ( 79.04)	Acc@5  96.88 ( 97.98)
2021-12-05 16:31:12.215 | INFO     | __main__:display:483 - Test: [ 60/123]	Time  0.814 ( 1.764)	Loss 7.0965e-01 (5.9352e-01)	Acc@1  81.25 ( 80.43)	Acc@5  93.75 ( 98.05)
2021-12-05 16:31:22.260 | INFO     | __main__:display:483 - Test: [ 70/123]	Time  0.830 ( 1.657)	Loss 3.3059e-01 (5.7214e-01)	Acc@1  90.62 ( 81.29)	Acc@5 100.00 ( 98.15)
2021-12-05 16:31:32.343 | INFO     | __main__:display:483 - Test: [ 80/123]	Time  0.898 ( 1.577)	Loss 7.8272e-01 (5.6308e-01)	Acc@1  71.88 ( 81.67)	Acc@5 100.00 ( 98.30)
2021-12-05 16:32:10.091 | INFO     | __main__:display:483 - Test: [ 90/123]	Time  0.748 ( 1.819)	Loss 8.6386e-01 (5.8759e-01)	Acc@1  71.88 ( 80.87)	Acc@5  96.88 ( 98.15)
2021-12-05 16:32:18.023 | INFO     | __main__:display:483 - Test: [100/123]	Time  0.711 ( 1.717)	Loss 6.0155e-01 (6.1950e-01)	Acc@1  81.25 ( 80.07)	Acc@5  93.75 ( 97.93)
2021-12-05 16:32:25.828 | INFO     | __main__:display:483 - Test: [110/123]	Time  0.591 ( 1.633)	Loss 1.6092e+00 (6.1867e-01)	Acc@1  65.62 ( 80.12)	Acc@5  90.62 ( 97.83)
2021-12-05 16:32:32.331 | INFO     | __main__:display:483 - Test: [120/123]	Time  0.647 ( 1.552)	Loss 3.1992e+00 (8.2282e-01)	Acc@1  31.25 ( 76.39)	Acc@5  96.88 ( 96.88)
2021-12-05 16:32:33.379 | INFO     | __main__:display_summary:488 -  *   Acc@1 75.847 Acc@5 96.739
