2021-12-05 17:24:18.801 | INFO     | __main__:main:159 - Log into log/resnet18/zero_mantissa_to_closest_exponent/group_size:2/2021-12-05-17:24:18.log
2021-12-05 17:24:18.801 | INFO     | __main__:logger_args:80 - 
data      	data/imagenette
arch      	resnet18
replace_fc	torch.nn.Linear(512, 10)
change_model_weights	zero_mantissa_to_closest_exponent
change_model_weights_during_training	None
model_weights_group_size	2
workers   	4
epochs    	90
start_epoch	0
batch_size	32
lr        	0.1
momentum  	0.9
weight_decay	0.0001
print_freq	10
resume    	model/resnet18:non-pretrained:batch_size=256/model_best.pth.tar
evaluate  	True
pretrained	False
seed      	None
gpu       	None
model_dir 	model/resnet18/zero_mantissa_to_closest_exponent/group_size:2
log_dir   	log/resnet18/zero_mantissa_to_closest_exponent/group_size:2
tensorboard	False

2021-12-05 17:24:18.802 | INFO     | __main__:main_worker:199 - Creating model 'resnet18'
2021-12-05 17:24:18.960 | WARNING  | __main__:main_worker:203 - Replacing model's last FC layer by torch.nn.Linear(512, 10)
2021-12-05 17:24:18.961 | INFO     | __main__:main_worker:205 - 
ResNet(
  (conv1): Conv2d(3, 64, kernel_size=(7, 7), stride=(2, 2), padding=(3, 3), bias=False)
  (bn1): BatchNorm2d(64, eps=1e-05, momentum=0.1, affine=True, track_running_stats=True)
  (relu): ReLU(inplace=True)
  (maxpool): MaxPool2d(kernel_size=3, stride=2, padding=1, dilation=1, ceil_mode=False)
  (layer1): Sequential(
    (0): BasicBlock(
      (conv1): Conv2d(64, 64, kernel_size=(3, 3), stride=(1, 1), padding=(1, 1), bias=False)
      (bn1): BatchNorm2d(64, eps=1e-05, momentum=0.1, affine=True, track_running_stats=True)
      (relu): ReLU(inplace=True)
      (conv2): Conv2d(64, 64, kernel_size=(3, 3), stride=(1, 1), padding=(1, 1), bias=False)
      (bn2): BatchNorm2d(64, eps=1e-05, momentum=0.1, affine=True, track_running_stats=True)
    )
    (1): BasicBlock(
      (conv1): Conv2d(64, 64, kernel_size=(3, 3), stride=(1, 1), padding=(1, 1), bias=False)
      (bn1): BatchNorm2d(64, eps=1e-05, momentum=0.1, affine=True, track_running_stats=True)
      (relu): ReLU(inplace=True)
      (conv2): Conv2d(64, 64, kernel_size=(3, 3), stride=(1, 1), padding=(1, 1), bias=False)
      (bn2): BatchNorm2d(64, eps=1e-05, momentum=0.1, affine=True, track_running_stats=True)
    )
  )
  (layer2): Sequential(
    (0): BasicBlock(
      (conv1): Conv2d(64, 128, kernel_size=(3, 3), stride=(2, 2), padding=(1, 1), bias=False)
      (bn1): BatchNorm2d(128, eps=1e-05, momentum=0.1, affine=True, track_running_stats=True)
      (relu): ReLU(inplace=True)
      (conv2): Conv2d(128, 128, kernel_size=(3, 3), stride=(1, 1), padding=(1, 1), bias=False)
      (bn2): BatchNorm2d(128, eps=1e-05, momentum=0.1, affine=True, track_running_stats=True)
      (downsample): Sequential(
        (0): Conv2d(64, 128, kernel_size=(1, 1), stride=(2, 2), bias=False)
        (1): BatchNorm2d(128, eps=1e-05, momentum=0.1, affine=True, track_running_stats=True)
      )
    )
    (1): BasicBlock(
      (conv1): Conv2d(128, 128, kernel_size=(3, 3), stride=(1, 1), padding=(1, 1), bias=False)
      (bn1): BatchNorm2d(128, eps=1e-05, momentum=0.1, affine=True, track_running_stats=True)
      (relu): ReLU(inplace=True)
      (conv2): Conv2d(128, 128, kernel_size=(3, 3), stride=(1, 1), padding=(1, 1), bias=False)
      (bn2): BatchNorm2d(128, eps=1e-05, momentum=0.1, affine=True, track_running_stats=True)
    )
  )
  (layer3): Sequential(
    (0): BasicBlock(
      (conv1): Conv2d(128, 256, kernel_size=(3, 3), stride=(2, 2), padding=(1, 1), bias=False)
      (bn1): BatchNorm2d(256, eps=1e-05, momentum=0.1, affine=True, track_running_stats=True)
      (relu): ReLU(inplace=True)
      (conv2): Conv2d(256, 256, kernel_size=(3, 3), stride=(1, 1), padding=(1, 1), bias=False)
      (bn2): BatchNorm2d(256, eps=1e-05, momentum=0.1, affine=True, track_running_stats=True)
      (downsample): Sequential(
        (0): Conv2d(128, 256, kernel_size=(1, 1), stride=(2, 2), bias=False)
        (1): BatchNorm2d(256, eps=1e-05, momentum=0.1, affine=True, track_running_stats=True)
      )
    )
    (1): BasicBlock(
      (conv1): Conv2d(256, 256, kernel_size=(3, 3), stride=(1, 1), padding=(1, 1), bias=False)
      (bn1): BatchNorm2d(256, eps=1e-05, momentum=0.1, affine=True, track_running_stats=True)
      (relu): ReLU(inplace=True)
      (conv2): Conv2d(256, 256, kernel_size=(3, 3), stride=(1, 1), padding=(1, 1), bias=False)
      (bn2): BatchNorm2d(256, eps=1e-05, momentum=0.1, affine=True, track_running_stats=True)
    )
  )
  (layer4): Sequential(
    (0): BasicBlock(
      (conv1): Conv2d(256, 512, kernel_size=(3, 3), stride=(2, 2), padding=(1, 1), bias=False)
      (bn1): BatchNorm2d(512, eps=1e-05, momentum=0.1, affine=True, track_running_stats=True)
      (relu): ReLU(inplace=True)
      (conv2): Conv2d(512, 512, kernel_size=(3, 3), stride=(1, 1), padding=(1, 1), bias=False)
      (bn2): BatchNorm2d(512, eps=1e-05, momentum=0.1, affine=True, track_running_stats=True)
      (downsample): Sequential(
        (0): Conv2d(256, 512, kernel_size=(1, 1), stride=(2, 2), bias=False)
        (1): BatchNorm2d(512, eps=1e-05, momentum=0.1, affine=True, track_running_stats=True)
      )
    )
    (1): BasicBlock(
      (conv1): Conv2d(512, 512, kernel_size=(3, 3), stride=(1, 1), padding=(1, 1), bias=False)
      (bn1): BatchNorm2d(512, eps=1e-05, momentum=0.1, affine=True, track_running_stats=True)
      (relu): ReLU(inplace=True)
      (conv2): Conv2d(512, 512, kernel_size=(3, 3), stride=(1, 1), padding=(1, 1), bias=False)
      (bn2): BatchNorm2d(512, eps=1e-05, momentum=0.1, affine=True, track_running_stats=True)
    )
  )
  (avgpool): AdaptiveAvgPool2d(output_size=(1, 1))
  (fc): Linear(in_features=512, out_features=10, bias=True)
)
2021-12-05 17:24:18.962 | WARNING  | __main__:main_worker:212 - Using CPU, this will be slow
2021-12-05 17:24:18.963 | INFO     | __main__:main_worker:233 - Loading checkpoint 'model/resnet18:non-pretrained:batch_size=256/model_best.pth.tar'
2021-12-05 17:24:19.040 | INFO     | __main__:main_worker:247 - Loaded checkpoint 'model/resnet18:non-pretrained:batch_size=256/model_best.pth.tar' (epoch 90)
2021-12-05 17:24:19.041 | WARNING  | __main__:main_worker:252 - Changing model's weights according to 'zero_mantissa_to_closest_exponent' with group size: 2
2021-12-05 17:24:19.042 | INFO     | __main__:convert_model:140 - Converting conv1.weight ...
2021-12-05 17:24:19.323 | INFO     | __main__:convert_model:124 - Skipping bn1.weight ...
2021-12-05 17:24:19.324 | INFO     | __main__:convert_model:124 - Skipping bn1.bias ...
2021-12-05 17:24:19.324 | INFO     | __main__:convert_model:140 - Converting layer1.0.conv1.weight ...
2021-12-05 17:24:20.610 | INFO     | __main__:convert_model:124 - Skipping layer1.0.bn1.weight ...
2021-12-05 17:24:20.611 | INFO     | __main__:convert_model:124 - Skipping layer1.0.bn1.bias ...
2021-12-05 17:24:20.612 | INFO     | __main__:convert_model:140 - Converting layer1.0.conv2.weight ...
2021-12-05 17:24:21.978 | INFO     | __main__:convert_model:124 - Skipping layer1.0.bn2.weight ...
2021-12-05 17:24:21.978 | INFO     | __main__:convert_model:124 - Skipping layer1.0.bn2.bias ...
2021-12-05 17:24:21.978 | INFO     | __main__:convert_model:140 - Converting layer1.1.conv1.weight ...
2021-12-05 17:24:23.108 | INFO     | __main__:convert_model:124 - Skipping layer1.1.bn1.weight ...
2021-12-05 17:24:23.108 | INFO     | __main__:convert_model:124 - Skipping layer1.1.bn1.bias ...
2021-12-05 17:24:23.108 | INFO     | __main__:convert_model:140 - Converting layer1.1.conv2.weight ...
2021-12-05 17:24:24.138 | INFO     | __main__:convert_model:124 - Skipping layer1.1.bn2.weight ...
2021-12-05 17:24:24.139 | INFO     | __main__:convert_model:124 - Skipping layer1.1.bn2.bias ...
2021-12-05 17:24:24.139 | INFO     | __main__:convert_model:140 - Converting layer2.0.conv1.weight ...
2021-12-05 17:24:25.831 | INFO     | __main__:convert_model:124 - Skipping layer2.0.bn1.weight ...
2021-12-05 17:24:25.831 | INFO     | __main__:convert_model:124 - Skipping layer2.0.bn1.bias ...
2021-12-05 17:24:25.832 | INFO     | __main__:convert_model:140 - Converting layer2.0.conv2.weight ...
2021-12-05 17:24:30.274 | INFO     | __main__:convert_model:124 - Skipping layer2.0.bn2.weight ...
2021-12-05 17:24:30.275 | INFO     | __main__:convert_model:124 - Skipping layer2.0.bn2.bias ...
2021-12-05 17:24:30.275 | INFO     | __main__:convert_model:124 - Skipping layer2.0.downsample.0.weight ...
2021-12-05 17:24:30.275 | INFO     | __main__:convert_model:124 - Skipping layer2.0.downsample.1.weight ...
2021-12-05 17:24:30.275 | INFO     | __main__:convert_model:124 - Skipping layer2.0.downsample.1.bias ...
2021-12-05 17:24:30.276 | INFO     | __main__:convert_model:140 - Converting layer2.1.conv1.weight ...
2021-12-05 17:24:34.079 | INFO     | __main__:convert_model:124 - Skipping layer2.1.bn1.weight ...
2021-12-05 17:24:34.080 | INFO     | __main__:convert_model:124 - Skipping layer2.1.bn1.bias ...
2021-12-05 17:24:34.080 | INFO     | __main__:convert_model:140 - Converting layer2.1.conv2.weight ...
2021-12-05 17:24:38.030 | INFO     | __main__:convert_model:124 - Skipping layer2.1.bn2.weight ...
2021-12-05 17:24:38.030 | INFO     | __main__:convert_model:124 - Skipping layer2.1.bn2.bias ...
2021-12-05 17:24:38.030 | INFO     | __main__:convert_model:140 - Converting layer3.0.conv1.weight ...
2021-12-05 17:24:45.381 | INFO     | __main__:convert_model:124 - Skipping layer3.0.bn1.weight ...
2021-12-05 17:24:45.381 | INFO     | __main__:convert_model:124 - Skipping layer3.0.bn1.bias ...
2021-12-05 17:24:45.381 | INFO     | __main__:convert_model:140 - Converting layer3.0.conv2.weight ...
2021-12-05 17:24:59.255 | INFO     | __main__:convert_model:124 - Skipping layer3.0.bn2.weight ...
2021-12-05 17:24:59.255 | INFO     | __main__:convert_model:124 - Skipping layer3.0.bn2.bias ...
2021-12-05 17:24:59.256 | INFO     | __main__:convert_model:124 - Skipping layer3.0.downsample.0.weight ...
2021-12-05 17:24:59.256 | INFO     | __main__:convert_model:124 - Skipping layer3.0.downsample.1.weight ...
2021-12-05 17:24:59.256 | INFO     | __main__:convert_model:124 - Skipping layer3.0.downsample.1.bias ...
2021-12-05 17:24:59.256 | INFO     | __main__:convert_model:140 - Converting layer3.1.conv1.weight ...
2021-12-05 17:25:12.471 | INFO     | __main__:convert_model:124 - Skipping layer3.1.bn1.weight ...
2021-12-05 17:25:12.471 | INFO     | __main__:convert_model:124 - Skipping layer3.1.bn1.bias ...
2021-12-05 17:25:12.472 | INFO     | __main__:convert_model:140 - Converting layer3.1.conv2.weight ...
2021-12-05 17:25:24.811 | INFO     | __main__:convert_model:124 - Skipping layer3.1.bn2.weight ...
2021-12-05 17:25:24.811 | INFO     | __main__:convert_model:124 - Skipping layer3.1.bn2.bias ...
2021-12-05 17:25:24.811 | INFO     | __main__:convert_model:140 - Converting layer4.0.conv1.weight ...
2021-12-05 17:25:49.059 | INFO     | __main__:convert_model:124 - Skipping layer4.0.bn1.weight ...
2021-12-05 17:25:49.059 | INFO     | __main__:convert_model:124 - Skipping layer4.0.bn1.bias ...
2021-12-05 17:25:49.059 | INFO     | __main__:convert_model:140 - Converting layer4.0.conv2.weight ...
2021-12-05 17:26:37.204 | INFO     | __main__:convert_model:124 - Skipping layer4.0.bn2.weight ...
2021-12-05 17:26:37.204 | INFO     | __main__:convert_model:124 - Skipping layer4.0.bn2.bias ...
2021-12-05 17:26:37.205 | INFO     | __main__:convert_model:124 - Skipping layer4.0.downsample.0.weight ...
2021-12-05 17:26:37.205 | INFO     | __main__:convert_model:124 - Skipping layer4.0.downsample.1.weight ...
2021-12-05 17:26:37.205 | INFO     | __main__:convert_model:124 - Skipping layer4.0.downsample.1.bias ...
2021-12-05 17:26:37.205 | INFO     | __main__:convert_model:140 - Converting layer4.1.conv1.weight ...
2021-12-05 17:27:27.851 | INFO     | __main__:convert_model:124 - Skipping layer4.1.bn1.weight ...
2021-12-05 17:27:27.851 | INFO     | __main__:convert_model:124 - Skipping layer4.1.bn1.bias ...
2021-12-05 17:27:27.851 | INFO     | __main__:convert_model:140 - Converting layer4.1.conv2.weight ...
2021-12-05 17:28:32.091 | INFO     | __main__:convert_model:124 - Skipping layer4.1.bn2.weight ...
2021-12-05 17:28:32.091 | INFO     | __main__:convert_model:124 - Skipping layer4.1.bn2.bias ...
2021-12-05 17:28:32.092 | INFO     | __main__:convert_model:140 - Converting fc.weight ...
2021-12-05 17:28:32.235 | INFO     | __main__:convert_model:140 - Converting fc.bias ...
2021-12-05 17:28:32.236 | INFO     | __main__:main_worker:266 - Train Dir: data/imagenette/train | Val Dir: data/imagenette/val
2021-12-05 17:28:32.287 | INFO     | __main__:main_worker:291 - args.evaluate=True: Doing evaluation once, and exit
2021-12-05 17:28:51.011 | INFO     | __main__:display:483 - Test: [  0/123]	Time 18.723 (18.723)	Loss 3.6491e-01 (3.6491e-01)	Acc@1  93.75 ( 93.75)	Acc@5  93.75 ( 93.75)
2021-12-05 17:29:04.531 | INFO     | __main__:display:483 - Test: [ 10/123]	Time  0.659 ( 2.931)	Loss 4.3804e-01 (3.0587e-01)	Acc@1  87.50 ( 90.34)	Acc@5  96.88 ( 98.86)
2021-12-05 17:29:11.136 | INFO     | __main__:display:483 - Test: [ 20/123]	Time  0.608 ( 1.850)	Loss 2.4264e-01 (2.5507e-01)	Acc@1  90.62 ( 91.67)	Acc@5 100.00 ( 99.26)
2021-12-05 17:29:17.794 | INFO     | __main__:display:483 - Test: [ 30/123]	Time  0.688 ( 1.468)	Loss 6.1267e-01 (3.1124e-01)	Acc@1  84.38 ( 89.92)	Acc@5  96.88 ( 99.19)
2021-12-05 17:29:25.453 | INFO     | __main__:display:483 - Test: [ 40/123]	Time  1.011 ( 1.297)	Loss 5.5839e-01 (3.6314e-01)	Acc@1  81.25 ( 88.26)	Acc@5 100.00 ( 99.16)
2021-12-05 17:29:33.799 | INFO     | __main__:display:483 - Test: [ 50/123]	Time  1.081 ( 1.206)	Loss 6.3700e-01 (3.9623e-01)	Acc@1  81.25 ( 86.83)	Acc@5  96.88 ( 99.20)
2021-12-05 17:29:42.906 | INFO     | __main__:display:483 - Test: [ 60/123]	Time  0.823 ( 1.158)	Loss 5.9325e-01 (3.7736e-01)	Acc@1  87.50 ( 87.35)	Acc@5  96.88 ( 99.18)
2021-12-05 17:29:51.098 | INFO     | __main__:display:483 - Test: [ 70/123]	Time  0.799 ( 1.110)	Loss 3.1295e-01 (3.8134e-01)	Acc@1  87.50 ( 87.32)	Acc@5 100.00 ( 99.16)
2021-12-05 17:29:59.831 | INFO     | __main__:display:483 - Test: [ 80/123]	Time  0.840 ( 1.081)	Loss 6.8263e-01 (3.8075e-01)	Acc@1  68.75 ( 87.42)	Acc@5 100.00 ( 99.19)
2021-12-05 17:30:07.936 | INFO     | __main__:display:483 - Test: [ 90/123]	Time  0.776 ( 1.051)	Loss 5.7669e-01 (4.0030e-01)	Acc@1  87.50 ( 86.85)	Acc@5  96.88 ( 99.07)
2021-12-05 17:30:17.032 | INFO     | __main__:display:483 - Test: [100/123]	Time  1.047 ( 1.037)	Loss 9.1726e-01 (4.4010e-01)	Acc@1  75.00 ( 85.86)	Acc@5  96.88 ( 98.86)
2021-12-05 17:30:25.247 | INFO     | __main__:display:483 - Test: [110/123]	Time  0.797 ( 1.018)	Loss 4.1193e-01 (4.5118e-01)	Acc@1  87.50 ( 85.61)	Acc@5 100.00 ( 98.76)
2021-12-05 17:30:33.440 | INFO     | __main__:display:483 - Test: [120/123]	Time  0.822 ( 1.001)	Loss 5.2983e-01 (4.6629e-01)	Acc@1  75.00 ( 85.07)	Acc@5  96.88 ( 98.63)
2021-12-05 17:30:34.766 | INFO     | __main__:display_summary:488 -  *   Acc@1 84.866 Acc@5 98.599
