2021-12-05 17:17:41.370 | INFO     | __main__:main:159 - Log into log/resnet18/zero_mantissa_to_closest_exponent/group_size:4/2021-12-05-17:17:41.log
2021-12-05 17:17:41.370 | INFO     | __main__:logger_args:80 - 
data      	data/imagenette
arch      	resnet18
replace_fc	torch.nn.Linear(512, 10)
change_model_weights	zero_mantissa_to_closest_exponent
change_model_weights_during_training	None
model_weights_group_size	4
workers   	4
epochs    	90
start_epoch	0
batch_size	32
lr        	0.1
momentum  	0.9
weight_decay	0.0001
print_freq	10
resume    	model/resnet18:non-pretrained:batch_size=256/model_best.pth.tar
evaluate  	True
pretrained	False
seed      	None
gpu       	None
model_dir 	model/resnet18/zero_mantissa_to_closest_exponent/group_size:4
log_dir   	log/resnet18/zero_mantissa_to_closest_exponent/group_size:4
tensorboard	False

2021-12-05 17:17:41.371 | INFO     | __main__:main_worker:199 - Creating model 'resnet18'
2021-12-05 17:17:41.575 | WARNING  | __main__:main_worker:203 - Replacing model's last FC layer by torch.nn.Linear(512, 10)
2021-12-05 17:17:41.577 | INFO     | __main__:main_worker:205 - 
ResNet(
  (conv1): Conv2d(3, 64, kernel_size=(7, 7), stride=(2, 2), padding=(3, 3), bias=False)
  (bn1): BatchNorm2d(64, eps=1e-05, momentum=0.1, affine=True, track_running_stats=True)
  (relu): ReLU(inplace=True)
  (maxpool): MaxPool2d(kernel_size=3, stride=2, padding=1, dilation=1, ceil_mode=False)
  (layer1): Sequential(
    (0): BasicBlock(
      (conv1): Conv2d(64, 64, kernel_size=(3, 3), stride=(1, 1), padding=(1, 1), bias=False)
      (bn1): BatchNorm2d(64, eps=1e-05, momentum=0.1, affine=True, track_running_stats=True)
      (relu): ReLU(inplace=True)
      (conv2): Conv2d(64, 64, kernel_size=(3, 3), stride=(1, 1), padding=(1, 1), bias=False)
      (bn2): BatchNorm2d(64, eps=1e-05, momentum=0.1, affine=True, track_running_stats=True)
    )
    (1): BasicBlock(
      (conv1): Conv2d(64, 64, kernel_size=(3, 3), stride=(1, 1), padding=(1, 1), bias=False)
      (bn1): BatchNorm2d(64, eps=1e-05, momentum=0.1, affine=True, track_running_stats=True)
      (relu): ReLU(inplace=True)
      (conv2): Conv2d(64, 64, kernel_size=(3, 3), stride=(1, 1), padding=(1, 1), bias=False)
      (bn2): BatchNorm2d(64, eps=1e-05, momentum=0.1, affine=True, track_running_stats=True)
    )
  )
  (layer2): Sequential(
    (0): BasicBlock(
      (conv1): Conv2d(64, 128, kernel_size=(3, 3), stride=(2, 2), padding=(1, 1), bias=False)
      (bn1): BatchNorm2d(128, eps=1e-05, momentum=0.1, affine=True, track_running_stats=True)
      (relu): ReLU(inplace=True)
      (conv2): Conv2d(128, 128, kernel_size=(3, 3), stride=(1, 1), padding=(1, 1), bias=False)
      (bn2): BatchNorm2d(128, eps=1e-05, momentum=0.1, affine=True, track_running_stats=True)
      (downsample): Sequential(
        (0): Conv2d(64, 128, kernel_size=(1, 1), stride=(2, 2), bias=False)
        (1): BatchNorm2d(128, eps=1e-05, momentum=0.1, affine=True, track_running_stats=True)
      )
    )
    (1): BasicBlock(
      (conv1): Conv2d(128, 128, kernel_size=(3, 3), stride=(1, 1), padding=(1, 1), bias=False)
      (bn1): BatchNorm2d(128, eps=1e-05, momentum=0.1, affine=True, track_running_stats=True)
      (relu): ReLU(inplace=True)
      (conv2): Conv2d(128, 128, kernel_size=(3, 3), stride=(1, 1), padding=(1, 1), bias=False)
      (bn2): BatchNorm2d(128, eps=1e-05, momentum=0.1, affine=True, track_running_stats=True)
    )
  )
  (layer3): Sequential(
    (0): BasicBlock(
      (conv1): Conv2d(128, 256, kernel_size=(3, 3), stride=(2, 2), padding=(1, 1), bias=False)
      (bn1): BatchNorm2d(256, eps=1e-05, momentum=0.1, affine=True, track_running_stats=True)
      (relu): ReLU(inplace=True)
      (conv2): Conv2d(256, 256, kernel_size=(3, 3), stride=(1, 1), padding=(1, 1), bias=False)
      (bn2): BatchNorm2d(256, eps=1e-05, momentum=0.1, affine=True, track_running_stats=True)
      (downsample): Sequential(
        (0): Conv2d(128, 256, kernel_size=(1, 1), stride=(2, 2), bias=False)
        (1): BatchNorm2d(256, eps=1e-05, momentum=0.1, affine=True, track_running_stats=True)
      )
    )
    (1): BasicBlock(
      (conv1): Conv2d(256, 256, kernel_size=(3, 3), stride=(1, 1), padding=(1, 1), bias=False)
      (bn1): BatchNorm2d(256, eps=1e-05, momentum=0.1, affine=True, track_running_stats=True)
      (relu): ReLU(inplace=True)
      (conv2): Conv2d(256, 256, kernel_size=(3, 3), stride=(1, 1), padding=(1, 1), bias=False)
      (bn2): BatchNorm2d(256, eps=1e-05, momentum=0.1, affine=True, track_running_stats=True)
    )
  )
  (layer4): Sequential(
    (0): BasicBlock(
      (conv1): Conv2d(256, 512, kernel_size=(3, 3), stride=(2, 2), padding=(1, 1), bias=False)
      (bn1): BatchNorm2d(512, eps=1e-05, momentum=0.1, affine=True, track_running_stats=True)
      (relu): ReLU(inplace=True)
      (conv2): Conv2d(512, 512, kernel_size=(3, 3), stride=(1, 1), padding=(1, 1), bias=False)
      (bn2): BatchNorm2d(512, eps=1e-05, momentum=0.1, affine=True, track_running_stats=True)
      (downsample): Sequential(
        (0): Conv2d(256, 512, kernel_size=(1, 1), stride=(2, 2), bias=False)
        (1): BatchNorm2d(512, eps=1e-05, momentum=0.1, affine=True, track_running_stats=True)
      )
    )
    (1): BasicBlock(
      (conv1): Conv2d(512, 512, kernel_size=(3, 3), stride=(1, 1), padding=(1, 1), bias=False)
      (bn1): BatchNorm2d(512, eps=1e-05, momentum=0.1, affine=True, track_running_stats=True)
      (relu): ReLU(inplace=True)
      (conv2): Conv2d(512, 512, kernel_size=(3, 3), stride=(1, 1), padding=(1, 1), bias=False)
      (bn2): BatchNorm2d(512, eps=1e-05, momentum=0.1, affine=True, track_running_stats=True)
    )
  )
  (avgpool): AdaptiveAvgPool2d(output_size=(1, 1))
  (fc): Linear(in_features=512, out_features=10, bias=True)
)
2021-12-05 17:17:41.577 | WARNING  | __main__:main_worker:212 - Using CPU, this will be slow
2021-12-05 17:17:41.578 | INFO     | __main__:main_worker:233 - Loading checkpoint 'model/resnet18:non-pretrained:batch_size=256/model_best.pth.tar'
2021-12-05 17:17:41.649 | INFO     | __main__:main_worker:247 - Loaded checkpoint 'model/resnet18:non-pretrained:batch_size=256/model_best.pth.tar' (epoch 90)
2021-12-05 17:17:41.649 | WARNING  | __main__:main_worker:252 - Changing model's weights according to 'zero_mantissa_to_closest_exponent' with group size: 4
2021-12-05 17:17:41.650 | INFO     | __main__:convert_model:140 - Converting conv1.weight ...
2021-12-05 17:17:41.995 | INFO     | __main__:convert_model:124 - Skipping bn1.weight ...
2021-12-05 17:17:41.995 | INFO     | __main__:convert_model:124 - Skipping bn1.bias ...
2021-12-05 17:17:41.995 | INFO     | __main__:convert_model:140 - Converting layer1.0.conv1.weight ...
2021-12-05 17:17:43.043 | INFO     | __main__:convert_model:124 - Skipping layer1.0.bn1.weight ...
2021-12-05 17:17:43.044 | INFO     | __main__:convert_model:124 - Skipping layer1.0.bn1.bias ...
2021-12-05 17:17:43.044 | INFO     | __main__:convert_model:140 - Converting layer1.0.conv2.weight ...
2021-12-05 17:17:43.958 | INFO     | __main__:convert_model:124 - Skipping layer1.0.bn2.weight ...
2021-12-05 17:17:43.958 | INFO     | __main__:convert_model:124 - Skipping layer1.0.bn2.bias ...
2021-12-05 17:17:43.958 | INFO     | __main__:convert_model:140 - Converting layer1.1.conv1.weight ...
2021-12-05 17:17:44.955 | INFO     | __main__:convert_model:124 - Skipping layer1.1.bn1.weight ...
2021-12-05 17:17:44.955 | INFO     | __main__:convert_model:124 - Skipping layer1.1.bn1.bias ...
2021-12-05 17:17:44.955 | INFO     | __main__:convert_model:140 - Converting layer1.1.conv2.weight ...
2021-12-05 17:17:45.987 | INFO     | __main__:convert_model:124 - Skipping layer1.1.bn2.weight ...
2021-12-05 17:17:45.988 | INFO     | __main__:convert_model:124 - Skipping layer1.1.bn2.bias ...
2021-12-05 17:17:45.988 | INFO     | __main__:convert_model:140 - Converting layer2.0.conv1.weight ...
2021-12-05 17:17:47.845 | INFO     | __main__:convert_model:124 - Skipping layer2.0.bn1.weight ...
2021-12-05 17:17:47.845 | INFO     | __main__:convert_model:124 - Skipping layer2.0.bn1.bias ...
2021-12-05 17:17:47.845 | INFO     | __main__:convert_model:140 - Converting layer2.0.conv2.weight ...
2021-12-05 17:17:51.376 | INFO     | __main__:convert_model:124 - Skipping layer2.0.bn2.weight ...
2021-12-05 17:17:51.376 | INFO     | __main__:convert_model:124 - Skipping layer2.0.bn2.bias ...
2021-12-05 17:17:51.377 | INFO     | __main__:convert_model:124 - Skipping layer2.0.downsample.0.weight ...
2021-12-05 17:17:51.377 | INFO     | __main__:convert_model:124 - Skipping layer2.0.downsample.1.weight ...
2021-12-05 17:17:51.377 | INFO     | __main__:convert_model:124 - Skipping layer2.0.downsample.1.bias ...
2021-12-05 17:17:51.377 | INFO     | __main__:convert_model:140 - Converting layer2.1.conv1.weight ...
2021-12-05 17:17:54.705 | INFO     | __main__:convert_model:124 - Skipping layer2.1.bn1.weight ...
2021-12-05 17:17:54.705 | INFO     | __main__:convert_model:124 - Skipping layer2.1.bn1.bias ...
2021-12-05 17:17:54.706 | INFO     | __main__:convert_model:140 - Converting layer2.1.conv2.weight ...
2021-12-05 17:17:58.998 | INFO     | __main__:convert_model:124 - Skipping layer2.1.bn2.weight ...
2021-12-05 17:17:58.998 | INFO     | __main__:convert_model:124 - Skipping layer2.1.bn2.bias ...
2021-12-05 17:17:58.998 | INFO     | __main__:convert_model:140 - Converting layer3.0.conv1.weight ...
2021-12-05 17:18:07.020 | INFO     | __main__:convert_model:124 - Skipping layer3.0.bn1.weight ...
2021-12-05 17:18:07.021 | INFO     | __main__:convert_model:124 - Skipping layer3.0.bn1.bias ...
2021-12-05 17:18:07.021 | INFO     | __main__:convert_model:140 - Converting layer3.0.conv2.weight ...
2021-12-05 17:18:21.294 | INFO     | __main__:convert_model:124 - Skipping layer3.0.bn2.weight ...
2021-12-05 17:18:21.294 | INFO     | __main__:convert_model:124 - Skipping layer3.0.bn2.bias ...
2021-12-05 17:18:21.295 | INFO     | __main__:convert_model:124 - Skipping layer3.0.downsample.0.weight ...
2021-12-05 17:18:21.295 | INFO     | __main__:convert_model:124 - Skipping layer3.0.downsample.1.weight ...
2021-12-05 17:18:21.295 | INFO     | __main__:convert_model:124 - Skipping layer3.0.downsample.1.bias ...
2021-12-05 17:18:21.295 | INFO     | __main__:convert_model:140 - Converting layer3.1.conv1.weight ...
2021-12-05 17:18:34.040 | INFO     | __main__:convert_model:124 - Skipping layer3.1.bn1.weight ...
2021-12-05 17:18:34.040 | INFO     | __main__:convert_model:124 - Skipping layer3.1.bn1.bias ...
2021-12-05 17:18:34.040 | INFO     | __main__:convert_model:140 - Converting layer3.1.conv2.weight ...
2021-12-05 17:18:46.181 | INFO     | __main__:convert_model:124 - Skipping layer3.1.bn2.weight ...
2021-12-05 17:18:46.182 | INFO     | __main__:convert_model:124 - Skipping layer3.1.bn2.bias ...
2021-12-05 17:18:46.182 | INFO     | __main__:convert_model:140 - Converting layer4.0.conv1.weight ...
2021-12-05 17:19:11.383 | INFO     | __main__:convert_model:124 - Skipping layer4.0.bn1.weight ...
2021-12-05 17:19:11.383 | INFO     | __main__:convert_model:124 - Skipping layer4.0.bn1.bias ...
2021-12-05 17:19:11.383 | INFO     | __main__:convert_model:140 - Converting layer4.0.conv2.weight ...
2021-12-05 17:20:01.848 | INFO     | __main__:convert_model:124 - Skipping layer4.0.bn2.weight ...
2021-12-05 17:20:01.849 | INFO     | __main__:convert_model:124 - Skipping layer4.0.bn2.bias ...
2021-12-05 17:20:01.849 | INFO     | __main__:convert_model:124 - Skipping layer4.0.downsample.0.weight ...
2021-12-05 17:20:01.849 | INFO     | __main__:convert_model:124 - Skipping layer4.0.downsample.1.weight ...
2021-12-05 17:20:01.849 | INFO     | __main__:convert_model:124 - Skipping layer4.0.downsample.1.bias ...
2021-12-05 17:20:01.849 | INFO     | __main__:convert_model:140 - Converting layer4.1.conv1.weight ...
2021-12-05 17:20:56.616 | INFO     | __main__:convert_model:124 - Skipping layer4.1.bn1.weight ...
2021-12-05 17:20:56.616 | INFO     | __main__:convert_model:124 - Skipping layer4.1.bn1.bias ...
2021-12-05 17:20:56.616 | INFO     | __main__:convert_model:140 - Converting layer4.1.conv2.weight ...
2021-12-05 17:21:47.367 | INFO     | __main__:convert_model:124 - Skipping layer4.1.bn2.weight ...
2021-12-05 17:21:47.368 | INFO     | __main__:convert_model:124 - Skipping layer4.1.bn2.bias ...
2021-12-05 17:21:47.368 | INFO     | __main__:convert_model:140 - Converting fc.weight ...
2021-12-05 17:21:47.485 | INFO     | __main__:convert_model:140 - Converting fc.bias ...
2021-12-05 17:21:47.486 | INFO     | __main__:main_worker:266 - Train Dir: data/imagenette/train | Val Dir: data/imagenette/val
2021-12-05 17:21:47.520 | INFO     | __main__:main_worker:291 - args.evaluate=True: Doing evaluation once, and exit
2021-12-05 17:22:21.576 | INFO     | __main__:display:483 - Test: [  0/123]	Time 34.055 (34.055)	Loss 4.2784e-01 (4.2784e-01)	Acc@1  93.75 ( 93.75)	Acc@5  93.75 ( 93.75)
2021-12-05 17:22:35.776 | INFO     | __main__:display:483 - Test: [ 10/123]	Time  0.827 ( 4.387)	Loss 5.1211e-01 (4.1229e-01)	Acc@1  84.38 ( 88.35)	Acc@5  96.88 ( 97.73)
2021-12-05 17:22:44.134 | INFO     | __main__:display:483 - Test: [ 20/123]	Time  0.836 ( 2.696)	Loss 3.4836e-01 (3.5172e-01)	Acc@1  87.50 ( 89.43)	Acc@5 100.00 ( 98.51)
2021-12-05 17:22:52.369 | INFO     | __main__:display:483 - Test: [ 30/123]	Time  0.911 ( 2.092)	Loss 6.3327e-01 (3.8448e-01)	Acc@1  78.12 ( 87.50)	Acc@5  96.88 ( 98.69)
2021-12-05 17:23:00.563 | INFO     | __main__:display:483 - Test: [ 40/123]	Time  0.756 ( 1.782)	Loss 5.6106e-01 (4.1208e-01)	Acc@1  84.38 ( 86.89)	Acc@5 100.00 ( 98.70)
2021-12-05 17:23:09.369 | INFO     | __main__:display:483 - Test: [ 50/123]	Time  0.823 ( 1.605)	Loss 7.8907e-01 (4.4151e-01)	Acc@1  78.12 ( 85.72)	Acc@5  96.88 ( 98.77)
2021-12-05 17:23:17.518 | INFO     | __main__:display:483 - Test: [ 60/123]	Time  1.002 ( 1.475)	Loss 5.9998e-01 (4.2473e-01)	Acc@1  87.50 ( 86.37)	Acc@5  96.88 ( 98.62)
2021-12-05 17:23:27.194 | INFO     | __main__:display:483 - Test: [ 70/123]	Time  1.090 ( 1.404)	Loss 3.0286e-01 (4.2190e-01)	Acc@1  93.75 ( 86.66)	Acc@5 100.00 ( 98.68)
2021-12-05 17:23:40.368 | INFO     | __main__:display:483 - Test: [ 80/123]	Time  0.840 ( 1.393)	Loss 6.3313e-01 (4.1897e-01)	Acc@1  71.88 ( 86.69)	Acc@5 100.00 ( 98.77)
2021-12-05 17:23:49.882 | INFO     | __main__:display:483 - Test: [ 90/123]	Time  1.101 ( 1.345)	Loss 6.0399e-01 (4.4398e-01)	Acc@1  78.12 ( 85.61)	Acc@5 100.00 ( 98.70)
2021-12-05 17:23:59.086 | INFO     | __main__:display:483 - Test: [100/123]	Time  0.851 ( 1.303)	Loss 6.7006e-01 (4.8202e-01)	Acc@1  81.25 ( 84.53)	Acc@5  90.62 ( 98.48)
2021-12-05 17:24:07.945 | INFO     | __main__:display:483 - Test: [110/123]	Time  0.792 ( 1.265)	Loss 7.5801e-01 (4.8686e-01)	Acc@1  78.12 ( 84.66)	Acc@5  96.88 ( 98.42)
2021-12-05 17:24:16.044 | INFO     | __main__:display:483 - Test: [120/123]	Time  0.751 ( 1.227)	Loss 1.4158e+00 (5.8397e-01)	Acc@1  43.75 ( 82.28)	Acc@5 100.00 ( 98.32)
2021-12-05 17:24:17.543 | INFO     | __main__:display_summary:488 -  *   Acc@1 81.860 Acc@5 98.268
