2021-12-05 16:47:41.965 | INFO     | __main__:main:159 - Log into log/resnet18/zero_mantissa_to_closest_exponent/group_size:64/2021-12-05-16:47:41.log
2021-12-05 16:47:41.966 | INFO     | __main__:logger_args:80 - 
data      	data/imagenette
arch      	resnet18
replace_fc	torch.nn.Linear(512, 10)
change_model_weights	zero_mantissa_to_closest_exponent
change_model_weights_during_training	None
model_weights_group_size	64
workers   	4
epochs    	90
start_epoch	0
batch_size	32
lr        	0.1
momentum  	0.9
weight_decay	0.0001
print_freq	10
resume    	model/resnet18:non-pretrained:batch_size=256/model_best.pth.tar
evaluate  	True
pretrained	False
seed      	None
gpu       	None
model_dir 	model/resnet18/zero_mantissa_to_closest_exponent/group_size:64
log_dir   	log/resnet18/zero_mantissa_to_closest_exponent/group_size:64
tensorboard	False

2021-12-05 16:47:41.966 | INFO     | __main__:main_worker:199 - Creating model 'resnet18'
2021-12-05 16:47:42.115 | WARNING  | __main__:main_worker:203 - Replacing model's last FC layer by torch.nn.Linear(512, 10)
2021-12-05 16:47:42.116 | INFO     | __main__:main_worker:205 - 
ResNet(
  (conv1): Conv2d(3, 64, kernel_size=(7, 7), stride=(2, 2), padding=(3, 3), bias=False)
  (bn1): BatchNorm2d(64, eps=1e-05, momentum=0.1, affine=True, track_running_stats=True)
  (relu): ReLU(inplace=True)
  (maxpool): MaxPool2d(kernel_size=3, stride=2, padding=1, dilation=1, ceil_mode=False)
  (layer1): Sequential(
    (0): BasicBlock(
      (conv1): Conv2d(64, 64, kernel_size=(3, 3), stride=(1, 1), padding=(1, 1), bias=False)
      (bn1): BatchNorm2d(64, eps=1e-05, momentum=0.1, affine=True, track_running_stats=True)
      (relu): ReLU(inplace=True)
      (conv2): Conv2d(64, 64, kernel_size=(3, 3), stride=(1, 1), padding=(1, 1), bias=False)
      (bn2): BatchNorm2d(64, eps=1e-05, momentum=0.1, affine=True, track_running_stats=True)
    )
    (1): BasicBlock(
      (conv1): Conv2d(64, 64, kernel_size=(3, 3), stride=(1, 1), padding=(1, 1), bias=False)
      (bn1): BatchNorm2d(64, eps=1e-05, momentum=0.1, affine=True, track_running_stats=True)
      (relu): ReLU(inplace=True)
      (conv2): Conv2d(64, 64, kernel_size=(3, 3), stride=(1, 1), padding=(1, 1), bias=False)
      (bn2): BatchNorm2d(64, eps=1e-05, momentum=0.1, affine=True, track_running_stats=True)
    )
  )
  (layer2): Sequential(
    (0): BasicBlock(
      (conv1): Conv2d(64, 128, kernel_size=(3, 3), stride=(2, 2), padding=(1, 1), bias=False)
      (bn1): BatchNorm2d(128, eps=1e-05, momentum=0.1, affine=True, track_running_stats=True)
      (relu): ReLU(inplace=True)
      (conv2): Conv2d(128, 128, kernel_size=(3, 3), stride=(1, 1), padding=(1, 1), bias=False)
      (bn2): BatchNorm2d(128, eps=1e-05, momentum=0.1, affine=True, track_running_stats=True)
      (downsample): Sequential(
        (0): Conv2d(64, 128, kernel_size=(1, 1), stride=(2, 2), bias=False)
        (1): BatchNorm2d(128, eps=1e-05, momentum=0.1, affine=True, track_running_stats=True)
      )
    )
    (1): BasicBlock(
      (conv1): Conv2d(128, 128, kernel_size=(3, 3), stride=(1, 1), padding=(1, 1), bias=False)
      (bn1): BatchNorm2d(128, eps=1e-05, momentum=0.1, affine=True, track_running_stats=True)
      (relu): ReLU(inplace=True)
      (conv2): Conv2d(128, 128, kernel_size=(3, 3), stride=(1, 1), padding=(1, 1), bias=False)
      (bn2): BatchNorm2d(128, eps=1e-05, momentum=0.1, affine=True, track_running_stats=True)
    )
  )
  (layer3): Sequential(
    (0): BasicBlock(
      (conv1): Conv2d(128, 256, kernel_size=(3, 3), stride=(2, 2), padding=(1, 1), bias=False)
      (bn1): BatchNorm2d(256, eps=1e-05, momentum=0.1, affine=True, track_running_stats=True)
      (relu): ReLU(inplace=True)
      (conv2): Conv2d(256, 256, kernel_size=(3, 3), stride=(1, 1), padding=(1, 1), bias=False)
      (bn2): BatchNorm2d(256, eps=1e-05, momentum=0.1, affine=True, track_running_stats=True)
      (downsample): Sequential(
        (0): Conv2d(128, 256, kernel_size=(1, 1), stride=(2, 2), bias=False)
        (1): BatchNorm2d(256, eps=1e-05, momentum=0.1, affine=True, track_running_stats=True)
      )
    )
    (1): BasicBlock(
      (conv1): Conv2d(256, 256, kernel_size=(3, 3), stride=(1, 1), padding=(1, 1), bias=False)
      (bn1): BatchNorm2d(256, eps=1e-05, momentum=0.1, affine=True, track_running_stats=True)
      (relu): ReLU(inplace=True)
      (conv2): Conv2d(256, 256, kernel_size=(3, 3), stride=(1, 1), padding=(1, 1), bias=False)
      (bn2): BatchNorm2d(256, eps=1e-05, momentum=0.1, affine=True, track_running_stats=True)
    )
  )
  (layer4): Sequential(
    (0): BasicBlock(
      (conv1): Conv2d(256, 512, kernel_size=(3, 3), stride=(2, 2), padding=(1, 1), bias=False)
      (bn1): BatchNorm2d(512, eps=1e-05, momentum=0.1, affine=True, track_running_stats=True)
      (relu): ReLU(inplace=True)
      (conv2): Conv2d(512, 512, kernel_size=(3, 3), stride=(1, 1), padding=(1, 1), bias=False)
      (bn2): BatchNorm2d(512, eps=1e-05, momentum=0.1, affine=True, track_running_stats=True)
      (downsample): Sequential(
        (0): Conv2d(256, 512, kernel_size=(1, 1), stride=(2, 2), bias=False)
        (1): BatchNorm2d(512, eps=1e-05, momentum=0.1, affine=True, track_running_stats=True)
      )
    )
    (1): BasicBlock(
      (conv1): Conv2d(512, 512, kernel_size=(3, 3), stride=(1, 1), padding=(1, 1), bias=False)
      (bn1): BatchNorm2d(512, eps=1e-05, momentum=0.1, affine=True, track_running_stats=True)
      (relu): ReLU(inplace=True)
      (conv2): Conv2d(512, 512, kernel_size=(3, 3), stride=(1, 1), padding=(1, 1), bias=False)
      (bn2): BatchNorm2d(512, eps=1e-05, momentum=0.1, affine=True, track_running_stats=True)
    )
  )
  (avgpool): AdaptiveAvgPool2d(output_size=(1, 1))
  (fc): Linear(in_features=512, out_features=10, bias=True)
)
2021-12-05 16:47:42.116 | WARNING  | __main__:main_worker:212 - Using CPU, this will be slow
2021-12-05 16:47:42.117 | INFO     | __main__:main_worker:233 - Loading checkpoint 'model/resnet18:non-pretrained:batch_size=256/model_best.pth.tar'
2021-12-05 16:47:42.174 | INFO     | __main__:main_worker:247 - Loaded checkpoint 'model/resnet18:non-pretrained:batch_size=256/model_best.pth.tar' (epoch 90)
2021-12-05 16:47:42.174 | WARNING  | __main__:main_worker:252 - Changing model's weights according to 'zero_mantissa_to_closest_exponent' with group size: 64
2021-12-05 16:47:42.175 | INFO     | __main__:convert_model:140 - Converting conv1.weight ...
2021-12-05 16:47:42.413 | INFO     | __main__:convert_model:124 - Skipping bn1.weight ...
2021-12-05 16:47:42.413 | INFO     | __main__:convert_model:124 - Skipping bn1.bias ...
2021-12-05 16:47:42.414 | INFO     | __main__:convert_model:140 - Converting layer1.0.conv1.weight ...
2021-12-05 16:47:43.400 | INFO     | __main__:convert_model:124 - Skipping layer1.0.bn1.weight ...
2021-12-05 16:47:43.400 | INFO     | __main__:convert_model:124 - Skipping layer1.0.bn1.bias ...
2021-12-05 16:47:43.400 | INFO     | __main__:convert_model:140 - Converting layer1.0.conv2.weight ...
2021-12-05 16:47:44.416 | INFO     | __main__:convert_model:124 - Skipping layer1.0.bn2.weight ...
2021-12-05 16:47:44.418 | INFO     | __main__:convert_model:124 - Skipping layer1.0.bn2.bias ...
2021-12-05 16:47:44.418 | INFO     | __main__:convert_model:140 - Converting layer1.1.conv1.weight ...
2021-12-05 16:47:45.522 | INFO     | __main__:convert_model:124 - Skipping layer1.1.bn1.weight ...
2021-12-05 16:47:45.523 | INFO     | __main__:convert_model:124 - Skipping layer1.1.bn1.bias ...
2021-12-05 16:47:45.523 | INFO     | __main__:convert_model:140 - Converting layer1.1.conv2.weight ...
2021-12-05 16:47:46.341 | INFO     | __main__:convert_model:124 - Skipping layer1.1.bn2.weight ...
2021-12-05 16:47:46.341 | INFO     | __main__:convert_model:124 - Skipping layer1.1.bn2.bias ...
2021-12-05 16:47:46.341 | INFO     | __main__:convert_model:140 - Converting layer2.0.conv1.weight ...
2021-12-05 16:47:48.132 | INFO     | __main__:convert_model:124 - Skipping layer2.0.bn1.weight ...
2021-12-05 16:47:48.133 | INFO     | __main__:convert_model:124 - Skipping layer2.0.bn1.bias ...
2021-12-05 16:47:48.133 | INFO     | __main__:convert_model:140 - Converting layer2.0.conv2.weight ...
2021-12-05 16:47:52.051 | INFO     | __main__:convert_model:124 - Skipping layer2.0.bn2.weight ...
2021-12-05 16:47:52.051 | INFO     | __main__:convert_model:124 - Skipping layer2.0.bn2.bias ...
2021-12-05 16:47:52.052 | INFO     | __main__:convert_model:124 - Skipping layer2.0.downsample.0.weight ...
2021-12-05 16:47:52.052 | INFO     | __main__:convert_model:124 - Skipping layer2.0.downsample.1.weight ...
2021-12-05 16:47:52.053 | INFO     | __main__:convert_model:124 - Skipping layer2.0.downsample.1.bias ...
2021-12-05 16:47:52.053 | INFO     | __main__:convert_model:140 - Converting layer2.1.conv1.weight ...
2021-12-05 16:47:56.664 | INFO     | __main__:convert_model:124 - Skipping layer2.1.bn1.weight ...
2021-12-05 16:47:56.664 | INFO     | __main__:convert_model:124 - Skipping layer2.1.bn1.bias ...
2021-12-05 16:47:56.667 | INFO     | __main__:convert_model:140 - Converting layer2.1.conv2.weight ...
2021-12-05 16:48:00.984 | INFO     | __main__:convert_model:124 - Skipping layer2.1.bn2.weight ...
2021-12-05 16:48:00.985 | INFO     | __main__:convert_model:124 - Skipping layer2.1.bn2.bias ...
2021-12-05 16:48:00.985 | INFO     | __main__:convert_model:140 - Converting layer3.0.conv1.weight ...
2021-12-05 16:48:09.327 | INFO     | __main__:convert_model:124 - Skipping layer3.0.bn1.weight ...
2021-12-05 16:48:09.328 | INFO     | __main__:convert_model:124 - Skipping layer3.0.bn1.bias ...
2021-12-05 16:48:09.329 | INFO     | __main__:convert_model:140 - Converting layer3.0.conv2.weight ...
2021-12-05 16:48:27.290 | INFO     | __main__:convert_model:124 - Skipping layer3.0.bn2.weight ...
2021-12-05 16:48:27.290 | INFO     | __main__:convert_model:124 - Skipping layer3.0.bn2.bias ...
2021-12-05 16:48:27.290 | INFO     | __main__:convert_model:124 - Skipping layer3.0.downsample.0.weight ...
2021-12-05 16:48:27.290 | INFO     | __main__:convert_model:124 - Skipping layer3.0.downsample.1.weight ...
2021-12-05 16:48:27.290 | INFO     | __main__:convert_model:124 - Skipping layer3.0.downsample.1.bias ...
2021-12-05 16:48:27.291 | INFO     | __main__:convert_model:140 - Converting layer3.1.conv1.weight ...
2021-12-05 16:48:42.242 | INFO     | __main__:convert_model:124 - Skipping layer3.1.bn1.weight ...
2021-12-05 16:48:42.243 | INFO     | __main__:convert_model:124 - Skipping layer3.1.bn1.bias ...
2021-12-05 16:48:42.243 | INFO     | __main__:convert_model:140 - Converting layer3.1.conv2.weight ...
2021-12-05 16:48:59.497 | INFO     | __main__:convert_model:124 - Skipping layer3.1.bn2.weight ...
2021-12-05 16:48:59.497 | INFO     | __main__:convert_model:124 - Skipping layer3.1.bn2.bias ...
2021-12-05 16:48:59.497 | INFO     | __main__:convert_model:140 - Converting layer4.0.conv1.weight ...
2021-12-05 16:49:31.773 | INFO     | __main__:convert_model:124 - Skipping layer4.0.bn1.weight ...
2021-12-05 16:49:31.773 | INFO     | __main__:convert_model:124 - Skipping layer4.0.bn1.bias ...
2021-12-05 16:49:31.773 | INFO     | __main__:convert_model:140 - Converting layer4.0.conv2.weight ...
2021-12-05 16:50:22.274 | INFO     | __main__:convert_model:124 - Skipping layer4.0.bn2.weight ...
2021-12-05 16:50:22.274 | INFO     | __main__:convert_model:124 - Skipping layer4.0.bn2.bias ...
2021-12-05 16:50:22.274 | INFO     | __main__:convert_model:124 - Skipping layer4.0.downsample.0.weight ...
2021-12-05 16:50:22.275 | INFO     | __main__:convert_model:124 - Skipping layer4.0.downsample.1.weight ...
2021-12-05 16:50:22.275 | INFO     | __main__:convert_model:124 - Skipping layer4.0.downsample.1.bias ...
2021-12-05 16:50:22.275 | INFO     | __main__:convert_model:140 - Converting layer4.1.conv1.weight ...
2021-12-05 16:51:26.597 | INFO     | __main__:convert_model:124 - Skipping layer4.1.bn1.weight ...
2021-12-05 16:51:26.597 | INFO     | __main__:convert_model:124 - Skipping layer4.1.bn1.bias ...
2021-12-05 16:51:26.597 | INFO     | __main__:convert_model:140 - Converting layer4.1.conv2.weight ...
2021-12-05 16:52:44.912 | INFO     | __main__:convert_model:124 - Skipping layer4.1.bn2.weight ...
2021-12-05 16:52:44.912 | INFO     | __main__:convert_model:124 - Skipping layer4.1.bn2.bias ...
2021-12-05 16:52:44.913 | INFO     | __main__:convert_model:140 - Converting fc.weight ...
2021-12-05 16:52:45.038 | INFO     | __main__:convert_model:134 - Converting fc.bias with group size: 10. (W.numel()(=10) < 64) ...
2021-12-05 16:52:45.039 | INFO     | __main__:main_worker:266 - Train Dir: data/imagenette/train | Val Dir: data/imagenette/val
2021-12-05 16:52:45.087 | INFO     | __main__:main_worker:291 - args.evaluate=True: Doing evaluation once, and exit
2021-12-05 16:53:30.364 | INFO     | __main__:display:483 - Test: [  0/123]	Time 45.276 (45.276)	Loss 5.1860e-01 (5.1860e-01)	Acc@1  93.75 ( 93.75)	Acc@5  93.75 ( 93.75)
2021-12-05 16:53:38.306 | INFO     | __main__:display:483 - Test: [ 10/123]	Time  0.708 ( 4.838)	Loss 6.9327e-01 (5.5741e-01)	Acc@1  71.88 ( 83.81)	Acc@5  96.88 ( 96.88)
2021-12-05 16:53:46.909 | INFO     | __main__:display:483 - Test: [ 20/123]	Time  0.700 ( 2.944)	Loss 7.7918e-01 (5.8315e-01)	Acc@1  75.00 ( 81.70)	Acc@5  90.62 ( 97.02)
2021-12-05 16:53:54.686 | INFO     | __main__:display:483 - Test: [ 30/123]	Time  0.707 ( 2.245)	Loss 1.1238e+00 (6.4922e-01)	Acc@1  62.50 ( 78.53)	Acc@5  93.75 ( 97.38)
2021-12-05 16:54:02.274 | INFO     | __main__:display:483 - Test: [ 40/123]	Time  0.763 ( 1.883)	Loss 4.0411e-01 (6.2577e-01)	Acc@1  93.75 ( 79.04)	Acc@5 100.00 ( 97.79)
2021-12-05 16:54:10.968 | INFO     | __main__:display:483 - Test: [ 50/123]	Time  0.913 ( 1.684)	Loss 7.4664e-01 (6.1261e-01)	Acc@1  81.25 ( 79.96)	Acc@5  96.88 ( 97.98)
2021-12-05 16:54:20.950 | INFO     | __main__:display:483 - Test: [ 60/123]	Time  0.981 ( 1.572)	Loss 6.3797e-01 (5.7316e-01)	Acc@1  84.38 ( 81.45)	Acc@5  96.88 ( 98.05)
2021-12-05 16:54:34.862 | INFO     | __main__:display:483 - Test: [ 70/123]	Time  1.063 ( 1.546)	Loss 3.0163e-01 (5.5251e-01)	Acc@1  90.62 ( 81.87)	Acc@5 100.00 ( 98.15)
2021-12-05 16:54:45.010 | INFO     | __main__:display:483 - Test: [ 80/123]	Time  0.986 ( 1.481)	Loss 7.1884e-01 (5.4228e-01)	Acc@1  68.75 ( 82.14)	Acc@5 100.00 ( 98.26)
2021-12-05 16:55:03.570 | INFO     | __main__:display:483 - Test: [ 90/123]	Time  0.843 ( 1.522)	Loss 7.6234e-01 (5.6644e-01)	Acc@1  75.00 ( 81.42)	Acc@5  96.88 ( 98.15)
2021-12-05 16:55:15.493 | INFO     | __main__:display:483 - Test: [100/123]	Time  1.052 ( 1.489)	Loss 6.0627e-01 (6.0225e-01)	Acc@1  78.12 ( 80.60)	Acc@5  93.75 ( 97.99)
2021-12-05 16:55:26.039 | INFO     | __main__:display:483 - Test: [110/123]	Time  0.811 ( 1.450)	Loss 1.5233e+00 (6.0374e-01)	Acc@1  65.62 ( 80.69)	Acc@5  90.62 ( 97.78)
2021-12-05 16:55:55.308 | INFO     | __main__:display:483 - Test: [120/123]	Time  3.079 ( 1.572)	Loss 3.1305e+00 (7.9899e-01)	Acc@1  34.38 ( 77.22)	Acc@5 100.00 ( 97.29)
2021-12-05 16:55:56.596 | INFO     | __main__:display_summary:488 -  *   Acc@1 76.688 Acc@5 97.172
