2021-12-01 23:03:33.937 | INFO     | __main__:main:152 - Log into log/resnet50/zero_mantissa_to_closest_exponent/group_size:4/2021-12-01-23:03:33.log
2021-12-01 23:03:33.937 | WARNING  | __main__:main:165 - You have chosen a specific GPU. This will completely disable data parallelism.
2021-12-01 23:03:33.937 | INFO     | __main__:main_worker:175 - Use GPU: 0 for training
2021-12-01 23:03:33.937 | INFO     | __main__:main_worker:179 - Using pre-trained model 'resnet50'
2021-12-01 23:03:34.319 | WARNING  | __main__:main_worker:186 - Replacing model's last FC layer by torch.nn.Linear(2048, 10)
2021-12-01 23:03:34.320 | INFO     | __main__:main_worker:188 - 
ResNet(
  (conv1): Conv2d(3, 64, kernel_size=(7, 7), stride=(2, 2), padding=(3, 3), bias=False)
  (bn1): BatchNorm2d(64, eps=1e-05, momentum=0.1, affine=True, track_running_stats=True)
  (relu): ReLU(inplace=True)
  (maxpool): MaxPool2d(kernel_size=3, stride=2, padding=1, dilation=1, ceil_mode=False)
  (layer1): Sequential(
    (0): Bottleneck(
      (conv1): Conv2d(64, 64, kernel_size=(1, 1), stride=(1, 1), bias=False)
      (bn1): BatchNorm2d(64, eps=1e-05, momentum=0.1, affine=True, track_running_stats=True)
      (conv2): Conv2d(64, 64, kernel_size=(3, 3), stride=(1, 1), padding=(1, 1), bias=False)
      (bn2): BatchNorm2d(64, eps=1e-05, momentum=0.1, affine=True, track_running_stats=True)
      (conv3): Conv2d(64, 256, kernel_size=(1, 1), stride=(1, 1), bias=False)
      (bn3): BatchNorm2d(256, eps=1e-05, momentum=0.1, affine=True, track_running_stats=True)
      (relu): ReLU(inplace=True)
      (downsample): Sequential(
        (0): Conv2d(64, 256, kernel_size=(1, 1), stride=(1, 1), bias=False)
        (1): BatchNorm2d(256, eps=1e-05, momentum=0.1, affine=True, track_running_stats=True)
      )
    )
    (1): Bottleneck(
      (conv1): Conv2d(256, 64, kernel_size=(1, 1), stride=(1, 1), bias=False)
      (bn1): BatchNorm2d(64, eps=1e-05, momentum=0.1, affine=True, track_running_stats=True)
      (conv2): Conv2d(64, 64, kernel_size=(3, 3), stride=(1, 1), padding=(1, 1), bias=False)
      (bn2): BatchNorm2d(64, eps=1e-05, momentum=0.1, affine=True, track_running_stats=True)
      (conv3): Conv2d(64, 256, kernel_size=(1, 1), stride=(1, 1), bias=False)
      (bn3): BatchNorm2d(256, eps=1e-05, momentum=0.1, affine=True, track_running_stats=True)
      (relu): ReLU(inplace=True)
    )
    (2): Bottleneck(
      (conv1): Conv2d(256, 64, kernel_size=(1, 1), stride=(1, 1), bias=False)
      (bn1): BatchNorm2d(64, eps=1e-05, momentum=0.1, affine=True, track_running_stats=True)
      (conv2): Conv2d(64, 64, kernel_size=(3, 3), stride=(1, 1), padding=(1, 1), bias=False)
      (bn2): BatchNorm2d(64, eps=1e-05, momentum=0.1, affine=True, track_running_stats=True)
      (conv3): Conv2d(64, 256, kernel_size=(1, 1), stride=(1, 1), bias=False)
      (bn3): BatchNorm2d(256, eps=1e-05, momentum=0.1, affine=True, track_running_stats=True)
      (relu): ReLU(inplace=True)
    )
  )
  (layer2): Sequential(
    (0): Bottleneck(
      (conv1): Conv2d(256, 128, kernel_size=(1, 1), stride=(1, 1), bias=False)
      (bn1): BatchNorm2d(128, eps=1e-05, momentum=0.1, affine=True, track_running_stats=True)
      (conv2): Conv2d(128, 128, kernel_size=(3, 3), stride=(2, 2), padding=(1, 1), bias=False)
      (bn2): BatchNorm2d(128, eps=1e-05, momentum=0.1, affine=True, track_running_stats=True)
      (conv3): Conv2d(128, 512, kernel_size=(1, 1), stride=(1, 1), bias=False)
      (bn3): BatchNorm2d(512, eps=1e-05, momentum=0.1, affine=True, track_running_stats=True)
      (relu): ReLU(inplace=True)
      (downsample): Sequential(
        (0): Conv2d(256, 512, kernel_size=(1, 1), stride=(2, 2), bias=False)
        (1): BatchNorm2d(512, eps=1e-05, momentum=0.1, affine=True, track_running_stats=True)
      )
    )
    (1): Bottleneck(
      (conv1): Conv2d(512, 128, kernel_size=(1, 1), stride=(1, 1), bias=False)
      (bn1): BatchNorm2d(128, eps=1e-05, momentum=0.1, affine=True, track_running_stats=True)
      (conv2): Conv2d(128, 128, kernel_size=(3, 3), stride=(1, 1), padding=(1, 1), bias=False)
      (bn2): BatchNorm2d(128, eps=1e-05, momentum=0.1, affine=True, track_running_stats=True)
      (conv3): Conv2d(128, 512, kernel_size=(1, 1), stride=(1, 1), bias=False)
      (bn3): BatchNorm2d(512, eps=1e-05, momentum=0.1, affine=True, track_running_stats=True)
      (relu): ReLU(inplace=True)
    )
    (2): Bottleneck(
      (conv1): Conv2d(512, 128, kernel_size=(1, 1), stride=(1, 1), bias=False)
      (bn1): BatchNorm2d(128, eps=1e-05, momentum=0.1, affine=True, track_running_stats=True)
      (conv2): Conv2d(128, 128, kernel_size=(3, 3), stride=(1, 1), padding=(1, 1), bias=False)
      (bn2): BatchNorm2d(128, eps=1e-05, momentum=0.1, affine=True, track_running_stats=True)
      (conv3): Conv2d(128, 512, kernel_size=(1, 1), stride=(1, 1), bias=False)
      (bn3): BatchNorm2d(512, eps=1e-05, momentum=0.1, affine=True, track_running_stats=True)
      (relu): ReLU(inplace=True)
    )
    (3): Bottleneck(
      (conv1): Conv2d(512, 128, kernel_size=(1, 1), stride=(1, 1), bias=False)
      (bn1): BatchNorm2d(128, eps=1e-05, momentum=0.1, affine=True, track_running_stats=True)
      (conv2): Conv2d(128, 128, kernel_size=(3, 3), stride=(1, 1), padding=(1, 1), bias=False)
      (bn2): BatchNorm2d(128, eps=1e-05, momentum=0.1, affine=True, track_running_stats=True)
      (conv3): Conv2d(128, 512, kernel_size=(1, 1), stride=(1, 1), bias=False)
      (bn3): BatchNorm2d(512, eps=1e-05, momentum=0.1, affine=True, track_running_stats=True)
      (relu): ReLU(inplace=True)
    )
  )
  (layer3): Sequential(
    (0): Bottleneck(
      (conv1): Conv2d(512, 256, kernel_size=(1, 1), stride=(1, 1), bias=False)
      (bn1): BatchNorm2d(256, eps=1e-05, momentum=0.1, affine=True, track_running_stats=True)
      (conv2): Conv2d(256, 256, kernel_size=(3, 3), stride=(2, 2), padding=(1, 1), bias=False)
      (bn2): BatchNorm2d(256, eps=1e-05, momentum=0.1, affine=True, track_running_stats=True)
      (conv3): Conv2d(256, 1024, kernel_size=(1, 1), stride=(1, 1), bias=False)
      (bn3): BatchNorm2d(1024, eps=1e-05, momentum=0.1, affine=True, track_running_stats=True)
      (relu): ReLU(inplace=True)
      (downsample): Sequential(
        (0): Conv2d(512, 1024, kernel_size=(1, 1), stride=(2, 2), bias=False)
        (1): BatchNorm2d(1024, eps=1e-05, momentum=0.1, affine=True, track_running_stats=True)
      )
    )
    (1): Bottleneck(
      (conv1): Conv2d(1024, 256, kernel_size=(1, 1), stride=(1, 1), bias=False)
      (bn1): BatchNorm2d(256, eps=1e-05, momentum=0.1, affine=True, track_running_stats=True)
      (conv2): Conv2d(256, 256, kernel_size=(3, 3), stride=(1, 1), padding=(1, 1), bias=False)
      (bn2): BatchNorm2d(256, eps=1e-05, momentum=0.1, affine=True, track_running_stats=True)
      (conv3): Conv2d(256, 1024, kernel_size=(1, 1), stride=(1, 1), bias=False)
      (bn3): BatchNorm2d(1024, eps=1e-05, momentum=0.1, affine=True, track_running_stats=True)
      (relu): ReLU(inplace=True)
    )
    (2): Bottleneck(
      (conv1): Conv2d(1024, 256, kernel_size=(1, 1), stride=(1, 1), bias=False)
      (bn1): BatchNorm2d(256, eps=1e-05, momentum=0.1, affine=True, track_running_stats=True)
      (conv2): Conv2d(256, 256, kernel_size=(3, 3), stride=(1, 1), padding=(1, 1), bias=False)
      (bn2): BatchNorm2d(256, eps=1e-05, momentum=0.1, affine=True, track_running_stats=True)
      (conv3): Conv2d(256, 1024, kernel_size=(1, 1), stride=(1, 1), bias=False)
      (bn3): BatchNorm2d(1024, eps=1e-05, momentum=0.1, affine=True, track_running_stats=True)
      (relu): ReLU(inplace=True)
    )
    (3): Bottleneck(
      (conv1): Conv2d(1024, 256, kernel_size=(1, 1), stride=(1, 1), bias=False)
      (bn1): BatchNorm2d(256, eps=1e-05, momentum=0.1, affine=True, track_running_stats=True)
      (conv2): Conv2d(256, 256, kernel_size=(3, 3), stride=(1, 1), padding=(1, 1), bias=False)
      (bn2): BatchNorm2d(256, eps=1e-05, momentum=0.1, affine=True, track_running_stats=True)
      (conv3): Conv2d(256, 1024, kernel_size=(1, 1), stride=(1, 1), bias=False)
      (bn3): BatchNorm2d(1024, eps=1e-05, momentum=0.1, affine=True, track_running_stats=True)
      (relu): ReLU(inplace=True)
    )
    (4): Bottleneck(
      (conv1): Conv2d(1024, 256, kernel_size=(1, 1), stride=(1, 1), bias=False)
      (bn1): BatchNorm2d(256, eps=1e-05, momentum=0.1, affine=True, track_running_stats=True)
      (conv2): Conv2d(256, 256, kernel_size=(3, 3), stride=(1, 1), padding=(1, 1), bias=False)
      (bn2): BatchNorm2d(256, eps=1e-05, momentum=0.1, affine=True, track_running_stats=True)
      (conv3): Conv2d(256, 1024, kernel_size=(1, 1), stride=(1, 1), bias=False)
      (bn3): BatchNorm2d(1024, eps=1e-05, momentum=0.1, affine=True, track_running_stats=True)
      (relu): ReLU(inplace=True)
    )
    (5): Bottleneck(
      (conv1): Conv2d(1024, 256, kernel_size=(1, 1), stride=(1, 1), bias=False)
      (bn1): BatchNorm2d(256, eps=1e-05, momentum=0.1, affine=True, track_running_stats=True)
      (conv2): Conv2d(256, 256, kernel_size=(3, 3), stride=(1, 1), padding=(1, 1), bias=False)
      (bn2): BatchNorm2d(256, eps=1e-05, momentum=0.1, affine=True, track_running_stats=True)
      (conv3): Conv2d(256, 1024, kernel_size=(1, 1), stride=(1, 1), bias=False)
      (bn3): BatchNorm2d(1024, eps=1e-05, momentum=0.1, affine=True, track_running_stats=True)
      (relu): ReLU(inplace=True)
    )
  )
  (layer4): Sequential(
    (0): Bottleneck(
      (conv1): Conv2d(1024, 512, kernel_size=(1, 1), stride=(1, 1), bias=False)
      (bn1): BatchNorm2d(512, eps=1e-05, momentum=0.1, affine=True, track_running_stats=True)
      (conv2): Conv2d(512, 512, kernel_size=(3, 3), stride=(2, 2), padding=(1, 1), bias=False)
      (bn2): BatchNorm2d(512, eps=1e-05, momentum=0.1, affine=True, track_running_stats=True)
      (conv3): Conv2d(512, 2048, kernel_size=(1, 1), stride=(1, 1), bias=False)
      (bn3): BatchNorm2d(2048, eps=1e-05, momentum=0.1, affine=True, track_running_stats=True)
      (relu): ReLU(inplace=True)
      (downsample): Sequential(
        (0): Conv2d(1024, 2048, kernel_size=(1, 1), stride=(2, 2), bias=False)
        (1): BatchNorm2d(2048, eps=1e-05, momentum=0.1, affine=True, track_running_stats=True)
      )
    )
    (1): Bottleneck(
      (conv1): Conv2d(2048, 512, kernel_size=(1, 1), stride=(1, 1), bias=False)
      (bn1): BatchNorm2d(512, eps=1e-05, momentum=0.1, affine=True, track_running_stats=True)
      (conv2): Conv2d(512, 512, kernel_size=(3, 3), stride=(1, 1), padding=(1, 1), bias=False)
      (bn2): BatchNorm2d(512, eps=1e-05, momentum=0.1, affine=True, track_running_stats=True)
      (conv3): Conv2d(512, 2048, kernel_size=(1, 1), stride=(1, 1), bias=False)
      (bn3): BatchNorm2d(2048, eps=1e-05, momentum=0.1, affine=True, track_running_stats=True)
      (relu): ReLU(inplace=True)
    )
    (2): Bottleneck(
      (conv1): Conv2d(2048, 512, kernel_size=(1, 1), stride=(1, 1), bias=False)
      (bn1): BatchNorm2d(512, eps=1e-05, momentum=0.1, affine=True, track_running_stats=True)
      (conv2): Conv2d(512, 512, kernel_size=(3, 3), stride=(1, 1), padding=(1, 1), bias=False)
      (bn2): BatchNorm2d(512, eps=1e-05, momentum=0.1, affine=True, track_running_stats=True)
      (conv3): Conv2d(512, 2048, kernel_size=(1, 1), stride=(1, 1), bias=False)
      (bn3): BatchNorm2d(2048, eps=1e-05, momentum=0.1, affine=True, track_running_stats=True)
      (relu): ReLU(inplace=True)
    )
  )
  (avgpool): AdaptiveAvgPool2d(output_size=(1, 1))
  (fc): Linear(in_features=2048, out_features=10, bias=True)
)
2021-12-01 23:03:36.213 | INFO     | __main__:main_worker:216 - Loading checkpoint 'model/resnet50/model_best.pth.tar'
2021-12-01 23:03:36.320 | INFO     | __main__:main_worker:230 - Loaded checkpoint 'model/resnet50/model_best.pth.tar' (epoch 91)
2021-12-01 23:03:36.321 | WARNING  | __main__:main_worker:235 - Changing model's weights according to 'zero_mantissa_to_closest_exponent' with group size: 4
2021-12-01 23:03:36.360 | INFO     | __main__:convert_model:132 - Converting conv1.weight ...
2021-12-01 23:03:36.555 | INFO     | __main__:convert_model:118 - Skipping bn1.weight ...
2021-12-01 23:03:36.555 | INFO     | __main__:convert_model:118 - Skipping bn1.bias ...
2021-12-01 23:03:36.556 | INFO     | __main__:convert_model:132 - Converting layer1.0.conv1.weight ...
2021-12-01 23:03:36.640 | INFO     | __main__:convert_model:118 - Skipping layer1.0.bn1.weight ...
2021-12-01 23:03:36.640 | INFO     | __main__:convert_model:118 - Skipping layer1.0.bn1.bias ...
2021-12-01 23:03:36.640 | INFO     | __main__:convert_model:132 - Converting layer1.0.conv2.weight ...
2021-12-01 23:03:37.401 | INFO     | __main__:convert_model:118 - Skipping layer1.0.bn2.weight ...
2021-12-01 23:03:37.402 | INFO     | __main__:convert_model:118 - Skipping layer1.0.bn2.bias ...
2021-12-01 23:03:37.402 | INFO     | __main__:convert_model:132 - Converting layer1.0.conv3.weight ...
2021-12-01 23:03:37.741 | INFO     | __main__:convert_model:118 - Skipping layer1.0.bn3.weight ...
2021-12-01 23:03:37.741 | INFO     | __main__:convert_model:118 - Skipping layer1.0.bn3.bias ...
2021-12-01 23:03:37.741 | INFO     | __main__:convert_model:118 - Skipping layer1.0.downsample.0.weight ...
2021-12-01 23:03:37.742 | INFO     | __main__:convert_model:118 - Skipping layer1.0.downsample.1.weight ...
2021-12-01 23:03:37.742 | INFO     | __main__:convert_model:118 - Skipping layer1.0.downsample.1.bias ...
2021-12-01 23:03:37.742 | INFO     | __main__:convert_model:132 - Converting layer1.1.conv1.weight ...
2021-12-01 23:03:38.087 | INFO     | __main__:convert_model:118 - Skipping layer1.1.bn1.weight ...
2021-12-01 23:03:38.087 | INFO     | __main__:convert_model:118 - Skipping layer1.1.bn1.bias ...
2021-12-01 23:03:38.087 | INFO     | __main__:convert_model:132 - Converting layer1.1.conv2.weight ...
2021-12-01 23:03:38.857 | INFO     | __main__:convert_model:118 - Skipping layer1.1.bn2.weight ...
2021-12-01 23:03:38.857 | INFO     | __main__:convert_model:118 - Skipping layer1.1.bn2.bias ...
2021-12-01 23:03:38.857 | INFO     | __main__:convert_model:132 - Converting layer1.1.conv3.weight ...
2021-12-01 23:03:39.198 | INFO     | __main__:convert_model:118 - Skipping layer1.1.bn3.weight ...
2021-12-01 23:03:39.198 | INFO     | __main__:convert_model:118 - Skipping layer1.1.bn3.bias ...
2021-12-01 23:03:39.198 | INFO     | __main__:convert_model:132 - Converting layer1.2.conv1.weight ...
2021-12-01 23:03:39.538 | INFO     | __main__:convert_model:118 - Skipping layer1.2.bn1.weight ...
2021-12-01 23:03:39.538 | INFO     | __main__:convert_model:118 - Skipping layer1.2.bn1.bias ...
2021-12-01 23:03:39.538 | INFO     | __main__:convert_model:132 - Converting layer1.2.conv2.weight ...
2021-12-01 23:03:40.302 | INFO     | __main__:convert_model:118 - Skipping layer1.2.bn2.weight ...
2021-12-01 23:03:40.302 | INFO     | __main__:convert_model:118 - Skipping layer1.2.bn2.bias ...
2021-12-01 23:03:40.302 | INFO     | __main__:convert_model:132 - Converting layer1.2.conv3.weight ...
2021-12-01 23:03:40.642 | INFO     | __main__:convert_model:118 - Skipping layer1.2.bn3.weight ...
2021-12-01 23:03:40.642 | INFO     | __main__:convert_model:118 - Skipping layer1.2.bn3.bias ...
2021-12-01 23:03:40.643 | INFO     | __main__:convert_model:132 - Converting layer2.0.conv1.weight ...
2021-12-01 23:03:41.323 | INFO     | __main__:convert_model:118 - Skipping layer2.0.bn1.weight ...
2021-12-01 23:03:41.323 | INFO     | __main__:convert_model:118 - Skipping layer2.0.bn1.bias ...
2021-12-01 23:03:41.323 | INFO     | __main__:convert_model:132 - Converting layer2.0.conv2.weight ...
2021-12-01 23:03:44.417 | INFO     | __main__:convert_model:118 - Skipping layer2.0.bn2.weight ...
2021-12-01 23:03:44.417 | INFO     | __main__:convert_model:118 - Skipping layer2.0.bn2.bias ...
2021-12-01 23:03:44.417 | INFO     | __main__:convert_model:132 - Converting layer2.0.conv3.weight ...
2021-12-01 23:03:45.791 | INFO     | __main__:convert_model:118 - Skipping layer2.0.bn3.weight ...
2021-12-01 23:03:45.791 | INFO     | __main__:convert_model:118 - Skipping layer2.0.bn3.bias ...
2021-12-01 23:03:45.791 | INFO     | __main__:convert_model:118 - Skipping layer2.0.downsample.0.weight ...
2021-12-01 23:03:45.792 | INFO     | __main__:convert_model:118 - Skipping layer2.0.downsample.1.weight ...
2021-12-01 23:03:45.792 | INFO     | __main__:convert_model:118 - Skipping layer2.0.downsample.1.bias ...
2021-12-01 23:03:45.792 | INFO     | __main__:convert_model:132 - Converting layer2.1.conv1.weight ...
2021-12-01 23:03:47.165 | INFO     | __main__:convert_model:118 - Skipping layer2.1.bn1.weight ...
2021-12-01 23:03:47.165 | INFO     | __main__:convert_model:118 - Skipping layer2.1.bn1.bias ...
2021-12-01 23:03:47.165 | INFO     | __main__:convert_model:132 - Converting layer2.1.conv2.weight ...
2021-12-01 23:03:50.232 | INFO     | __main__:convert_model:118 - Skipping layer2.1.bn2.weight ...
2021-12-01 23:03:50.232 | INFO     | __main__:convert_model:118 - Skipping layer2.1.bn2.bias ...
2021-12-01 23:03:50.233 | INFO     | __main__:convert_model:132 - Converting layer2.1.conv3.weight ...
2021-12-01 23:03:51.584 | INFO     | __main__:convert_model:118 - Skipping layer2.1.bn3.weight ...
2021-12-01 23:03:51.584 | INFO     | __main__:convert_model:118 - Skipping layer2.1.bn3.bias ...
2021-12-01 23:03:51.584 | INFO     | __main__:convert_model:132 - Converting layer2.2.conv1.weight ...
2021-12-01 23:03:52.929 | INFO     | __main__:convert_model:118 - Skipping layer2.2.bn1.weight ...
2021-12-01 23:03:52.929 | INFO     | __main__:convert_model:118 - Skipping layer2.2.bn1.bias ...
2021-12-01 23:03:52.929 | INFO     | __main__:convert_model:132 - Converting layer2.2.conv2.weight ...
2021-12-01 23:03:55.950 | INFO     | __main__:convert_model:118 - Skipping layer2.2.bn2.weight ...
2021-12-01 23:03:55.950 | INFO     | __main__:convert_model:118 - Skipping layer2.2.bn2.bias ...
2021-12-01 23:03:55.950 | INFO     | __main__:convert_model:132 - Converting layer2.2.conv3.weight ...
2021-12-01 23:03:57.308 | INFO     | __main__:convert_model:118 - Skipping layer2.2.bn3.weight ...
2021-12-01 23:03:57.309 | INFO     | __main__:convert_model:118 - Skipping layer2.2.bn3.bias ...
2021-12-01 23:03:57.309 | INFO     | __main__:convert_model:132 - Converting layer2.3.conv1.weight ...
2021-12-01 23:03:58.661 | INFO     | __main__:convert_model:118 - Skipping layer2.3.bn1.weight ...
2021-12-01 23:03:58.661 | INFO     | __main__:convert_model:118 - Skipping layer2.3.bn1.bias ...
2021-12-01 23:03:58.661 | INFO     | __main__:convert_model:132 - Converting layer2.3.conv2.weight ...
2021-12-01 23:04:02.020 | INFO     | __main__:convert_model:118 - Skipping layer2.3.bn2.weight ...
2021-12-01 23:04:02.020 | INFO     | __main__:convert_model:118 - Skipping layer2.3.bn2.bias ...
2021-12-01 23:04:02.020 | INFO     | __main__:convert_model:132 - Converting layer2.3.conv3.weight ...
2021-12-01 23:04:03.366 | INFO     | __main__:convert_model:118 - Skipping layer2.3.bn3.weight ...
2021-12-01 23:04:03.367 | INFO     | __main__:convert_model:118 - Skipping layer2.3.bn3.bias ...
2021-12-01 23:04:03.367 | INFO     | __main__:convert_model:132 - Converting layer3.0.conv1.weight ...
2021-12-01 23:04:06.066 | INFO     | __main__:convert_model:118 - Skipping layer3.0.bn1.weight ...
2021-12-01 23:04:06.067 | INFO     | __main__:convert_model:118 - Skipping layer3.0.bn1.bias ...
2021-12-01 23:04:06.067 | INFO     | __main__:convert_model:132 - Converting layer3.0.conv2.weight ...
2021-12-01 23:04:18.527 | INFO     | __main__:convert_model:118 - Skipping layer3.0.bn2.weight ...
2021-12-01 23:04:18.527 | INFO     | __main__:convert_model:118 - Skipping layer3.0.bn2.bias ...
2021-12-01 23:04:18.528 | INFO     | __main__:convert_model:132 - Converting layer3.0.conv3.weight ...
2021-12-01 23:04:23.907 | INFO     | __main__:convert_model:118 - Skipping layer3.0.bn3.weight ...
2021-12-01 23:04:23.907 | INFO     | __main__:convert_model:118 - Skipping layer3.0.bn3.bias ...
2021-12-01 23:04:23.908 | INFO     | __main__:convert_model:118 - Skipping layer3.0.downsample.0.weight ...
2021-12-01 23:04:23.908 | INFO     | __main__:convert_model:118 - Skipping layer3.0.downsample.1.weight ...
2021-12-01 23:04:23.908 | INFO     | __main__:convert_model:118 - Skipping layer3.0.downsample.1.bias ...
2021-12-01 23:04:23.908 | INFO     | __main__:convert_model:132 - Converting layer3.1.conv1.weight ...
2021-12-01 23:04:29.293 | INFO     | __main__:convert_model:118 - Skipping layer3.1.bn1.weight ...
2021-12-01 23:04:29.293 | INFO     | __main__:convert_model:118 - Skipping layer3.1.bn1.bias ...
2021-12-01 23:04:29.293 | INFO     | __main__:convert_model:132 - Converting layer3.1.conv2.weight ...
2021-12-01 23:04:41.765 | INFO     | __main__:convert_model:118 - Skipping layer3.1.bn2.weight ...
2021-12-01 23:04:41.766 | INFO     | __main__:convert_model:118 - Skipping layer3.1.bn2.bias ...
2021-12-01 23:04:41.766 | INFO     | __main__:convert_model:132 - Converting layer3.1.conv3.weight ...
2021-12-01 23:04:47.150 | INFO     | __main__:convert_model:118 - Skipping layer3.1.bn3.weight ...
2021-12-01 23:04:47.150 | INFO     | __main__:convert_model:118 - Skipping layer3.1.bn3.bias ...
2021-12-01 23:04:47.150 | INFO     | __main__:convert_model:132 - Converting layer3.2.conv1.weight ...
2021-12-01 23:04:52.540 | INFO     | __main__:convert_model:118 - Skipping layer3.2.bn1.weight ...
2021-12-01 23:04:52.540 | INFO     | __main__:convert_model:118 - Skipping layer3.2.bn1.bias ...
2021-12-01 23:04:52.540 | INFO     | __main__:convert_model:132 - Converting layer3.2.conv2.weight ...
2021-12-01 23:05:05.039 | INFO     | __main__:convert_model:118 - Skipping layer3.2.bn2.weight ...
2021-12-01 23:05:05.039 | INFO     | __main__:convert_model:118 - Skipping layer3.2.bn2.bias ...
2021-12-01 23:05:05.039 | INFO     | __main__:convert_model:132 - Converting layer3.2.conv3.weight ...
2021-12-01 23:05:10.436 | INFO     | __main__:convert_model:118 - Skipping layer3.2.bn3.weight ...
2021-12-01 23:05:10.436 | INFO     | __main__:convert_model:118 - Skipping layer3.2.bn3.bias ...
2021-12-01 23:05:10.436 | INFO     | __main__:convert_model:132 - Converting layer3.3.conv1.weight ...
2021-12-01 23:05:16.215 | INFO     | __main__:convert_model:118 - Skipping layer3.3.bn1.weight ...
2021-12-01 23:05:16.215 | INFO     | __main__:convert_model:118 - Skipping layer3.3.bn1.bias ...
2021-12-01 23:05:16.215 | INFO     | __main__:convert_model:132 - Converting layer3.3.conv2.weight ...
2021-12-01 23:05:28.692 | INFO     | __main__:convert_model:118 - Skipping layer3.3.bn2.weight ...
2021-12-01 23:05:28.692 | INFO     | __main__:convert_model:118 - Skipping layer3.3.bn2.bias ...
2021-12-01 23:05:28.692 | INFO     | __main__:convert_model:132 - Converting layer3.3.conv3.weight ...
2021-12-01 23:05:34.069 | INFO     | __main__:convert_model:118 - Skipping layer3.3.bn3.weight ...
2021-12-01 23:05:34.069 | INFO     | __main__:convert_model:118 - Skipping layer3.3.bn3.bias ...
2021-12-01 23:05:34.070 | INFO     | __main__:convert_model:132 - Converting layer3.4.conv1.weight ...
2021-12-01 23:05:39.857 | INFO     | __main__:convert_model:118 - Skipping layer3.4.bn1.weight ...
2021-12-01 23:05:39.857 | INFO     | __main__:convert_model:118 - Skipping layer3.4.bn1.bias ...
2021-12-01 23:05:39.857 | INFO     | __main__:convert_model:132 - Converting layer3.4.conv2.weight ...
2021-12-01 23:05:52.342 | INFO     | __main__:convert_model:118 - Skipping layer3.4.bn2.weight ...
2021-12-01 23:05:52.343 | INFO     | __main__:convert_model:118 - Skipping layer3.4.bn2.bias ...
2021-12-01 23:05:52.343 | INFO     | __main__:convert_model:132 - Converting layer3.4.conv3.weight ...
2021-12-01 23:05:57.741 | INFO     | __main__:convert_model:118 - Skipping layer3.4.bn3.weight ...
2021-12-01 23:05:57.741 | INFO     | __main__:convert_model:118 - Skipping layer3.4.bn3.bias ...
2021-12-01 23:05:57.742 | INFO     | __main__:convert_model:132 - Converting layer3.5.conv1.weight ...
2021-12-01 23:06:03.519 | INFO     | __main__:convert_model:118 - Skipping layer3.5.bn1.weight ...
2021-12-01 23:06:03.520 | INFO     | __main__:convert_model:118 - Skipping layer3.5.bn1.bias ...
2021-12-01 23:06:03.520 | INFO     | __main__:convert_model:132 - Converting layer3.5.conv2.weight ...
2021-12-01 23:06:16.007 | INFO     | __main__:convert_model:118 - Skipping layer3.5.bn2.weight ...
2021-12-01 23:06:16.008 | INFO     | __main__:convert_model:118 - Skipping layer3.5.bn2.bias ...
2021-12-01 23:06:16.008 | INFO     | __main__:convert_model:132 - Converting layer3.5.conv3.weight ...
2021-12-01 23:06:21.389 | INFO     | __main__:convert_model:118 - Skipping layer3.5.bn3.weight ...
2021-12-01 23:06:21.389 | INFO     | __main__:convert_model:118 - Skipping layer3.5.bn3.bias ...
2021-12-01 23:06:21.390 | INFO     | __main__:convert_model:132 - Converting layer4.0.conv1.weight ...
2021-12-01 23:06:32.540 | INFO     | __main__:convert_model:118 - Skipping layer4.0.bn1.weight ...
2021-12-01 23:06:32.541 | INFO     | __main__:convert_model:118 - Skipping layer4.0.bn1.bias ...
2021-12-01 23:06:32.541 | INFO     | __main__:convert_model:132 - Converting layer4.0.conv2.weight ...
2021-12-01 23:07:22.017 | INFO     | __main__:convert_model:118 - Skipping layer4.0.bn2.weight ...
2021-12-01 23:07:22.017 | INFO     | __main__:convert_model:118 - Skipping layer4.0.bn2.bias ...
2021-12-01 23:07:22.017 | INFO     | __main__:convert_model:132 - Converting layer4.0.conv3.weight ...
2021-12-01 23:07:44.291 | INFO     | __main__:convert_model:118 - Skipping layer4.0.bn3.weight ...
2021-12-01 23:07:44.291 | INFO     | __main__:convert_model:118 - Skipping layer4.0.bn3.bias ...
2021-12-01 23:07:44.291 | INFO     | __main__:convert_model:118 - Skipping layer4.0.downsample.0.weight ...
2021-12-01 23:07:44.292 | INFO     | __main__:convert_model:118 - Skipping layer4.0.downsample.1.weight ...
2021-12-01 23:07:44.292 | INFO     | __main__:convert_model:118 - Skipping layer4.0.downsample.1.bias ...
2021-12-01 23:07:44.292 | INFO     | __main__:convert_model:132 - Converting layer4.1.conv1.weight ...
2021-12-01 23:08:06.231 | INFO     | __main__:convert_model:118 - Skipping layer4.1.bn1.weight ...
2021-12-01 23:08:06.231 | INFO     | __main__:convert_model:118 - Skipping layer4.1.bn1.bias ...
2021-12-01 23:08:06.231 | INFO     | __main__:convert_model:132 - Converting layer4.1.conv2.weight ...
2021-12-01 23:08:55.943 | INFO     | __main__:convert_model:118 - Skipping layer4.1.bn2.weight ...
2021-12-01 23:08:55.944 | INFO     | __main__:convert_model:118 - Skipping layer4.1.bn2.bias ...
2021-12-01 23:08:55.944 | INFO     | __main__:convert_model:132 - Converting layer4.1.conv3.weight ...
2021-12-01 23:09:17.859 | INFO     | __main__:convert_model:118 - Skipping layer4.1.bn3.weight ...
2021-12-01 23:09:17.859 | INFO     | __main__:convert_model:118 - Skipping layer4.1.bn3.bias ...
2021-12-01 23:09:17.859 | INFO     | __main__:convert_model:132 - Converting layer4.2.conv1.weight ...
2021-12-01 23:09:39.921 | INFO     | __main__:convert_model:118 - Skipping layer4.2.bn1.weight ...
2021-12-01 23:09:39.921 | INFO     | __main__:convert_model:118 - Skipping layer4.2.bn1.bias ...
2021-12-01 23:09:39.921 | INFO     | __main__:convert_model:132 - Converting layer4.2.conv2.weight ...
2021-12-01 23:10:29.761 | INFO     | __main__:convert_model:118 - Skipping layer4.2.bn2.weight ...
2021-12-01 23:10:29.761 | INFO     | __main__:convert_model:118 - Skipping layer4.2.bn2.bias ...
2021-12-01 23:10:29.761 | INFO     | __main__:convert_model:132 - Converting layer4.2.conv3.weight ...
2021-12-01 23:10:52.106 | INFO     | __main__:convert_model:118 - Skipping layer4.2.bn3.weight ...
2021-12-01 23:10:52.106 | INFO     | __main__:convert_model:118 - Skipping layer4.2.bn3.bias ...
2021-12-01 23:10:52.106 | INFO     | __main__:convert_model:132 - Converting fc.weight ...
2021-12-01 23:10:52.528 | INFO     | __main__:convert_model:132 - Converting fc.bias ...
2021-12-01 23:10:52.565 | INFO     | __main__:main_worker:247 - Train Dir: data/imagenette2/train | Val Dir: data/imagenette2/val
2021-12-01 23:10:52.597 | INFO     | __main__:main_worker:272 - args.evaluate=True: Doing evaluation once, and exit
2021-12-01 23:10:53.526 | INFO     | __main__:display:449 - Test: [  0/123]	Time  0.929 ( 0.929)	Loss 3.6460e-01 (3.6460e-01)	Acc@1  87.50 ( 87.50)	Acc@5  93.75 ( 93.75)
2021-12-01 23:10:54.029 | INFO     | __main__:display:449 - Test: [ 10/123]	Time  0.161 ( 0.130)	Loss 7.7510e-01 (3.9034e-01)	Acc@1  84.38 ( 87.50)	Acc@5  96.88 ( 97.73)
2021-12-01 23:10:54.455 | INFO     | __main__:display:449 - Test: [ 20/123]	Time  0.038 ( 0.088)	Loss 4.9793e-01 (4.0312e-01)	Acc@1  81.25 ( 86.90)	Acc@5 100.00 ( 98.51)
2021-12-01 23:10:54.853 | INFO     | __main__:display:449 - Test: [ 30/123]	Time  0.042 ( 0.073)	Loss 6.1503e-01 (4.1739e-01)	Acc@1  87.50 ( 86.59)	Acc@5  96.88 ( 98.39)
2021-12-01 23:10:55.233 | INFO     | __main__:display:449 - Test: [ 40/123]	Time  0.038 ( 0.064)	Loss 9.5684e-01 (4.6150e-01)	Acc@1  65.62 ( 85.29)	Acc@5 100.00 ( 98.55)
2021-12-01 23:10:55.640 | INFO     | __main__:display:449 - Test: [ 50/123]	Time  0.048 ( 0.060)	Loss 3.6824e-01 (4.8302e-01)	Acc@1  90.62 ( 84.50)	Acc@5  96.88 ( 98.59)
2021-12-01 23:10:56.171 | INFO     | __main__:display:449 - Test: [ 60/123]	Time  0.037 ( 0.059)	Loss 5.9341e-01 (4.4153e-01)	Acc@1  84.38 ( 85.96)	Acc@5  96.88 ( 98.62)
2021-12-01 23:10:56.682 | INFO     | __main__:display:449 - Test: [ 70/123]	Time  0.103 ( 0.058)	Loss 4.0815e-01 (4.7457e-01)	Acc@1  90.62 ( 84.95)	Acc@5 100.00 ( 98.64)
2021-12-01 23:10:57.228 | INFO     | __main__:display:449 - Test: [ 80/123]	Time  0.038 ( 0.057)	Loss 9.3431e-01 (4.7858e-01)	Acc@1  75.00 ( 84.76)	Acc@5  96.88 ( 98.69)
2021-12-01 23:10:57.681 | INFO     | __main__:display:449 - Test: [ 90/123]	Time  0.071 ( 0.056)	Loss 3.0885e-01 (4.9050e-01)	Acc@1  90.62 ( 84.34)	Acc@5 100.00 ( 98.70)
2021-12-01 23:10:58.176 | INFO     | __main__:display:449 - Test: [100/123]	Time  0.043 ( 0.055)	Loss 3.9198e-01 (5.1235e-01)	Acc@1  81.25 ( 83.42)	Acc@5 100.00 ( 98.70)
2021-12-01 23:10:58.564 | INFO     | __main__:display:449 - Test: [110/123]	Time  0.038 ( 0.054)	Loss 3.0542e-01 (5.0356e-01)	Acc@1  90.62 ( 83.59)	Acc@5 100.00 ( 98.76)
2021-12-01 23:10:59.091 | INFO     | __main__:display:449 - Test: [120/123]	Time  0.041 ( 0.054)	Loss 4.5072e-01 (4.9543e-01)	Acc@1  87.50 ( 83.96)	Acc@5  96.88 ( 98.71)
2021-12-01 23:10:59.400 | INFO     | __main__:display_summary:454 -  *   Acc@1 83.924 Acc@5 98.650
