2021-12-01 22:11:48.162 | INFO     | __main__:main:152 - Log into log/resnet50/zero_mantissa_to_closest_exponent/group_size:512/2021-12-01-22:11:48.log
2021-12-01 22:11:48.163 | WARNING  | __main__:main:165 - You have chosen a specific GPU. This will completely disable data parallelism.
2021-12-01 22:11:48.163 | INFO     | __main__:main_worker:175 - Use GPU: 0 for training
2021-12-01 22:11:48.163 | INFO     | __main__:main_worker:179 - Using pre-trained model 'resnet50'
2021-12-01 22:11:48.543 | WARNING  | __main__:main_worker:186 - Replacing model's last FC layer by torch.nn.Linear(2048, 10)
2021-12-01 22:11:48.544 | INFO     | __main__:main_worker:188 - 
ResNet(
  (conv1): Conv2d(3, 64, kernel_size=(7, 7), stride=(2, 2), padding=(3, 3), bias=False)
  (bn1): BatchNorm2d(64, eps=1e-05, momentum=0.1, affine=True, track_running_stats=True)
  (relu): ReLU(inplace=True)
  (maxpool): MaxPool2d(kernel_size=3, stride=2, padding=1, dilation=1, ceil_mode=False)
  (layer1): Sequential(
    (0): Bottleneck(
      (conv1): Conv2d(64, 64, kernel_size=(1, 1), stride=(1, 1), bias=False)
      (bn1): BatchNorm2d(64, eps=1e-05, momentum=0.1, affine=True, track_running_stats=True)
      (conv2): Conv2d(64, 64, kernel_size=(3, 3), stride=(1, 1), padding=(1, 1), bias=False)
      (bn2): BatchNorm2d(64, eps=1e-05, momentum=0.1, affine=True, track_running_stats=True)
      (conv3): Conv2d(64, 256, kernel_size=(1, 1), stride=(1, 1), bias=False)
      (bn3): BatchNorm2d(256, eps=1e-05, momentum=0.1, affine=True, track_running_stats=True)
      (relu): ReLU(inplace=True)
      (downsample): Sequential(
        (0): Conv2d(64, 256, kernel_size=(1, 1), stride=(1, 1), bias=False)
        (1): BatchNorm2d(256, eps=1e-05, momentum=0.1, affine=True, track_running_stats=True)
      )
    )
    (1): Bottleneck(
      (conv1): Conv2d(256, 64, kernel_size=(1, 1), stride=(1, 1), bias=False)
      (bn1): BatchNorm2d(64, eps=1e-05, momentum=0.1, affine=True, track_running_stats=True)
      (conv2): Conv2d(64, 64, kernel_size=(3, 3), stride=(1, 1), padding=(1, 1), bias=False)
      (bn2): BatchNorm2d(64, eps=1e-05, momentum=0.1, affine=True, track_running_stats=True)
      (conv3): Conv2d(64, 256, kernel_size=(1, 1), stride=(1, 1), bias=False)
      (bn3): BatchNorm2d(256, eps=1e-05, momentum=0.1, affine=True, track_running_stats=True)
      (relu): ReLU(inplace=True)
    )
    (2): Bottleneck(
      (conv1): Conv2d(256, 64, kernel_size=(1, 1), stride=(1, 1), bias=False)
      (bn1): BatchNorm2d(64, eps=1e-05, momentum=0.1, affine=True, track_running_stats=True)
      (conv2): Conv2d(64, 64, kernel_size=(3, 3), stride=(1, 1), padding=(1, 1), bias=False)
      (bn2): BatchNorm2d(64, eps=1e-05, momentum=0.1, affine=True, track_running_stats=True)
      (conv3): Conv2d(64, 256, kernel_size=(1, 1), stride=(1, 1), bias=False)
      (bn3): BatchNorm2d(256, eps=1e-05, momentum=0.1, affine=True, track_running_stats=True)
      (relu): ReLU(inplace=True)
    )
  )
  (layer2): Sequential(
    (0): Bottleneck(
      (conv1): Conv2d(256, 128, kernel_size=(1, 1), stride=(1, 1), bias=False)
      (bn1): BatchNorm2d(128, eps=1e-05, momentum=0.1, affine=True, track_running_stats=True)
      (conv2): Conv2d(128, 128, kernel_size=(3, 3), stride=(2, 2), padding=(1, 1), bias=False)
      (bn2): BatchNorm2d(128, eps=1e-05, momentum=0.1, affine=True, track_running_stats=True)
      (conv3): Conv2d(128, 512, kernel_size=(1, 1), stride=(1, 1), bias=False)
      (bn3): BatchNorm2d(512, eps=1e-05, momentum=0.1, affine=True, track_running_stats=True)
      (relu): ReLU(inplace=True)
      (downsample): Sequential(
        (0): Conv2d(256, 512, kernel_size=(1, 1), stride=(2, 2), bias=False)
        (1): BatchNorm2d(512, eps=1e-05, momentum=0.1, affine=True, track_running_stats=True)
      )
    )
    (1): Bottleneck(
      (conv1): Conv2d(512, 128, kernel_size=(1, 1), stride=(1, 1), bias=False)
      (bn1): BatchNorm2d(128, eps=1e-05, momentum=0.1, affine=True, track_running_stats=True)
      (conv2): Conv2d(128, 128, kernel_size=(3, 3), stride=(1, 1), padding=(1, 1), bias=False)
      (bn2): BatchNorm2d(128, eps=1e-05, momentum=0.1, affine=True, track_running_stats=True)
      (conv3): Conv2d(128, 512, kernel_size=(1, 1), stride=(1, 1), bias=False)
      (bn3): BatchNorm2d(512, eps=1e-05, momentum=0.1, affine=True, track_running_stats=True)
      (relu): ReLU(inplace=True)
    )
    (2): Bottleneck(
      (conv1): Conv2d(512, 128, kernel_size=(1, 1), stride=(1, 1), bias=False)
      (bn1): BatchNorm2d(128, eps=1e-05, momentum=0.1, affine=True, track_running_stats=True)
      (conv2): Conv2d(128, 128, kernel_size=(3, 3), stride=(1, 1), padding=(1, 1), bias=False)
      (bn2): BatchNorm2d(128, eps=1e-05, momentum=0.1, affine=True, track_running_stats=True)
      (conv3): Conv2d(128, 512, kernel_size=(1, 1), stride=(1, 1), bias=False)
      (bn3): BatchNorm2d(512, eps=1e-05, momentum=0.1, affine=True, track_running_stats=True)
      (relu): ReLU(inplace=True)
    )
    (3): Bottleneck(
      (conv1): Conv2d(512, 128, kernel_size=(1, 1), stride=(1, 1), bias=False)
      (bn1): BatchNorm2d(128, eps=1e-05, momentum=0.1, affine=True, track_running_stats=True)
      (conv2): Conv2d(128, 128, kernel_size=(3, 3), stride=(1, 1), padding=(1, 1), bias=False)
      (bn2): BatchNorm2d(128, eps=1e-05, momentum=0.1, affine=True, track_running_stats=True)
      (conv3): Conv2d(128, 512, kernel_size=(1, 1), stride=(1, 1), bias=False)
      (bn3): BatchNorm2d(512, eps=1e-05, momentum=0.1, affine=True, track_running_stats=True)
      (relu): ReLU(inplace=True)
    )
  )
  (layer3): Sequential(
    (0): Bottleneck(
      (conv1): Conv2d(512, 256, kernel_size=(1, 1), stride=(1, 1), bias=False)
      (bn1): BatchNorm2d(256, eps=1e-05, momentum=0.1, affine=True, track_running_stats=True)
      (conv2): Conv2d(256, 256, kernel_size=(3, 3), stride=(2, 2), padding=(1, 1), bias=False)
      (bn2): BatchNorm2d(256, eps=1e-05, momentum=0.1, affine=True, track_running_stats=True)
      (conv3): Conv2d(256, 1024, kernel_size=(1, 1), stride=(1, 1), bias=False)
      (bn3): BatchNorm2d(1024, eps=1e-05, momentum=0.1, affine=True, track_running_stats=True)
      (relu): ReLU(inplace=True)
      (downsample): Sequential(
        (0): Conv2d(512, 1024, kernel_size=(1, 1), stride=(2, 2), bias=False)
        (1): BatchNorm2d(1024, eps=1e-05, momentum=0.1, affine=True, track_running_stats=True)
      )
    )
    (1): Bottleneck(
      (conv1): Conv2d(1024, 256, kernel_size=(1, 1), stride=(1, 1), bias=False)
      (bn1): BatchNorm2d(256, eps=1e-05, momentum=0.1, affine=True, track_running_stats=True)
      (conv2): Conv2d(256, 256, kernel_size=(3, 3), stride=(1, 1), padding=(1, 1), bias=False)
      (bn2): BatchNorm2d(256, eps=1e-05, momentum=0.1, affine=True, track_running_stats=True)
      (conv3): Conv2d(256, 1024, kernel_size=(1, 1), stride=(1, 1), bias=False)
      (bn3): BatchNorm2d(1024, eps=1e-05, momentum=0.1, affine=True, track_running_stats=True)
      (relu): ReLU(inplace=True)
    )
    (2): Bottleneck(
      (conv1): Conv2d(1024, 256, kernel_size=(1, 1), stride=(1, 1), bias=False)
      (bn1): BatchNorm2d(256, eps=1e-05, momentum=0.1, affine=True, track_running_stats=True)
      (conv2): Conv2d(256, 256, kernel_size=(3, 3), stride=(1, 1), padding=(1, 1), bias=False)
      (bn2): BatchNorm2d(256, eps=1e-05, momentum=0.1, affine=True, track_running_stats=True)
      (conv3): Conv2d(256, 1024, kernel_size=(1, 1), stride=(1, 1), bias=False)
      (bn3): BatchNorm2d(1024, eps=1e-05, momentum=0.1, affine=True, track_running_stats=True)
      (relu): ReLU(inplace=True)
    )
    (3): Bottleneck(
      (conv1): Conv2d(1024, 256, kernel_size=(1, 1), stride=(1, 1), bias=False)
      (bn1): BatchNorm2d(256, eps=1e-05, momentum=0.1, affine=True, track_running_stats=True)
      (conv2): Conv2d(256, 256, kernel_size=(3, 3), stride=(1, 1), padding=(1, 1), bias=False)
      (bn2): BatchNorm2d(256, eps=1e-05, momentum=0.1, affine=True, track_running_stats=True)
      (conv3): Conv2d(256, 1024, kernel_size=(1, 1), stride=(1, 1), bias=False)
      (bn3): BatchNorm2d(1024, eps=1e-05, momentum=0.1, affine=True, track_running_stats=True)
      (relu): ReLU(inplace=True)
    )
    (4): Bottleneck(
      (conv1): Conv2d(1024, 256, kernel_size=(1, 1), stride=(1, 1), bias=False)
      (bn1): BatchNorm2d(256, eps=1e-05, momentum=0.1, affine=True, track_running_stats=True)
      (conv2): Conv2d(256, 256, kernel_size=(3, 3), stride=(1, 1), padding=(1, 1), bias=False)
      (bn2): BatchNorm2d(256, eps=1e-05, momentum=0.1, affine=True, track_running_stats=True)
      (conv3): Conv2d(256, 1024, kernel_size=(1, 1), stride=(1, 1), bias=False)
      (bn3): BatchNorm2d(1024, eps=1e-05, momentum=0.1, affine=True, track_running_stats=True)
      (relu): ReLU(inplace=True)
    )
    (5): Bottleneck(
      (conv1): Conv2d(1024, 256, kernel_size=(1, 1), stride=(1, 1), bias=False)
      (bn1): BatchNorm2d(256, eps=1e-05, momentum=0.1, affine=True, track_running_stats=True)
      (conv2): Conv2d(256, 256, kernel_size=(3, 3), stride=(1, 1), padding=(1, 1), bias=False)
      (bn2): BatchNorm2d(256, eps=1e-05, momentum=0.1, affine=True, track_running_stats=True)
      (conv3): Conv2d(256, 1024, kernel_size=(1, 1), stride=(1, 1), bias=False)
      (bn3): BatchNorm2d(1024, eps=1e-05, momentum=0.1, affine=True, track_running_stats=True)
      (relu): ReLU(inplace=True)
    )
  )
  (layer4): Sequential(
    (0): Bottleneck(
      (conv1): Conv2d(1024, 512, kernel_size=(1, 1), stride=(1, 1), bias=False)
      (bn1): BatchNorm2d(512, eps=1e-05, momentum=0.1, affine=True, track_running_stats=True)
      (conv2): Conv2d(512, 512, kernel_size=(3, 3), stride=(2, 2), padding=(1, 1), bias=False)
      (bn2): BatchNorm2d(512, eps=1e-05, momentum=0.1, affine=True, track_running_stats=True)
      (conv3): Conv2d(512, 2048, kernel_size=(1, 1), stride=(1, 1), bias=False)
      (bn3): BatchNorm2d(2048, eps=1e-05, momentum=0.1, affine=True, track_running_stats=True)
      (relu): ReLU(inplace=True)
      (downsample): Sequential(
        (0): Conv2d(1024, 2048, kernel_size=(1, 1), stride=(2, 2), bias=False)
        (1): BatchNorm2d(2048, eps=1e-05, momentum=0.1, affine=True, track_running_stats=True)
      )
    )
    (1): Bottleneck(
      (conv1): Conv2d(2048, 512, kernel_size=(1, 1), stride=(1, 1), bias=False)
      (bn1): BatchNorm2d(512, eps=1e-05, momentum=0.1, affine=True, track_running_stats=True)
      (conv2): Conv2d(512, 512, kernel_size=(3, 3), stride=(1, 1), padding=(1, 1), bias=False)
      (bn2): BatchNorm2d(512, eps=1e-05, momentum=0.1, affine=True, track_running_stats=True)
      (conv3): Conv2d(512, 2048, kernel_size=(1, 1), stride=(1, 1), bias=False)
      (bn3): BatchNorm2d(2048, eps=1e-05, momentum=0.1, affine=True, track_running_stats=True)
      (relu): ReLU(inplace=True)
    )
    (2): Bottleneck(
      (conv1): Conv2d(2048, 512, kernel_size=(1, 1), stride=(1, 1), bias=False)
      (bn1): BatchNorm2d(512, eps=1e-05, momentum=0.1, affine=True, track_running_stats=True)
      (conv2): Conv2d(512, 512, kernel_size=(3, 3), stride=(1, 1), padding=(1, 1), bias=False)
      (bn2): BatchNorm2d(512, eps=1e-05, momentum=0.1, affine=True, track_running_stats=True)
      (conv3): Conv2d(512, 2048, kernel_size=(1, 1), stride=(1, 1), bias=False)
      (bn3): BatchNorm2d(2048, eps=1e-05, momentum=0.1, affine=True, track_running_stats=True)
      (relu): ReLU(inplace=True)
    )
  )
  (avgpool): AdaptiveAvgPool2d(output_size=(1, 1))
  (fc): Linear(in_features=2048, out_features=10, bias=True)
)
2021-12-01 22:11:50.440 | INFO     | __main__:main_worker:216 - Loading checkpoint 'model/resnet50/model_best.pth.tar'
2021-12-01 22:11:50.547 | INFO     | __main__:main_worker:230 - Loaded checkpoint 'model/resnet50/model_best.pth.tar' (epoch 91)
2021-12-01 22:11:50.547 | WARNING  | __main__:main_worker:235 - Changing model's weights according to 'zero_mantissa_to_closest_exponent' with group size: 512
2021-12-01 22:11:50.586 | INFO     | __main__:convert_model:132 - Converting conv1.weight ...
2021-12-01 22:11:50.784 | INFO     | __main__:convert_model:118 - Skipping bn1.weight ...
2021-12-01 22:11:50.784 | INFO     | __main__:convert_model:118 - Skipping bn1.bias ...
2021-12-01 22:11:50.784 | INFO     | __main__:convert_model:132 - Converting layer1.0.conv1.weight ...
2021-12-01 22:11:50.869 | INFO     | __main__:convert_model:118 - Skipping layer1.0.bn1.weight ...
2021-12-01 22:11:50.869 | INFO     | __main__:convert_model:118 - Skipping layer1.0.bn1.bias ...
2021-12-01 22:11:50.869 | INFO     | __main__:convert_model:132 - Converting layer1.0.conv2.weight ...
2021-12-01 22:11:51.636 | INFO     | __main__:convert_model:118 - Skipping layer1.0.bn2.weight ...
2021-12-01 22:11:51.636 | INFO     | __main__:convert_model:118 - Skipping layer1.0.bn2.bias ...
2021-12-01 22:11:51.636 | INFO     | __main__:convert_model:132 - Converting layer1.0.conv3.weight ...
2021-12-01 22:11:51.976 | INFO     | __main__:convert_model:118 - Skipping layer1.0.bn3.weight ...
2021-12-01 22:11:51.976 | INFO     | __main__:convert_model:118 - Skipping layer1.0.bn3.bias ...
2021-12-01 22:11:51.976 | INFO     | __main__:convert_model:118 - Skipping layer1.0.downsample.0.weight ...
2021-12-01 22:11:51.977 | INFO     | __main__:convert_model:118 - Skipping layer1.0.downsample.1.weight ...
2021-12-01 22:11:51.977 | INFO     | __main__:convert_model:118 - Skipping layer1.0.downsample.1.bias ...
2021-12-01 22:11:51.977 | INFO     | __main__:convert_model:132 - Converting layer1.1.conv1.weight ...
2021-12-01 22:11:52.314 | INFO     | __main__:convert_model:118 - Skipping layer1.1.bn1.weight ...
2021-12-01 22:11:52.314 | INFO     | __main__:convert_model:118 - Skipping layer1.1.bn1.bias ...
2021-12-01 22:11:52.314 | INFO     | __main__:convert_model:132 - Converting layer1.1.conv2.weight ...
2021-12-01 22:11:53.079 | INFO     | __main__:convert_model:118 - Skipping layer1.1.bn2.weight ...
2021-12-01 22:11:53.080 | INFO     | __main__:convert_model:118 - Skipping layer1.1.bn2.bias ...
2021-12-01 22:11:53.080 | INFO     | __main__:convert_model:132 - Converting layer1.1.conv3.weight ...
2021-12-01 22:11:53.420 | INFO     | __main__:convert_model:118 - Skipping layer1.1.bn3.weight ...
2021-12-01 22:11:53.420 | INFO     | __main__:convert_model:118 - Skipping layer1.1.bn3.bias ...
2021-12-01 22:11:53.421 | INFO     | __main__:convert_model:132 - Converting layer1.2.conv1.weight ...
2021-12-01 22:11:53.757 | INFO     | __main__:convert_model:118 - Skipping layer1.2.bn1.weight ...
2021-12-01 22:11:53.757 | INFO     | __main__:convert_model:118 - Skipping layer1.2.bn1.bias ...
2021-12-01 22:11:53.757 | INFO     | __main__:convert_model:132 - Converting layer1.2.conv2.weight ...
2021-12-01 22:11:54.519 | INFO     | __main__:convert_model:118 - Skipping layer1.2.bn2.weight ...
2021-12-01 22:11:54.519 | INFO     | __main__:convert_model:118 - Skipping layer1.2.bn2.bias ...
2021-12-01 22:11:54.519 | INFO     | __main__:convert_model:132 - Converting layer1.2.conv3.weight ...
2021-12-01 22:11:54.860 | INFO     | __main__:convert_model:118 - Skipping layer1.2.bn3.weight ...
2021-12-01 22:11:54.860 | INFO     | __main__:convert_model:118 - Skipping layer1.2.bn3.bias ...
2021-12-01 22:11:54.860 | INFO     | __main__:convert_model:132 - Converting layer2.0.conv1.weight ...
2021-12-01 22:11:55.536 | INFO     | __main__:convert_model:118 - Skipping layer2.0.bn1.weight ...
2021-12-01 22:11:55.536 | INFO     | __main__:convert_model:118 - Skipping layer2.0.bn1.bias ...
2021-12-01 22:11:55.536 | INFO     | __main__:convert_model:132 - Converting layer2.0.conv2.weight ...
2021-12-01 22:11:58.578 | INFO     | __main__:convert_model:118 - Skipping layer2.0.bn2.weight ...
2021-12-01 22:11:58.578 | INFO     | __main__:convert_model:118 - Skipping layer2.0.bn2.bias ...
2021-12-01 22:11:58.579 | INFO     | __main__:convert_model:132 - Converting layer2.0.conv3.weight ...
2021-12-01 22:11:59.935 | INFO     | __main__:convert_model:118 - Skipping layer2.0.bn3.weight ...
2021-12-01 22:11:59.936 | INFO     | __main__:convert_model:118 - Skipping layer2.0.bn3.bias ...
2021-12-01 22:11:59.936 | INFO     | __main__:convert_model:118 - Skipping layer2.0.downsample.0.weight ...
2021-12-01 22:11:59.936 | INFO     | __main__:convert_model:118 - Skipping layer2.0.downsample.1.weight ...
2021-12-01 22:11:59.936 | INFO     | __main__:convert_model:118 - Skipping layer2.0.downsample.1.bias ...
2021-12-01 22:11:59.936 | INFO     | __main__:convert_model:132 - Converting layer2.1.conv1.weight ...
2021-12-01 22:12:01.296 | INFO     | __main__:convert_model:118 - Skipping layer2.1.bn1.weight ...
2021-12-01 22:12:01.296 | INFO     | __main__:convert_model:118 - Skipping layer2.1.bn1.bias ...
2021-12-01 22:12:01.296 | INFO     | __main__:convert_model:132 - Converting layer2.1.conv2.weight ...
2021-12-01 22:12:04.323 | INFO     | __main__:convert_model:118 - Skipping layer2.1.bn2.weight ...
2021-12-01 22:12:04.324 | INFO     | __main__:convert_model:118 - Skipping layer2.1.bn2.bias ...
2021-12-01 22:12:04.324 | INFO     | __main__:convert_model:132 - Converting layer2.1.conv3.weight ...
2021-12-01 22:12:05.685 | INFO     | __main__:convert_model:118 - Skipping layer2.1.bn3.weight ...
2021-12-01 22:12:05.685 | INFO     | __main__:convert_model:118 - Skipping layer2.1.bn3.bias ...
2021-12-01 22:12:05.686 | INFO     | __main__:convert_model:132 - Converting layer2.2.conv1.weight ...
2021-12-01 22:12:07.050 | INFO     | __main__:convert_model:118 - Skipping layer2.2.bn1.weight ...
2021-12-01 22:12:07.050 | INFO     | __main__:convert_model:118 - Skipping layer2.2.bn1.bias ...
2021-12-01 22:12:07.050 | INFO     | __main__:convert_model:132 - Converting layer2.2.conv2.weight ...
2021-12-01 22:12:10.084 | INFO     | __main__:convert_model:118 - Skipping layer2.2.bn2.weight ...
2021-12-01 22:12:10.085 | INFO     | __main__:convert_model:118 - Skipping layer2.2.bn2.bias ...
2021-12-01 22:12:10.085 | INFO     | __main__:convert_model:132 - Converting layer2.2.conv3.weight ...
2021-12-01 22:12:11.446 | INFO     | __main__:convert_model:118 - Skipping layer2.2.bn3.weight ...
2021-12-01 22:12:11.446 | INFO     | __main__:convert_model:118 - Skipping layer2.2.bn3.bias ...
2021-12-01 22:12:11.447 | INFO     | __main__:convert_model:132 - Converting layer2.3.conv1.weight ...
2021-12-01 22:12:12.915 | INFO     | __main__:convert_model:118 - Skipping layer2.3.bn1.weight ...
2021-12-01 22:12:12.915 | INFO     | __main__:convert_model:118 - Skipping layer2.3.bn1.bias ...
2021-12-01 22:12:12.915 | INFO     | __main__:convert_model:132 - Converting layer2.3.conv2.weight ...
2021-12-01 22:12:15.946 | INFO     | __main__:convert_model:118 - Skipping layer2.3.bn2.weight ...
2021-12-01 22:12:15.946 | INFO     | __main__:convert_model:118 - Skipping layer2.3.bn2.bias ...
2021-12-01 22:12:15.947 | INFO     | __main__:convert_model:132 - Converting layer2.3.conv3.weight ...
2021-12-01 22:12:17.302 | INFO     | __main__:convert_model:118 - Skipping layer2.3.bn3.weight ...
2021-12-01 22:12:17.302 | INFO     | __main__:convert_model:118 - Skipping layer2.3.bn3.bias ...
2021-12-01 22:12:17.303 | INFO     | __main__:convert_model:132 - Converting layer3.0.conv1.weight ...
2021-12-01 22:12:19.996 | INFO     | __main__:convert_model:118 - Skipping layer3.0.bn1.weight ...
2021-12-01 22:12:19.996 | INFO     | __main__:convert_model:118 - Skipping layer3.0.bn1.bias ...
2021-12-01 22:12:19.996 | INFO     | __main__:convert_model:132 - Converting layer3.0.conv2.weight ...
2021-12-01 22:12:32.562 | INFO     | __main__:convert_model:118 - Skipping layer3.0.bn2.weight ...
2021-12-01 22:12:32.562 | INFO     | __main__:convert_model:118 - Skipping layer3.0.bn2.bias ...
2021-12-01 22:12:32.563 | INFO     | __main__:convert_model:132 - Converting layer3.0.conv3.weight ...
2021-12-01 22:12:38.342 | INFO     | __main__:convert_model:118 - Skipping layer3.0.bn3.weight ...
2021-12-01 22:12:38.343 | INFO     | __main__:convert_model:118 - Skipping layer3.0.bn3.bias ...
2021-12-01 22:12:38.343 | INFO     | __main__:convert_model:118 - Skipping layer3.0.downsample.0.weight ...
2021-12-01 22:12:38.343 | INFO     | __main__:convert_model:118 - Skipping layer3.0.downsample.1.weight ...
2021-12-01 22:12:38.343 | INFO     | __main__:convert_model:118 - Skipping layer3.0.downsample.1.bias ...
2021-12-01 22:12:38.343 | INFO     | __main__:convert_model:132 - Converting layer3.1.conv1.weight ...
2021-12-01 22:12:43.726 | INFO     | __main__:convert_model:118 - Skipping layer3.1.bn1.weight ...
2021-12-01 22:12:43.726 | INFO     | __main__:convert_model:118 - Skipping layer3.1.bn1.bias ...
2021-12-01 22:12:43.726 | INFO     | __main__:convert_model:132 - Converting layer3.1.conv2.weight ...
2021-12-01 22:12:56.046 | INFO     | __main__:convert_model:118 - Skipping layer3.1.bn2.weight ...
2021-12-01 22:12:56.047 | INFO     | __main__:convert_model:118 - Skipping layer3.1.bn2.bias ...
2021-12-01 22:12:56.047 | INFO     | __main__:convert_model:132 - Converting layer3.1.conv3.weight ...
2021-12-01 22:13:01.745 | INFO     | __main__:convert_model:118 - Skipping layer3.1.bn3.weight ...
2021-12-01 22:13:01.745 | INFO     | __main__:convert_model:118 - Skipping layer3.1.bn3.bias ...
2021-12-01 22:13:01.746 | INFO     | __main__:convert_model:132 - Converting layer3.2.conv1.weight ...
2021-12-01 22:13:07.127 | INFO     | __main__:convert_model:118 - Skipping layer3.2.bn1.weight ...
2021-12-01 22:13:07.127 | INFO     | __main__:convert_model:118 - Skipping layer3.2.bn1.bias ...
2021-12-01 22:13:07.127 | INFO     | __main__:convert_model:132 - Converting layer3.2.conv2.weight ...
2021-12-01 22:13:19.642 | INFO     | __main__:convert_model:118 - Skipping layer3.2.bn2.weight ...
2021-12-01 22:13:19.642 | INFO     | __main__:convert_model:118 - Skipping layer3.2.bn2.bias ...
2021-12-01 22:13:19.642 | INFO     | __main__:convert_model:132 - Converting layer3.2.conv3.weight ...
2021-12-01 22:13:25.247 | INFO     | __main__:convert_model:118 - Skipping layer3.2.bn3.weight ...
2021-12-01 22:13:25.247 | INFO     | __main__:convert_model:118 - Skipping layer3.2.bn3.bias ...
2021-12-01 22:13:25.247 | INFO     | __main__:convert_model:132 - Converting layer3.3.conv1.weight ...
2021-12-01 22:13:30.647 | INFO     | __main__:convert_model:118 - Skipping layer3.3.bn1.weight ...
2021-12-01 22:13:30.648 | INFO     | __main__:convert_model:118 - Skipping layer3.3.bn1.bias ...
2021-12-01 22:13:30.648 | INFO     | __main__:convert_model:132 - Converting layer3.3.conv2.weight ...
2021-12-01 22:13:42.759 | INFO     | __main__:convert_model:118 - Skipping layer3.3.bn2.weight ...
2021-12-01 22:13:42.759 | INFO     | __main__:convert_model:118 - Skipping layer3.3.bn2.bias ...
2021-12-01 22:13:42.759 | INFO     | __main__:convert_model:132 - Converting layer3.3.conv3.weight ...
2021-12-01 22:13:48.159 | INFO     | __main__:convert_model:118 - Skipping layer3.3.bn3.weight ...
2021-12-01 22:13:48.159 | INFO     | __main__:convert_model:118 - Skipping layer3.3.bn3.bias ...
2021-12-01 22:13:48.159 | INFO     | __main__:convert_model:132 - Converting layer3.4.conv1.weight ...
2021-12-01 22:13:53.586 | INFO     | __main__:convert_model:118 - Skipping layer3.4.bn1.weight ...
2021-12-01 22:13:53.586 | INFO     | __main__:convert_model:118 - Skipping layer3.4.bn1.bias ...
2021-12-01 22:13:53.587 | INFO     | __main__:convert_model:132 - Converting layer3.4.conv2.weight ...
2021-12-01 22:14:06.112 | INFO     | __main__:convert_model:118 - Skipping layer3.4.bn2.weight ...
2021-12-01 22:14:06.112 | INFO     | __main__:convert_model:118 - Skipping layer3.4.bn2.bias ...
2021-12-01 22:14:06.112 | INFO     | __main__:convert_model:132 - Converting layer3.4.conv3.weight ...
2021-12-01 22:14:11.509 | INFO     | __main__:convert_model:118 - Skipping layer3.4.bn3.weight ...
2021-12-01 22:14:11.510 | INFO     | __main__:convert_model:118 - Skipping layer3.4.bn3.bias ...
2021-12-01 22:14:11.510 | INFO     | __main__:convert_model:132 - Converting layer3.5.conv1.weight ...
2021-12-01 22:14:17.106 | INFO     | __main__:convert_model:118 - Skipping layer3.5.bn1.weight ...
2021-12-01 22:14:17.106 | INFO     | __main__:convert_model:118 - Skipping layer3.5.bn1.bias ...
2021-12-01 22:14:17.106 | INFO     | __main__:convert_model:132 - Converting layer3.5.conv2.weight ...
2021-12-01 22:14:29.688 | INFO     | __main__:convert_model:118 - Skipping layer3.5.bn2.weight ...
2021-12-01 22:14:29.689 | INFO     | __main__:convert_model:118 - Skipping layer3.5.bn2.bias ...
2021-12-01 22:14:29.689 | INFO     | __main__:convert_model:132 - Converting layer3.5.conv3.weight ...
2021-12-01 22:14:35.095 | INFO     | __main__:convert_model:118 - Skipping layer3.5.bn3.weight ...
2021-12-01 22:14:35.096 | INFO     | __main__:convert_model:118 - Skipping layer3.5.bn3.bias ...
2021-12-01 22:14:35.096 | INFO     | __main__:convert_model:132 - Converting layer4.0.conv1.weight ...
2021-12-01 22:14:47.207 | INFO     | __main__:convert_model:118 - Skipping layer4.0.bn1.weight ...
2021-12-01 22:14:47.207 | INFO     | __main__:convert_model:118 - Skipping layer4.0.bn1.bias ...
2021-12-01 22:14:47.208 | INFO     | __main__:convert_model:132 - Converting layer4.0.conv2.weight ...
2021-12-01 22:15:39.736 | INFO     | __main__:convert_model:118 - Skipping layer4.0.bn2.weight ...
2021-12-01 22:15:39.736 | INFO     | __main__:convert_model:118 - Skipping layer4.0.bn2.bias ...
2021-12-01 22:15:39.736 | INFO     | __main__:convert_model:132 - Converting layer4.0.conv3.weight ...
2021-12-01 22:16:02.161 | INFO     | __main__:convert_model:118 - Skipping layer4.0.bn3.weight ...
2021-12-01 22:16:02.161 | INFO     | __main__:convert_model:118 - Skipping layer4.0.bn3.bias ...
2021-12-01 22:16:02.161 | INFO     | __main__:convert_model:118 - Skipping layer4.0.downsample.0.weight ...
2021-12-01 22:16:02.161 | INFO     | __main__:convert_model:118 - Skipping layer4.0.downsample.1.weight ...
2021-12-01 22:16:02.162 | INFO     | __main__:convert_model:118 - Skipping layer4.0.downsample.1.bias ...
2021-12-01 22:16:02.162 | INFO     | __main__:convert_model:132 - Converting layer4.1.conv1.weight ...
2021-12-01 22:16:25.772 | INFO     | __main__:convert_model:118 - Skipping layer4.1.bn1.weight ...
2021-12-01 22:16:25.772 | INFO     | __main__:convert_model:118 - Skipping layer4.1.bn1.bias ...
2021-12-01 22:16:25.772 | INFO     | __main__:convert_model:132 - Converting layer4.1.conv2.weight ...
2021-12-01 22:17:16.594 | INFO     | __main__:convert_model:118 - Skipping layer4.1.bn2.weight ...
2021-12-01 22:17:16.594 | INFO     | __main__:convert_model:118 - Skipping layer4.1.bn2.bias ...
2021-12-01 22:17:16.594 | INFO     | __main__:convert_model:132 - Converting layer4.1.conv3.weight ...
2021-12-01 22:17:38.325 | INFO     | __main__:convert_model:118 - Skipping layer4.1.bn3.weight ...
2021-12-01 22:17:38.325 | INFO     | __main__:convert_model:118 - Skipping layer4.1.bn3.bias ...
2021-12-01 22:17:38.325 | INFO     | __main__:convert_model:132 - Converting layer4.2.conv1.weight ...
2021-12-01 22:18:00.090 | INFO     | __main__:convert_model:118 - Skipping layer4.2.bn1.weight ...
2021-12-01 22:18:00.090 | INFO     | __main__:convert_model:118 - Skipping layer4.2.bn1.bias ...
2021-12-01 22:18:00.090 | INFO     | __main__:convert_model:132 - Converting layer4.2.conv2.weight ...
2021-12-01 22:18:48.981 | INFO     | __main__:convert_model:118 - Skipping layer4.2.bn2.weight ...
2021-12-01 22:18:48.981 | INFO     | __main__:convert_model:118 - Skipping layer4.2.bn2.bias ...
2021-12-01 22:18:48.982 | INFO     | __main__:convert_model:132 - Converting layer4.2.conv3.weight ...
2021-12-01 22:19:10.777 | INFO     | __main__:convert_model:118 - Skipping layer4.2.bn3.weight ...
2021-12-01 22:19:10.777 | INFO     | __main__:convert_model:118 - Skipping layer4.2.bn3.bias ...
2021-12-01 22:19:10.778 | INFO     | __main__:convert_model:132 - Converting fc.weight ...
2021-12-01 22:19:11.208 | INFO     | __main__:convert_model:127 - Converting fc.bias with group size: 10. (W.numel()(=10) < 512) ...
2021-12-01 22:19:11.246 | INFO     | __main__:main_worker:247 - Train Dir: data/imagenette2/train | Val Dir: data/imagenette2/val
2021-12-01 22:19:11.277 | INFO     | __main__:main_worker:272 - args.evaluate=True: Doing evaluation once, and exit
2021-12-01 22:19:12.185 | INFO     | __main__:display:449 - Test: [  0/123]	Time  0.906 ( 0.906)	Loss 3.0226e-01 (3.0226e-01)	Acc@1  90.62 ( 90.62)	Acc@5  96.88 ( 96.88)
2021-12-01 22:19:12.668 | INFO     | __main__:display:449 - Test: [ 10/123]	Time  0.143 ( 0.126)	Loss 3.8596e-01 (2.6791e-01)	Acc@1  78.12 ( 90.06)	Acc@5 100.00 ( 99.43)
2021-12-01 22:19:13.081 | INFO     | __main__:display:449 - Test: [ 20/123]	Time  0.038 ( 0.086)	Loss 2.2563e-01 (2.4332e-01)	Acc@1  93.75 ( 91.37)	Acc@5 100.00 ( 99.40)
2021-12-01 22:19:13.468 | INFO     | __main__:display:449 - Test: [ 30/123]	Time  0.038 ( 0.071)	Loss 1.1458e+00 (4.2485e-01)	Acc@1  65.62 ( 87.10)	Acc@5  90.62 ( 97.48)
2021-12-01 22:19:13.843 | INFO     | __main__:display:449 - Test: [ 40/123]	Time  0.037 ( 0.063)	Loss 1.0401e+00 (5.3316e-01)	Acc@1  62.50 ( 83.31)	Acc@5 100.00 ( 97.26)
2021-12-01 22:19:14.240 | INFO     | __main__:display:449 - Test: [ 50/123]	Time  0.038 ( 0.058)	Loss 4.6404e-01 (5.4126e-01)	Acc@1  90.62 ( 82.97)	Acc@5  96.88 ( 97.55)
2021-12-01 22:19:14.722 | INFO     | __main__:display:449 - Test: [ 60/123]	Time  0.042 ( 0.056)	Loss 8.6557e-01 (4.9999e-01)	Acc@1  75.00 ( 84.32)	Acc@5  96.88 ( 97.80)
2021-12-01 22:19:15.196 | INFO     | __main__:display:449 - Test: [ 70/123]	Time  0.085 ( 0.055)	Loss 5.9680e-01 (5.6258e-01)	Acc@1  87.50 ( 82.26)	Acc@5  96.88 ( 97.62)
2021-12-01 22:19:15.731 | INFO     | __main__:display:449 - Test: [ 80/123]	Time  0.041 ( 0.055)	Loss 8.5689e-01 (5.4922e-01)	Acc@1  68.75 ( 82.37)	Acc@5 100.00 ( 97.88)
2021-12-01 22:19:16.198 | INFO     | __main__:display:449 - Test: [ 90/123]	Time  0.037 ( 0.054)	Loss 5.1436e-01 (5.6166e-01)	Acc@1  81.25 ( 81.87)	Acc@5 100.00 ( 97.91)
2021-12-01 22:19:16.789 | INFO     | __main__:display:449 - Test: [100/123]	Time  0.037 ( 0.055)	Loss 4.1621e-01 (5.9585e-01)	Acc@1  78.12 ( 80.69)	Acc@5 100.00 ( 97.71)
2021-12-01 22:19:17.177 | INFO     | __main__:display:449 - Test: [110/123]	Time  0.038 ( 0.053)	Loss 2.8774e-01 (5.8196e-01)	Acc@1  87.50 ( 80.97)	Acc@5 100.00 ( 97.86)
2021-12-01 22:19:17.703 | INFO     | __main__:display:449 - Test: [120/123]	Time  0.041 ( 0.053)	Loss 5.8550e-01 (5.7329e-01)	Acc@1  84.38 ( 81.38)	Acc@5  96.88 ( 97.86)
2021-12-01 22:19:18.013 | INFO     | __main__:display_summary:454 -  *   Acc@1 81.350 Acc@5 97.809
