2021-12-01 22:41:21.239 | INFO     | __main__:main:152 - Log into log/resnet50/zero_mantissa_to_closest_exponent/group_size:32/2021-12-01-22:41:21.log
2021-12-01 22:41:21.239 | WARNING  | __main__:main:165 - You have chosen a specific GPU. This will completely disable data parallelism.
2021-12-01 22:41:21.239 | INFO     | __main__:main_worker:175 - Use GPU: 0 for training
2021-12-01 22:41:21.240 | INFO     | __main__:main_worker:179 - Using pre-trained model 'resnet50'
2021-12-01 22:41:21.619 | WARNING  | __main__:main_worker:186 - Replacing model's last FC layer by torch.nn.Linear(2048, 10)
2021-12-01 22:41:21.620 | INFO     | __main__:main_worker:188 - 
ResNet(
  (conv1): Conv2d(3, 64, kernel_size=(7, 7), stride=(2, 2), padding=(3, 3), bias=False)
  (bn1): BatchNorm2d(64, eps=1e-05, momentum=0.1, affine=True, track_running_stats=True)
  (relu): ReLU(inplace=True)
  (maxpool): MaxPool2d(kernel_size=3, stride=2, padding=1, dilation=1, ceil_mode=False)
  (layer1): Sequential(
    (0): Bottleneck(
      (conv1): Conv2d(64, 64, kernel_size=(1, 1), stride=(1, 1), bias=False)
      (bn1): BatchNorm2d(64, eps=1e-05, momentum=0.1, affine=True, track_running_stats=True)
      (conv2): Conv2d(64, 64, kernel_size=(3, 3), stride=(1, 1), padding=(1, 1), bias=False)
      (bn2): BatchNorm2d(64, eps=1e-05, momentum=0.1, affine=True, track_running_stats=True)
      (conv3): Conv2d(64, 256, kernel_size=(1, 1), stride=(1, 1), bias=False)
      (bn3): BatchNorm2d(256, eps=1e-05, momentum=0.1, affine=True, track_running_stats=True)
      (relu): ReLU(inplace=True)
      (downsample): Sequential(
        (0): Conv2d(64, 256, kernel_size=(1, 1), stride=(1, 1), bias=False)
        (1): BatchNorm2d(256, eps=1e-05, momentum=0.1, affine=True, track_running_stats=True)
      )
    )
    (1): Bottleneck(
      (conv1): Conv2d(256, 64, kernel_size=(1, 1), stride=(1, 1), bias=False)
      (bn1): BatchNorm2d(64, eps=1e-05, momentum=0.1, affine=True, track_running_stats=True)
      (conv2): Conv2d(64, 64, kernel_size=(3, 3), stride=(1, 1), padding=(1, 1), bias=False)
      (bn2): BatchNorm2d(64, eps=1e-05, momentum=0.1, affine=True, track_running_stats=True)
      (conv3): Conv2d(64, 256, kernel_size=(1, 1), stride=(1, 1), bias=False)
      (bn3): BatchNorm2d(256, eps=1e-05, momentum=0.1, affine=True, track_running_stats=True)
      (relu): ReLU(inplace=True)
    )
    (2): Bottleneck(
      (conv1): Conv2d(256, 64, kernel_size=(1, 1), stride=(1, 1), bias=False)
      (bn1): BatchNorm2d(64, eps=1e-05, momentum=0.1, affine=True, track_running_stats=True)
      (conv2): Conv2d(64, 64, kernel_size=(3, 3), stride=(1, 1), padding=(1, 1), bias=False)
      (bn2): BatchNorm2d(64, eps=1e-05, momentum=0.1, affine=True, track_running_stats=True)
      (conv3): Conv2d(64, 256, kernel_size=(1, 1), stride=(1, 1), bias=False)
      (bn3): BatchNorm2d(256, eps=1e-05, momentum=0.1, affine=True, track_running_stats=True)
      (relu): ReLU(inplace=True)
    )
  )
  (layer2): Sequential(
    (0): Bottleneck(
      (conv1): Conv2d(256, 128, kernel_size=(1, 1), stride=(1, 1), bias=False)
      (bn1): BatchNorm2d(128, eps=1e-05, momentum=0.1, affine=True, track_running_stats=True)
      (conv2): Conv2d(128, 128, kernel_size=(3, 3), stride=(2, 2), padding=(1, 1), bias=False)
      (bn2): BatchNorm2d(128, eps=1e-05, momentum=0.1, affine=True, track_running_stats=True)
      (conv3): Conv2d(128, 512, kernel_size=(1, 1), stride=(1, 1), bias=False)
      (bn3): BatchNorm2d(512, eps=1e-05, momentum=0.1, affine=True, track_running_stats=True)
      (relu): ReLU(inplace=True)
      (downsample): Sequential(
        (0): Conv2d(256, 512, kernel_size=(1, 1), stride=(2, 2), bias=False)
        (1): BatchNorm2d(512, eps=1e-05, momentum=0.1, affine=True, track_running_stats=True)
      )
    )
    (1): Bottleneck(
      (conv1): Conv2d(512, 128, kernel_size=(1, 1), stride=(1, 1), bias=False)
      (bn1): BatchNorm2d(128, eps=1e-05, momentum=0.1, affine=True, track_running_stats=True)
      (conv2): Conv2d(128, 128, kernel_size=(3, 3), stride=(1, 1), padding=(1, 1), bias=False)
      (bn2): BatchNorm2d(128, eps=1e-05, momentum=0.1, affine=True, track_running_stats=True)
      (conv3): Conv2d(128, 512, kernel_size=(1, 1), stride=(1, 1), bias=False)
      (bn3): BatchNorm2d(512, eps=1e-05, momentum=0.1, affine=True, track_running_stats=True)
      (relu): ReLU(inplace=True)
    )
    (2): Bottleneck(
      (conv1): Conv2d(512, 128, kernel_size=(1, 1), stride=(1, 1), bias=False)
      (bn1): BatchNorm2d(128, eps=1e-05, momentum=0.1, affine=True, track_running_stats=True)
      (conv2): Conv2d(128, 128, kernel_size=(3, 3), stride=(1, 1), padding=(1, 1), bias=False)
      (bn2): BatchNorm2d(128, eps=1e-05, momentum=0.1, affine=True, track_running_stats=True)
      (conv3): Conv2d(128, 512, kernel_size=(1, 1), stride=(1, 1), bias=False)
      (bn3): BatchNorm2d(512, eps=1e-05, momentum=0.1, affine=True, track_running_stats=True)
      (relu): ReLU(inplace=True)
    )
    (3): Bottleneck(
      (conv1): Conv2d(512, 128, kernel_size=(1, 1), stride=(1, 1), bias=False)
      (bn1): BatchNorm2d(128, eps=1e-05, momentum=0.1, affine=True, track_running_stats=True)
      (conv2): Conv2d(128, 128, kernel_size=(3, 3), stride=(1, 1), padding=(1, 1), bias=False)
      (bn2): BatchNorm2d(128, eps=1e-05, momentum=0.1, affine=True, track_running_stats=True)
      (conv3): Conv2d(128, 512, kernel_size=(1, 1), stride=(1, 1), bias=False)
      (bn3): BatchNorm2d(512, eps=1e-05, momentum=0.1, affine=True, track_running_stats=True)
      (relu): ReLU(inplace=True)
    )
  )
  (layer3): Sequential(
    (0): Bottleneck(
      (conv1): Conv2d(512, 256, kernel_size=(1, 1), stride=(1, 1), bias=False)
      (bn1): BatchNorm2d(256, eps=1e-05, momentum=0.1, affine=True, track_running_stats=True)
      (conv2): Conv2d(256, 256, kernel_size=(3, 3), stride=(2, 2), padding=(1, 1), bias=False)
      (bn2): BatchNorm2d(256, eps=1e-05, momentum=0.1, affine=True, track_running_stats=True)
      (conv3): Conv2d(256, 1024, kernel_size=(1, 1), stride=(1, 1), bias=False)
      (bn3): BatchNorm2d(1024, eps=1e-05, momentum=0.1, affine=True, track_running_stats=True)
      (relu): ReLU(inplace=True)
      (downsample): Sequential(
        (0): Conv2d(512, 1024, kernel_size=(1, 1), stride=(2, 2), bias=False)
        (1): BatchNorm2d(1024, eps=1e-05, momentum=0.1, affine=True, track_running_stats=True)
      )
    )
    (1): Bottleneck(
      (conv1): Conv2d(1024, 256, kernel_size=(1, 1), stride=(1, 1), bias=False)
      (bn1): BatchNorm2d(256, eps=1e-05, momentum=0.1, affine=True, track_running_stats=True)
      (conv2): Conv2d(256, 256, kernel_size=(3, 3), stride=(1, 1), padding=(1, 1), bias=False)
      (bn2): BatchNorm2d(256, eps=1e-05, momentum=0.1, affine=True, track_running_stats=True)
      (conv3): Conv2d(256, 1024, kernel_size=(1, 1), stride=(1, 1), bias=False)
      (bn3): BatchNorm2d(1024, eps=1e-05, momentum=0.1, affine=True, track_running_stats=True)
      (relu): ReLU(inplace=True)
    )
    (2): Bottleneck(
      (conv1): Conv2d(1024, 256, kernel_size=(1, 1), stride=(1, 1), bias=False)
      (bn1): BatchNorm2d(256, eps=1e-05, momentum=0.1, affine=True, track_running_stats=True)
      (conv2): Conv2d(256, 256, kernel_size=(3, 3), stride=(1, 1), padding=(1, 1), bias=False)
      (bn2): BatchNorm2d(256, eps=1e-05, momentum=0.1, affine=True, track_running_stats=True)
      (conv3): Conv2d(256, 1024, kernel_size=(1, 1), stride=(1, 1), bias=False)
      (bn3): BatchNorm2d(1024, eps=1e-05, momentum=0.1, affine=True, track_running_stats=True)
      (relu): ReLU(inplace=True)
    )
    (3): Bottleneck(
      (conv1): Conv2d(1024, 256, kernel_size=(1, 1), stride=(1, 1), bias=False)
      (bn1): BatchNorm2d(256, eps=1e-05, momentum=0.1, affine=True, track_running_stats=True)
      (conv2): Conv2d(256, 256, kernel_size=(3, 3), stride=(1, 1), padding=(1, 1), bias=False)
      (bn2): BatchNorm2d(256, eps=1e-05, momentum=0.1, affine=True, track_running_stats=True)
      (conv3): Conv2d(256, 1024, kernel_size=(1, 1), stride=(1, 1), bias=False)
      (bn3): BatchNorm2d(1024, eps=1e-05, momentum=0.1, affine=True, track_running_stats=True)
      (relu): ReLU(inplace=True)
    )
    (4): Bottleneck(
      (conv1): Conv2d(1024, 256, kernel_size=(1, 1), stride=(1, 1), bias=False)
      (bn1): BatchNorm2d(256, eps=1e-05, momentum=0.1, affine=True, track_running_stats=True)
      (conv2): Conv2d(256, 256, kernel_size=(3, 3), stride=(1, 1), padding=(1, 1), bias=False)
      (bn2): BatchNorm2d(256, eps=1e-05, momentum=0.1, affine=True, track_running_stats=True)
      (conv3): Conv2d(256, 1024, kernel_size=(1, 1), stride=(1, 1), bias=False)
      (bn3): BatchNorm2d(1024, eps=1e-05, momentum=0.1, affine=True, track_running_stats=True)
      (relu): ReLU(inplace=True)
    )
    (5): Bottleneck(
      (conv1): Conv2d(1024, 256, kernel_size=(1, 1), stride=(1, 1), bias=False)
      (bn1): BatchNorm2d(256, eps=1e-05, momentum=0.1, affine=True, track_running_stats=True)
      (conv2): Conv2d(256, 256, kernel_size=(3, 3), stride=(1, 1), padding=(1, 1), bias=False)
      (bn2): BatchNorm2d(256, eps=1e-05, momentum=0.1, affine=True, track_running_stats=True)
      (conv3): Conv2d(256, 1024, kernel_size=(1, 1), stride=(1, 1), bias=False)
      (bn3): BatchNorm2d(1024, eps=1e-05, momentum=0.1, affine=True, track_running_stats=True)
      (relu): ReLU(inplace=True)
    )
  )
  (layer4): Sequential(
    (0): Bottleneck(
      (conv1): Conv2d(1024, 512, kernel_size=(1, 1), stride=(1, 1), bias=False)
      (bn1): BatchNorm2d(512, eps=1e-05, momentum=0.1, affine=True, track_running_stats=True)
      (conv2): Conv2d(512, 512, kernel_size=(3, 3), stride=(2, 2), padding=(1, 1), bias=False)
      (bn2): BatchNorm2d(512, eps=1e-05, momentum=0.1, affine=True, track_running_stats=True)
      (conv3): Conv2d(512, 2048, kernel_size=(1, 1), stride=(1, 1), bias=False)
      (bn3): BatchNorm2d(2048, eps=1e-05, momentum=0.1, affine=True, track_running_stats=True)
      (relu): ReLU(inplace=True)
      (downsample): Sequential(
        (0): Conv2d(1024, 2048, kernel_size=(1, 1), stride=(2, 2), bias=False)
        (1): BatchNorm2d(2048, eps=1e-05, momentum=0.1, affine=True, track_running_stats=True)
      )
    )
    (1): Bottleneck(
      (conv1): Conv2d(2048, 512, kernel_size=(1, 1), stride=(1, 1), bias=False)
      (bn1): BatchNorm2d(512, eps=1e-05, momentum=0.1, affine=True, track_running_stats=True)
      (conv2): Conv2d(512, 512, kernel_size=(3, 3), stride=(1, 1), padding=(1, 1), bias=False)
      (bn2): BatchNorm2d(512, eps=1e-05, momentum=0.1, affine=True, track_running_stats=True)
      (conv3): Conv2d(512, 2048, kernel_size=(1, 1), stride=(1, 1), bias=False)
      (bn3): BatchNorm2d(2048, eps=1e-05, momentum=0.1, affine=True, track_running_stats=True)
      (relu): ReLU(inplace=True)
    )
    (2): Bottleneck(
      (conv1): Conv2d(2048, 512, kernel_size=(1, 1), stride=(1, 1), bias=False)
      (bn1): BatchNorm2d(512, eps=1e-05, momentum=0.1, affine=True, track_running_stats=True)
      (conv2): Conv2d(512, 512, kernel_size=(3, 3), stride=(1, 1), padding=(1, 1), bias=False)
      (bn2): BatchNorm2d(512, eps=1e-05, momentum=0.1, affine=True, track_running_stats=True)
      (conv3): Conv2d(512, 2048, kernel_size=(1, 1), stride=(1, 1), bias=False)
      (bn3): BatchNorm2d(2048, eps=1e-05, momentum=0.1, affine=True, track_running_stats=True)
      (relu): ReLU(inplace=True)
    )
  )
  (avgpool): AdaptiveAvgPool2d(output_size=(1, 1))
  (fc): Linear(in_features=2048, out_features=10, bias=True)
)
2021-12-01 22:41:23.519 | INFO     | __main__:main_worker:216 - Loading checkpoint 'model/resnet50/model_best.pth.tar'
2021-12-01 22:41:23.627 | INFO     | __main__:main_worker:230 - Loaded checkpoint 'model/resnet50/model_best.pth.tar' (epoch 91)
2021-12-01 22:41:23.627 | WARNING  | __main__:main_worker:235 - Changing model's weights according to 'zero_mantissa_to_closest_exponent' with group size: 32
2021-12-01 22:41:23.666 | INFO     | __main__:convert_model:132 - Converting conv1.weight ...
2021-12-01 22:41:23.857 | INFO     | __main__:convert_model:118 - Skipping bn1.weight ...
2021-12-01 22:41:23.858 | INFO     | __main__:convert_model:118 - Skipping bn1.bias ...
2021-12-01 22:41:23.858 | INFO     | __main__:convert_model:132 - Converting layer1.0.conv1.weight ...
2021-12-01 22:41:23.940 | INFO     | __main__:convert_model:118 - Skipping layer1.0.bn1.weight ...
2021-12-01 22:41:23.940 | INFO     | __main__:convert_model:118 - Skipping layer1.0.bn1.bias ...
2021-12-01 22:41:23.941 | INFO     | __main__:convert_model:132 - Converting layer1.0.conv2.weight ...
2021-12-01 22:41:24.691 | INFO     | __main__:convert_model:118 - Skipping layer1.0.bn2.weight ...
2021-12-01 22:41:24.692 | INFO     | __main__:convert_model:118 - Skipping layer1.0.bn2.bias ...
2021-12-01 22:41:24.692 | INFO     | __main__:convert_model:132 - Converting layer1.0.conv3.weight ...
2021-12-01 22:41:25.025 | INFO     | __main__:convert_model:118 - Skipping layer1.0.bn3.weight ...
2021-12-01 22:41:25.025 | INFO     | __main__:convert_model:118 - Skipping layer1.0.bn3.bias ...
2021-12-01 22:41:25.025 | INFO     | __main__:convert_model:118 - Skipping layer1.0.downsample.0.weight ...
2021-12-01 22:41:25.025 | INFO     | __main__:convert_model:118 - Skipping layer1.0.downsample.1.weight ...
2021-12-01 22:41:25.025 | INFO     | __main__:convert_model:118 - Skipping layer1.0.downsample.1.bias ...
2021-12-01 22:41:25.026 | INFO     | __main__:convert_model:132 - Converting layer1.1.conv1.weight ...
2021-12-01 22:41:25.357 | INFO     | __main__:convert_model:118 - Skipping layer1.1.bn1.weight ...
2021-12-01 22:41:25.357 | INFO     | __main__:convert_model:118 - Skipping layer1.1.bn1.bias ...
2021-12-01 22:41:25.357 | INFO     | __main__:convert_model:132 - Converting layer1.1.conv2.weight ...
2021-12-01 22:41:26.102 | INFO     | __main__:convert_model:118 - Skipping layer1.1.bn2.weight ...
2021-12-01 22:41:26.102 | INFO     | __main__:convert_model:118 - Skipping layer1.1.bn2.bias ...
2021-12-01 22:41:26.102 | INFO     | __main__:convert_model:132 - Converting layer1.1.conv3.weight ...
2021-12-01 22:41:26.436 | INFO     | __main__:convert_model:118 - Skipping layer1.1.bn3.weight ...
2021-12-01 22:41:26.436 | INFO     | __main__:convert_model:118 - Skipping layer1.1.bn3.bias ...
2021-12-01 22:41:26.437 | INFO     | __main__:convert_model:132 - Converting layer1.2.conv1.weight ...
2021-12-01 22:41:26.768 | INFO     | __main__:convert_model:118 - Skipping layer1.2.bn1.weight ...
2021-12-01 22:41:26.768 | INFO     | __main__:convert_model:118 - Skipping layer1.2.bn1.bias ...
2021-12-01 22:41:26.769 | INFO     | __main__:convert_model:132 - Converting layer1.2.conv2.weight ...
2021-12-01 22:41:27.519 | INFO     | __main__:convert_model:118 - Skipping layer1.2.bn2.weight ...
2021-12-01 22:41:27.519 | INFO     | __main__:convert_model:118 - Skipping layer1.2.bn2.bias ...
2021-12-01 22:41:27.520 | INFO     | __main__:convert_model:132 - Converting layer1.2.conv3.weight ...
2021-12-01 22:41:27.854 | INFO     | __main__:convert_model:118 - Skipping layer1.2.bn3.weight ...
2021-12-01 22:41:27.854 | INFO     | __main__:convert_model:118 - Skipping layer1.2.bn3.bias ...
2021-12-01 22:41:27.854 | INFO     | __main__:convert_model:132 - Converting layer2.0.conv1.weight ...
2021-12-01 22:41:28.518 | INFO     | __main__:convert_model:118 - Skipping layer2.0.bn1.weight ...
2021-12-01 22:41:28.518 | INFO     | __main__:convert_model:118 - Skipping layer2.0.bn1.bias ...
2021-12-01 22:41:28.518 | INFO     | __main__:convert_model:132 - Converting layer2.0.conv2.weight ...
2021-12-01 22:41:31.495 | INFO     | __main__:convert_model:118 - Skipping layer2.0.bn2.weight ...
2021-12-01 22:41:31.495 | INFO     | __main__:convert_model:118 - Skipping layer2.0.bn2.bias ...
2021-12-01 22:41:31.495 | INFO     | __main__:convert_model:132 - Converting layer2.0.conv3.weight ...
2021-12-01 22:41:32.819 | INFO     | __main__:convert_model:118 - Skipping layer2.0.bn3.weight ...
2021-12-01 22:41:32.819 | INFO     | __main__:convert_model:118 - Skipping layer2.0.bn3.bias ...
2021-12-01 22:41:32.819 | INFO     | __main__:convert_model:118 - Skipping layer2.0.downsample.0.weight ...
2021-12-01 22:41:32.819 | INFO     | __main__:convert_model:118 - Skipping layer2.0.downsample.1.weight ...
2021-12-01 22:41:32.820 | INFO     | __main__:convert_model:118 - Skipping layer2.0.downsample.1.bias ...
2021-12-01 22:41:32.820 | INFO     | __main__:convert_model:132 - Converting layer2.1.conv1.weight ...
2021-12-01 22:41:34.144 | INFO     | __main__:convert_model:118 - Skipping layer2.1.bn1.weight ...
2021-12-01 22:41:34.144 | INFO     | __main__:convert_model:118 - Skipping layer2.1.bn1.bias ...
2021-12-01 22:41:34.144 | INFO     | __main__:convert_model:132 - Converting layer2.1.conv2.weight ...
2021-12-01 22:41:37.120 | INFO     | __main__:convert_model:118 - Skipping layer2.1.bn2.weight ...
2021-12-01 22:41:37.120 | INFO     | __main__:convert_model:118 - Skipping layer2.1.bn2.bias ...
2021-12-01 22:41:37.120 | INFO     | __main__:convert_model:132 - Converting layer2.1.conv3.weight ...
2021-12-01 22:41:38.445 | INFO     | __main__:convert_model:118 - Skipping layer2.1.bn3.weight ...
2021-12-01 22:41:38.445 | INFO     | __main__:convert_model:118 - Skipping layer2.1.bn3.bias ...
2021-12-01 22:41:38.445 | INFO     | __main__:convert_model:132 - Converting layer2.2.conv1.weight ...
2021-12-01 22:41:39.773 | INFO     | __main__:convert_model:118 - Skipping layer2.2.bn1.weight ...
2021-12-01 22:41:39.773 | INFO     | __main__:convert_model:118 - Skipping layer2.2.bn1.bias ...
2021-12-01 22:41:39.773 | INFO     | __main__:convert_model:132 - Converting layer2.2.conv2.weight ...
2021-12-01 22:41:42.743 | INFO     | __main__:convert_model:118 - Skipping layer2.2.bn2.weight ...
2021-12-01 22:41:42.743 | INFO     | __main__:convert_model:118 - Skipping layer2.2.bn2.bias ...
2021-12-01 22:41:42.743 | INFO     | __main__:convert_model:132 - Converting layer2.2.conv3.weight ...
2021-12-01 22:41:44.067 | INFO     | __main__:convert_model:118 - Skipping layer2.2.bn3.weight ...
2021-12-01 22:41:44.067 | INFO     | __main__:convert_model:118 - Skipping layer2.2.bn3.bias ...
2021-12-01 22:41:44.067 | INFO     | __main__:convert_model:132 - Converting layer2.3.conv1.weight ...
2021-12-01 22:41:45.395 | INFO     | __main__:convert_model:118 - Skipping layer2.3.bn1.weight ...
2021-12-01 22:41:45.395 | INFO     | __main__:convert_model:118 - Skipping layer2.3.bn1.bias ...
2021-12-01 22:41:45.395 | INFO     | __main__:convert_model:132 - Converting layer2.3.conv2.weight ...
2021-12-01 22:41:48.369 | INFO     | __main__:convert_model:118 - Skipping layer2.3.bn2.weight ...
2021-12-01 22:41:48.369 | INFO     | __main__:convert_model:118 - Skipping layer2.3.bn2.bias ...
2021-12-01 22:41:48.369 | INFO     | __main__:convert_model:132 - Converting layer2.3.conv3.weight ...
2021-12-01 22:41:49.909 | INFO     | __main__:convert_model:118 - Skipping layer2.3.bn3.weight ...
2021-12-01 22:41:49.909 | INFO     | __main__:convert_model:118 - Skipping layer2.3.bn3.bias ...
2021-12-01 22:41:49.909 | INFO     | __main__:convert_model:132 - Converting layer3.0.conv1.weight ...
2021-12-01 22:41:52.539 | INFO     | __main__:convert_model:118 - Skipping layer3.0.bn1.weight ...
2021-12-01 22:41:52.539 | INFO     | __main__:convert_model:118 - Skipping layer3.0.bn1.bias ...
2021-12-01 22:41:52.539 | INFO     | __main__:convert_model:132 - Converting layer3.0.conv2.weight ...
2021-12-01 22:42:05.442 | INFO     | __main__:convert_model:118 - Skipping layer3.0.bn2.weight ...
2021-12-01 22:42:05.442 | INFO     | __main__:convert_model:118 - Skipping layer3.0.bn2.bias ...
2021-12-01 22:42:05.442 | INFO     | __main__:convert_model:132 - Converting layer3.0.conv3.weight ...
2021-12-01 22:42:10.909 | INFO     | __main__:convert_model:118 - Skipping layer3.0.bn3.weight ...
2021-12-01 22:42:10.910 | INFO     | __main__:convert_model:118 - Skipping layer3.0.bn3.bias ...
2021-12-01 22:42:10.910 | INFO     | __main__:convert_model:118 - Skipping layer3.0.downsample.0.weight ...
2021-12-01 22:42:10.910 | INFO     | __main__:convert_model:118 - Skipping layer3.0.downsample.1.weight ...
2021-12-01 22:42:10.910 | INFO     | __main__:convert_model:118 - Skipping layer3.0.downsample.1.bias ...
2021-12-01 22:42:10.910 | INFO     | __main__:convert_model:132 - Converting layer3.1.conv1.weight ...
2021-12-01 22:42:16.600 | INFO     | __main__:convert_model:118 - Skipping layer3.1.bn1.weight ...
2021-12-01 22:42:16.601 | INFO     | __main__:convert_model:118 - Skipping layer3.1.bn1.bias ...
2021-12-01 22:42:16.601 | INFO     | __main__:convert_model:132 - Converting layer3.1.conv2.weight ...
2021-12-01 22:42:28.863 | INFO     | __main__:convert_model:118 - Skipping layer3.1.bn2.weight ...
2021-12-01 22:42:28.863 | INFO     | __main__:convert_model:118 - Skipping layer3.1.bn2.bias ...
2021-12-01 22:42:28.863 | INFO     | __main__:convert_model:132 - Converting layer3.1.conv3.weight ...
2021-12-01 22:42:34.115 | INFO     | __main__:convert_model:118 - Skipping layer3.1.bn3.weight ...
2021-12-01 22:42:34.116 | INFO     | __main__:convert_model:118 - Skipping layer3.1.bn3.bias ...
2021-12-01 22:42:34.116 | INFO     | __main__:convert_model:132 - Converting layer3.2.conv1.weight ...
2021-12-01 22:42:39.382 | INFO     | __main__:convert_model:118 - Skipping layer3.2.bn1.weight ...
2021-12-01 22:42:39.382 | INFO     | __main__:convert_model:118 - Skipping layer3.2.bn1.bias ...
2021-12-01 22:42:39.383 | INFO     | __main__:convert_model:132 - Converting layer3.2.conv2.weight ...
2021-12-01 22:42:51.630 | INFO     | __main__:convert_model:118 - Skipping layer3.2.bn2.weight ...
2021-12-01 22:42:51.630 | INFO     | __main__:convert_model:118 - Skipping layer3.2.bn2.bias ...
2021-12-01 22:42:51.630 | INFO     | __main__:convert_model:132 - Converting layer3.2.conv3.weight ...
2021-12-01 22:42:56.880 | INFO     | __main__:convert_model:118 - Skipping layer3.2.bn3.weight ...
2021-12-01 22:42:56.881 | INFO     | __main__:convert_model:118 - Skipping layer3.2.bn3.bias ...
2021-12-01 22:42:56.881 | INFO     | __main__:convert_model:132 - Converting layer3.3.conv1.weight ...
2021-12-01 22:43:02.137 | INFO     | __main__:convert_model:118 - Skipping layer3.3.bn1.weight ...
2021-12-01 22:43:02.137 | INFO     | __main__:convert_model:118 - Skipping layer3.3.bn1.bias ...
2021-12-01 22:43:02.137 | INFO     | __main__:convert_model:132 - Converting layer3.3.conv2.weight ...
2021-12-01 22:43:14.359 | INFO     | __main__:convert_model:118 - Skipping layer3.3.bn2.weight ...
2021-12-01 22:43:14.359 | INFO     | __main__:convert_model:118 - Skipping layer3.3.bn2.bias ...
2021-12-01 22:43:14.359 | INFO     | __main__:convert_model:132 - Converting layer3.3.conv3.weight ...
2021-12-01 22:43:19.622 | INFO     | __main__:convert_model:118 - Skipping layer3.3.bn3.weight ...
2021-12-01 22:43:19.623 | INFO     | __main__:convert_model:118 - Skipping layer3.3.bn3.bias ...
2021-12-01 22:43:19.623 | INFO     | __main__:convert_model:132 - Converting layer3.4.conv1.weight ...
2021-12-01 22:43:25.035 | INFO     | __main__:convert_model:118 - Skipping layer3.4.bn1.weight ...
2021-12-01 22:43:25.035 | INFO     | __main__:convert_model:118 - Skipping layer3.4.bn1.bias ...
2021-12-01 22:43:25.036 | INFO     | __main__:convert_model:132 - Converting layer3.4.conv2.weight ...
2021-12-01 22:43:37.012 | INFO     | __main__:convert_model:118 - Skipping layer3.4.bn2.weight ...
2021-12-01 22:43:37.012 | INFO     | __main__:convert_model:118 - Skipping layer3.4.bn2.bias ...
2021-12-01 22:43:37.012 | INFO     | __main__:convert_model:132 - Converting layer3.4.conv3.weight ...
2021-12-01 22:43:42.300 | INFO     | __main__:convert_model:118 - Skipping layer3.4.bn3.weight ...
2021-12-01 22:43:42.300 | INFO     | __main__:convert_model:118 - Skipping layer3.4.bn3.bias ...
2021-12-01 22:43:42.300 | INFO     | __main__:convert_model:132 - Converting layer3.5.conv1.weight ...
2021-12-01 22:43:47.574 | INFO     | __main__:convert_model:118 - Skipping layer3.5.bn1.weight ...
2021-12-01 22:43:47.574 | INFO     | __main__:convert_model:118 - Skipping layer3.5.bn1.bias ...
2021-12-01 22:43:47.575 | INFO     | __main__:convert_model:132 - Converting layer3.5.conv2.weight ...
2021-12-01 22:43:59.794 | INFO     | __main__:convert_model:118 - Skipping layer3.5.bn2.weight ...
2021-12-01 22:43:59.794 | INFO     | __main__:convert_model:118 - Skipping layer3.5.bn2.bias ...
2021-12-01 22:43:59.794 | INFO     | __main__:convert_model:132 - Converting layer3.5.conv3.weight ...
2021-12-01 22:44:05.467 | INFO     | __main__:convert_model:118 - Skipping layer3.5.bn3.weight ...
2021-12-01 22:44:05.467 | INFO     | __main__:convert_model:118 - Skipping layer3.5.bn3.bias ...
2021-12-01 22:44:05.467 | INFO     | __main__:convert_model:132 - Converting layer4.0.conv1.weight ...
2021-12-01 22:44:16.268 | INFO     | __main__:convert_model:118 - Skipping layer4.0.bn1.weight ...
2021-12-01 22:44:16.269 | INFO     | __main__:convert_model:118 - Skipping layer4.0.bn1.bias ...
2021-12-01 22:44:16.269 | INFO     | __main__:convert_model:132 - Converting layer4.0.conv2.weight ...
2021-12-01 22:45:05.157 | INFO     | __main__:convert_model:118 - Skipping layer4.0.bn2.weight ...
2021-12-01 22:45:05.157 | INFO     | __main__:convert_model:118 - Skipping layer4.0.bn2.bias ...
2021-12-01 22:45:05.158 | INFO     | __main__:convert_model:132 - Converting layer4.0.conv3.weight ...
2021-12-01 22:45:27.038 | INFO     | __main__:convert_model:118 - Skipping layer4.0.bn3.weight ...
2021-12-01 22:45:27.038 | INFO     | __main__:convert_model:118 - Skipping layer4.0.bn3.bias ...
2021-12-01 22:45:27.038 | INFO     | __main__:convert_model:118 - Skipping layer4.0.downsample.0.weight ...
2021-12-01 22:45:27.038 | INFO     | __main__:convert_model:118 - Skipping layer4.0.downsample.1.weight ...
2021-12-01 22:45:27.039 | INFO     | __main__:convert_model:118 - Skipping layer4.0.downsample.1.bias ...
2021-12-01 22:45:27.039 | INFO     | __main__:convert_model:132 - Converting layer4.1.conv1.weight ...
2021-12-01 22:45:48.126 | INFO     | __main__:convert_model:118 - Skipping layer4.1.bn1.weight ...
2021-12-01 22:45:48.126 | INFO     | __main__:convert_model:118 - Skipping layer4.1.bn1.bias ...
2021-12-01 22:45:48.126 | INFO     | __main__:convert_model:132 - Converting layer4.1.conv2.weight ...
2021-12-01 22:46:36.440 | INFO     | __main__:convert_model:118 - Skipping layer4.1.bn2.weight ...
2021-12-01 22:46:36.440 | INFO     | __main__:convert_model:118 - Skipping layer4.1.bn2.bias ...
2021-12-01 22:46:36.440 | INFO     | __main__:convert_model:132 - Converting layer4.1.conv3.weight ...
2021-12-01 22:46:58.343 | INFO     | __main__:convert_model:118 - Skipping layer4.1.bn3.weight ...
2021-12-01 22:46:58.343 | INFO     | __main__:convert_model:118 - Skipping layer4.1.bn3.bias ...
2021-12-01 22:46:58.343 | INFO     | __main__:convert_model:132 - Converting layer4.2.conv1.weight ...
2021-12-01 22:47:20.187 | INFO     | __main__:convert_model:118 - Skipping layer4.2.bn1.weight ...
2021-12-01 22:47:20.188 | INFO     | __main__:convert_model:118 - Skipping layer4.2.bn1.bias ...
2021-12-01 22:47:20.188 | INFO     | __main__:convert_model:132 - Converting layer4.2.conv2.weight ...
2021-12-01 22:48:09.069 | INFO     | __main__:convert_model:118 - Skipping layer4.2.bn2.weight ...
2021-12-01 22:48:09.069 | INFO     | __main__:convert_model:118 - Skipping layer4.2.bn2.bias ...
2021-12-01 22:48:09.069 | INFO     | __main__:convert_model:132 - Converting layer4.2.conv3.weight ...
2021-12-01 22:48:30.894 | INFO     | __main__:convert_model:118 - Skipping layer4.2.bn3.weight ...
2021-12-01 22:48:30.894 | INFO     | __main__:convert_model:118 - Skipping layer4.2.bn3.bias ...
2021-12-01 22:48:30.894 | INFO     | __main__:convert_model:132 - Converting fc.weight ...
2021-12-01 22:48:31.307 | INFO     | __main__:convert_model:127 - Converting fc.bias with group size: 10. (W.numel()(=10) < 32) ...
2021-12-01 22:48:31.345 | INFO     | __main__:main_worker:247 - Train Dir: data/imagenette2/train | Val Dir: data/imagenette2/val
2021-12-01 22:48:31.377 | INFO     | __main__:main_worker:272 - args.evaluate=True: Doing evaluation once, and exit
2021-12-01 22:48:32.262 | INFO     | __main__:display:449 - Test: [  0/123]	Time  0.885 ( 0.885)	Loss 3.1684e-01 (3.1684e-01)	Acc@1  90.62 ( 90.62)	Acc@5  93.75 ( 93.75)
2021-12-01 22:48:32.752 | INFO     | __main__:display:449 - Test: [ 10/123]	Time  0.150 ( 0.125)	Loss 4.7476e-01 (3.0992e-01)	Acc@1  84.38 ( 90.62)	Acc@5 100.00 ( 98.30)
2021-12-01 22:48:33.168 | INFO     | __main__:display:449 - Test: [ 20/123]	Time  0.038 ( 0.085)	Loss 5.3014e-01 (3.8716e-01)	Acc@1  81.25 ( 88.54)	Acc@5  96.88 ( 98.21)
2021-12-01 22:48:33.559 | INFO     | __main__:display:449 - Test: [ 30/123]	Time  0.038 ( 0.070)	Loss 6.6064e-01 (4.4473e-01)	Acc@1  81.25 ( 85.99)	Acc@5  96.88 ( 97.98)
2021-12-01 22:48:33.935 | INFO     | __main__:display:449 - Test: [ 40/123]	Time  0.037 ( 0.062)	Loss 1.2169e+00 (5.0442e-01)	Acc@1  59.38 ( 84.53)	Acc@5 100.00 ( 98.09)
2021-12-01 22:48:34.337 | INFO     | __main__:display:449 - Test: [ 50/123]	Time  0.037 ( 0.058)	Loss 5.0860e-01 (5.3588e-01)	Acc@1  87.50 ( 83.33)	Acc@5  96.88 ( 98.22)
2021-12-01 22:48:34.837 | INFO     | __main__:display:449 - Test: [ 60/123]	Time  0.038 ( 0.057)	Loss 6.2709e-01 (4.9043e-01)	Acc@1  84.38 ( 84.73)	Acc@5  96.88 ( 98.36)
2021-12-01 22:48:35.294 | INFO     | __main__:display:449 - Test: [ 70/123]	Time  0.045 ( 0.055)	Loss 3.6472e-01 (5.0603e-01)	Acc@1  90.62 ( 84.02)	Acc@5 100.00 ( 98.50)
2021-12-01 22:48:35.877 | INFO     | __main__:display:449 - Test: [ 80/123]	Time  0.037 ( 0.056)	Loss 7.4084e-01 (4.9167e-01)	Acc@1  78.12 ( 84.38)	Acc@5 100.00 ( 98.65)
2021-12-01 22:48:36.358 | INFO     | __main__:display:449 - Test: [ 90/123]	Time  0.038 ( 0.055)	Loss 3.3711e-01 (4.9580e-01)	Acc@1  87.50 ( 84.24)	Acc@5 100.00 ( 98.73)
2021-12-01 22:48:36.935 | INFO     | __main__:display:449 - Test: [100/123]	Time  0.038 ( 0.055)	Loss 6.6941e-01 (5.2200e-01)	Acc@1  81.25 ( 83.35)	Acc@5 100.00 ( 98.64)
2021-12-01 22:48:37.316 | INFO     | __main__:display:449 - Test: [110/123]	Time  0.037 ( 0.054)	Loss 3.4974e-01 (5.2431e-01)	Acc@1  87.50 ( 83.19)	Acc@5 100.00 ( 98.70)
2021-12-01 22:48:37.821 | INFO     | __main__:display:449 - Test: [120/123]	Time  0.041 ( 0.053)	Loss 4.9928e-01 (5.2032e-01)	Acc@1  81.25 ( 83.39)	Acc@5  96.88 ( 98.63)
2021-12-01 22:48:38.108 | INFO     | __main__:display_summary:454 -  *   Acc@1 83.338 Acc@5 98.573
