2021-12-01 22:48:38.824 | INFO     | __main__:main:152 - Log into log/resnet50/zero_mantissa_to_closest_exponent/group_size:16/2021-12-01-22:48:38.log
2021-12-01 22:48:38.825 | WARNING  | __main__:main:165 - You have chosen a specific GPU. This will completely disable data parallelism.
2021-12-01 22:48:38.825 | INFO     | __main__:main_worker:175 - Use GPU: 0 for training
2021-12-01 22:48:38.825 | INFO     | __main__:main_worker:179 - Using pre-trained model 'resnet50'
2021-12-01 22:48:39.205 | WARNING  | __main__:main_worker:186 - Replacing model's last FC layer by torch.nn.Linear(2048, 10)
2021-12-01 22:48:39.207 | INFO     | __main__:main_worker:188 - 
ResNet(
  (conv1): Conv2d(3, 64, kernel_size=(7, 7), stride=(2, 2), padding=(3, 3), bias=False)
  (bn1): BatchNorm2d(64, eps=1e-05, momentum=0.1, affine=True, track_running_stats=True)
  (relu): ReLU(inplace=True)
  (maxpool): MaxPool2d(kernel_size=3, stride=2, padding=1, dilation=1, ceil_mode=False)
  (layer1): Sequential(
    (0): Bottleneck(
      (conv1): Conv2d(64, 64, kernel_size=(1, 1), stride=(1, 1), bias=False)
      (bn1): BatchNorm2d(64, eps=1e-05, momentum=0.1, affine=True, track_running_stats=True)
      (conv2): Conv2d(64, 64, kernel_size=(3, 3), stride=(1, 1), padding=(1, 1), bias=False)
      (bn2): BatchNorm2d(64, eps=1e-05, momentum=0.1, affine=True, track_running_stats=True)
      (conv3): Conv2d(64, 256, kernel_size=(1, 1), stride=(1, 1), bias=False)
      (bn3): BatchNorm2d(256, eps=1e-05, momentum=0.1, affine=True, track_running_stats=True)
      (relu): ReLU(inplace=True)
      (downsample): Sequential(
        (0): Conv2d(64, 256, kernel_size=(1, 1), stride=(1, 1), bias=False)
        (1): BatchNorm2d(256, eps=1e-05, momentum=0.1, affine=True, track_running_stats=True)
      )
    )
    (1): Bottleneck(
      (conv1): Conv2d(256, 64, kernel_size=(1, 1), stride=(1, 1), bias=False)
      (bn1): BatchNorm2d(64, eps=1e-05, momentum=0.1, affine=True, track_running_stats=True)
      (conv2): Conv2d(64, 64, kernel_size=(3, 3), stride=(1, 1), padding=(1, 1), bias=False)
      (bn2): BatchNorm2d(64, eps=1e-05, momentum=0.1, affine=True, track_running_stats=True)
      (conv3): Conv2d(64, 256, kernel_size=(1, 1), stride=(1, 1), bias=False)
      (bn3): BatchNorm2d(256, eps=1e-05, momentum=0.1, affine=True, track_running_stats=True)
      (relu): ReLU(inplace=True)
    )
    (2): Bottleneck(
      (conv1): Conv2d(256, 64, kernel_size=(1, 1), stride=(1, 1), bias=False)
      (bn1): BatchNorm2d(64, eps=1e-05, momentum=0.1, affine=True, track_running_stats=True)
      (conv2): Conv2d(64, 64, kernel_size=(3, 3), stride=(1, 1), padding=(1, 1), bias=False)
      (bn2): BatchNorm2d(64, eps=1e-05, momentum=0.1, affine=True, track_running_stats=True)
      (conv3): Conv2d(64, 256, kernel_size=(1, 1), stride=(1, 1), bias=False)
      (bn3): BatchNorm2d(256, eps=1e-05, momentum=0.1, affine=True, track_running_stats=True)
      (relu): ReLU(inplace=True)
    )
  )
  (layer2): Sequential(
    (0): Bottleneck(
      (conv1): Conv2d(256, 128, kernel_size=(1, 1), stride=(1, 1), bias=False)
      (bn1): BatchNorm2d(128, eps=1e-05, momentum=0.1, affine=True, track_running_stats=True)
      (conv2): Conv2d(128, 128, kernel_size=(3, 3), stride=(2, 2), padding=(1, 1), bias=False)
      (bn2): BatchNorm2d(128, eps=1e-05, momentum=0.1, affine=True, track_running_stats=True)
      (conv3): Conv2d(128, 512, kernel_size=(1, 1), stride=(1, 1), bias=False)
      (bn3): BatchNorm2d(512, eps=1e-05, momentum=0.1, affine=True, track_running_stats=True)
      (relu): ReLU(inplace=True)
      (downsample): Sequential(
        (0): Conv2d(256, 512, kernel_size=(1, 1), stride=(2, 2), bias=False)
        (1): BatchNorm2d(512, eps=1e-05, momentum=0.1, affine=True, track_running_stats=True)
      )
    )
    (1): Bottleneck(
      (conv1): Conv2d(512, 128, kernel_size=(1, 1), stride=(1, 1), bias=False)
      (bn1): BatchNorm2d(128, eps=1e-05, momentum=0.1, affine=True, track_running_stats=True)
      (conv2): Conv2d(128, 128, kernel_size=(3, 3), stride=(1, 1), padding=(1, 1), bias=False)
      (bn2): BatchNorm2d(128, eps=1e-05, momentum=0.1, affine=True, track_running_stats=True)
      (conv3): Conv2d(128, 512, kernel_size=(1, 1), stride=(1, 1), bias=False)
      (bn3): BatchNorm2d(512, eps=1e-05, momentum=0.1, affine=True, track_running_stats=True)
      (relu): ReLU(inplace=True)
    )
    (2): Bottleneck(
      (conv1): Conv2d(512, 128, kernel_size=(1, 1), stride=(1, 1), bias=False)
      (bn1): BatchNorm2d(128, eps=1e-05, momentum=0.1, affine=True, track_running_stats=True)
      (conv2): Conv2d(128, 128, kernel_size=(3, 3), stride=(1, 1), padding=(1, 1), bias=False)
      (bn2): BatchNorm2d(128, eps=1e-05, momentum=0.1, affine=True, track_running_stats=True)
      (conv3): Conv2d(128, 512, kernel_size=(1, 1), stride=(1, 1), bias=False)
      (bn3): BatchNorm2d(512, eps=1e-05, momentum=0.1, affine=True, track_running_stats=True)
      (relu): ReLU(inplace=True)
    )
    (3): Bottleneck(
      (conv1): Conv2d(512, 128, kernel_size=(1, 1), stride=(1, 1), bias=False)
      (bn1): BatchNorm2d(128, eps=1e-05, momentum=0.1, affine=True, track_running_stats=True)
      (conv2): Conv2d(128, 128, kernel_size=(3, 3), stride=(1, 1), padding=(1, 1), bias=False)
      (bn2): BatchNorm2d(128, eps=1e-05, momentum=0.1, affine=True, track_running_stats=True)
      (conv3): Conv2d(128, 512, kernel_size=(1, 1), stride=(1, 1), bias=False)
      (bn3): BatchNorm2d(512, eps=1e-05, momentum=0.1, affine=True, track_running_stats=True)
      (relu): ReLU(inplace=True)
    )
  )
  (layer3): Sequential(
    (0): Bottleneck(
      (conv1): Conv2d(512, 256, kernel_size=(1, 1), stride=(1, 1), bias=False)
      (bn1): BatchNorm2d(256, eps=1e-05, momentum=0.1, affine=True, track_running_stats=True)
      (conv2): Conv2d(256, 256, kernel_size=(3, 3), stride=(2, 2), padding=(1, 1), bias=False)
      (bn2): BatchNorm2d(256, eps=1e-05, momentum=0.1, affine=True, track_running_stats=True)
      (conv3): Conv2d(256, 1024, kernel_size=(1, 1), stride=(1, 1), bias=False)
      (bn3): BatchNorm2d(1024, eps=1e-05, momentum=0.1, affine=True, track_running_stats=True)
      (relu): ReLU(inplace=True)
      (downsample): Sequential(
        (0): Conv2d(512, 1024, kernel_size=(1, 1), stride=(2, 2), bias=False)
        (1): BatchNorm2d(1024, eps=1e-05, momentum=0.1, affine=True, track_running_stats=True)
      )
    )
    (1): Bottleneck(
      (conv1): Conv2d(1024, 256, kernel_size=(1, 1), stride=(1, 1), bias=False)
      (bn1): BatchNorm2d(256, eps=1e-05, momentum=0.1, affine=True, track_running_stats=True)
      (conv2): Conv2d(256, 256, kernel_size=(3, 3), stride=(1, 1), padding=(1, 1), bias=False)
      (bn2): BatchNorm2d(256, eps=1e-05, momentum=0.1, affine=True, track_running_stats=True)
      (conv3): Conv2d(256, 1024, kernel_size=(1, 1), stride=(1, 1), bias=False)
      (bn3): BatchNorm2d(1024, eps=1e-05, momentum=0.1, affine=True, track_running_stats=True)
      (relu): ReLU(inplace=True)
    )
    (2): Bottleneck(
      (conv1): Conv2d(1024, 256, kernel_size=(1, 1), stride=(1, 1), bias=False)
      (bn1): BatchNorm2d(256, eps=1e-05, momentum=0.1, affine=True, track_running_stats=True)
      (conv2): Conv2d(256, 256, kernel_size=(3, 3), stride=(1, 1), padding=(1, 1), bias=False)
      (bn2): BatchNorm2d(256, eps=1e-05, momentum=0.1, affine=True, track_running_stats=True)
      (conv3): Conv2d(256, 1024, kernel_size=(1, 1), stride=(1, 1), bias=False)
      (bn3): BatchNorm2d(1024, eps=1e-05, momentum=0.1, affine=True, track_running_stats=True)
      (relu): ReLU(inplace=True)
    )
    (3): Bottleneck(
      (conv1): Conv2d(1024, 256, kernel_size=(1, 1), stride=(1, 1), bias=False)
      (bn1): BatchNorm2d(256, eps=1e-05, momentum=0.1, affine=True, track_running_stats=True)
      (conv2): Conv2d(256, 256, kernel_size=(3, 3), stride=(1, 1), padding=(1, 1), bias=False)
      (bn2): BatchNorm2d(256, eps=1e-05, momentum=0.1, affine=True, track_running_stats=True)
      (conv3): Conv2d(256, 1024, kernel_size=(1, 1), stride=(1, 1), bias=False)
      (bn3): BatchNorm2d(1024, eps=1e-05, momentum=0.1, affine=True, track_running_stats=True)
      (relu): ReLU(inplace=True)
    )
    (4): Bottleneck(
      (conv1): Conv2d(1024, 256, kernel_size=(1, 1), stride=(1, 1), bias=False)
      (bn1): BatchNorm2d(256, eps=1e-05, momentum=0.1, affine=True, track_running_stats=True)
      (conv2): Conv2d(256, 256, kernel_size=(3, 3), stride=(1, 1), padding=(1, 1), bias=False)
      (bn2): BatchNorm2d(256, eps=1e-05, momentum=0.1, affine=True, track_running_stats=True)
      (conv3): Conv2d(256, 1024, kernel_size=(1, 1), stride=(1, 1), bias=False)
      (bn3): BatchNorm2d(1024, eps=1e-05, momentum=0.1, affine=True, track_running_stats=True)
      (relu): ReLU(inplace=True)
    )
    (5): Bottleneck(
      (conv1): Conv2d(1024, 256, kernel_size=(1, 1), stride=(1, 1), bias=False)
      (bn1): BatchNorm2d(256, eps=1e-05, momentum=0.1, affine=True, track_running_stats=True)
      (conv2): Conv2d(256, 256, kernel_size=(3, 3), stride=(1, 1), padding=(1, 1), bias=False)
      (bn2): BatchNorm2d(256, eps=1e-05, momentum=0.1, affine=True, track_running_stats=True)
      (conv3): Conv2d(256, 1024, kernel_size=(1, 1), stride=(1, 1), bias=False)
      (bn3): BatchNorm2d(1024, eps=1e-05, momentum=0.1, affine=True, track_running_stats=True)
      (relu): ReLU(inplace=True)
    )
  )
  (layer4): Sequential(
    (0): Bottleneck(
      (conv1): Conv2d(1024, 512, kernel_size=(1, 1), stride=(1, 1), bias=False)
      (bn1): BatchNorm2d(512, eps=1e-05, momentum=0.1, affine=True, track_running_stats=True)
      (conv2): Conv2d(512, 512, kernel_size=(3, 3), stride=(2, 2), padding=(1, 1), bias=False)
      (bn2): BatchNorm2d(512, eps=1e-05, momentum=0.1, affine=True, track_running_stats=True)
      (conv3): Conv2d(512, 2048, kernel_size=(1, 1), stride=(1, 1), bias=False)
      (bn3): BatchNorm2d(2048, eps=1e-05, momentum=0.1, affine=True, track_running_stats=True)
      (relu): ReLU(inplace=True)
      (downsample): Sequential(
        (0): Conv2d(1024, 2048, kernel_size=(1, 1), stride=(2, 2), bias=False)
        (1): BatchNorm2d(2048, eps=1e-05, momentum=0.1, affine=True, track_running_stats=True)
      )
    )
    (1): Bottleneck(
      (conv1): Conv2d(2048, 512, kernel_size=(1, 1), stride=(1, 1), bias=False)
      (bn1): BatchNorm2d(512, eps=1e-05, momentum=0.1, affine=True, track_running_stats=True)
      (conv2): Conv2d(512, 512, kernel_size=(3, 3), stride=(1, 1), padding=(1, 1), bias=False)
      (bn2): BatchNorm2d(512, eps=1e-05, momentum=0.1, affine=True, track_running_stats=True)
      (conv3): Conv2d(512, 2048, kernel_size=(1, 1), stride=(1, 1), bias=False)
      (bn3): BatchNorm2d(2048, eps=1e-05, momentum=0.1, affine=True, track_running_stats=True)
      (relu): ReLU(inplace=True)
    )
    (2): Bottleneck(
      (conv1): Conv2d(2048, 512, kernel_size=(1, 1), stride=(1, 1), bias=False)
      (bn1): BatchNorm2d(512, eps=1e-05, momentum=0.1, affine=True, track_running_stats=True)
      (conv2): Conv2d(512, 512, kernel_size=(3, 3), stride=(1, 1), padding=(1, 1), bias=False)
      (bn2): BatchNorm2d(512, eps=1e-05, momentum=0.1, affine=True, track_running_stats=True)
      (conv3): Conv2d(512, 2048, kernel_size=(1, 1), stride=(1, 1), bias=False)
      (bn3): BatchNorm2d(2048, eps=1e-05, momentum=0.1, affine=True, track_running_stats=True)
      (relu): ReLU(inplace=True)
    )
  )
  (avgpool): AdaptiveAvgPool2d(output_size=(1, 1))
  (fc): Linear(in_features=2048, out_features=10, bias=True)
)
2021-12-01 22:48:41.107 | INFO     | __main__:main_worker:216 - Loading checkpoint 'model/resnet50/model_best.pth.tar'
2021-12-01 22:48:41.215 | INFO     | __main__:main_worker:230 - Loaded checkpoint 'model/resnet50/model_best.pth.tar' (epoch 91)
2021-12-01 22:48:41.215 | WARNING  | __main__:main_worker:235 - Changing model's weights according to 'zero_mantissa_to_closest_exponent' with group size: 16
2021-12-01 22:48:41.254 | INFO     | __main__:convert_model:132 - Converting conv1.weight ...
2021-12-01 22:48:41.448 | INFO     | __main__:convert_model:118 - Skipping bn1.weight ...
2021-12-01 22:48:41.448 | INFO     | __main__:convert_model:118 - Skipping bn1.bias ...
2021-12-01 22:48:41.449 | INFO     | __main__:convert_model:132 - Converting layer1.0.conv1.weight ...
2021-12-01 22:48:41.534 | INFO     | __main__:convert_model:118 - Skipping layer1.0.bn1.weight ...
2021-12-01 22:48:41.534 | INFO     | __main__:convert_model:118 - Skipping layer1.0.bn1.bias ...
2021-12-01 22:48:41.534 | INFO     | __main__:convert_model:132 - Converting layer1.0.conv2.weight ...
2021-12-01 22:48:42.289 | INFO     | __main__:convert_model:118 - Skipping layer1.0.bn2.weight ...
2021-12-01 22:48:42.289 | INFO     | __main__:convert_model:118 - Skipping layer1.0.bn2.bias ...
2021-12-01 22:48:42.289 | INFO     | __main__:convert_model:132 - Converting layer1.0.conv3.weight ...
2021-12-01 22:48:42.625 | INFO     | __main__:convert_model:118 - Skipping layer1.0.bn3.weight ...
2021-12-01 22:48:42.625 | INFO     | __main__:convert_model:118 - Skipping layer1.0.bn3.bias ...
2021-12-01 22:48:42.625 | INFO     | __main__:convert_model:118 - Skipping layer1.0.downsample.0.weight ...
2021-12-01 22:48:42.625 | INFO     | __main__:convert_model:118 - Skipping layer1.0.downsample.1.weight ...
2021-12-01 22:48:42.625 | INFO     | __main__:convert_model:118 - Skipping layer1.0.downsample.1.bias ...
2021-12-01 22:48:42.625 | INFO     | __main__:convert_model:132 - Converting layer1.1.conv1.weight ...
2021-12-01 22:48:42.960 | INFO     | __main__:convert_model:118 - Skipping layer1.1.bn1.weight ...
2021-12-01 22:48:42.960 | INFO     | __main__:convert_model:118 - Skipping layer1.1.bn1.bias ...
2021-12-01 22:48:42.960 | INFO     | __main__:convert_model:132 - Converting layer1.1.conv2.weight ...
2021-12-01 22:48:43.711 | INFO     | __main__:convert_model:118 - Skipping layer1.1.bn2.weight ...
2021-12-01 22:48:43.711 | INFO     | __main__:convert_model:118 - Skipping layer1.1.bn2.bias ...
2021-12-01 22:48:43.711 | INFO     | __main__:convert_model:132 - Converting layer1.1.conv3.weight ...
2021-12-01 22:48:44.046 | INFO     | __main__:convert_model:118 - Skipping layer1.1.bn3.weight ...
2021-12-01 22:48:44.046 | INFO     | __main__:convert_model:118 - Skipping layer1.1.bn3.bias ...
2021-12-01 22:48:44.046 | INFO     | __main__:convert_model:132 - Converting layer1.2.conv1.weight ...
2021-12-01 22:48:44.381 | INFO     | __main__:convert_model:118 - Skipping layer1.2.bn1.weight ...
2021-12-01 22:48:44.381 | INFO     | __main__:convert_model:118 - Skipping layer1.2.bn1.bias ...
2021-12-01 22:48:44.381 | INFO     | __main__:convert_model:132 - Converting layer1.2.conv2.weight ...
2021-12-01 22:48:45.130 | INFO     | __main__:convert_model:118 - Skipping layer1.2.bn2.weight ...
2021-12-01 22:48:45.130 | INFO     | __main__:convert_model:118 - Skipping layer1.2.bn2.bias ...
2021-12-01 22:48:45.130 | INFO     | __main__:convert_model:132 - Converting layer1.2.conv3.weight ...
2021-12-01 22:48:45.464 | INFO     | __main__:convert_model:118 - Skipping layer1.2.bn3.weight ...
2021-12-01 22:48:45.464 | INFO     | __main__:convert_model:118 - Skipping layer1.2.bn3.bias ...
2021-12-01 22:48:45.464 | INFO     | __main__:convert_model:132 - Converting layer2.0.conv1.weight ...
2021-12-01 22:48:46.133 | INFO     | __main__:convert_model:118 - Skipping layer2.0.bn1.weight ...
2021-12-01 22:48:46.133 | INFO     | __main__:convert_model:118 - Skipping layer2.0.bn1.bias ...
2021-12-01 22:48:46.133 | INFO     | __main__:convert_model:132 - Converting layer2.0.conv2.weight ...
2021-12-01 22:48:49.149 | INFO     | __main__:convert_model:118 - Skipping layer2.0.bn2.weight ...
2021-12-01 22:48:49.150 | INFO     | __main__:convert_model:118 - Skipping layer2.0.bn2.bias ...
2021-12-01 22:48:49.150 | INFO     | __main__:convert_model:132 - Converting layer2.0.conv3.weight ...
2021-12-01 22:48:50.484 | INFO     | __main__:convert_model:118 - Skipping layer2.0.bn3.weight ...
2021-12-01 22:48:50.484 | INFO     | __main__:convert_model:118 - Skipping layer2.0.bn3.bias ...
2021-12-01 22:48:50.484 | INFO     | __main__:convert_model:118 - Skipping layer2.0.downsample.0.weight ...
2021-12-01 22:48:50.484 | INFO     | __main__:convert_model:118 - Skipping layer2.0.downsample.1.weight ...
2021-12-01 22:48:50.484 | INFO     | __main__:convert_model:118 - Skipping layer2.0.downsample.1.bias ...
2021-12-01 22:48:50.484 | INFO     | __main__:convert_model:132 - Converting layer2.1.conv1.weight ...
2021-12-01 22:48:51.824 | INFO     | __main__:convert_model:118 - Skipping layer2.1.bn1.weight ...
2021-12-01 22:48:51.824 | INFO     | __main__:convert_model:118 - Skipping layer2.1.bn1.bias ...
2021-12-01 22:48:51.824 | INFO     | __main__:convert_model:132 - Converting layer2.1.conv2.weight ...
2021-12-01 22:48:54.812 | INFO     | __main__:convert_model:118 - Skipping layer2.1.bn2.weight ...
2021-12-01 22:48:54.812 | INFO     | __main__:convert_model:118 - Skipping layer2.1.bn2.bias ...
2021-12-01 22:48:54.813 | INFO     | __main__:convert_model:132 - Converting layer2.1.conv3.weight ...
2021-12-01 22:48:56.151 | INFO     | __main__:convert_model:118 - Skipping layer2.1.bn3.weight ...
2021-12-01 22:48:56.152 | INFO     | __main__:convert_model:118 - Skipping layer2.1.bn3.bias ...
2021-12-01 22:48:56.152 | INFO     | __main__:convert_model:132 - Converting layer2.2.conv1.weight ...
2021-12-01 22:48:57.484 | INFO     | __main__:convert_model:118 - Skipping layer2.2.bn1.weight ...
2021-12-01 22:48:57.484 | INFO     | __main__:convert_model:118 - Skipping layer2.2.bn1.bias ...
2021-12-01 22:48:57.484 | INFO     | __main__:convert_model:132 - Converting layer2.2.conv2.weight ...
2021-12-01 22:49:00.512 | INFO     | __main__:convert_model:118 - Skipping layer2.2.bn2.weight ...
2021-12-01 22:49:00.513 | INFO     | __main__:convert_model:118 - Skipping layer2.2.bn2.bias ...
2021-12-01 22:49:00.513 | INFO     | __main__:convert_model:132 - Converting layer2.2.conv3.weight ...
2021-12-01 22:49:01.848 | INFO     | __main__:convert_model:118 - Skipping layer2.2.bn3.weight ...
2021-12-01 22:49:01.848 | INFO     | __main__:convert_model:118 - Skipping layer2.2.bn3.bias ...
2021-12-01 22:49:01.848 | INFO     | __main__:convert_model:132 - Converting layer2.3.conv1.weight ...
2021-12-01 22:49:03.186 | INFO     | __main__:convert_model:118 - Skipping layer2.3.bn1.weight ...
2021-12-01 22:49:03.186 | INFO     | __main__:convert_model:118 - Skipping layer2.3.bn1.bias ...
2021-12-01 22:49:03.186 | INFO     | __main__:convert_model:132 - Converting layer2.3.conv2.weight ...
2021-12-01 22:49:06.178 | INFO     | __main__:convert_model:118 - Skipping layer2.3.bn2.weight ...
2021-12-01 22:49:06.178 | INFO     | __main__:convert_model:118 - Skipping layer2.3.bn2.bias ...
2021-12-01 22:49:06.179 | INFO     | __main__:convert_model:132 - Converting layer2.3.conv3.weight ...
2021-12-01 22:49:07.512 | INFO     | __main__:convert_model:118 - Skipping layer2.3.bn3.weight ...
2021-12-01 22:49:07.512 | INFO     | __main__:convert_model:118 - Skipping layer2.3.bn3.bias ...
2021-12-01 22:49:07.512 | INFO     | __main__:convert_model:132 - Converting layer3.0.conv1.weight ...
2021-12-01 22:49:10.168 | INFO     | __main__:convert_model:118 - Skipping layer3.0.bn1.weight ...
2021-12-01 22:49:10.169 | INFO     | __main__:convert_model:118 - Skipping layer3.0.bn1.bias ...
2021-12-01 22:49:10.169 | INFO     | __main__:convert_model:132 - Converting layer3.0.conv2.weight ...
2021-12-01 22:49:22.403 | INFO     | __main__:convert_model:118 - Skipping layer3.0.bn2.weight ...
2021-12-01 22:49:22.403 | INFO     | __main__:convert_model:118 - Skipping layer3.0.bn2.bias ...
2021-12-01 22:49:22.403 | INFO     | __main__:convert_model:132 - Converting layer3.0.conv3.weight ...
2021-12-01 22:49:27.780 | INFO     | __main__:convert_model:118 - Skipping layer3.0.bn3.weight ...
2021-12-01 22:49:27.781 | INFO     | __main__:convert_model:118 - Skipping layer3.0.bn3.bias ...
2021-12-01 22:49:27.781 | INFO     | __main__:convert_model:118 - Skipping layer3.0.downsample.0.weight ...
2021-12-01 22:49:27.781 | INFO     | __main__:convert_model:118 - Skipping layer3.0.downsample.1.weight ...
2021-12-01 22:49:27.781 | INFO     | __main__:convert_model:118 - Skipping layer3.0.downsample.1.bias ...
2021-12-01 22:49:27.781 | INFO     | __main__:convert_model:132 - Converting layer3.1.conv1.weight ...
2021-12-01 22:49:33.108 | INFO     | __main__:convert_model:118 - Skipping layer3.1.bn1.weight ...
2021-12-01 22:49:33.108 | INFO     | __main__:convert_model:118 - Skipping layer3.1.bn1.bias ...
2021-12-01 22:49:33.109 | INFO     | __main__:convert_model:132 - Converting layer3.1.conv2.weight ...
2021-12-01 22:49:45.487 | INFO     | __main__:convert_model:118 - Skipping layer3.1.bn2.weight ...
2021-12-01 22:49:45.487 | INFO     | __main__:convert_model:118 - Skipping layer3.1.bn2.bias ...
2021-12-01 22:49:45.487 | INFO     | __main__:convert_model:132 - Converting layer3.1.conv3.weight ...
2021-12-01 22:49:51.231 | INFO     | __main__:convert_model:118 - Skipping layer3.1.bn3.weight ...
2021-12-01 22:49:51.231 | INFO     | __main__:convert_model:118 - Skipping layer3.1.bn3.bias ...
2021-12-01 22:49:51.232 | INFO     | __main__:convert_model:132 - Converting layer3.2.conv1.weight ...
2021-12-01 22:49:56.558 | INFO     | __main__:convert_model:118 - Skipping layer3.2.bn1.weight ...
2021-12-01 22:49:56.558 | INFO     | __main__:convert_model:118 - Skipping layer3.2.bn1.bias ...
2021-12-01 22:49:56.558 | INFO     | __main__:convert_model:132 - Converting layer3.2.conv2.weight ...
2021-12-01 22:50:08.934 | INFO     | __main__:convert_model:118 - Skipping layer3.2.bn2.weight ...
2021-12-01 22:50:08.934 | INFO     | __main__:convert_model:118 - Skipping layer3.2.bn2.bias ...
2021-12-01 22:50:08.934 | INFO     | __main__:convert_model:132 - Converting layer3.2.conv3.weight ...
2021-12-01 22:50:14.678 | INFO     | __main__:convert_model:118 - Skipping layer3.2.bn3.weight ...
2021-12-01 22:50:14.678 | INFO     | __main__:convert_model:118 - Skipping layer3.2.bn3.bias ...
2021-12-01 22:50:14.678 | INFO     | __main__:convert_model:132 - Converting layer3.3.conv1.weight ...
2021-12-01 22:50:20.018 | INFO     | __main__:convert_model:118 - Skipping layer3.3.bn1.weight ...
2021-12-01 22:50:20.018 | INFO     | __main__:convert_model:118 - Skipping layer3.3.bn1.bias ...
2021-12-01 22:50:20.018 | INFO     | __main__:convert_model:132 - Converting layer3.3.conv2.weight ...
2021-12-01 22:50:32.443 | INFO     | __main__:convert_model:118 - Skipping layer3.3.bn2.weight ...
2021-12-01 22:50:32.443 | INFO     | __main__:convert_model:118 - Skipping layer3.3.bn2.bias ...
2021-12-01 22:50:32.443 | INFO     | __main__:convert_model:132 - Converting layer3.3.conv3.weight ...
2021-12-01 22:50:38.182 | INFO     | __main__:convert_model:118 - Skipping layer3.3.bn3.weight ...
2021-12-01 22:50:38.182 | INFO     | __main__:convert_model:118 - Skipping layer3.3.bn3.bias ...
2021-12-01 22:50:38.182 | INFO     | __main__:convert_model:132 - Converting layer3.4.conv1.weight ...
2021-12-01 22:50:43.539 | INFO     | __main__:convert_model:118 - Skipping layer3.4.bn1.weight ...
2021-12-01 22:50:43.539 | INFO     | __main__:convert_model:118 - Skipping layer3.4.bn1.bias ...
2021-12-01 22:50:43.539 | INFO     | __main__:convert_model:132 - Converting layer3.4.conv2.weight ...
2021-12-01 22:50:55.949 | INFO     | __main__:convert_model:118 - Skipping layer3.4.bn2.weight ...
2021-12-01 22:50:55.949 | INFO     | __main__:convert_model:118 - Skipping layer3.4.bn2.bias ...
2021-12-01 22:50:55.949 | INFO     | __main__:convert_model:132 - Converting layer3.4.conv3.weight ...
2021-12-01 22:51:01.513 | INFO     | __main__:convert_model:118 - Skipping layer3.4.bn3.weight ...
2021-12-01 22:51:01.513 | INFO     | __main__:convert_model:118 - Skipping layer3.4.bn3.bias ...
2021-12-01 22:51:01.513 | INFO     | __main__:convert_model:132 - Converting layer3.5.conv1.weight ...
2021-12-01 22:51:07.034 | INFO     | __main__:convert_model:118 - Skipping layer3.5.bn1.weight ...
2021-12-01 22:51:07.034 | INFO     | __main__:convert_model:118 - Skipping layer3.5.bn1.bias ...
2021-12-01 22:51:07.035 | INFO     | __main__:convert_model:132 - Converting layer3.5.conv2.weight ...
2021-12-01 22:51:19.447 | INFO     | __main__:convert_model:118 - Skipping layer3.5.bn2.weight ...
2021-12-01 22:51:19.448 | INFO     | __main__:convert_model:118 - Skipping layer3.5.bn2.bias ...
2021-12-01 22:51:19.448 | INFO     | __main__:convert_model:132 - Converting layer3.5.conv3.weight ...
2021-12-01 22:51:25.077 | INFO     | __main__:convert_model:118 - Skipping layer3.5.bn3.weight ...
2021-12-01 22:51:25.077 | INFO     | __main__:convert_model:118 - Skipping layer3.5.bn3.bias ...
2021-12-01 22:51:25.077 | INFO     | __main__:convert_model:132 - Converting layer4.0.conv1.weight ...
2021-12-01 22:51:35.779 | INFO     | __main__:convert_model:118 - Skipping layer4.0.bn1.weight ...
2021-12-01 22:51:35.779 | INFO     | __main__:convert_model:118 - Skipping layer4.0.bn1.bias ...
2021-12-01 22:51:35.779 | INFO     | __main__:convert_model:132 - Converting layer4.0.conv2.weight ...
2021-12-01 22:52:27.529 | INFO     | __main__:convert_model:118 - Skipping layer4.0.bn2.weight ...
2021-12-01 22:52:27.529 | INFO     | __main__:convert_model:118 - Skipping layer4.0.bn2.bias ...
2021-12-01 22:52:27.529 | INFO     | __main__:convert_model:132 - Converting layer4.0.conv3.weight ...
2021-12-01 22:52:50.134 | INFO     | __main__:convert_model:118 - Skipping layer4.0.bn3.weight ...
2021-12-01 22:52:50.134 | INFO     | __main__:convert_model:118 - Skipping layer4.0.bn3.bias ...
2021-12-01 22:52:50.134 | INFO     | __main__:convert_model:118 - Skipping layer4.0.downsample.0.weight ...
2021-12-01 22:52:50.134 | INFO     | __main__:convert_model:118 - Skipping layer4.0.downsample.1.weight ...
2021-12-01 22:52:50.134 | INFO     | __main__:convert_model:118 - Skipping layer4.0.downsample.1.bias ...
2021-12-01 22:52:50.134 | INFO     | __main__:convert_model:132 - Converting layer4.1.conv1.weight ...
2021-12-01 22:53:13.157 | INFO     | __main__:convert_model:118 - Skipping layer4.1.bn1.weight ...
2021-12-01 22:53:13.157 | INFO     | __main__:convert_model:118 - Skipping layer4.1.bn1.bias ...
2021-12-01 22:53:13.157 | INFO     | __main__:convert_model:132 - Converting layer4.1.conv2.weight ...
2021-12-01 22:54:05.106 | INFO     | __main__:convert_model:118 - Skipping layer4.1.bn2.weight ...
2021-12-01 22:54:05.106 | INFO     | __main__:convert_model:118 - Skipping layer4.1.bn2.bias ...
2021-12-01 22:54:05.106 | INFO     | __main__:convert_model:132 - Converting layer4.1.conv3.weight ...
2021-12-01 22:54:29.392 | INFO     | __main__:convert_model:118 - Skipping layer4.1.bn3.weight ...
2021-12-01 22:54:29.392 | INFO     | __main__:convert_model:118 - Skipping layer4.1.bn3.bias ...
2021-12-01 22:54:29.392 | INFO     | __main__:convert_model:132 - Converting layer4.2.conv1.weight ...
2021-12-01 22:54:53.357 | INFO     | __main__:convert_model:118 - Skipping layer4.2.bn1.weight ...
2021-12-01 22:54:53.358 | INFO     | __main__:convert_model:118 - Skipping layer4.2.bn1.bias ...
2021-12-01 22:54:53.358 | INFO     | __main__:convert_model:132 - Converting layer4.2.conv2.weight ...
2021-12-01 22:55:43.506 | INFO     | __main__:convert_model:118 - Skipping layer4.2.bn2.weight ...
2021-12-01 22:55:43.506 | INFO     | __main__:convert_model:118 - Skipping layer4.2.bn2.bias ...
2021-12-01 22:55:43.506 | INFO     | __main__:convert_model:132 - Converting layer4.2.conv3.weight ...
2021-12-01 22:56:06.322 | INFO     | __main__:convert_model:118 - Skipping layer4.2.bn3.weight ...
2021-12-01 22:56:06.322 | INFO     | __main__:convert_model:118 - Skipping layer4.2.bn3.bias ...
2021-12-01 22:56:06.322 | INFO     | __main__:convert_model:132 - Converting fc.weight ...
2021-12-01 22:56:06.737 | INFO     | __main__:convert_model:127 - Converting fc.bias with group size: 10. (W.numel()(=10) < 16) ...
2021-12-01 22:56:06.775 | INFO     | __main__:main_worker:247 - Train Dir: data/imagenette2/train | Val Dir: data/imagenette2/val
2021-12-01 22:56:06.808 | INFO     | __main__:main_worker:272 - args.evaluate=True: Doing evaluation once, and exit
2021-12-01 22:56:07.791 | INFO     | __main__:display:449 - Test: [  0/123]	Time  0.982 ( 0.982)	Loss 4.2845e-01 (4.2845e-01)	Acc@1  87.50 ( 87.50)	Acc@5  93.75 ( 93.75)
2021-12-01 22:56:08.296 | INFO     | __main__:display:449 - Test: [ 10/123]	Time  0.164 ( 0.135)	Loss 7.4505e-01 (4.1371e-01)	Acc@1  81.25 ( 88.64)	Acc@5  96.88 ( 97.73)
2021-12-01 22:56:08.713 | INFO     | __main__:display:449 - Test: [ 20/123]	Time  0.038 ( 0.091)	Loss 9.9381e-01 (6.2932e-01)	Acc@1  71.88 ( 81.10)	Acc@5  90.62 ( 96.58)
2021-12-01 22:56:09.101 | INFO     | __main__:display:449 - Test: [ 30/123]	Time  0.037 ( 0.074)	Loss 5.2323e-01 (6.2979e-01)	Acc@1  84.38 ( 81.15)	Acc@5  96.88 ( 96.27)
2021-12-01 22:56:09.478 | INFO     | __main__:display:449 - Test: [ 40/123]	Time  0.038 ( 0.065)	Loss 1.4003e+00 (6.4102e-01)	Acc@1  46.88 ( 80.49)	Acc@5 100.00 ( 96.88)
2021-12-01 22:56:09.872 | INFO     | __main__:display:449 - Test: [ 50/123]	Time  0.037 ( 0.060)	Loss 4.5108e-01 (6.5527e-01)	Acc@1  87.50 ( 80.02)	Acc@5  96.88 ( 97.24)
2021-12-01 22:56:10.395 | INFO     | __main__:display:449 - Test: [ 60/123]	Time  0.037 ( 0.059)	Loss 5.4595e-01 (5.8704e-01)	Acc@1  84.38 ( 82.22)	Acc@5  96.88 ( 97.54)
2021-12-01 22:56:10.852 | INFO     | __main__:display:449 - Test: [ 70/123]	Time  0.042 ( 0.057)	Loss 3.7290e-01 (5.9159e-01)	Acc@1  90.62 ( 82.00)	Acc@5  96.88 ( 97.71)
2021-12-01 22:56:11.440 | INFO     | __main__:display:449 - Test: [ 80/123]	Time  0.038 ( 0.057)	Loss 8.7070e-01 (5.7891e-01)	Acc@1  75.00 ( 82.21)	Acc@5 100.00 ( 97.92)
2021-12-01 22:56:11.926 | INFO     | __main__:display:449 - Test: [ 90/123]	Time  0.038 ( 0.056)	Loss 4.0577e-01 (5.8325e-01)	Acc@1  87.50 ( 82.07)	Acc@5 100.00 ( 98.01)
2021-12-01 22:56:12.510 | INFO     | __main__:display:449 - Test: [100/123]	Time  0.038 ( 0.056)	Loss 1.7019e+00 (6.2700e-01)	Acc@1  53.12 ( 80.54)	Acc@5  87.50 ( 97.77)
2021-12-01 22:56:12.897 | INFO     | __main__:display:449 - Test: [110/123]	Time  0.038 ( 0.055)	Loss 6.9296e-01 (6.5934e-01)	Acc@1  81.25 ( 79.56)	Acc@5  96.88 ( 97.58)
2021-12-01 22:56:13.416 | INFO     | __main__:display:449 - Test: [120/123]	Time  0.037 ( 0.055)	Loss 5.5443e-01 (6.5573e-01)	Acc@1  84.38 ( 79.57)	Acc@5  96.88 ( 97.60)
2021-12-01 22:56:13.753 | INFO     | __main__:display_summary:454 -  *   Acc@1 79.338 Acc@5 97.554
