2021-12-01 22:56:14.470 | INFO     | __main__:main:152 - Log into log/resnet50/zero_mantissa_to_closest_exponent/group_size:8/2021-12-01-22:56:14.log
2021-12-01 22:56:14.470 | WARNING  | __main__:main:165 - You have chosen a specific GPU. This will completely disable data parallelism.
2021-12-01 22:56:14.470 | INFO     | __main__:main_worker:175 - Use GPU: 0 for training
2021-12-01 22:56:14.471 | INFO     | __main__:main_worker:179 - Using pre-trained model 'resnet50'
2021-12-01 22:56:14.849 | WARNING  | __main__:main_worker:186 - Replacing model's last FC layer by torch.nn.Linear(2048, 10)
2021-12-01 22:56:14.850 | INFO     | __main__:main_worker:188 - 
ResNet(
  (conv1): Conv2d(3, 64, kernel_size=(7, 7), stride=(2, 2), padding=(3, 3), bias=False)
  (bn1): BatchNorm2d(64, eps=1e-05, momentum=0.1, affine=True, track_running_stats=True)
  (relu): ReLU(inplace=True)
  (maxpool): MaxPool2d(kernel_size=3, stride=2, padding=1, dilation=1, ceil_mode=False)
  (layer1): Sequential(
    (0): Bottleneck(
      (conv1): Conv2d(64, 64, kernel_size=(1, 1), stride=(1, 1), bias=False)
      (bn1): BatchNorm2d(64, eps=1e-05, momentum=0.1, affine=True, track_running_stats=True)
      (conv2): Conv2d(64, 64, kernel_size=(3, 3), stride=(1, 1), padding=(1, 1), bias=False)
      (bn2): BatchNorm2d(64, eps=1e-05, momentum=0.1, affine=True, track_running_stats=True)
      (conv3): Conv2d(64, 256, kernel_size=(1, 1), stride=(1, 1), bias=False)
      (bn3): BatchNorm2d(256, eps=1e-05, momentum=0.1, affine=True, track_running_stats=True)
      (relu): ReLU(inplace=True)
      (downsample): Sequential(
        (0): Conv2d(64, 256, kernel_size=(1, 1), stride=(1, 1), bias=False)
        (1): BatchNorm2d(256, eps=1e-05, momentum=0.1, affine=True, track_running_stats=True)
      )
    )
    (1): Bottleneck(
      (conv1): Conv2d(256, 64, kernel_size=(1, 1), stride=(1, 1), bias=False)
      (bn1): BatchNorm2d(64, eps=1e-05, momentum=0.1, affine=True, track_running_stats=True)
      (conv2): Conv2d(64, 64, kernel_size=(3, 3), stride=(1, 1), padding=(1, 1), bias=False)
      (bn2): BatchNorm2d(64, eps=1e-05, momentum=0.1, affine=True, track_running_stats=True)
      (conv3): Conv2d(64, 256, kernel_size=(1, 1), stride=(1, 1), bias=False)
      (bn3): BatchNorm2d(256, eps=1e-05, momentum=0.1, affine=True, track_running_stats=True)
      (relu): ReLU(inplace=True)
    )
    (2): Bottleneck(
      (conv1): Conv2d(256, 64, kernel_size=(1, 1), stride=(1, 1), bias=False)
      (bn1): BatchNorm2d(64, eps=1e-05, momentum=0.1, affine=True, track_running_stats=True)
      (conv2): Conv2d(64, 64, kernel_size=(3, 3), stride=(1, 1), padding=(1, 1), bias=False)
      (bn2): BatchNorm2d(64, eps=1e-05, momentum=0.1, affine=True, track_running_stats=True)
      (conv3): Conv2d(64, 256, kernel_size=(1, 1), stride=(1, 1), bias=False)
      (bn3): BatchNorm2d(256, eps=1e-05, momentum=0.1, affine=True, track_running_stats=True)
      (relu): ReLU(inplace=True)
    )
  )
  (layer2): Sequential(
    (0): Bottleneck(
      (conv1): Conv2d(256, 128, kernel_size=(1, 1), stride=(1, 1), bias=False)
      (bn1): BatchNorm2d(128, eps=1e-05, momentum=0.1, affine=True, track_running_stats=True)
      (conv2): Conv2d(128, 128, kernel_size=(3, 3), stride=(2, 2), padding=(1, 1), bias=False)
      (bn2): BatchNorm2d(128, eps=1e-05, momentum=0.1, affine=True, track_running_stats=True)
      (conv3): Conv2d(128, 512, kernel_size=(1, 1), stride=(1, 1), bias=False)
      (bn3): BatchNorm2d(512, eps=1e-05, momentum=0.1, affine=True, track_running_stats=True)
      (relu): ReLU(inplace=True)
      (downsample): Sequential(
        (0): Conv2d(256, 512, kernel_size=(1, 1), stride=(2, 2), bias=False)
        (1): BatchNorm2d(512, eps=1e-05, momentum=0.1, affine=True, track_running_stats=True)
      )
    )
    (1): Bottleneck(
      (conv1): Conv2d(512, 128, kernel_size=(1, 1), stride=(1, 1), bias=False)
      (bn1): BatchNorm2d(128, eps=1e-05, momentum=0.1, affine=True, track_running_stats=True)
      (conv2): Conv2d(128, 128, kernel_size=(3, 3), stride=(1, 1), padding=(1, 1), bias=False)
      (bn2): BatchNorm2d(128, eps=1e-05, momentum=0.1, affine=True, track_running_stats=True)
      (conv3): Conv2d(128, 512, kernel_size=(1, 1), stride=(1, 1), bias=False)
      (bn3): BatchNorm2d(512, eps=1e-05, momentum=0.1, affine=True, track_running_stats=True)
      (relu): ReLU(inplace=True)
    )
    (2): Bottleneck(
      (conv1): Conv2d(512, 128, kernel_size=(1, 1), stride=(1, 1), bias=False)
      (bn1): BatchNorm2d(128, eps=1e-05, momentum=0.1, affine=True, track_running_stats=True)
      (conv2): Conv2d(128, 128, kernel_size=(3, 3), stride=(1, 1), padding=(1, 1), bias=False)
      (bn2): BatchNorm2d(128, eps=1e-05, momentum=0.1, affine=True, track_running_stats=True)
      (conv3): Conv2d(128, 512, kernel_size=(1, 1), stride=(1, 1), bias=False)
      (bn3): BatchNorm2d(512, eps=1e-05, momentum=0.1, affine=True, track_running_stats=True)
      (relu): ReLU(inplace=True)
    )
    (3): Bottleneck(
      (conv1): Conv2d(512, 128, kernel_size=(1, 1), stride=(1, 1), bias=False)
      (bn1): BatchNorm2d(128, eps=1e-05, momentum=0.1, affine=True, track_running_stats=True)
      (conv2): Conv2d(128, 128, kernel_size=(3, 3), stride=(1, 1), padding=(1, 1), bias=False)
      (bn2): BatchNorm2d(128, eps=1e-05, momentum=0.1, affine=True, track_running_stats=True)
      (conv3): Conv2d(128, 512, kernel_size=(1, 1), stride=(1, 1), bias=False)
      (bn3): BatchNorm2d(512, eps=1e-05, momentum=0.1, affine=True, track_running_stats=True)
      (relu): ReLU(inplace=True)
    )
  )
  (layer3): Sequential(
    (0): Bottleneck(
      (conv1): Conv2d(512, 256, kernel_size=(1, 1), stride=(1, 1), bias=False)
      (bn1): BatchNorm2d(256, eps=1e-05, momentum=0.1, affine=True, track_running_stats=True)
      (conv2): Conv2d(256, 256, kernel_size=(3, 3), stride=(2, 2), padding=(1, 1), bias=False)
      (bn2): BatchNorm2d(256, eps=1e-05, momentum=0.1, affine=True, track_running_stats=True)
      (conv3): Conv2d(256, 1024, kernel_size=(1, 1), stride=(1, 1), bias=False)
      (bn3): BatchNorm2d(1024, eps=1e-05, momentum=0.1, affine=True, track_running_stats=True)
      (relu): ReLU(inplace=True)
      (downsample): Sequential(
        (0): Conv2d(512, 1024, kernel_size=(1, 1), stride=(2, 2), bias=False)
        (1): BatchNorm2d(1024, eps=1e-05, momentum=0.1, affine=True, track_running_stats=True)
      )
    )
    (1): Bottleneck(
      (conv1): Conv2d(1024, 256, kernel_size=(1, 1), stride=(1, 1), bias=False)
      (bn1): BatchNorm2d(256, eps=1e-05, momentum=0.1, affine=True, track_running_stats=True)
      (conv2): Conv2d(256, 256, kernel_size=(3, 3), stride=(1, 1), padding=(1, 1), bias=False)
      (bn2): BatchNorm2d(256, eps=1e-05, momentum=0.1, affine=True, track_running_stats=True)
      (conv3): Conv2d(256, 1024, kernel_size=(1, 1), stride=(1, 1), bias=False)
      (bn3): BatchNorm2d(1024, eps=1e-05, momentum=0.1, affine=True, track_running_stats=True)
      (relu): ReLU(inplace=True)
    )
    (2): Bottleneck(
      (conv1): Conv2d(1024, 256, kernel_size=(1, 1), stride=(1, 1), bias=False)
      (bn1): BatchNorm2d(256, eps=1e-05, momentum=0.1, affine=True, track_running_stats=True)
      (conv2): Conv2d(256, 256, kernel_size=(3, 3), stride=(1, 1), padding=(1, 1), bias=False)
      (bn2): BatchNorm2d(256, eps=1e-05, momentum=0.1, affine=True, track_running_stats=True)
      (conv3): Conv2d(256, 1024, kernel_size=(1, 1), stride=(1, 1), bias=False)
      (bn3): BatchNorm2d(1024, eps=1e-05, momentum=0.1, affine=True, track_running_stats=True)
      (relu): ReLU(inplace=True)
    )
    (3): Bottleneck(
      (conv1): Conv2d(1024, 256, kernel_size=(1, 1), stride=(1, 1), bias=False)
      (bn1): BatchNorm2d(256, eps=1e-05, momentum=0.1, affine=True, track_running_stats=True)
      (conv2): Conv2d(256, 256, kernel_size=(3, 3), stride=(1, 1), padding=(1, 1), bias=False)
      (bn2): BatchNorm2d(256, eps=1e-05, momentum=0.1, affine=True, track_running_stats=True)
      (conv3): Conv2d(256, 1024, kernel_size=(1, 1), stride=(1, 1), bias=False)
      (bn3): BatchNorm2d(1024, eps=1e-05, momentum=0.1, affine=True, track_running_stats=True)
      (relu): ReLU(inplace=True)
    )
    (4): Bottleneck(
      (conv1): Conv2d(1024, 256, kernel_size=(1, 1), stride=(1, 1), bias=False)
      (bn1): BatchNorm2d(256, eps=1e-05, momentum=0.1, affine=True, track_running_stats=True)
      (conv2): Conv2d(256, 256, kernel_size=(3, 3), stride=(1, 1), padding=(1, 1), bias=False)
      (bn2): BatchNorm2d(256, eps=1e-05, momentum=0.1, affine=True, track_running_stats=True)
      (conv3): Conv2d(256, 1024, kernel_size=(1, 1), stride=(1, 1), bias=False)
      (bn3): BatchNorm2d(1024, eps=1e-05, momentum=0.1, affine=True, track_running_stats=True)
      (relu): ReLU(inplace=True)
    )
    (5): Bottleneck(
      (conv1): Conv2d(1024, 256, kernel_size=(1, 1), stride=(1, 1), bias=False)
      (bn1): BatchNorm2d(256, eps=1e-05, momentum=0.1, affine=True, track_running_stats=True)
      (conv2): Conv2d(256, 256, kernel_size=(3, 3), stride=(1, 1), padding=(1, 1), bias=False)
      (bn2): BatchNorm2d(256, eps=1e-05, momentum=0.1, affine=True, track_running_stats=True)
      (conv3): Conv2d(256, 1024, kernel_size=(1, 1), stride=(1, 1), bias=False)
      (bn3): BatchNorm2d(1024, eps=1e-05, momentum=0.1, affine=True, track_running_stats=True)
      (relu): ReLU(inplace=True)
    )
  )
  (layer4): Sequential(
    (0): Bottleneck(
      (conv1): Conv2d(1024, 512, kernel_size=(1, 1), stride=(1, 1), bias=False)
      (bn1): BatchNorm2d(512, eps=1e-05, momentum=0.1, affine=True, track_running_stats=True)
      (conv2): Conv2d(512, 512, kernel_size=(3, 3), stride=(2, 2), padding=(1, 1), bias=False)
      (bn2): BatchNorm2d(512, eps=1e-05, momentum=0.1, affine=True, track_running_stats=True)
      (conv3): Conv2d(512, 2048, kernel_size=(1, 1), stride=(1, 1), bias=False)
      (bn3): BatchNorm2d(2048, eps=1e-05, momentum=0.1, affine=True, track_running_stats=True)
      (relu): ReLU(inplace=True)
      (downsample): Sequential(
        (0): Conv2d(1024, 2048, kernel_size=(1, 1), stride=(2, 2), bias=False)
        (1): BatchNorm2d(2048, eps=1e-05, momentum=0.1, affine=True, track_running_stats=True)
      )
    )
    (1): Bottleneck(
      (conv1): Conv2d(2048, 512, kernel_size=(1, 1), stride=(1, 1), bias=False)
      (bn1): BatchNorm2d(512, eps=1e-05, momentum=0.1, affine=True, track_running_stats=True)
      (conv2): Conv2d(512, 512, kernel_size=(3, 3), stride=(1, 1), padding=(1, 1), bias=False)
      (bn2): BatchNorm2d(512, eps=1e-05, momentum=0.1, affine=True, track_running_stats=True)
      (conv3): Conv2d(512, 2048, kernel_size=(1, 1), stride=(1, 1), bias=False)
      (bn3): BatchNorm2d(2048, eps=1e-05, momentum=0.1, affine=True, track_running_stats=True)
      (relu): ReLU(inplace=True)
    )
    (2): Bottleneck(
      (conv1): Conv2d(2048, 512, kernel_size=(1, 1), stride=(1, 1), bias=False)
      (bn1): BatchNorm2d(512, eps=1e-05, momentum=0.1, affine=True, track_running_stats=True)
      (conv2): Conv2d(512, 512, kernel_size=(3, 3), stride=(1, 1), padding=(1, 1), bias=False)
      (bn2): BatchNorm2d(512, eps=1e-05, momentum=0.1, affine=True, track_running_stats=True)
      (conv3): Conv2d(512, 2048, kernel_size=(1, 1), stride=(1, 1), bias=False)
      (bn3): BatchNorm2d(2048, eps=1e-05, momentum=0.1, affine=True, track_running_stats=True)
      (relu): ReLU(inplace=True)
    )
  )
  (avgpool): AdaptiveAvgPool2d(output_size=(1, 1))
  (fc): Linear(in_features=2048, out_features=10, bias=True)
)
2021-12-01 22:56:16.741 | INFO     | __main__:main_worker:216 - Loading checkpoint 'model/resnet50/model_best.pth.tar'
2021-12-01 22:56:16.847 | INFO     | __main__:main_worker:230 - Loaded checkpoint 'model/resnet50/model_best.pth.tar' (epoch 91)
2021-12-01 22:56:16.847 | WARNING  | __main__:main_worker:235 - Changing model's weights according to 'zero_mantissa_to_closest_exponent' with group size: 8
2021-12-01 22:56:16.886 | INFO     | __main__:convert_model:132 - Converting conv1.weight ...
2021-12-01 22:56:17.080 | INFO     | __main__:convert_model:118 - Skipping bn1.weight ...
2021-12-01 22:56:17.080 | INFO     | __main__:convert_model:118 - Skipping bn1.bias ...
2021-12-01 22:56:17.081 | INFO     | __main__:convert_model:132 - Converting layer1.0.conv1.weight ...
2021-12-01 22:56:17.166 | INFO     | __main__:convert_model:118 - Skipping layer1.0.bn1.weight ...
2021-12-01 22:56:17.166 | INFO     | __main__:convert_model:118 - Skipping layer1.0.bn1.bias ...
2021-12-01 22:56:17.166 | INFO     | __main__:convert_model:132 - Converting layer1.0.conv2.weight ...
2021-12-01 22:56:17.928 | INFO     | __main__:convert_model:118 - Skipping layer1.0.bn2.weight ...
2021-12-01 22:56:17.929 | INFO     | __main__:convert_model:118 - Skipping layer1.0.bn2.bias ...
2021-12-01 22:56:17.929 | INFO     | __main__:convert_model:132 - Converting layer1.0.conv3.weight ...
2021-12-01 22:56:18.264 | INFO     | __main__:convert_model:118 - Skipping layer1.0.bn3.weight ...
2021-12-01 22:56:18.264 | INFO     | __main__:convert_model:118 - Skipping layer1.0.bn3.bias ...
2021-12-01 22:56:18.264 | INFO     | __main__:convert_model:118 - Skipping layer1.0.downsample.0.weight ...
2021-12-01 22:56:18.265 | INFO     | __main__:convert_model:118 - Skipping layer1.0.downsample.1.weight ...
2021-12-01 22:56:18.265 | INFO     | __main__:convert_model:118 - Skipping layer1.0.downsample.1.bias ...
2021-12-01 22:56:18.265 | INFO     | __main__:convert_model:132 - Converting layer1.1.conv1.weight ...
2021-12-01 22:56:18.601 | INFO     | __main__:convert_model:118 - Skipping layer1.1.bn1.weight ...
2021-12-01 22:56:18.601 | INFO     | __main__:convert_model:118 - Skipping layer1.1.bn1.bias ...
2021-12-01 22:56:18.601 | INFO     | __main__:convert_model:132 - Converting layer1.1.conv2.weight ...
2021-12-01 22:56:19.359 | INFO     | __main__:convert_model:118 - Skipping layer1.1.bn2.weight ...
2021-12-01 22:56:19.359 | INFO     | __main__:convert_model:118 - Skipping layer1.1.bn2.bias ...
2021-12-01 22:56:19.359 | INFO     | __main__:convert_model:132 - Converting layer1.1.conv3.weight ...
2021-12-01 22:56:19.696 | INFO     | __main__:convert_model:118 - Skipping layer1.1.bn3.weight ...
2021-12-01 22:56:19.696 | INFO     | __main__:convert_model:118 - Skipping layer1.1.bn3.bias ...
2021-12-01 22:56:19.696 | INFO     | __main__:convert_model:132 - Converting layer1.2.conv1.weight ...
2021-12-01 22:56:20.030 | INFO     | __main__:convert_model:118 - Skipping layer1.2.bn1.weight ...
2021-12-01 22:56:20.030 | INFO     | __main__:convert_model:118 - Skipping layer1.2.bn1.bias ...
2021-12-01 22:56:20.031 | INFO     | __main__:convert_model:132 - Converting layer1.2.conv2.weight ...
2021-12-01 22:56:20.790 | INFO     | __main__:convert_model:118 - Skipping layer1.2.bn2.weight ...
2021-12-01 22:56:20.790 | INFO     | __main__:convert_model:118 - Skipping layer1.2.bn2.bias ...
2021-12-01 22:56:20.790 | INFO     | __main__:convert_model:132 - Converting layer1.2.conv3.weight ...
2021-12-01 22:56:21.127 | INFO     | __main__:convert_model:118 - Skipping layer1.2.bn3.weight ...
2021-12-01 22:56:21.127 | INFO     | __main__:convert_model:118 - Skipping layer1.2.bn3.bias ...
2021-12-01 22:56:21.127 | INFO     | __main__:convert_model:132 - Converting layer2.0.conv1.weight ...
2021-12-01 22:56:21.899 | INFO     | __main__:convert_model:118 - Skipping layer2.0.bn1.weight ...
2021-12-01 22:56:21.899 | INFO     | __main__:convert_model:118 - Skipping layer2.0.bn1.bias ...
2021-12-01 22:56:21.899 | INFO     | __main__:convert_model:132 - Converting layer2.0.conv2.weight ...
2021-12-01 22:56:24.913 | INFO     | __main__:convert_model:118 - Skipping layer2.0.bn2.weight ...
2021-12-01 22:56:24.913 | INFO     | __main__:convert_model:118 - Skipping layer2.0.bn2.bias ...
2021-12-01 22:56:24.913 | INFO     | __main__:convert_model:132 - Converting layer2.0.conv3.weight ...
2021-12-01 22:56:26.250 | INFO     | __main__:convert_model:118 - Skipping layer2.0.bn3.weight ...
2021-12-01 22:56:26.250 | INFO     | __main__:convert_model:118 - Skipping layer2.0.bn3.bias ...
2021-12-01 22:56:26.251 | INFO     | __main__:convert_model:118 - Skipping layer2.0.downsample.0.weight ...
2021-12-01 22:56:26.251 | INFO     | __main__:convert_model:118 - Skipping layer2.0.downsample.1.weight ...
2021-12-01 22:56:26.251 | INFO     | __main__:convert_model:118 - Skipping layer2.0.downsample.1.bias ...
2021-12-01 22:56:26.251 | INFO     | __main__:convert_model:132 - Converting layer2.1.conv1.weight ...
2021-12-01 22:56:27.677 | INFO     | __main__:convert_model:118 - Skipping layer2.1.bn1.weight ...
2021-12-01 22:56:27.677 | INFO     | __main__:convert_model:118 - Skipping layer2.1.bn1.bias ...
2021-12-01 22:56:27.677 | INFO     | __main__:convert_model:132 - Converting layer2.1.conv2.weight ...
2021-12-01 22:56:30.672 | INFO     | __main__:convert_model:118 - Skipping layer2.1.bn2.weight ...
2021-12-01 22:56:30.673 | INFO     | __main__:convert_model:118 - Skipping layer2.1.bn2.bias ...
2021-12-01 22:56:30.673 | INFO     | __main__:convert_model:132 - Converting layer2.1.conv3.weight ...
2021-12-01 22:56:32.183 | INFO     | __main__:convert_model:118 - Skipping layer2.1.bn3.weight ...
2021-12-01 22:56:32.183 | INFO     | __main__:convert_model:118 - Skipping layer2.1.bn3.bias ...
2021-12-01 22:56:32.184 | INFO     | __main__:convert_model:132 - Converting layer2.2.conv1.weight ...
2021-12-01 22:56:33.546 | INFO     | __main__:convert_model:118 - Skipping layer2.2.bn1.weight ...
2021-12-01 22:56:33.547 | INFO     | __main__:convert_model:118 - Skipping layer2.2.bn1.bias ...
2021-12-01 22:56:33.547 | INFO     | __main__:convert_model:132 - Converting layer2.2.conv2.weight ...
2021-12-01 22:56:36.681 | INFO     | __main__:convert_model:118 - Skipping layer2.2.bn2.weight ...
2021-12-01 22:56:36.681 | INFO     | __main__:convert_model:118 - Skipping layer2.2.bn2.bias ...
2021-12-01 22:56:36.681 | INFO     | __main__:convert_model:132 - Converting layer2.2.conv3.weight ...
2021-12-01 22:56:38.019 | INFO     | __main__:convert_model:118 - Skipping layer2.2.bn3.weight ...
2021-12-01 22:56:38.019 | INFO     | __main__:convert_model:118 - Skipping layer2.2.bn3.bias ...
2021-12-01 22:56:38.019 | INFO     | __main__:convert_model:132 - Converting layer2.3.conv1.weight ...
2021-12-01 22:56:39.445 | INFO     | __main__:convert_model:118 - Skipping layer2.3.bn1.weight ...
2021-12-01 22:56:39.445 | INFO     | __main__:convert_model:118 - Skipping layer2.3.bn1.bias ...
2021-12-01 22:56:39.445 | INFO     | __main__:convert_model:132 - Converting layer2.3.conv2.weight ...
2021-12-01 22:56:42.451 | INFO     | __main__:convert_model:118 - Skipping layer2.3.bn2.weight ...
2021-12-01 22:56:42.451 | INFO     | __main__:convert_model:118 - Skipping layer2.3.bn2.bias ...
2021-12-01 22:56:42.451 | INFO     | __main__:convert_model:132 - Converting layer2.3.conv3.weight ...
2021-12-01 22:56:43.790 | INFO     | __main__:convert_model:118 - Skipping layer2.3.bn3.weight ...
2021-12-01 22:56:43.790 | INFO     | __main__:convert_model:118 - Skipping layer2.3.bn3.bias ...
2021-12-01 22:56:43.791 | INFO     | __main__:convert_model:132 - Converting layer3.0.conv1.weight ...
2021-12-01 22:56:46.720 | INFO     | __main__:convert_model:118 - Skipping layer3.0.bn1.weight ...
2021-12-01 22:56:46.721 | INFO     | __main__:convert_model:118 - Skipping layer3.0.bn1.bias ...
2021-12-01 22:56:46.721 | INFO     | __main__:convert_model:132 - Converting layer3.0.conv2.weight ...
2021-12-01 22:56:59.154 | INFO     | __main__:convert_model:118 - Skipping layer3.0.bn2.weight ...
2021-12-01 22:56:59.154 | INFO     | __main__:convert_model:118 - Skipping layer3.0.bn2.bias ...
2021-12-01 22:56:59.154 | INFO     | __main__:convert_model:132 - Converting layer3.0.conv3.weight ...
2021-12-01 22:57:04.824 | INFO     | __main__:convert_model:118 - Skipping layer3.0.bn3.weight ...
2021-12-01 22:57:04.825 | INFO     | __main__:convert_model:118 - Skipping layer3.0.bn3.bias ...
2021-12-01 22:57:04.825 | INFO     | __main__:convert_model:118 - Skipping layer3.0.downsample.0.weight ...
2021-12-01 22:57:04.825 | INFO     | __main__:convert_model:118 - Skipping layer3.0.downsample.1.weight ...
2021-12-01 22:57:04.825 | INFO     | __main__:convert_model:118 - Skipping layer3.0.downsample.1.bias ...
2021-12-01 22:57:04.825 | INFO     | __main__:convert_model:132 - Converting layer3.1.conv1.weight ...
2021-12-01 22:57:10.162 | INFO     | __main__:convert_model:118 - Skipping layer3.1.bn1.weight ...
2021-12-01 22:57:10.163 | INFO     | __main__:convert_model:118 - Skipping layer3.1.bn1.bias ...
2021-12-01 22:57:10.163 | INFO     | __main__:convert_model:132 - Converting layer3.1.conv2.weight ...
2021-12-01 22:57:22.562 | INFO     | __main__:convert_model:118 - Skipping layer3.1.bn2.weight ...
2021-12-01 22:57:22.562 | INFO     | __main__:convert_model:118 - Skipping layer3.1.bn2.bias ...
2021-12-01 22:57:22.563 | INFO     | __main__:convert_model:132 - Converting layer3.1.conv3.weight ...
2021-12-01 22:57:27.965 | INFO     | __main__:convert_model:118 - Skipping layer3.1.bn3.weight ...
2021-12-01 22:57:27.965 | INFO     | __main__:convert_model:118 - Skipping layer3.1.bn3.bias ...
2021-12-01 22:57:27.966 | INFO     | __main__:convert_model:132 - Converting layer3.2.conv1.weight ...
2021-12-01 22:57:33.398 | INFO     | __main__:convert_model:118 - Skipping layer3.2.bn1.weight ...
2021-12-01 22:57:33.398 | INFO     | __main__:convert_model:118 - Skipping layer3.2.bn1.bias ...
2021-12-01 22:57:33.398 | INFO     | __main__:convert_model:132 - Converting layer3.2.conv2.weight ...
2021-12-01 22:57:45.531 | INFO     | __main__:convert_model:118 - Skipping layer3.2.bn2.weight ...
2021-12-01 22:57:45.531 | INFO     | __main__:convert_model:118 - Skipping layer3.2.bn2.bias ...
2021-12-01 22:57:45.531 | INFO     | __main__:convert_model:132 - Converting layer3.2.conv3.weight ...
2021-12-01 22:57:50.949 | INFO     | __main__:convert_model:118 - Skipping layer3.2.bn3.weight ...
2021-12-01 22:57:50.950 | INFO     | __main__:convert_model:118 - Skipping layer3.2.bn3.bias ...
2021-12-01 22:57:50.950 | INFO     | __main__:convert_model:132 - Converting layer3.3.conv1.weight ...
2021-12-01 22:57:56.384 | INFO     | __main__:convert_model:118 - Skipping layer3.3.bn1.weight ...
2021-12-01 22:57:56.384 | INFO     | __main__:convert_model:118 - Skipping layer3.3.bn1.bias ...
2021-12-01 22:57:56.384 | INFO     | __main__:convert_model:132 - Converting layer3.3.conv2.weight ...
2021-12-01 22:58:08.567 | INFO     | __main__:convert_model:118 - Skipping layer3.3.bn2.weight ...
2021-12-01 22:58:08.567 | INFO     | __main__:convert_model:118 - Skipping layer3.3.bn2.bias ...
2021-12-01 22:58:08.567 | INFO     | __main__:convert_model:132 - Converting layer3.3.conv3.weight ...
2021-12-01 22:58:13.971 | INFO     | __main__:convert_model:118 - Skipping layer3.3.bn3.weight ...
2021-12-01 22:58:13.971 | INFO     | __main__:convert_model:118 - Skipping layer3.3.bn3.bias ...
2021-12-01 22:58:13.972 | INFO     | __main__:convert_model:132 - Converting layer3.4.conv1.weight ...
2021-12-01 22:58:19.399 | INFO     | __main__:convert_model:118 - Skipping layer3.4.bn1.weight ...
2021-12-01 22:58:19.399 | INFO     | __main__:convert_model:118 - Skipping layer3.4.bn1.bias ...
2021-12-01 22:58:19.399 | INFO     | __main__:convert_model:132 - Converting layer3.4.conv2.weight ...
2021-12-01 22:58:31.597 | INFO     | __main__:convert_model:118 - Skipping layer3.4.bn2.weight ...
2021-12-01 22:58:31.598 | INFO     | __main__:convert_model:118 - Skipping layer3.4.bn2.bias ...
2021-12-01 22:58:31.598 | INFO     | __main__:convert_model:132 - Converting layer3.4.conv3.weight ...
2021-12-01 22:58:36.995 | INFO     | __main__:convert_model:118 - Skipping layer3.4.bn3.weight ...
2021-12-01 22:58:36.995 | INFO     | __main__:convert_model:118 - Skipping layer3.4.bn3.bias ...
2021-12-01 22:58:36.996 | INFO     | __main__:convert_model:132 - Converting layer3.5.conv1.weight ...
2021-12-01 22:58:42.451 | INFO     | __main__:convert_model:118 - Skipping layer3.5.bn1.weight ...
2021-12-01 22:58:42.451 | INFO     | __main__:convert_model:118 - Skipping layer3.5.bn1.bias ...
2021-12-01 22:58:42.452 | INFO     | __main__:convert_model:132 - Converting layer3.5.conv2.weight ...
2021-12-01 22:58:54.648 | INFO     | __main__:convert_model:118 - Skipping layer3.5.bn2.weight ...
2021-12-01 22:58:54.648 | INFO     | __main__:convert_model:118 - Skipping layer3.5.bn2.bias ...
2021-12-01 22:58:54.648 | INFO     | __main__:convert_model:132 - Converting layer3.5.conv3.weight ...
2021-12-01 22:59:00.070 | INFO     | __main__:convert_model:118 - Skipping layer3.5.bn3.weight ...
2021-12-01 22:59:00.070 | INFO     | __main__:convert_model:118 - Skipping layer3.5.bn3.bias ...
2021-12-01 22:59:00.071 | INFO     | __main__:convert_model:132 - Converting layer4.0.conv1.weight ...
2021-12-01 22:59:10.866 | INFO     | __main__:convert_model:118 - Skipping layer4.0.bn1.weight ...
2021-12-01 22:59:10.866 | INFO     | __main__:convert_model:118 - Skipping layer4.0.bn1.bias ...
2021-12-01 22:59:10.866 | INFO     | __main__:convert_model:132 - Converting layer4.0.conv2.weight ...
2021-12-01 22:59:59.575 | INFO     | __main__:convert_model:118 - Skipping layer4.0.bn2.weight ...
2021-12-01 22:59:59.575 | INFO     | __main__:convert_model:118 - Skipping layer4.0.bn2.bias ...
2021-12-01 22:59:59.575 | INFO     | __main__:convert_model:132 - Converting layer4.0.conv3.weight ...
2021-12-01 23:00:21.184 | INFO     | __main__:convert_model:118 - Skipping layer4.0.bn3.weight ...
2021-12-01 23:00:21.184 | INFO     | __main__:convert_model:118 - Skipping layer4.0.bn3.bias ...
2021-12-01 23:00:21.184 | INFO     | __main__:convert_model:118 - Skipping layer4.0.downsample.0.weight ...
2021-12-01 23:00:21.184 | INFO     | __main__:convert_model:118 - Skipping layer4.0.downsample.1.weight ...
2021-12-01 23:00:21.184 | INFO     | __main__:convert_model:118 - Skipping layer4.0.downsample.1.bias ...
2021-12-01 23:00:21.184 | INFO     | __main__:convert_model:132 - Converting layer4.1.conv1.weight ...
2021-12-01 23:00:42.885 | INFO     | __main__:convert_model:118 - Skipping layer4.1.bn1.weight ...
2021-12-01 23:00:42.885 | INFO     | __main__:convert_model:118 - Skipping layer4.1.bn1.bias ...
2021-12-01 23:00:42.886 | INFO     | __main__:convert_model:132 - Converting layer4.1.conv2.weight ...
2021-12-01 23:01:31.723 | INFO     | __main__:convert_model:118 - Skipping layer4.1.bn2.weight ...
2021-12-01 23:01:31.723 | INFO     | __main__:convert_model:118 - Skipping layer4.1.bn2.bias ...
2021-12-01 23:01:31.723 | INFO     | __main__:convert_model:132 - Converting layer4.1.conv3.weight ...
2021-12-01 23:01:53.457 | INFO     | __main__:convert_model:118 - Skipping layer4.1.bn3.weight ...
2021-12-01 23:01:53.458 | INFO     | __main__:convert_model:118 - Skipping layer4.1.bn3.bias ...
2021-12-01 23:01:53.458 | INFO     | __main__:convert_model:132 - Converting layer4.2.conv1.weight ...
2021-12-01 23:02:15.175 | INFO     | __main__:convert_model:118 - Skipping layer4.2.bn1.weight ...
2021-12-01 23:02:15.175 | INFO     | __main__:convert_model:118 - Skipping layer4.2.bn1.bias ...
2021-12-01 23:02:15.175 | INFO     | __main__:convert_model:132 - Converting layer4.2.conv2.weight ...
2021-12-01 23:03:04.246 | INFO     | __main__:convert_model:118 - Skipping layer4.2.bn2.weight ...
2021-12-01 23:03:04.246 | INFO     | __main__:convert_model:118 - Skipping layer4.2.bn2.bias ...
2021-12-01 23:03:04.246 | INFO     | __main__:convert_model:132 - Converting layer4.2.conv3.weight ...
2021-12-01 23:03:25.941 | INFO     | __main__:convert_model:118 - Skipping layer4.2.bn3.weight ...
2021-12-01 23:03:25.941 | INFO     | __main__:convert_model:118 - Skipping layer4.2.bn3.bias ...
2021-12-01 23:03:25.941 | INFO     | __main__:convert_model:132 - Converting fc.weight ...
2021-12-01 23:03:26.363 | INFO     | __main__:convert_model:132 - Converting fc.bias ...
2021-12-01 23:03:26.399 | INFO     | __main__:main_worker:247 - Train Dir: data/imagenette2/train | Val Dir: data/imagenette2/val
2021-12-01 23:03:26.430 | INFO     | __main__:main_worker:272 - args.evaluate=True: Doing evaluation once, and exit
2021-12-01 23:03:27.341 | INFO     | __main__:display:449 - Test: [  0/123]	Time  0.911 ( 0.911)	Loss 4.0359e-01 (4.0359e-01)	Acc@1  87.50 ( 87.50)	Acc@5  93.75 ( 93.75)
2021-12-01 23:03:27.835 | INFO     | __main__:display:449 - Test: [ 10/123]	Time  0.152 ( 0.128)	Loss 7.9215e-01 (4.1899e-01)	Acc@1  84.38 ( 87.50)	Acc@5  96.88 ( 97.73)
2021-12-01 23:03:28.248 | INFO     | __main__:display:449 - Test: [ 20/123]	Time  0.038 ( 0.087)	Loss 6.8670e-01 (4.9513e-01)	Acc@1  78.12 ( 84.82)	Acc@5 100.00 ( 97.77)
2021-12-01 23:03:28.635 | INFO     | __main__:display:449 - Test: [ 30/123]	Time  0.038 ( 0.071)	Loss 6.4834e-01 (5.0533e-01)	Acc@1  87.50 ( 84.58)	Acc@5  96.88 ( 97.78)
2021-12-01 23:03:29.011 | INFO     | __main__:display:449 - Test: [ 40/123]	Time  0.037 ( 0.063)	Loss 1.1035e+00 (5.4319e-01)	Acc@1  62.50 ( 83.23)	Acc@5 100.00 ( 98.02)
2021-12-01 23:03:29.413 | INFO     | __main__:display:449 - Test: [ 50/123]	Time  0.042 ( 0.058)	Loss 4.2407e-01 (5.6624e-01)	Acc@1  90.62 ( 82.41)	Acc@5  96.88 ( 98.16)
2021-12-01 23:03:29.940 | INFO     | __main__:display:449 - Test: [ 60/123]	Time  0.037 ( 0.058)	Loss 5.6752e-01 (5.1463e-01)	Acc@1  87.50 ( 84.12)	Acc@5  96.88 ( 98.26)
2021-12-01 23:03:30.450 | INFO     | __main__:display:449 - Test: [ 70/123]	Time  0.104 ( 0.057)	Loss 3.5699e-01 (5.2293e-01)	Acc@1  93.75 ( 83.80)	Acc@5  96.88 ( 98.37)
2021-12-01 23:03:30.989 | INFO     | __main__:display:449 - Test: [ 80/123]	Time  0.037 ( 0.056)	Loss 8.3960e-01 (5.1431e-01)	Acc@1  71.88 ( 83.99)	Acc@5 100.00 ( 98.46)
2021-12-01 23:03:31.433 | INFO     | __main__:display:449 - Test: [ 90/123]	Time  0.063 ( 0.055)	Loss 3.3490e-01 (5.2091e-01)	Acc@1  87.50 ( 83.83)	Acc@5 100.00 ( 98.49)
2021-12-01 23:03:31.956 | INFO     | __main__:display:449 - Test: [100/123]	Time  0.038 ( 0.055)	Loss 6.0506e-01 (5.4501e-01)	Acc@1  75.00 ( 82.86)	Acc@5 100.00 ( 98.51)
2021-12-01 23:03:32.332 | INFO     | __main__:display:449 - Test: [110/123]	Time  0.037 ( 0.053)	Loss 3.2595e-01 (5.3947e-01)	Acc@1  90.62 ( 82.97)	Acc@5 100.00 ( 98.56)
2021-12-01 23:03:32.878 | INFO     | __main__:display:449 - Test: [120/123]	Time  0.041 ( 0.053)	Loss 4.1644e-01 (5.2787e-01)	Acc@1  87.50 ( 83.39)	Acc@5  96.88 ( 98.50)
2021-12-01 23:03:33.225 | INFO     | __main__:display_summary:454 -  *   Acc@1 83.338 Acc@5 98.446
