2021-12-05 15:26:28.277 | INFO     | __main__:main:159 - Log into log/resnet18/zero_mantissa_to_closest_exponent/group_size:32/2021-12-05-15:26:28.log
2021-12-05 15:26:28.277 | INFO     | __main__:logger_args:80 - 
data      	data/imagenette
arch      	resnet18
replace_fc	torch.nn.Linear(512, 10)
change_model_weights	zero_mantissa_to_closest_exponent
change_model_weights_during_training	None
model_weights_group_size	32
workers   	4
epochs    	90
start_epoch	0
batch_size	32
lr        	0.1
momentum  	0.9
weight_decay	0.0001
print_freq	10
resume    	model/resnet18/model_best.pth.tar
evaluate  	True
pretrained	True
seed      	None
gpu       	None
model_dir 	model/resnet18/zero_mantissa_to_closest_exponent/group_size:32
log_dir   	log/resnet18/zero_mantissa_to_closest_exponent/group_size:32
tensorboard	False

2021-12-05 15:26:28.278 | INFO     | __main__:main_worker:196 - Using pre-trained model 'resnet18'
2021-12-05 15:26:28.483 | WARNING  | __main__:main_worker:203 - Replacing model's last FC layer by torch.nn.Linear(512, 10)
2021-12-05 15:26:28.485 | INFO     | __main__:main_worker:205 - 
ResNet(
  (conv1): Conv2d(3, 64, kernel_size=(7, 7), stride=(2, 2), padding=(3, 3), bias=False)
  (bn1): BatchNorm2d(64, eps=1e-05, momentum=0.1, affine=True, track_running_stats=True)
  (relu): ReLU(inplace=True)
  (maxpool): MaxPool2d(kernel_size=3, stride=2, padding=1, dilation=1, ceil_mode=False)
  (layer1): Sequential(
    (0): BasicBlock(
      (conv1): Conv2d(64, 64, kernel_size=(3, 3), stride=(1, 1), padding=(1, 1), bias=False)
      (bn1): BatchNorm2d(64, eps=1e-05, momentum=0.1, affine=True, track_running_stats=True)
      (relu): ReLU(inplace=True)
      (conv2): Conv2d(64, 64, kernel_size=(3, 3), stride=(1, 1), padding=(1, 1), bias=False)
      (bn2): BatchNorm2d(64, eps=1e-05, momentum=0.1, affine=True, track_running_stats=True)
    )
    (1): BasicBlock(
      (conv1): Conv2d(64, 64, kernel_size=(3, 3), stride=(1, 1), padding=(1, 1), bias=False)
      (bn1): BatchNorm2d(64, eps=1e-05, momentum=0.1, affine=True, track_running_stats=True)
      (relu): ReLU(inplace=True)
      (conv2): Conv2d(64, 64, kernel_size=(3, 3), stride=(1, 1), padding=(1, 1), bias=False)
      (bn2): BatchNorm2d(64, eps=1e-05, momentum=0.1, affine=True, track_running_stats=True)
    )
  )
  (layer2): Sequential(
    (0): BasicBlock(
      (conv1): Conv2d(64, 128, kernel_size=(3, 3), stride=(2, 2), padding=(1, 1), bias=False)
      (bn1): BatchNorm2d(128, eps=1e-05, momentum=0.1, affine=True, track_running_stats=True)
      (relu): ReLU(inplace=True)
      (conv2): Conv2d(128, 128, kernel_size=(3, 3), stride=(1, 1), padding=(1, 1), bias=False)
      (bn2): BatchNorm2d(128, eps=1e-05, momentum=0.1, affine=True, track_running_stats=True)
      (downsample): Sequential(
        (0): Conv2d(64, 128, kernel_size=(1, 1), stride=(2, 2), bias=False)
        (1): BatchNorm2d(128, eps=1e-05, momentum=0.1, affine=True, track_running_stats=True)
      )
    )
    (1): BasicBlock(
      (conv1): Conv2d(128, 128, kernel_size=(3, 3), stride=(1, 1), padding=(1, 1), bias=False)
      (bn1): BatchNorm2d(128, eps=1e-05, momentum=0.1, affine=True, track_running_stats=True)
      (relu): ReLU(inplace=True)
      (conv2): Conv2d(128, 128, kernel_size=(3, 3), stride=(1, 1), padding=(1, 1), bias=False)
      (bn2): BatchNorm2d(128, eps=1e-05, momentum=0.1, affine=True, track_running_stats=True)
    )
  )
  (layer3): Sequential(
    (0): BasicBlock(
      (conv1): Conv2d(128, 256, kernel_size=(3, 3), stride=(2, 2), padding=(1, 1), bias=False)
      (bn1): BatchNorm2d(256, eps=1e-05, momentum=0.1, affine=True, track_running_stats=True)
      (relu): ReLU(inplace=True)
      (conv2): Conv2d(256, 256, kernel_size=(3, 3), stride=(1, 1), padding=(1, 1), bias=False)
      (bn2): BatchNorm2d(256, eps=1e-05, momentum=0.1, affine=True, track_running_stats=True)
      (downsample): Sequential(
        (0): Conv2d(128, 256, kernel_size=(1, 1), stride=(2, 2), bias=False)
        (1): BatchNorm2d(256, eps=1e-05, momentum=0.1, affine=True, track_running_stats=True)
      )
    )
    (1): BasicBlock(
      (conv1): Conv2d(256, 256, kernel_size=(3, 3), stride=(1, 1), padding=(1, 1), bias=False)
      (bn1): BatchNorm2d(256, eps=1e-05, momentum=0.1, affine=True, track_running_stats=True)
      (relu): ReLU(inplace=True)
      (conv2): Conv2d(256, 256, kernel_size=(3, 3), stride=(1, 1), padding=(1, 1), bias=False)
      (bn2): BatchNorm2d(256, eps=1e-05, momentum=0.1, affine=True, track_running_stats=True)
    )
  )
  (layer4): Sequential(
    (0): BasicBlock(
      (conv1): Conv2d(256, 512, kernel_size=(3, 3), stride=(2, 2), padding=(1, 1), bias=False)
      (bn1): BatchNorm2d(512, eps=1e-05, momentum=0.1, affine=True, track_running_stats=True)
      (relu): ReLU(inplace=True)
      (conv2): Conv2d(512, 512, kernel_size=(3, 3), stride=(1, 1), padding=(1, 1), bias=False)
      (bn2): BatchNorm2d(512, eps=1e-05, momentum=0.1, affine=True, track_running_stats=True)
      (downsample): Sequential(
        (0): Conv2d(256, 512, kernel_size=(1, 1), stride=(2, 2), bias=False)
        (1): BatchNorm2d(512, eps=1e-05, momentum=0.1, affine=True, track_running_stats=True)
      )
    )
    (1): BasicBlock(
      (conv1): Conv2d(512, 512, kernel_size=(3, 3), stride=(1, 1), padding=(1, 1), bias=False)
      (bn1): BatchNorm2d(512, eps=1e-05, momentum=0.1, affine=True, track_running_stats=True)
      (relu): ReLU(inplace=True)
      (conv2): Conv2d(512, 512, kernel_size=(3, 3), stride=(1, 1), padding=(1, 1), bias=False)
      (bn2): BatchNorm2d(512, eps=1e-05, momentum=0.1, affine=True, track_running_stats=True)
    )
  )
  (avgpool): AdaptiveAvgPool2d(output_size=(1, 1))
  (fc): Linear(in_features=512, out_features=10, bias=True)
)
2021-12-05 15:26:28.485 | WARNING  | __main__:main_worker:212 - Using CPU, this will be slow
2021-12-05 15:26:28.486 | INFO     | __main__:main_worker:233 - Loading checkpoint 'model/resnet18/model_best.pth.tar'
2021-12-05 15:26:28.540 | INFO     | __main__:main_worker:247 - Loaded checkpoint 'model/resnet18/model_best.pth.tar' (epoch 95)
2021-12-05 15:26:28.541 | WARNING  | __main__:main_worker:252 - Changing model's weights according to 'zero_mantissa_to_closest_exponent' with group size: 32
2021-12-05 15:26:28.542 | INFO     | __main__:convert_model:140 - Converting conv1.weight ...
2021-12-05 15:26:28.889 | INFO     | __main__:convert_model:124 - Skipping bn1.weight ...
2021-12-05 15:26:28.890 | INFO     | __main__:convert_model:124 - Skipping bn1.bias ...
2021-12-05 15:26:28.890 | INFO     | __main__:convert_model:140 - Converting layer1.0.conv1.weight ...
2021-12-05 15:26:30.317 | INFO     | __main__:convert_model:124 - Skipping layer1.0.bn1.weight ...
2021-12-05 15:26:30.318 | INFO     | __main__:convert_model:124 - Skipping layer1.0.bn1.bias ...
2021-12-05 15:26:30.318 | INFO     | __main__:convert_model:140 - Converting layer1.0.conv2.weight ...
2021-12-05 15:26:31.232 | INFO     | __main__:convert_model:124 - Skipping layer1.0.bn2.weight ...
2021-12-05 15:26:31.232 | INFO     | __main__:convert_model:124 - Skipping layer1.0.bn2.bias ...
2021-12-05 15:26:31.232 | INFO     | __main__:convert_model:140 - Converting layer1.1.conv1.weight ...
2021-12-05 15:26:32.127 | INFO     | __main__:convert_model:124 - Skipping layer1.1.bn1.weight ...
2021-12-05 15:26:32.128 | INFO     | __main__:convert_model:124 - Skipping layer1.1.bn1.bias ...
2021-12-05 15:26:32.128 | INFO     | __main__:convert_model:140 - Converting layer1.1.conv2.weight ...
2021-12-05 15:26:33.232 | INFO     | __main__:convert_model:124 - Skipping layer1.1.bn2.weight ...
2021-12-05 15:26:33.232 | INFO     | __main__:convert_model:124 - Skipping layer1.1.bn2.bias ...
2021-12-05 15:26:33.233 | INFO     | __main__:convert_model:140 - Converting layer2.0.conv1.weight ...
2021-12-05 15:26:36.071 | INFO     | __main__:convert_model:124 - Skipping layer2.0.bn1.weight ...
2021-12-05 15:26:36.071 | INFO     | __main__:convert_model:124 - Skipping layer2.0.bn1.bias ...
2021-12-05 15:26:36.072 | INFO     | __main__:convert_model:140 - Converting layer2.0.conv2.weight ...
2021-12-05 15:26:41.744 | INFO     | __main__:convert_model:124 - Skipping layer2.0.bn2.weight ...
2021-12-05 15:26:41.744 | INFO     | __main__:convert_model:124 - Skipping layer2.0.bn2.bias ...
2021-12-05 15:26:41.745 | INFO     | __main__:convert_model:124 - Skipping layer2.0.downsample.0.weight ...
2021-12-05 15:26:41.745 | INFO     | __main__:convert_model:124 - Skipping layer2.0.downsample.1.weight ...
2021-12-05 15:26:41.745 | INFO     | __main__:convert_model:124 - Skipping layer2.0.downsample.1.bias ...
2021-12-05 15:26:41.746 | INFO     | __main__:convert_model:140 - Converting layer2.1.conv1.weight ...
2021-12-05 15:26:45.969 | INFO     | __main__:convert_model:124 - Skipping layer2.1.bn1.weight ...
2021-12-05 15:26:45.970 | INFO     | __main__:convert_model:124 - Skipping layer2.1.bn1.bias ...
2021-12-05 15:26:45.970 | INFO     | __main__:convert_model:140 - Converting layer2.1.conv2.weight ...
2021-12-05 15:26:49.240 | INFO     | __main__:convert_model:124 - Skipping layer2.1.bn2.weight ...
2021-12-05 15:26:49.240 | INFO     | __main__:convert_model:124 - Skipping layer2.1.bn2.bias ...
2021-12-05 15:26:49.240 | INFO     | __main__:convert_model:140 - Converting layer3.0.conv1.weight ...
2021-12-05 15:26:56.108 | INFO     | __main__:convert_model:124 - Skipping layer3.0.bn1.weight ...
2021-12-05 15:26:56.108 | INFO     | __main__:convert_model:124 - Skipping layer3.0.bn1.bias ...
2021-12-05 15:26:56.109 | INFO     | __main__:convert_model:140 - Converting layer3.0.conv2.weight ...
2021-12-05 15:27:08.626 | INFO     | __main__:convert_model:124 - Skipping layer3.0.bn2.weight ...
2021-12-05 15:27:08.627 | INFO     | __main__:convert_model:124 - Skipping layer3.0.bn2.bias ...
2021-12-05 15:27:08.627 | INFO     | __main__:convert_model:124 - Skipping layer3.0.downsample.0.weight ...
2021-12-05 15:27:08.627 | INFO     | __main__:convert_model:124 - Skipping layer3.0.downsample.1.weight ...
2021-12-05 15:27:08.627 | INFO     | __main__:convert_model:124 - Skipping layer3.0.downsample.1.bias ...
2021-12-05 15:27:08.627 | INFO     | __main__:convert_model:140 - Converting layer3.1.conv1.weight ...
2021-12-05 15:27:20.787 | INFO     | __main__:convert_model:124 - Skipping layer3.1.bn1.weight ...
2021-12-05 15:27:20.787 | INFO     | __main__:convert_model:124 - Skipping layer3.1.bn1.bias ...
2021-12-05 15:27:20.787 | INFO     | __main__:convert_model:140 - Converting layer3.1.conv2.weight ...
2021-12-05 15:27:33.146 | INFO     | __main__:convert_model:124 - Skipping layer3.1.bn2.weight ...
2021-12-05 15:27:33.146 | INFO     | __main__:convert_model:124 - Skipping layer3.1.bn2.bias ...
2021-12-05 15:27:33.147 | INFO     | __main__:convert_model:140 - Converting layer4.0.conv1.weight ...
2021-12-05 15:27:57.273 | INFO     | __main__:convert_model:124 - Skipping layer4.0.bn1.weight ...
2021-12-05 15:27:57.273 | INFO     | __main__:convert_model:124 - Skipping layer4.0.bn1.bias ...
2021-12-05 15:27:57.274 | INFO     | __main__:convert_model:140 - Converting layer4.0.conv2.weight ...
2021-12-05 15:28:48.064 | INFO     | __main__:convert_model:124 - Skipping layer4.0.bn2.weight ...
2021-12-05 15:28:48.064 | INFO     | __main__:convert_model:124 - Skipping layer4.0.bn2.bias ...
2021-12-05 15:28:48.065 | INFO     | __main__:convert_model:124 - Skipping layer4.0.downsample.0.weight ...
2021-12-05 15:28:48.065 | INFO     | __main__:convert_model:124 - Skipping layer4.0.downsample.1.weight ...
2021-12-05 15:28:48.065 | INFO     | __main__:convert_model:124 - Skipping layer4.0.downsample.1.bias ...
2021-12-05 15:28:48.065 | INFO     | __main__:convert_model:140 - Converting layer4.1.conv1.weight ...
2021-12-05 15:29:40.277 | INFO     | __main__:convert_model:124 - Skipping layer4.1.bn1.weight ...
2021-12-05 15:29:40.277 | INFO     | __main__:convert_model:124 - Skipping layer4.1.bn1.bias ...
2021-12-05 15:29:40.277 | INFO     | __main__:convert_model:140 - Converting layer4.1.conv2.weight ...
2021-12-05 15:30:37.102 | INFO     | __main__:convert_model:124 - Skipping layer4.1.bn2.weight ...
2021-12-05 15:30:37.103 | INFO     | __main__:convert_model:124 - Skipping layer4.1.bn2.bias ...
2021-12-05 15:30:37.103 | INFO     | __main__:convert_model:140 - Converting fc.weight ...
2021-12-05 15:30:37.239 | INFO     | __main__:convert_model:134 - Converting fc.bias with group size: 10. (W.numel()(=10) < 32) ...
2021-12-05 15:30:37.241 | INFO     | __main__:main_worker:266 - Train Dir: data/imagenette/train | Val Dir: data/imagenette/val
2021-12-05 15:30:37.277 | INFO     | __main__:main_worker:291 - args.evaluate=True: Doing evaluation once, and exit
2021-12-05 15:30:39.013 | INFO     | __main__:display:483 - Test: [  0/123]	Time  1.735 ( 1.735)	Loss 4.1220e-01 (4.1220e-01)	Acc@1  90.62 ( 90.62)	Acc@5  96.88 ( 96.88)
2021-12-05 15:31:19.333 | INFO     | __main__:display:483 - Test: [ 10/123]	Time  0.743 ( 3.823)	Loss 5.8640e-01 (3.3668e-01)	Acc@1  84.38 ( 90.06)	Acc@5  96.88 ( 98.30)
2021-12-05 15:31:32.989 | INFO     | __main__:display:483 - Test: [ 20/123]	Time  0.855 ( 2.653)	Loss 6.6906e-01 (4.1430e-01)	Acc@1  75.00 ( 87.50)	Acc@5  93.75 ( 98.36)
2021-12-05 15:31:55.715 | INFO     | __main__:display:483 - Test: [ 30/123]	Time  0.748 ( 2.530)	Loss 6.5515e-01 (4.9162e-01)	Acc@1  81.25 ( 84.88)	Acc@5  96.88 ( 97.88)
2021-12-05 15:32:08.264 | INFO     | __main__:display:483 - Test: [ 40/123]	Time  1.259 ( 2.219)	Loss 6.3216e-01 (5.2247e-01)	Acc@1  75.00 ( 83.92)	Acc@5 100.00 ( 98.17)
2021-12-05 15:32:18.532 | INFO     | __main__:display:483 - Test: [ 50/123]	Time  0.806 ( 1.985)	Loss 8.7090e-01 (5.8905e-01)	Acc@1  68.75 ( 81.56)	Acc@5  96.88 ( 97.86)
2021-12-05 15:32:29.799 | INFO     | __main__:display:483 - Test: [ 60/123]	Time  0.909 ( 1.845)	Loss 8.3318e-01 (5.8835e-01)	Acc@1  81.25 ( 81.92)	Acc@5  96.88 ( 97.75)
2021-12-05 15:32:38.366 | INFO     | __main__:display:483 - Test: [ 70/123]	Time  0.812 ( 1.705)	Loss 3.4461e-01 (5.6137e-01)	Acc@1  87.50 ( 82.39)	Acc@5 100.00 ( 98.02)
2021-12-05 15:32:46.854 | INFO     | __main__:display:483 - Test: [ 80/123]	Time  0.832 ( 1.600)	Loss 1.0498e+00 (5.5426e-01)	Acc@1  68.75 ( 82.68)	Acc@5  96.88 ( 97.99)
2021-12-05 15:32:57.092 | INFO     | __main__:display:483 - Test: [ 90/123]	Time  0.934 ( 1.536)	Loss 5.5200e-01 (5.5558e-01)	Acc@1  87.50 ( 82.66)	Acc@5 100.00 ( 98.11)
2021-12-05 15:33:05.417 | INFO     | __main__:display:483 - Test: [100/123]	Time  0.849 ( 1.467)	Loss 1.3570e+00 (5.9023e-01)	Acc@1  59.38 ( 81.56)	Acc@5  93.75 ( 97.90)
2021-12-05 15:33:16.248 | INFO     | __main__:display:483 - Test: [110/123]	Time  0.827 ( 1.432)	Loss 7.7647e-01 (6.4098e-01)	Acc@1  78.12 ( 80.29)	Acc@5  93.75 ( 97.44)
2021-12-05 15:33:24.912 | INFO     | __main__:display:483 - Test: [120/123]	Time  0.869 ( 1.385)	Loss 4.8985e-01 (6.2233e-01)	Acc@1  84.38 ( 80.81)	Acc@5 100.00 ( 97.55)
2021-12-05 15:33:26.270 | INFO     | __main__:display_summary:488 -  *   Acc@1 80.764 Acc@5 97.529
