2021-12-05 17:03:16.605 | INFO     | __main__:main:159 - Log into log/resnet18/zero_mantissa_to_closest_exponent/group_size:16/2021-12-05-17:03:16.log
2021-12-05 17:03:16.606 | INFO     | __main__:logger_args:80 - 
data      	data/imagenette
arch      	resnet18
replace_fc	torch.nn.Linear(512, 10)
change_model_weights	zero_mantissa_to_closest_exponent
change_model_weights_during_training	None
model_weights_group_size	16
workers   	4
epochs    	90
start_epoch	0
batch_size	32
lr        	0.1
momentum  	0.9
weight_decay	0.0001
print_freq	10
resume    	model/resnet18:non-pretrained:batch_size=256/model_best.pth.tar
evaluate  	True
pretrained	False
seed      	None
gpu       	None
model_dir 	model/resnet18/zero_mantissa_to_closest_exponent/group_size:16
log_dir   	log/resnet18/zero_mantissa_to_closest_exponent/group_size:16
tensorboard	False

2021-12-05 17:03:16.606 | INFO     | __main__:main_worker:199 - Creating model 'resnet18'
2021-12-05 17:03:17.395 | WARNING  | __main__:main_worker:203 - Replacing model's last FC layer by torch.nn.Linear(512, 10)
2021-12-05 17:03:17.397 | INFO     | __main__:main_worker:205 - 
ResNet(
  (conv1): Conv2d(3, 64, kernel_size=(7, 7), stride=(2, 2), padding=(3, 3), bias=False)
  (bn1): BatchNorm2d(64, eps=1e-05, momentum=0.1, affine=True, track_running_stats=True)
  (relu): ReLU(inplace=True)
  (maxpool): MaxPool2d(kernel_size=3, stride=2, padding=1, dilation=1, ceil_mode=False)
  (layer1): Sequential(
    (0): BasicBlock(
      (conv1): Conv2d(64, 64, kernel_size=(3, 3), stride=(1, 1), padding=(1, 1), bias=False)
      (bn1): BatchNorm2d(64, eps=1e-05, momentum=0.1, affine=True, track_running_stats=True)
      (relu): ReLU(inplace=True)
      (conv2): Conv2d(64, 64, kernel_size=(3, 3), stride=(1, 1), padding=(1, 1), bias=False)
      (bn2): BatchNorm2d(64, eps=1e-05, momentum=0.1, affine=True, track_running_stats=True)
    )
    (1): BasicBlock(
      (conv1): Conv2d(64, 64, kernel_size=(3, 3), stride=(1, 1), padding=(1, 1), bias=False)
      (bn1): BatchNorm2d(64, eps=1e-05, momentum=0.1, affine=True, track_running_stats=True)
      (relu): ReLU(inplace=True)
      (conv2): Conv2d(64, 64, kernel_size=(3, 3), stride=(1, 1), padding=(1, 1), bias=False)
      (bn2): BatchNorm2d(64, eps=1e-05, momentum=0.1, affine=True, track_running_stats=True)
    )
  )
  (layer2): Sequential(
    (0): BasicBlock(
      (conv1): Conv2d(64, 128, kernel_size=(3, 3), stride=(2, 2), padding=(1, 1), bias=False)
      (bn1): BatchNorm2d(128, eps=1e-05, momentum=0.1, affine=True, track_running_stats=True)
      (relu): ReLU(inplace=True)
      (conv2): Conv2d(128, 128, kernel_size=(3, 3), stride=(1, 1), padding=(1, 1), bias=False)
      (bn2): BatchNorm2d(128, eps=1e-05, momentum=0.1, affine=True, track_running_stats=True)
      (downsample): Sequential(
        (0): Conv2d(64, 128, kernel_size=(1, 1), stride=(2, 2), bias=False)
        (1): BatchNorm2d(128, eps=1e-05, momentum=0.1, affine=True, track_running_stats=True)
      )
    )
    (1): BasicBlock(
      (conv1): Conv2d(128, 128, kernel_size=(3, 3), stride=(1, 1), padding=(1, 1), bias=False)
      (bn1): BatchNorm2d(128, eps=1e-05, momentum=0.1, affine=True, track_running_stats=True)
      (relu): ReLU(inplace=True)
      (conv2): Conv2d(128, 128, kernel_size=(3, 3), stride=(1, 1), padding=(1, 1), bias=False)
      (bn2): BatchNorm2d(128, eps=1e-05, momentum=0.1, affine=True, track_running_stats=True)
    )
  )
  (layer3): Sequential(
    (0): BasicBlock(
      (conv1): Conv2d(128, 256, kernel_size=(3, 3), stride=(2, 2), padding=(1, 1), bias=False)
      (bn1): BatchNorm2d(256, eps=1e-05, momentum=0.1, affine=True, track_running_stats=True)
      (relu): ReLU(inplace=True)
      (conv2): Conv2d(256, 256, kernel_size=(3, 3), stride=(1, 1), padding=(1, 1), bias=False)
      (bn2): BatchNorm2d(256, eps=1e-05, momentum=0.1, affine=True, track_running_stats=True)
      (downsample): Sequential(
        (0): Conv2d(128, 256, kernel_size=(1, 1), stride=(2, 2), bias=False)
        (1): BatchNorm2d(256, eps=1e-05, momentum=0.1, affine=True, track_running_stats=True)
      )
    )
    (1): BasicBlock(
      (conv1): Conv2d(256, 256, kernel_size=(3, 3), stride=(1, 1), padding=(1, 1), bias=False)
      (bn1): BatchNorm2d(256, eps=1e-05, momentum=0.1, affine=True, track_running_stats=True)
      (relu): ReLU(inplace=True)
      (conv2): Conv2d(256, 256, kernel_size=(3, 3), stride=(1, 1), padding=(1, 1), bias=False)
      (bn2): BatchNorm2d(256, eps=1e-05, momentum=0.1, affine=True, track_running_stats=True)
    )
  )
  (layer4): Sequential(
    (0): BasicBlock(
      (conv1): Conv2d(256, 512, kernel_size=(3, 3), stride=(2, 2), padding=(1, 1), bias=False)
      (bn1): BatchNorm2d(512, eps=1e-05, momentum=0.1, affine=True, track_running_stats=True)
      (relu): ReLU(inplace=True)
      (conv2): Conv2d(512, 512, kernel_size=(3, 3), stride=(1, 1), padding=(1, 1), bias=False)
      (bn2): BatchNorm2d(512, eps=1e-05, momentum=0.1, affine=True, track_running_stats=True)
      (downsample): Sequential(
        (0): Conv2d(256, 512, kernel_size=(1, 1), stride=(2, 2), bias=False)
        (1): BatchNorm2d(512, eps=1e-05, momentum=0.1, affine=True, track_running_stats=True)
      )
    )
    (1): BasicBlock(
      (conv1): Conv2d(512, 512, kernel_size=(3, 3), stride=(1, 1), padding=(1, 1), bias=False)
      (bn1): BatchNorm2d(512, eps=1e-05, momentum=0.1, affine=True, track_running_stats=True)
      (relu): ReLU(inplace=True)
      (conv2): Conv2d(512, 512, kernel_size=(3, 3), stride=(1, 1), padding=(1, 1), bias=False)
      (bn2): BatchNorm2d(512, eps=1e-05, momentum=0.1, affine=True, track_running_stats=True)
    )
  )
  (avgpool): AdaptiveAvgPool2d(output_size=(1, 1))
  (fc): Linear(in_features=512, out_features=10, bias=True)
)
2021-12-05 17:03:17.397 | WARNING  | __main__:main_worker:212 - Using CPU, this will be slow
2021-12-05 17:03:17.398 | INFO     | __main__:main_worker:233 - Loading checkpoint 'model/resnet18:non-pretrained:batch_size=256/model_best.pth.tar'
2021-12-05 17:03:17.459 | INFO     | __main__:main_worker:247 - Loaded checkpoint 'model/resnet18:non-pretrained:batch_size=256/model_best.pth.tar' (epoch 90)
2021-12-05 17:03:17.459 | WARNING  | __main__:main_worker:252 - Changing model's weights according to 'zero_mantissa_to_closest_exponent' with group size: 16
2021-12-05 17:03:17.460 | INFO     | __main__:convert_model:140 - Converting conv1.weight ...
2021-12-05 17:03:17.683 | INFO     | __main__:convert_model:124 - Skipping bn1.weight ...
2021-12-05 17:03:17.683 | INFO     | __main__:convert_model:124 - Skipping bn1.bias ...
2021-12-05 17:03:17.683 | INFO     | __main__:convert_model:140 - Converting layer1.0.conv1.weight ...
2021-12-05 17:03:18.750 | INFO     | __main__:convert_model:124 - Skipping layer1.0.bn1.weight ...
2021-12-05 17:03:18.751 | INFO     | __main__:convert_model:124 - Skipping layer1.0.bn1.bias ...
2021-12-05 17:03:18.751 | INFO     | __main__:convert_model:140 - Converting layer1.0.conv2.weight ...
2021-12-05 17:03:19.640 | INFO     | __main__:convert_model:124 - Skipping layer1.0.bn2.weight ...
2021-12-05 17:03:19.641 | INFO     | __main__:convert_model:124 - Skipping layer1.0.bn2.bias ...
2021-12-05 17:03:19.641 | INFO     | __main__:convert_model:140 - Converting layer1.1.conv1.weight ...
2021-12-05 17:03:20.381 | INFO     | __main__:convert_model:124 - Skipping layer1.1.bn1.weight ...
2021-12-05 17:03:20.382 | INFO     | __main__:convert_model:124 - Skipping layer1.1.bn1.bias ...
2021-12-05 17:03:20.382 | INFO     | __main__:convert_model:140 - Converting layer1.1.conv2.weight ...
2021-12-05 17:03:21.166 | INFO     | __main__:convert_model:124 - Skipping layer1.1.bn2.weight ...
2021-12-05 17:03:21.167 | INFO     | __main__:convert_model:124 - Skipping layer1.1.bn2.bias ...
2021-12-05 17:03:21.167 | INFO     | __main__:convert_model:140 - Converting layer2.0.conv1.weight ...
2021-12-05 17:03:22.754 | INFO     | __main__:convert_model:124 - Skipping layer2.0.bn1.weight ...
2021-12-05 17:03:22.755 | INFO     | __main__:convert_model:124 - Skipping layer2.0.bn1.bias ...
2021-12-05 17:03:22.755 | INFO     | __main__:convert_model:140 - Converting layer2.0.conv2.weight ...
2021-12-05 17:03:25.804 | INFO     | __main__:convert_model:124 - Skipping layer2.0.bn2.weight ...
2021-12-05 17:03:25.805 | INFO     | __main__:convert_model:124 - Skipping layer2.0.bn2.bias ...
2021-12-05 17:03:25.805 | INFO     | __main__:convert_model:124 - Skipping layer2.0.downsample.0.weight ...
2021-12-05 17:03:25.805 | INFO     | __main__:convert_model:124 - Skipping layer2.0.downsample.1.weight ...
2021-12-05 17:03:25.805 | INFO     | __main__:convert_model:124 - Skipping layer2.0.downsample.1.bias ...
2021-12-05 17:03:25.805 | INFO     | __main__:convert_model:140 - Converting layer2.1.conv1.weight ...
2021-12-05 17:03:28.738 | INFO     | __main__:convert_model:124 - Skipping layer2.1.bn1.weight ...
2021-12-05 17:03:28.738 | INFO     | __main__:convert_model:124 - Skipping layer2.1.bn1.bias ...
2021-12-05 17:03:28.739 | INFO     | __main__:convert_model:140 - Converting layer2.1.conv2.weight ...
2021-12-05 17:03:31.701 | INFO     | __main__:convert_model:124 - Skipping layer2.1.bn2.weight ...
2021-12-05 17:03:31.702 | INFO     | __main__:convert_model:124 - Skipping layer2.1.bn2.bias ...
2021-12-05 17:03:31.702 | INFO     | __main__:convert_model:140 - Converting layer3.0.conv1.weight ...
2021-12-05 17:03:37.669 | INFO     | __main__:convert_model:124 - Skipping layer3.0.bn1.weight ...
2021-12-05 17:03:37.670 | INFO     | __main__:convert_model:124 - Skipping layer3.0.bn1.bias ...
2021-12-05 17:03:37.670 | INFO     | __main__:convert_model:140 - Converting layer3.0.conv2.weight ...
2021-12-05 17:03:50.692 | INFO     | __main__:convert_model:124 - Skipping layer3.0.bn2.weight ...
2021-12-05 17:03:50.693 | INFO     | __main__:convert_model:124 - Skipping layer3.0.bn2.bias ...
2021-12-05 17:03:50.693 | INFO     | __main__:convert_model:124 - Skipping layer3.0.downsample.0.weight ...
2021-12-05 17:03:50.693 | INFO     | __main__:convert_model:124 - Skipping layer3.0.downsample.1.weight ...
2021-12-05 17:03:50.693 | INFO     | __main__:convert_model:124 - Skipping layer3.0.downsample.1.bias ...
2021-12-05 17:03:50.693 | INFO     | __main__:convert_model:140 - Converting layer3.1.conv1.weight ...
2021-12-05 17:04:02.705 | INFO     | __main__:convert_model:124 - Skipping layer3.1.bn1.weight ...
2021-12-05 17:04:02.705 | INFO     | __main__:convert_model:124 - Skipping layer3.1.bn1.bias ...
2021-12-05 17:04:02.706 | INFO     | __main__:convert_model:140 - Converting layer3.1.conv2.weight ...
2021-12-05 17:04:14.563 | INFO     | __main__:convert_model:124 - Skipping layer3.1.bn2.weight ...
2021-12-05 17:04:14.563 | INFO     | __main__:convert_model:124 - Skipping layer3.1.bn2.bias ...
2021-12-05 17:04:14.564 | INFO     | __main__:convert_model:140 - Converting layer4.0.conv1.weight ...
2021-12-05 17:04:38.055 | INFO     | __main__:convert_model:124 - Skipping layer4.0.bn1.weight ...
2021-12-05 17:04:38.055 | INFO     | __main__:convert_model:124 - Skipping layer4.0.bn1.bias ...
2021-12-05 17:04:38.055 | INFO     | __main__:convert_model:140 - Converting layer4.0.conv2.weight ...
2021-12-05 17:05:32.039 | INFO     | __main__:convert_model:124 - Skipping layer4.0.bn2.weight ...
2021-12-05 17:05:32.041 | INFO     | __main__:convert_model:124 - Skipping layer4.0.bn2.bias ...
2021-12-05 17:05:32.041 | INFO     | __main__:convert_model:124 - Skipping layer4.0.downsample.0.weight ...
2021-12-05 17:05:32.041 | INFO     | __main__:convert_model:124 - Skipping layer4.0.downsample.1.weight ...
2021-12-05 17:05:32.042 | INFO     | __main__:convert_model:124 - Skipping layer4.0.downsample.1.bias ...
2021-12-05 17:05:32.042 | INFO     | __main__:convert_model:140 - Converting layer4.1.conv1.weight ...
2021-12-05 17:06:30.572 | INFO     | __main__:convert_model:124 - Skipping layer4.1.bn1.weight ...
2021-12-05 17:06:30.574 | INFO     | __main__:convert_model:124 - Skipping layer4.1.bn1.bias ...
2021-12-05 17:06:30.574 | INFO     | __main__:convert_model:140 - Converting layer4.1.conv2.weight ...
2021-12-05 17:07:46.103 | INFO     | __main__:convert_model:124 - Skipping layer4.1.bn2.weight ...
2021-12-05 17:07:46.104 | INFO     | __main__:convert_model:124 - Skipping layer4.1.bn2.bias ...
2021-12-05 17:07:46.107 | INFO     | __main__:convert_model:140 - Converting fc.weight ...
2021-12-05 17:07:46.364 | INFO     | __main__:convert_model:134 - Converting fc.bias with group size: 10. (W.numel()(=10) < 16) ...
2021-12-05 17:07:46.365 | INFO     | __main__:main_worker:266 - Train Dir: data/imagenette/train | Val Dir: data/imagenette/val
2021-12-05 17:07:46.433 | INFO     | __main__:main_worker:291 - args.evaluate=True: Doing evaluation once, and exit
2021-12-05 17:08:39.123 | INFO     | __main__:display:483 - Test: [  0/123]	Time 52.689 (52.689)	Loss 7.5035e-01 (7.5035e-01)	Acc@1  75.00 ( 75.00)	Acc@5  93.75 ( 93.75)
2021-12-05 17:09:58.649 | INFO     | __main__:display:483 - Test: [ 10/123]	Time  0.678 (12.020)	Loss 9.9640e-01 (7.6982e-01)	Acc@1  65.62 ( 76.42)	Acc@5  90.62 ( 94.32)
2021-12-05 17:10:05.627 | INFO     | __main__:display:483 - Test: [ 20/123]	Time  0.681 ( 6.628)	Loss 1.0268e+00 (7.6657e-01)	Acc@1  71.88 ( 76.34)	Acc@5  90.62 ( 94.35)
2021-12-05 17:10:13.608 | INFO     | __main__:display:483 - Test: [ 30/123]	Time  0.947 ( 4.747)	Loss 1.0246e+00 (7.6768e-01)	Acc@1  71.88 ( 75.20)	Acc@5  96.88 ( 95.56)
2021-12-05 17:10:22.119 | INFO     | __main__:display:483 - Test: [ 40/123]	Time  0.758 ( 3.797)	Loss 6.2840e-01 (7.3064e-01)	Acc@1  78.12 ( 76.14)	Acc@5 100.00 ( 96.34)
2021-12-05 17:10:29.930 | INFO     | __main__:display:483 - Test: [ 50/123]	Time  0.854 ( 3.206)	Loss 6.7110e-01 (7.1799e-01)	Acc@1  84.38 ( 76.84)	Acc@5  93.75 ( 96.75)
2021-12-05 17:10:38.207 | INFO     | __main__:display:483 - Test: [ 60/123]	Time  0.783 ( 2.816)	Loss 4.9027e-01 (6.4817e-01)	Acc@1  87.50 ( 79.15)	Acc@5  96.88 ( 97.13)
2021-12-05 17:10:46.208 | INFO     | __main__:display:483 - Test: [ 70/123]	Time  0.911 ( 2.532)	Loss 2.8104e-01 (6.2052e-01)	Acc@1  90.62 ( 80.02)	Acc@5 100.00 ( 97.32)
2021-12-05 17:10:54.315 | INFO     | __main__:display:483 - Test: [ 80/123]	Time  0.811 ( 2.320)	Loss 8.8317e-01 (6.1534e-01)	Acc@1  65.62 ( 80.09)	Acc@5 100.00 ( 97.49)
2021-12-05 17:11:02.944 | INFO     | __main__:display:483 - Test: [ 90/123]	Time  0.835 ( 2.159)	Loss 6.8804e-01 (6.3685e-01)	Acc@1  81.25 ( 79.46)	Acc@5  96.88 ( 97.49)
2021-12-05 17:11:10.992 | INFO     | __main__:display:483 - Test: [100/123]	Time  0.793 ( 2.025)	Loss 5.9255e-01 (6.6722e-01)	Acc@1  78.12 ( 78.68)	Acc@5  93.75 ( 97.40)
2021-12-05 17:11:19.066 | INFO     | __main__:display:483 - Test: [110/123]	Time  0.759 ( 1.916)	Loss 1.2092e+00 (6.6341e-01)	Acc@1  68.75 ( 79.05)	Acc@5  93.75 ( 97.35)
2021-12-05 17:11:26.725 | INFO     | __main__:display:483 - Test: [120/123]	Time  0.836 ( 1.821)	Loss 2.5753e+00 (8.0474e-01)	Acc@1  37.50 ( 76.21)	Acc@5 100.00 ( 97.18)
2021-12-05 17:11:28.117 | INFO     | __main__:display_summary:488 -  *   Acc@1 75.720 Acc@5 97.121
