2021-12-05 15:33:27.525 | INFO     | __main__:main:159 - Log into log/resnet18/zero_mantissa_to_closest_exponent/group_size:16/2021-12-05-15:33:27.log
2021-12-05 15:33:27.526 | INFO     | __main__:logger_args:80 - 
data      	data/imagenette
arch      	resnet18
replace_fc	torch.nn.Linear(512, 10)
change_model_weights	zero_mantissa_to_closest_exponent
change_model_weights_during_training	None
model_weights_group_size	16
workers   	4
epochs    	90
start_epoch	0
batch_size	32
lr        	0.1
momentum  	0.9
weight_decay	0.0001
print_freq	10
resume    	model/resnet18/model_best.pth.tar
evaluate  	True
pretrained	True
seed      	None
gpu       	None
model_dir 	model/resnet18/zero_mantissa_to_closest_exponent/group_size:16
log_dir   	log/resnet18/zero_mantissa_to_closest_exponent/group_size:16
tensorboard	False

2021-12-05 15:33:27.526 | INFO     | __main__:main_worker:196 - Using pre-trained model 'resnet18'
2021-12-05 15:33:27.731 | WARNING  | __main__:main_worker:203 - Replacing model's last FC layer by torch.nn.Linear(512, 10)
2021-12-05 15:33:27.733 | INFO     | __main__:main_worker:205 - 
ResNet(
  (conv1): Conv2d(3, 64, kernel_size=(7, 7), stride=(2, 2), padding=(3, 3), bias=False)
  (bn1): BatchNorm2d(64, eps=1e-05, momentum=0.1, affine=True, track_running_stats=True)
  (relu): ReLU(inplace=True)
  (maxpool): MaxPool2d(kernel_size=3, stride=2, padding=1, dilation=1, ceil_mode=False)
  (layer1): Sequential(
    (0): BasicBlock(
      (conv1): Conv2d(64, 64, kernel_size=(3, 3), stride=(1, 1), padding=(1, 1), bias=False)
      (bn1): BatchNorm2d(64, eps=1e-05, momentum=0.1, affine=True, track_running_stats=True)
      (relu): ReLU(inplace=True)
      (conv2): Conv2d(64, 64, kernel_size=(3, 3), stride=(1, 1), padding=(1, 1), bias=False)
      (bn2): BatchNorm2d(64, eps=1e-05, momentum=0.1, affine=True, track_running_stats=True)
    )
    (1): BasicBlock(
      (conv1): Conv2d(64, 64, kernel_size=(3, 3), stride=(1, 1), padding=(1, 1), bias=False)
      (bn1): BatchNorm2d(64, eps=1e-05, momentum=0.1, affine=True, track_running_stats=True)
      (relu): ReLU(inplace=True)
      (conv2): Conv2d(64, 64, kernel_size=(3, 3), stride=(1, 1), padding=(1, 1), bias=False)
      (bn2): BatchNorm2d(64, eps=1e-05, momentum=0.1, affine=True, track_running_stats=True)
    )
  )
  (layer2): Sequential(
    (0): BasicBlock(
      (conv1): Conv2d(64, 128, kernel_size=(3, 3), stride=(2, 2), padding=(1, 1), bias=False)
      (bn1): BatchNorm2d(128, eps=1e-05, momentum=0.1, affine=True, track_running_stats=True)
      (relu): ReLU(inplace=True)
      (conv2): Conv2d(128, 128, kernel_size=(3, 3), stride=(1, 1), padding=(1, 1), bias=False)
      (bn2): BatchNorm2d(128, eps=1e-05, momentum=0.1, affine=True, track_running_stats=True)
      (downsample): Sequential(
        (0): Conv2d(64, 128, kernel_size=(1, 1), stride=(2, 2), bias=False)
        (1): BatchNorm2d(128, eps=1e-05, momentum=0.1, affine=True, track_running_stats=True)
      )
    )
    (1): BasicBlock(
      (conv1): Conv2d(128, 128, kernel_size=(3, 3), stride=(1, 1), padding=(1, 1), bias=False)
      (bn1): BatchNorm2d(128, eps=1e-05, momentum=0.1, affine=True, track_running_stats=True)
      (relu): ReLU(inplace=True)
      (conv2): Conv2d(128, 128, kernel_size=(3, 3), stride=(1, 1), padding=(1, 1), bias=False)
      (bn2): BatchNorm2d(128, eps=1e-05, momentum=0.1, affine=True, track_running_stats=True)
    )
  )
  (layer3): Sequential(
    (0): BasicBlock(
      (conv1): Conv2d(128, 256, kernel_size=(3, 3), stride=(2, 2), padding=(1, 1), bias=False)
      (bn1): BatchNorm2d(256, eps=1e-05, momentum=0.1, affine=True, track_running_stats=True)
      (relu): ReLU(inplace=True)
      (conv2): Conv2d(256, 256, kernel_size=(3, 3), stride=(1, 1), padding=(1, 1), bias=False)
      (bn2): BatchNorm2d(256, eps=1e-05, momentum=0.1, affine=True, track_running_stats=True)
      (downsample): Sequential(
        (0): Conv2d(128, 256, kernel_size=(1, 1), stride=(2, 2), bias=False)
        (1): BatchNorm2d(256, eps=1e-05, momentum=0.1, affine=True, track_running_stats=True)
      )
    )
    (1): BasicBlock(
      (conv1): Conv2d(256, 256, kernel_size=(3, 3), stride=(1, 1), padding=(1, 1), bias=False)
      (bn1): BatchNorm2d(256, eps=1e-05, momentum=0.1, affine=True, track_running_stats=True)
      (relu): ReLU(inplace=True)
      (conv2): Conv2d(256, 256, kernel_size=(3, 3), stride=(1, 1), padding=(1, 1), bias=False)
      (bn2): BatchNorm2d(256, eps=1e-05, momentum=0.1, affine=True, track_running_stats=True)
    )
  )
  (layer4): Sequential(
    (0): BasicBlock(
      (conv1): Conv2d(256, 512, kernel_size=(3, 3), stride=(2, 2), padding=(1, 1), bias=False)
      (bn1): BatchNorm2d(512, eps=1e-05, momentum=0.1, affine=True, track_running_stats=True)
      (relu): ReLU(inplace=True)
      (conv2): Conv2d(512, 512, kernel_size=(3, 3), stride=(1, 1), padding=(1, 1), bias=False)
      (bn2): BatchNorm2d(512, eps=1e-05, momentum=0.1, affine=True, track_running_stats=True)
      (downsample): Sequential(
        (0): Conv2d(256, 512, kernel_size=(1, 1), stride=(2, 2), bias=False)
        (1): BatchNorm2d(512, eps=1e-05, momentum=0.1, affine=True, track_running_stats=True)
      )
    )
    (1): BasicBlock(
      (conv1): Conv2d(512, 512, kernel_size=(3, 3), stride=(1, 1), padding=(1, 1), bias=False)
      (bn1): BatchNorm2d(512, eps=1e-05, momentum=0.1, affine=True, track_running_stats=True)
      (relu): ReLU(inplace=True)
      (conv2): Conv2d(512, 512, kernel_size=(3, 3), stride=(1, 1), padding=(1, 1), bias=False)
      (bn2): BatchNorm2d(512, eps=1e-05, momentum=0.1, affine=True, track_running_stats=True)
    )
  )
  (avgpool): AdaptiveAvgPool2d(output_size=(1, 1))
  (fc): Linear(in_features=512, out_features=10, bias=True)
)
2021-12-05 15:33:27.734 | WARNING  | __main__:main_worker:212 - Using CPU, this will be slow
2021-12-05 15:33:27.735 | INFO     | __main__:main_worker:233 - Loading checkpoint 'model/resnet18/model_best.pth.tar'
2021-12-05 15:33:27.796 | INFO     | __main__:main_worker:247 - Loaded checkpoint 'model/resnet18/model_best.pth.tar' (epoch 95)
2021-12-05 15:33:27.796 | WARNING  | __main__:main_worker:252 - Changing model's weights according to 'zero_mantissa_to_closest_exponent' with group size: 16
2021-12-05 15:33:27.798 | INFO     | __main__:convert_model:140 - Converting conv1.weight ...
2021-12-05 15:33:28.139 | INFO     | __main__:convert_model:124 - Skipping bn1.weight ...
2021-12-05 15:33:28.140 | INFO     | __main__:convert_model:124 - Skipping bn1.bias ...
2021-12-05 15:33:28.140 | INFO     | __main__:convert_model:140 - Converting layer1.0.conv1.weight ...
2021-12-05 15:33:29.256 | INFO     | __main__:convert_model:124 - Skipping layer1.0.bn1.weight ...
2021-12-05 15:33:29.257 | INFO     | __main__:convert_model:124 - Skipping layer1.0.bn1.bias ...
2021-12-05 15:33:29.257 | INFO     | __main__:convert_model:140 - Converting layer1.0.conv2.weight ...
2021-12-05 15:33:30.441 | INFO     | __main__:convert_model:124 - Skipping layer1.0.bn2.weight ...
2021-12-05 15:33:30.441 | INFO     | __main__:convert_model:124 - Skipping layer1.0.bn2.bias ...
2021-12-05 15:33:30.442 | INFO     | __main__:convert_model:140 - Converting layer1.1.conv1.weight ...
2021-12-05 15:33:31.580 | INFO     | __main__:convert_model:124 - Skipping layer1.1.bn1.weight ...
2021-12-05 15:33:31.581 | INFO     | __main__:convert_model:124 - Skipping layer1.1.bn1.bias ...
2021-12-05 15:33:31.581 | INFO     | __main__:convert_model:140 - Converting layer1.1.conv2.weight ...
2021-12-05 15:33:32.798 | INFO     | __main__:convert_model:124 - Skipping layer1.1.bn2.weight ...
2021-12-05 15:33:32.798 | INFO     | __main__:convert_model:124 - Skipping layer1.1.bn2.bias ...
2021-12-05 15:33:32.799 | INFO     | __main__:convert_model:140 - Converting layer2.0.conv1.weight ...
2021-12-05 15:33:34.738 | INFO     | __main__:convert_model:124 - Skipping layer2.0.bn1.weight ...
2021-12-05 15:33:34.738 | INFO     | __main__:convert_model:124 - Skipping layer2.0.bn1.bias ...
2021-12-05 15:33:34.738 | INFO     | __main__:convert_model:140 - Converting layer2.0.conv2.weight ...
2021-12-05 15:33:38.347 | INFO     | __main__:convert_model:124 - Skipping layer2.0.bn2.weight ...
2021-12-05 15:33:38.347 | INFO     | __main__:convert_model:124 - Skipping layer2.0.bn2.bias ...
2021-12-05 15:33:38.347 | INFO     | __main__:convert_model:124 - Skipping layer2.0.downsample.0.weight ...
2021-12-05 15:33:38.348 | INFO     | __main__:convert_model:124 - Skipping layer2.0.downsample.1.weight ...
2021-12-05 15:33:38.348 | INFO     | __main__:convert_model:124 - Skipping layer2.0.downsample.1.bias ...
2021-12-05 15:33:38.348 | INFO     | __main__:convert_model:140 - Converting layer2.1.conv1.weight ...
2021-12-05 15:33:42.444 | INFO     | __main__:convert_model:124 - Skipping layer2.1.bn1.weight ...
2021-12-05 15:33:42.445 | INFO     | __main__:convert_model:124 - Skipping layer2.1.bn1.bias ...
2021-12-05 15:33:42.445 | INFO     | __main__:convert_model:140 - Converting layer2.1.conv2.weight ...
2021-12-05 15:33:45.895 | INFO     | __main__:convert_model:124 - Skipping layer2.1.bn2.weight ...
2021-12-05 15:33:45.896 | INFO     | __main__:convert_model:124 - Skipping layer2.1.bn2.bias ...
2021-12-05 15:33:45.896 | INFO     | __main__:convert_model:140 - Converting layer3.0.conv1.weight ...
2021-12-05 15:33:52.247 | INFO     | __main__:convert_model:124 - Skipping layer3.0.bn1.weight ...
2021-12-05 15:33:52.248 | INFO     | __main__:convert_model:124 - Skipping layer3.0.bn1.bias ...
2021-12-05 15:33:52.248 | INFO     | __main__:convert_model:140 - Converting layer3.0.conv2.weight ...
2021-12-05 15:34:04.830 | INFO     | __main__:convert_model:124 - Skipping layer3.0.bn2.weight ...
2021-12-05 15:34:04.830 | INFO     | __main__:convert_model:124 - Skipping layer3.0.bn2.bias ...
2021-12-05 15:34:04.830 | INFO     | __main__:convert_model:124 - Skipping layer3.0.downsample.0.weight ...
2021-12-05 15:34:04.831 | INFO     | __main__:convert_model:124 - Skipping layer3.0.downsample.1.weight ...
2021-12-05 15:34:04.831 | INFO     | __main__:convert_model:124 - Skipping layer3.0.downsample.1.bias ...
2021-12-05 15:34:04.831 | INFO     | __main__:convert_model:140 - Converting layer3.1.conv1.weight ...
2021-12-05 15:34:17.141 | INFO     | __main__:convert_model:124 - Skipping layer3.1.bn1.weight ...
2021-12-05 15:34:17.141 | INFO     | __main__:convert_model:124 - Skipping layer3.1.bn1.bias ...
2021-12-05 15:34:17.142 | INFO     | __main__:convert_model:140 - Converting layer3.1.conv2.weight ...
2021-12-05 15:34:29.399 | INFO     | __main__:convert_model:124 - Skipping layer3.1.bn2.weight ...
2021-12-05 15:34:29.399 | INFO     | __main__:convert_model:124 - Skipping layer3.1.bn2.bias ...
2021-12-05 15:34:29.399 | INFO     | __main__:convert_model:140 - Converting layer4.0.conv1.weight ...
2021-12-05 15:34:54.067 | INFO     | __main__:convert_model:124 - Skipping layer4.0.bn1.weight ...
2021-12-05 15:34:54.067 | INFO     | __main__:convert_model:124 - Skipping layer4.0.bn1.bias ...
2021-12-05 15:34:54.067 | INFO     | __main__:convert_model:140 - Converting layer4.0.conv2.weight ...
2021-12-05 15:35:43.980 | INFO     | __main__:convert_model:124 - Skipping layer4.0.bn2.weight ...
2021-12-05 15:35:43.980 | INFO     | __main__:convert_model:124 - Skipping layer4.0.bn2.bias ...
2021-12-05 15:35:43.980 | INFO     | __main__:convert_model:124 - Skipping layer4.0.downsample.0.weight ...
2021-12-05 15:35:43.981 | INFO     | __main__:convert_model:124 - Skipping layer4.0.downsample.1.weight ...
2021-12-05 15:35:43.981 | INFO     | __main__:convert_model:124 - Skipping layer4.0.downsample.1.bias ...
2021-12-05 15:35:43.981 | INFO     | __main__:convert_model:140 - Converting layer4.1.conv1.weight ...
2021-12-05 15:36:33.313 | INFO     | __main__:convert_model:124 - Skipping layer4.1.bn1.weight ...
2021-12-05 15:36:33.313 | INFO     | __main__:convert_model:124 - Skipping layer4.1.bn1.bias ...
2021-12-05 15:36:33.313 | INFO     | __main__:convert_model:140 - Converting layer4.1.conv2.weight ...
2021-12-05 15:37:24.021 | INFO     | __main__:convert_model:124 - Skipping layer4.1.bn2.weight ...
2021-12-05 15:37:24.021 | INFO     | __main__:convert_model:124 - Skipping layer4.1.bn2.bias ...
2021-12-05 15:37:24.022 | INFO     | __main__:convert_model:140 - Converting fc.weight ...
2021-12-05 15:37:24.147 | INFO     | __main__:convert_model:134 - Converting fc.bias with group size: 10. (W.numel()(=10) < 16) ...
2021-12-05 15:37:24.148 | INFO     | __main__:main_worker:266 - Train Dir: data/imagenette/train | Val Dir: data/imagenette/val
2021-12-05 15:37:24.180 | INFO     | __main__:main_worker:291 - args.evaluate=True: Doing evaluation once, and exit
2021-12-05 15:37:28.935 | INFO     | __main__:display:483 - Test: [  0/123]	Time  4.754 ( 4.754)	Loss 3.7117e-01 (3.7117e-01)	Acc@1  93.75 ( 93.75)	Acc@5  96.88 ( 96.88)
2021-12-05 15:37:58.121 | INFO     | __main__:display:483 - Test: [ 10/123]	Time  0.867 ( 3.086)	Loss 5.4677e-01 (2.9804e-01)	Acc@1  84.38 ( 91.76)	Acc@5  96.88 ( 98.86)
2021-12-05 15:38:08.433 | INFO     | __main__:display:483 - Test: [ 20/123]	Time  0.827 ( 2.107)	Loss 5.5374e-01 (3.5565e-01)	Acc@1  78.12 ( 89.29)	Acc@5  93.75 ( 98.81)
2021-12-05 15:38:28.303 | INFO     | __main__:display:483 - Test: [ 30/123]	Time  0.950 ( 2.068)	Loss 6.6402e-01 (4.4552e-01)	Acc@1  81.25 ( 86.79)	Acc@5  96.88 ( 98.29)
2021-12-05 15:38:38.181 | INFO     | __main__:display:483 - Test: [ 40/123]	Time  0.826 ( 1.805)	Loss 6.2821e-01 (4.8687e-01)	Acc@1  75.00 ( 85.06)	Acc@5 100.00 ( 98.48)
2021-12-05 15:38:46.602 | INFO     | __main__:display:483 - Test: [ 50/123]	Time  0.855 ( 1.616)	Loss 8.2021e-01 (5.5470e-01)	Acc@1  75.00 ( 82.66)	Acc@5  96.88 ( 98.22)
2021-12-05 15:38:55.000 | INFO     | __main__:display:483 - Test: [ 60/123]	Time  0.932 ( 1.489)	Loss 8.0886e-01 (5.5280e-01)	Acc@1  78.12 ( 82.89)	Acc@5  96.88 ( 98.10)
2021-12-05 15:39:04.433 | INFO     | __main__:display:483 - Test: [ 70/123]	Time  0.927 ( 1.412)	Loss 3.4836e-01 (5.3457e-01)	Acc@1  87.50 ( 83.32)	Acc@5 100.00 ( 98.33)
2021-12-05 15:39:14.857 | INFO     | __main__:display:483 - Test: [ 80/123]	Time  0.988 ( 1.366)	Loss 1.0167e+00 (5.2927e-01)	Acc@1  65.62 ( 83.49)	Acc@5  96.88 ( 98.30)
2021-12-05 15:39:24.547 | INFO     | __main__:display:483 - Test: [ 90/123]	Time  0.834 ( 1.323)	Loss 4.6841e-01 (5.2503e-01)	Acc@1  87.50 ( 83.65)	Acc@5 100.00 ( 98.39)
2021-12-05 15:39:36.037 | INFO     | __main__:display:483 - Test: [100/123]	Time  0.895 ( 1.306)	Loss 1.1645e+00 (5.5030e-01)	Acc@1  65.62 ( 82.74)	Acc@5  93.75 ( 98.21)
2021-12-05 15:39:45.344 | INFO     | __main__:display:483 - Test: [110/123]	Time  0.910 ( 1.272)	Loss 7.0849e-01 (5.9384e-01)	Acc@1  81.25 ( 81.70)	Acc@5 100.00 ( 97.86)
2021-12-05 15:39:54.908 | INFO     | __main__:display:483 - Test: [120/123]	Time  0.751 ( 1.246)	Loss 5.0203e-01 (5.8041e-01)	Acc@1  81.25 ( 82.02)	Acc@5  96.88 ( 97.91)
2021-12-05 15:39:56.188 | INFO     | __main__:display_summary:488 -  *   Acc@1 81.962 Acc@5 97.860
