2021-12-05 16:17:35.531 | INFO     | __main__:main:159 - Log into log/resnet18/zero_mantissa_to_closest_exponent/group_size:1024/2021-12-05-16:17:35.log
2021-12-05 16:17:35.531 | INFO     | __main__:logger_args:80 - 
data      	data/imagenette
arch      	resnet18
replace_fc	torch.nn.Linear(512, 10)
change_model_weights	zero_mantissa_to_closest_exponent
change_model_weights_during_training	None
model_weights_group_size	1024
workers   	4
epochs    	90
start_epoch	0
batch_size	32
lr        	0.1
momentum  	0.9
weight_decay	0.0001
print_freq	10
resume    	model/resnet18:non-pretrained:batch_size=256/model_best.pth.tar
evaluate  	True
pretrained	False
seed      	None
gpu       	None
model_dir 	model/resnet18/zero_mantissa_to_closest_exponent/group_size:1024
log_dir   	log/resnet18/zero_mantissa_to_closest_exponent/group_size:1024
tensorboard	False

2021-12-05 16:17:35.531 | INFO     | __main__:main_worker:199 - Creating model 'resnet18'
2021-12-05 16:17:35.636 | WARNING  | __main__:main_worker:203 - Replacing model's last FC layer by torch.nn.Linear(512, 10)
2021-12-05 16:17:35.637 | INFO     | __main__:main_worker:205 - 
ResNet(
  (conv1): Conv2d(3, 64, kernel_size=(7, 7), stride=(2, 2), padding=(3, 3), bias=False)
  (bn1): BatchNorm2d(64, eps=1e-05, momentum=0.1, affine=True, track_running_stats=True)
  (relu): ReLU(inplace=True)
  (maxpool): MaxPool2d(kernel_size=3, stride=2, padding=1, dilation=1, ceil_mode=False)
  (layer1): Sequential(
    (0): BasicBlock(
      (conv1): Conv2d(64, 64, kernel_size=(3, 3), stride=(1, 1), padding=(1, 1), bias=False)
      (bn1): BatchNorm2d(64, eps=1e-05, momentum=0.1, affine=True, track_running_stats=True)
      (relu): ReLU(inplace=True)
      (conv2): Conv2d(64, 64, kernel_size=(3, 3), stride=(1, 1), padding=(1, 1), bias=False)
      (bn2): BatchNorm2d(64, eps=1e-05, momentum=0.1, affine=True, track_running_stats=True)
    )
    (1): BasicBlock(
      (conv1): Conv2d(64, 64, kernel_size=(3, 3), stride=(1, 1), padding=(1, 1), bias=False)
      (bn1): BatchNorm2d(64, eps=1e-05, momentum=0.1, affine=True, track_running_stats=True)
      (relu): ReLU(inplace=True)
      (conv2): Conv2d(64, 64, kernel_size=(3, 3), stride=(1, 1), padding=(1, 1), bias=False)
      (bn2): BatchNorm2d(64, eps=1e-05, momentum=0.1, affine=True, track_running_stats=True)
    )
  )
  (layer2): Sequential(
    (0): BasicBlock(
      (conv1): Conv2d(64, 128, kernel_size=(3, 3), stride=(2, 2), padding=(1, 1), bias=False)
      (bn1): BatchNorm2d(128, eps=1e-05, momentum=0.1, affine=True, track_running_stats=True)
      (relu): ReLU(inplace=True)
      (conv2): Conv2d(128, 128, kernel_size=(3, 3), stride=(1, 1), padding=(1, 1), bias=False)
      (bn2): BatchNorm2d(128, eps=1e-05, momentum=0.1, affine=True, track_running_stats=True)
      (downsample): Sequential(
        (0): Conv2d(64, 128, kernel_size=(1, 1), stride=(2, 2), bias=False)
        (1): BatchNorm2d(128, eps=1e-05, momentum=0.1, affine=True, track_running_stats=True)
      )
    )
    (1): BasicBlock(
      (conv1): Conv2d(128, 128, kernel_size=(3, 3), stride=(1, 1), padding=(1, 1), bias=False)
      (bn1): BatchNorm2d(128, eps=1e-05, momentum=0.1, affine=True, track_running_stats=True)
      (relu): ReLU(inplace=True)
      (conv2): Conv2d(128, 128, kernel_size=(3, 3), stride=(1, 1), padding=(1, 1), bias=False)
      (bn2): BatchNorm2d(128, eps=1e-05, momentum=0.1, affine=True, track_running_stats=True)
    )
  )
  (layer3): Sequential(
    (0): BasicBlock(
      (conv1): Conv2d(128, 256, kernel_size=(3, 3), stride=(2, 2), padding=(1, 1), bias=False)
      (bn1): BatchNorm2d(256, eps=1e-05, momentum=0.1, affine=True, track_running_stats=True)
      (relu): ReLU(inplace=True)
      (conv2): Conv2d(256, 256, kernel_size=(3, 3), stride=(1, 1), padding=(1, 1), bias=False)
      (bn2): BatchNorm2d(256, eps=1e-05, momentum=0.1, affine=True, track_running_stats=True)
      (downsample): Sequential(
        (0): Conv2d(128, 256, kernel_size=(1, 1), stride=(2, 2), bias=False)
        (1): BatchNorm2d(256, eps=1e-05, momentum=0.1, affine=True, track_running_stats=True)
      )
    )
    (1): BasicBlock(
      (conv1): Conv2d(256, 256, kernel_size=(3, 3), stride=(1, 1), padding=(1, 1), bias=False)
      (bn1): BatchNorm2d(256, eps=1e-05, momentum=0.1, affine=True, track_running_stats=True)
      (relu): ReLU(inplace=True)
      (conv2): Conv2d(256, 256, kernel_size=(3, 3), stride=(1, 1), padding=(1, 1), bias=False)
      (bn2): BatchNorm2d(256, eps=1e-05, momentum=0.1, affine=True, track_running_stats=True)
    )
  )
  (layer4): Sequential(
    (0): BasicBlock(
      (conv1): Conv2d(256, 512, kernel_size=(3, 3), stride=(2, 2), padding=(1, 1), bias=False)
      (bn1): BatchNorm2d(512, eps=1e-05, momentum=0.1, affine=True, track_running_stats=True)
      (relu): ReLU(inplace=True)
      (conv2): Conv2d(512, 512, kernel_size=(3, 3), stride=(1, 1), padding=(1, 1), bias=False)
      (bn2): BatchNorm2d(512, eps=1e-05, momentum=0.1, affine=True, track_running_stats=True)
      (downsample): Sequential(
        (0): Conv2d(256, 512, kernel_size=(1, 1), stride=(2, 2), bias=False)
        (1): BatchNorm2d(512, eps=1e-05, momentum=0.1, affine=True, track_running_stats=True)
      )
    )
    (1): BasicBlock(
      (conv1): Conv2d(512, 512, kernel_size=(3, 3), stride=(1, 1), padding=(1, 1), bias=False)
      (bn1): BatchNorm2d(512, eps=1e-05, momentum=0.1, affine=True, track_running_stats=True)
      (relu): ReLU(inplace=True)
      (conv2): Conv2d(512, 512, kernel_size=(3, 3), stride=(1, 1), padding=(1, 1), bias=False)
      (bn2): BatchNorm2d(512, eps=1e-05, momentum=0.1, affine=True, track_running_stats=True)
    )
  )
  (avgpool): AdaptiveAvgPool2d(output_size=(1, 1))
  (fc): Linear(in_features=512, out_features=10, bias=True)
)
2021-12-05 16:17:35.637 | WARNING  | __main__:main_worker:212 - Using CPU, this will be slow
2021-12-05 16:17:35.638 | INFO     | __main__:main_worker:233 - Loading checkpoint 'model/resnet18:non-pretrained:batch_size=256/model_best.pth.tar'
2021-12-05 16:17:35.696 | INFO     | __main__:main_worker:247 - Loaded checkpoint 'model/resnet18:non-pretrained:batch_size=256/model_best.pth.tar' (epoch 90)
2021-12-05 16:17:35.696 | WARNING  | __main__:main_worker:252 - Changing model's weights according to 'zero_mantissa_to_closest_exponent' with group size: 1024
2021-12-05 16:17:35.697 | INFO     | __main__:convert_model:140 - Converting conv1.weight ...
2021-12-05 16:17:35.889 | INFO     | __main__:convert_model:124 - Skipping bn1.weight ...
2021-12-05 16:17:35.889 | INFO     | __main__:convert_model:124 - Skipping bn1.bias ...
2021-12-05 16:17:35.889 | INFO     | __main__:convert_model:140 - Converting layer1.0.conv1.weight ...
2021-12-05 16:17:36.605 | INFO     | __main__:convert_model:124 - Skipping layer1.0.bn1.weight ...
2021-12-05 16:17:36.606 | INFO     | __main__:convert_model:124 - Skipping layer1.0.bn1.bias ...
2021-12-05 16:17:36.606 | INFO     | __main__:convert_model:140 - Converting layer1.0.conv2.weight ...
2021-12-05 16:17:37.340 | INFO     | __main__:convert_model:124 - Skipping layer1.0.bn2.weight ...
2021-12-05 16:17:37.341 | INFO     | __main__:convert_model:124 - Skipping layer1.0.bn2.bias ...
2021-12-05 16:17:37.341 | INFO     | __main__:convert_model:140 - Converting layer1.1.conv1.weight ...
2021-12-05 16:17:38.076 | INFO     | __main__:convert_model:124 - Skipping layer1.1.bn1.weight ...
2021-12-05 16:17:38.076 | INFO     | __main__:convert_model:124 - Skipping layer1.1.bn1.bias ...
2021-12-05 16:17:38.076 | INFO     | __main__:convert_model:140 - Converting layer1.1.conv2.weight ...
2021-12-05 16:17:38.814 | INFO     | __main__:convert_model:124 - Skipping layer1.1.bn2.weight ...
2021-12-05 16:17:38.814 | INFO     | __main__:convert_model:124 - Skipping layer1.1.bn2.bias ...
2021-12-05 16:17:38.815 | INFO     | __main__:convert_model:140 - Converting layer2.0.conv1.weight ...
2021-12-05 16:17:40.397 | INFO     | __main__:convert_model:124 - Skipping layer2.0.bn1.weight ...
2021-12-05 16:17:40.397 | INFO     | __main__:convert_model:124 - Skipping layer2.0.bn1.bias ...
2021-12-05 16:17:40.397 | INFO     | __main__:convert_model:140 - Converting layer2.0.conv2.weight ...
2021-12-05 16:17:44.483 | INFO     | __main__:convert_model:124 - Skipping layer2.0.bn2.weight ...
2021-12-05 16:17:44.487 | INFO     | __main__:convert_model:124 - Skipping layer2.0.bn2.bias ...
2021-12-05 16:17:44.487 | INFO     | __main__:convert_model:124 - Skipping layer2.0.downsample.0.weight ...
2021-12-05 16:17:44.488 | INFO     | __main__:convert_model:124 - Skipping layer2.0.downsample.1.weight ...
2021-12-05 16:17:44.488 | INFO     | __main__:convert_model:124 - Skipping layer2.0.downsample.1.bias ...
2021-12-05 16:17:44.488 | INFO     | __main__:convert_model:140 - Converting layer2.1.conv1.weight ...
2021-12-05 16:17:48.398 | INFO     | __main__:convert_model:124 - Skipping layer2.1.bn1.weight ...
2021-12-05 16:17:48.399 | INFO     | __main__:convert_model:124 - Skipping layer2.1.bn1.bias ...
2021-12-05 16:17:48.400 | INFO     | __main__:convert_model:140 - Converting layer2.1.conv2.weight ...
2021-12-05 16:17:51.560 | INFO     | __main__:convert_model:124 - Skipping layer2.1.bn2.weight ...
2021-12-05 16:17:51.560 | INFO     | __main__:convert_model:124 - Skipping layer2.1.bn2.bias ...
2021-12-05 16:17:51.560 | INFO     | __main__:convert_model:140 - Converting layer3.0.conv1.weight ...
2021-12-05 16:17:58.548 | INFO     | __main__:convert_model:124 - Skipping layer3.0.bn1.weight ...
2021-12-05 16:17:58.548 | INFO     | __main__:convert_model:124 - Skipping layer3.0.bn1.bias ...
2021-12-05 16:17:58.549 | INFO     | __main__:convert_model:140 - Converting layer3.0.conv2.weight ...
2021-12-05 16:18:10.787 | INFO     | __main__:convert_model:124 - Skipping layer3.0.bn2.weight ...
2021-12-05 16:18:10.787 | INFO     | __main__:convert_model:124 - Skipping layer3.0.bn2.bias ...
2021-12-05 16:18:10.787 | INFO     | __main__:convert_model:124 - Skipping layer3.0.downsample.0.weight ...
2021-12-05 16:18:10.788 | INFO     | __main__:convert_model:124 - Skipping layer3.0.downsample.1.weight ...
2021-12-05 16:18:10.788 | INFO     | __main__:convert_model:124 - Skipping layer3.0.downsample.1.bias ...
2021-12-05 16:18:10.788 | INFO     | __main__:convert_model:140 - Converting layer3.1.conv1.weight ...
2021-12-05 16:18:22.873 | INFO     | __main__:convert_model:124 - Skipping layer3.1.bn1.weight ...
2021-12-05 16:18:22.873 | INFO     | __main__:convert_model:124 - Skipping layer3.1.bn1.bias ...
2021-12-05 16:18:22.873 | INFO     | __main__:convert_model:140 - Converting layer3.1.conv2.weight ...
2021-12-05 16:18:35.035 | INFO     | __main__:convert_model:124 - Skipping layer3.1.bn2.weight ...
2021-12-05 16:18:35.035 | INFO     | __main__:convert_model:124 - Skipping layer3.1.bn2.bias ...
2021-12-05 16:18:35.035 | INFO     | __main__:convert_model:140 - Converting layer4.0.conv1.weight ...
2021-12-05 16:18:59.888 | INFO     | __main__:convert_model:124 - Skipping layer4.0.bn1.weight ...
2021-12-05 16:18:59.888 | INFO     | __main__:convert_model:124 - Skipping layer4.0.bn1.bias ...
2021-12-05 16:18:59.889 | INFO     | __main__:convert_model:140 - Converting layer4.0.conv2.weight ...
2021-12-05 16:19:50.943 | INFO     | __main__:convert_model:124 - Skipping layer4.0.bn2.weight ...
2021-12-05 16:19:50.943 | INFO     | __main__:convert_model:124 - Skipping layer4.0.bn2.bias ...
2021-12-05 16:19:50.943 | INFO     | __main__:convert_model:124 - Skipping layer4.0.downsample.0.weight ...
2021-12-05 16:19:50.943 | INFO     | __main__:convert_model:124 - Skipping layer4.0.downsample.1.weight ...
2021-12-05 16:19:50.944 | INFO     | __main__:convert_model:124 - Skipping layer4.0.downsample.1.bias ...
2021-12-05 16:19:50.944 | INFO     | __main__:convert_model:140 - Converting layer4.1.conv1.weight ...
2021-12-05 16:20:43.448 | INFO     | __main__:convert_model:124 - Skipping layer4.1.bn1.weight ...
2021-12-05 16:20:43.448 | INFO     | __main__:convert_model:124 - Skipping layer4.1.bn1.bias ...
2021-12-05 16:20:43.448 | INFO     | __main__:convert_model:140 - Converting layer4.1.conv2.weight ...
2021-12-05 16:21:50.419 | INFO     | __main__:convert_model:124 - Skipping layer4.1.bn2.weight ...
2021-12-05 16:21:50.420 | INFO     | __main__:convert_model:124 - Skipping layer4.1.bn2.bias ...
2021-12-05 16:21:50.420 | INFO     | __main__:convert_model:140 - Converting fc.weight ...
2021-12-05 16:21:50.561 | INFO     | __main__:convert_model:134 - Converting fc.bias with group size: 10. (W.numel()(=10) < 1024) ...
2021-12-05 16:21:50.562 | INFO     | __main__:main_worker:266 - Train Dir: data/imagenette/train | Val Dir: data/imagenette/val
2021-12-05 16:21:50.601 | INFO     | __main__:main_worker:291 - args.evaluate=True: Doing evaluation once, and exit
2021-12-05 16:21:52.012 | INFO     | __main__:display:483 - Test: [  0/123]	Time  1.410 ( 1.410)	Loss 4.8824e-01 (4.8824e-01)	Acc@1  90.62 ( 90.62)	Acc@5  93.75 ( 93.75)
2021-12-05 16:22:07.654 | INFO     | __main__:display:483 - Test: [ 10/123]	Time  0.900 ( 1.550)	Loss 6.7857e-01 (5.5326e-01)	Acc@1  75.00 ( 83.24)	Acc@5  96.88 ( 97.16)
2021-12-05 16:22:29.342 | INFO     | __main__:display:483 - Test: [ 20/123]	Time  1.084 ( 1.845)	Loss 7.1410e-01 (5.6740e-01)	Acc@1  78.12 ( 81.70)	Acc@5  90.62 ( 97.32)
2021-12-05 16:23:00.855 | INFO     | __main__:display:483 - Test: [ 30/123]	Time  0.775 ( 2.266)	Loss 1.3189e+00 (6.7138e-01)	Acc@1  59.38 ( 77.82)	Acc@5  93.75 ( 97.38)
2021-12-05 16:23:10.575 | INFO     | __main__:display:483 - Test: [ 40/123]	Time  0.707 ( 1.951)	Loss 3.5390e-01 (6.5420e-01)	Acc@1  93.75 ( 78.12)	Acc@5 100.00 ( 97.71)
2021-12-05 16:23:17.747 | INFO     | __main__:display:483 - Test: [ 50/123]	Time  0.738 ( 1.709)	Loss 7.7841e-01 (6.2823e-01)	Acc@1  78.12 ( 79.11)	Acc@5  96.88 ( 97.98)
2021-12-05 16:23:26.922 | INFO     | __main__:display:483 - Test: [ 60/123]	Time  1.941 ( 1.579)	Loss 7.0501e-01 (5.9488e-01)	Acc@1  81.25 ( 80.38)	Acc@5  93.75 ( 98.05)
2021-12-05 16:24:22.485 | INFO     | __main__:display:483 - Test: [ 70/123]	Time 15.648 ( 2.139)	Loss 3.3023e-01 (5.7275e-01)	Acc@1  90.62 ( 81.29)	Acc@5 100.00 ( 98.20)
2021-12-05 16:24:31.237 | INFO     | __main__:display:483 - Test: [ 80/123]	Time  0.835 ( 1.983)	Loss 8.0169e-01 (5.6434e-01)	Acc@1  71.88 ( 81.64)	Acc@5 100.00 ( 98.38)
2021-12-05 16:24:41.137 | INFO     | __main__:display:483 - Test: [ 90/123]	Time  1.145 ( 1.874)	Loss 8.8080e-01 (5.9014e-01)	Acc@1  71.88 ( 80.80)	Acc@5  96.88 ( 98.28)
2021-12-05 16:24:49.693 | INFO     | __main__:display:483 - Test: [100/123]	Time  0.827 ( 1.773)	Loss 6.0178e-01 (6.2322e-01)	Acc@1  81.25 ( 79.95)	Acc@5  93.75 ( 98.05)
2021-12-05 16:24:58.583 | INFO     | __main__:display:483 - Test: [110/123]	Time  0.851 ( 1.694)	Loss 1.6123e+00 (6.2246e-01)	Acc@1  68.75 ( 80.04)	Acc@5  90.62 ( 97.94)
2021-12-05 16:25:17.007 | INFO     | __main__:display:483 - Test: [120/123]	Time  0.755 ( 1.706)	Loss 3.1880e+00 (8.2603e-01)	Acc@1  31.25 ( 76.37)	Acc@5  96.88 ( 97.03)
2021-12-05 16:25:19.729 | INFO     | __main__:display_summary:488 -  *   Acc@1 75.822 Acc@5 96.892
