2021-12-05 14:52:43.809 | INFO     | __main__:main:159 - Log into log/resnet18/zero_mantissa_to_closest_exponent/group_size:1024/2021-12-05-14:52:43.log
2021-12-05 14:52:43.809 | INFO     | __main__:logger_args:80 - 
data      	data/imagenette
arch      	resnet18
replace_fc	torch.nn.Linear(512, 10)
change_model_weights	zero_mantissa_to_closest_exponent
change_model_weights_during_training	None
model_weights_group_size	1024
workers   	4
epochs    	90
start_epoch	0
batch_size	32
lr        	0.1
momentum  	0.9
weight_decay	0.0001
print_freq	10
resume    	model/resnet18/model_best.pth.tar
evaluate  	True
pretrained	True
seed      	None
gpu       	None
model_dir 	model/resnet18/zero_mantissa_to_closest_exponent/group_size:1024
log_dir   	log/resnet18/zero_mantissa_to_closest_exponent/group_size:1024
tensorboard	False

2021-12-05 14:52:43.809 | INFO     | __main__:main_worker:196 - Using pre-trained model 'resnet18'
2021-12-05 14:52:43.950 | WARNING  | __main__:main_worker:203 - Replacing model's last FC layer by torch.nn.Linear(512, 10)
2021-12-05 14:52:43.951 | INFO     | __main__:main_worker:205 - 
ResNet(
  (conv1): Conv2d(3, 64, kernel_size=(7, 7), stride=(2, 2), padding=(3, 3), bias=False)
  (bn1): BatchNorm2d(64, eps=1e-05, momentum=0.1, affine=True, track_running_stats=True)
  (relu): ReLU(inplace=True)
  (maxpool): MaxPool2d(kernel_size=3, stride=2, padding=1, dilation=1, ceil_mode=False)
  (layer1): Sequential(
    (0): BasicBlock(
      (conv1): Conv2d(64, 64, kernel_size=(3, 3), stride=(1, 1), padding=(1, 1), bias=False)
      (bn1): BatchNorm2d(64, eps=1e-05, momentum=0.1, affine=True, track_running_stats=True)
      (relu): ReLU(inplace=True)
      (conv2): Conv2d(64, 64, kernel_size=(3, 3), stride=(1, 1), padding=(1, 1), bias=False)
      (bn2): BatchNorm2d(64, eps=1e-05, momentum=0.1, affine=True, track_running_stats=True)
    )
    (1): BasicBlock(
      (conv1): Conv2d(64, 64, kernel_size=(3, 3), stride=(1, 1), padding=(1, 1), bias=False)
      (bn1): BatchNorm2d(64, eps=1e-05, momentum=0.1, affine=True, track_running_stats=True)
      (relu): ReLU(inplace=True)
      (conv2): Conv2d(64, 64, kernel_size=(3, 3), stride=(1, 1), padding=(1, 1), bias=False)
      (bn2): BatchNorm2d(64, eps=1e-05, momentum=0.1, affine=True, track_running_stats=True)
    )
  )
  (layer2): Sequential(
    (0): BasicBlock(
      (conv1): Conv2d(64, 128, kernel_size=(3, 3), stride=(2, 2), padding=(1, 1), bias=False)
      (bn1): BatchNorm2d(128, eps=1e-05, momentum=0.1, affine=True, track_running_stats=True)
      (relu): ReLU(inplace=True)
      (conv2): Conv2d(128, 128, kernel_size=(3, 3), stride=(1, 1), padding=(1, 1), bias=False)
      (bn2): BatchNorm2d(128, eps=1e-05, momentum=0.1, affine=True, track_running_stats=True)
      (downsample): Sequential(
        (0): Conv2d(64, 128, kernel_size=(1, 1), stride=(2, 2), bias=False)
        (1): BatchNorm2d(128, eps=1e-05, momentum=0.1, affine=True, track_running_stats=True)
      )
    )
    (1): BasicBlock(
      (conv1): Conv2d(128, 128, kernel_size=(3, 3), stride=(1, 1), padding=(1, 1), bias=False)
      (bn1): BatchNorm2d(128, eps=1e-05, momentum=0.1, affine=True, track_running_stats=True)
      (relu): ReLU(inplace=True)
      (conv2): Conv2d(128, 128, kernel_size=(3, 3), stride=(1, 1), padding=(1, 1), bias=False)
      (bn2): BatchNorm2d(128, eps=1e-05, momentum=0.1, affine=True, track_running_stats=True)
    )
  )
  (layer3): Sequential(
    (0): BasicBlock(
      (conv1): Conv2d(128, 256, kernel_size=(3, 3), stride=(2, 2), padding=(1, 1), bias=False)
      (bn1): BatchNorm2d(256, eps=1e-05, momentum=0.1, affine=True, track_running_stats=True)
      (relu): ReLU(inplace=True)
      (conv2): Conv2d(256, 256, kernel_size=(3, 3), stride=(1, 1), padding=(1, 1), bias=False)
      (bn2): BatchNorm2d(256, eps=1e-05, momentum=0.1, affine=True, track_running_stats=True)
      (downsample): Sequential(
        (0): Conv2d(128, 256, kernel_size=(1, 1), stride=(2, 2), bias=False)
        (1): BatchNorm2d(256, eps=1e-05, momentum=0.1, affine=True, track_running_stats=True)
      )
    )
    (1): BasicBlock(
      (conv1): Conv2d(256, 256, kernel_size=(3, 3), stride=(1, 1), padding=(1, 1), bias=False)
      (bn1): BatchNorm2d(256, eps=1e-05, momentum=0.1, affine=True, track_running_stats=True)
      (relu): ReLU(inplace=True)
      (conv2): Conv2d(256, 256, kernel_size=(3, 3), stride=(1, 1), padding=(1, 1), bias=False)
      (bn2): BatchNorm2d(256, eps=1e-05, momentum=0.1, affine=True, track_running_stats=True)
    )
  )
  (layer4): Sequential(
    (0): BasicBlock(
      (conv1): Conv2d(256, 512, kernel_size=(3, 3), stride=(2, 2), padding=(1, 1), bias=False)
      (bn1): BatchNorm2d(512, eps=1e-05, momentum=0.1, affine=True, track_running_stats=True)
      (relu): ReLU(inplace=True)
      (conv2): Conv2d(512, 512, kernel_size=(3, 3), stride=(1, 1), padding=(1, 1), bias=False)
      (bn2): BatchNorm2d(512, eps=1e-05, momentum=0.1, affine=True, track_running_stats=True)
      (downsample): Sequential(
        (0): Conv2d(256, 512, kernel_size=(1, 1), stride=(2, 2), bias=False)
        (1): BatchNorm2d(512, eps=1e-05, momentum=0.1, affine=True, track_running_stats=True)
      )
    )
    (1): BasicBlock(
      (conv1): Conv2d(512, 512, kernel_size=(3, 3), stride=(1, 1), padding=(1, 1), bias=False)
      (bn1): BatchNorm2d(512, eps=1e-05, momentum=0.1, affine=True, track_running_stats=True)
      (relu): ReLU(inplace=True)
      (conv2): Conv2d(512, 512, kernel_size=(3, 3), stride=(1, 1), padding=(1, 1), bias=False)
      (bn2): BatchNorm2d(512, eps=1e-05, momentum=0.1, affine=True, track_running_stats=True)
    )
  )
  (avgpool): AdaptiveAvgPool2d(output_size=(1, 1))
  (fc): Linear(in_features=512, out_features=10, bias=True)
)
2021-12-05 14:52:43.951 | WARNING  | __main__:main_worker:212 - Using CPU, this will be slow
2021-12-05 14:52:43.951 | INFO     | __main__:main_worker:233 - Loading checkpoint 'model/resnet18/model_best.pth.tar'
2021-12-05 14:52:44.011 | INFO     | __main__:main_worker:247 - Loaded checkpoint 'model/resnet18/model_best.pth.tar' (epoch 95)
2021-12-05 14:52:44.011 | WARNING  | __main__:main_worker:252 - Changing model's weights according to 'zero_mantissa_to_closest_exponent' with group size: 1024
2021-12-05 14:52:44.012 | INFO     | __main__:convert_model:140 - Converting conv1.weight ...
2021-12-05 14:52:44.192 | INFO     | __main__:convert_model:124 - Skipping bn1.weight ...
2021-12-05 14:52:44.193 | INFO     | __main__:convert_model:124 - Skipping bn1.bias ...
2021-12-05 14:52:44.193 | INFO     | __main__:convert_model:140 - Converting layer1.0.conv1.weight ...
2021-12-05 14:52:44.928 | INFO     | __main__:convert_model:124 - Skipping layer1.0.bn1.weight ...
2021-12-05 14:52:44.928 | INFO     | __main__:convert_model:124 - Skipping layer1.0.bn1.bias ...
2021-12-05 14:52:44.928 | INFO     | __main__:convert_model:140 - Converting layer1.0.conv2.weight ...
2021-12-05 14:52:45.655 | INFO     | __main__:convert_model:124 - Skipping layer1.0.bn2.weight ...
2021-12-05 14:52:45.655 | INFO     | __main__:convert_model:124 - Skipping layer1.0.bn2.bias ...
2021-12-05 14:52:45.655 | INFO     | __main__:convert_model:140 - Converting layer1.1.conv1.weight ...
2021-12-05 14:52:46.399 | INFO     | __main__:convert_model:124 - Skipping layer1.1.bn1.weight ...
2021-12-05 14:52:46.399 | INFO     | __main__:convert_model:124 - Skipping layer1.1.bn1.bias ...
2021-12-05 14:52:46.399 | INFO     | __main__:convert_model:140 - Converting layer1.1.conv2.weight ...
2021-12-05 14:52:47.099 | INFO     | __main__:convert_model:124 - Skipping layer1.1.bn2.weight ...
2021-12-05 14:52:47.100 | INFO     | __main__:convert_model:124 - Skipping layer1.1.bn2.bias ...
2021-12-05 14:52:47.100 | INFO     | __main__:convert_model:140 - Converting layer2.0.conv1.weight ...
2021-12-05 14:52:48.553 | INFO     | __main__:convert_model:124 - Skipping layer2.0.bn1.weight ...
2021-12-05 14:52:48.554 | INFO     | __main__:convert_model:124 - Skipping layer2.0.bn1.bias ...
2021-12-05 14:52:48.554 | INFO     | __main__:convert_model:140 - Converting layer2.0.conv2.weight ...
2021-12-05 14:52:52.870 | INFO     | __main__:convert_model:124 - Skipping layer2.0.bn2.weight ...
2021-12-05 14:52:52.870 | INFO     | __main__:convert_model:124 - Skipping layer2.0.bn2.bias ...
2021-12-05 14:52:52.870 | INFO     | __main__:convert_model:124 - Skipping layer2.0.downsample.0.weight ...
2021-12-05 14:52:52.871 | INFO     | __main__:convert_model:124 - Skipping layer2.0.downsample.1.weight ...
2021-12-05 14:52:52.871 | INFO     | __main__:convert_model:124 - Skipping layer2.0.downsample.1.bias ...
2021-12-05 14:52:52.871 | INFO     | __main__:convert_model:140 - Converting layer2.1.conv1.weight ...
2021-12-05 14:52:55.957 | INFO     | __main__:convert_model:124 - Skipping layer2.1.bn1.weight ...
2021-12-05 14:52:55.957 | INFO     | __main__:convert_model:124 - Skipping layer2.1.bn1.bias ...
2021-12-05 14:52:55.957 | INFO     | __main__:convert_model:140 - Converting layer2.1.conv2.weight ...
2021-12-05 14:52:59.045 | INFO     | __main__:convert_model:124 - Skipping layer2.1.bn2.weight ...
2021-12-05 14:52:59.045 | INFO     | __main__:convert_model:124 - Skipping layer2.1.bn2.bias ...
2021-12-05 14:52:59.046 | INFO     | __main__:convert_model:140 - Converting layer3.0.conv1.weight ...
2021-12-05 14:53:05.557 | INFO     | __main__:convert_model:124 - Skipping layer3.0.bn1.weight ...
2021-12-05 14:53:05.558 | INFO     | __main__:convert_model:124 - Skipping layer3.0.bn1.bias ...
2021-12-05 14:53:05.558 | INFO     | __main__:convert_model:140 - Converting layer3.0.conv2.weight ...
2021-12-05 14:53:17.650 | INFO     | __main__:convert_model:124 - Skipping layer3.0.bn2.weight ...
2021-12-05 14:53:17.650 | INFO     | __main__:convert_model:124 - Skipping layer3.0.bn2.bias ...
2021-12-05 14:53:17.650 | INFO     | __main__:convert_model:124 - Skipping layer3.0.downsample.0.weight ...
2021-12-05 14:53:17.650 | INFO     | __main__:convert_model:124 - Skipping layer3.0.downsample.1.weight ...
2021-12-05 14:53:17.651 | INFO     | __main__:convert_model:124 - Skipping layer3.0.downsample.1.bias ...
2021-12-05 14:53:17.651 | INFO     | __main__:convert_model:140 - Converting layer3.1.conv1.weight ...
2021-12-05 14:53:30.258 | INFO     | __main__:convert_model:124 - Skipping layer3.1.bn1.weight ...
2021-12-05 14:53:30.258 | INFO     | __main__:convert_model:124 - Skipping layer3.1.bn1.bias ...
2021-12-05 14:53:30.258 | INFO     | __main__:convert_model:140 - Converting layer3.1.conv2.weight ...
2021-12-05 14:53:42.987 | INFO     | __main__:convert_model:124 - Skipping layer3.1.bn2.weight ...
2021-12-05 14:53:42.987 | INFO     | __main__:convert_model:124 - Skipping layer3.1.bn2.bias ...
2021-12-05 14:53:42.987 | INFO     | __main__:convert_model:140 - Converting layer4.0.conv1.weight ...
2021-12-05 14:54:07.221 | INFO     | __main__:convert_model:124 - Skipping layer4.0.bn1.weight ...
2021-12-05 14:54:07.221 | INFO     | __main__:convert_model:124 - Skipping layer4.0.bn1.bias ...
2021-12-05 14:54:07.222 | INFO     | __main__:convert_model:140 - Converting layer4.0.conv2.weight ...
2021-12-05 14:54:55.782 | INFO     | __main__:convert_model:124 - Skipping layer4.0.bn2.weight ...
2021-12-05 14:54:55.782 | INFO     | __main__:convert_model:124 - Skipping layer4.0.bn2.bias ...
2021-12-05 14:54:55.782 | INFO     | __main__:convert_model:124 - Skipping layer4.0.downsample.0.weight ...
2021-12-05 14:54:55.782 | INFO     | __main__:convert_model:124 - Skipping layer4.0.downsample.1.weight ...
2021-12-05 14:54:55.783 | INFO     | __main__:convert_model:124 - Skipping layer4.0.downsample.1.bias ...
2021-12-05 14:54:55.783 | INFO     | __main__:convert_model:140 - Converting layer4.1.conv1.weight ...
2021-12-05 14:55:44.343 | INFO     | __main__:convert_model:124 - Skipping layer4.1.bn1.weight ...
2021-12-05 14:55:44.344 | INFO     | __main__:convert_model:124 - Skipping layer4.1.bn1.bias ...
2021-12-05 14:55:44.344 | INFO     | __main__:convert_model:140 - Converting layer4.1.conv2.weight ...
2021-12-05 14:56:33.520 | INFO     | __main__:convert_model:124 - Skipping layer4.1.bn2.weight ...
2021-12-05 14:56:33.520 | INFO     | __main__:convert_model:124 - Skipping layer4.1.bn2.bias ...
2021-12-05 14:56:33.520 | INFO     | __main__:convert_model:140 - Converting fc.weight ...
2021-12-05 14:56:33.625 | INFO     | __main__:convert_model:134 - Converting fc.bias with group size: 10. (W.numel()(=10) < 1024) ...
2021-12-05 14:56:33.627 | INFO     | __main__:main_worker:266 - Train Dir: data/imagenette/train | Val Dir: data/imagenette/val
2021-12-05 14:56:33.662 | INFO     | __main__:main_worker:291 - args.evaluate=True: Doing evaluation once, and exit
2021-12-05 14:56:35.056 | INFO     | __main__:display:483 - Test: [  0/123]	Time  1.393 ( 1.393)	Loss 3.8418e-01 (3.8418e-01)	Acc@1  93.75 ( 93.75)	Acc@5  96.88 ( 96.88)
2021-12-05 14:56:41.840 | INFO     | __main__:display:483 - Test: [ 10/123]	Time  0.570 ( 0.743)	Loss 5.8204e-01 (3.2837e-01)	Acc@1  84.38 ( 90.91)	Acc@5  96.88 ( 98.30)
2021-12-05 14:56:47.940 | INFO     | __main__:display:483 - Test: [ 20/123]	Time  0.622 ( 0.680)	Loss 8.8343e-01 (4.7411e-01)	Acc@1  75.00 ( 86.76)	Acc@5  93.75 ( 97.92)
2021-12-05 14:56:53.673 | INFO     | __main__:display:483 - Test: [ 30/123]	Time  0.556 ( 0.646)	Loss 6.2038e-01 (5.3946e-01)	Acc@1  84.38 ( 84.07)	Acc@5  96.88 ( 97.28)
2021-12-05 14:56:59.477 | INFO     | __main__:display:483 - Test: [ 40/123]	Time  0.608 ( 0.630)	Loss 7.1962e-01 (5.5857e-01)	Acc@1  71.88 ( 83.61)	Acc@5 100.00 ( 97.64)
2021-12-05 14:57:07.852 | INFO     | __main__:display:483 - Test: [ 50/123]	Time  0.698 ( 0.670)	Loss 7.8924e-01 (6.1891e-01)	Acc@1  71.88 ( 81.31)	Acc@5  96.88 ( 97.49)
2021-12-05 14:57:30.180 | INFO     | __main__:display:483 - Test: [ 60/123]	Time  0.721 ( 0.927)	Loss 8.3966e-01 (6.0438e-01)	Acc@1  78.12 ( 81.97)	Acc@5  96.88 ( 97.44)
2021-12-05 14:57:42.113 | INFO     | __main__:display:483 - Test: [ 70/123]	Time  0.811 ( 0.964)	Loss 4.1073e-01 (5.8630e-01)	Acc@1  87.50 ( 82.35)	Acc@5 100.00 ( 97.76)
2021-12-05 14:57:50.572 | INFO     | __main__:display:483 - Test: [ 80/123]	Time  0.805 ( 0.949)	Loss 9.3490e-01 (5.7164e-01)	Acc@1  68.75 ( 82.79)	Acc@5 100.00 ( 97.88)
2021-12-05 14:57:59.624 | INFO     | __main__:display:483 - Test: [ 90/123]	Time  0.828 ( 0.945)	Loss 6.6435e-01 (5.8018e-01)	Acc@1  84.38 ( 82.45)	Acc@5 100.00 ( 97.87)
2021-12-05 14:58:08.636 | INFO     | __main__:display:483 - Test: [100/123]	Time  0.831 ( 0.940)	Loss 1.4121e+00 (6.2708e-01)	Acc@1  56.25 ( 80.97)	Acc@5  93.75 ( 97.59)
2021-12-05 14:58:30.544 | INFO     | __main__:display:483 - Test: [110/123]	Time  1.275 ( 1.053)	Loss 7.6473e-01 (6.8290e-01)	Acc@1  78.12 ( 79.48)	Acc@5  93.75 ( 97.16)
2021-12-05 14:58:47.113 | INFO     | __main__:display:483 - Test: [120/123]	Time  6.898 ( 1.103)	Loss 4.1664e-01 (6.5383e-01)	Acc@1  84.38 ( 80.29)	Acc@5 100.00 ( 97.29)
2021-12-05 14:58:48.423 | INFO     | __main__:display_summary:488 -  *   Acc@1 80.306 Acc@5 97.274
